Execução 1 
Best solution 0.652133 from pop 5
Best solution 0.652133 from pop 5 k = 7
Total time = 247.47
Time to Best ttb = 0
 
Execução 2 
Best solution 0.652369 from pop 5
Best solution 0.652369 from pop 5 k = 7
Total time = 246.523
Time to Best ttb = 0
 
Execução 3 
Best solution 0.651902 from pop 5
Best solution 0.651902 from pop 5 k = 7
Total time = 247.069
Time to Best ttb = 0
 
Execução 4 
Best solution 0.650362 from pop 5
Best solution 0.650362 from pop 5 k = 7
Total time = 246.793
Time to Best ttb = 0
 
Execução 5 
Best solution 0.652706 from pop 5
Best solution 0.652706 from pop 5 k = 7
Total time = 247.703
Time to Best ttb = 0
 
Execução 6 
Best solution 0.650155 from pop 5
Best solution 0.650155 from pop 5 k = 7
Total time = 247.222
Time to Best ttb = 0
 
Execução 7 
Best solution 0.650378 from pop 5
Best solution 0.650378 from pop 5 k = 7
Total time = 258.881
Time to Best ttb = 0
 
Execução 8 
Best solution 0.650376 from pop 5
Best solution 0.650376 from pop 5 k = 7
Total time = 276.074
Time to Best ttb = 0
 
Execução 9 
Best solution 0.648876 from pop 5
Best solution 0.648876 from pop 5 k = 7
Total time = 252.023
Time to Best ttb = 0
 
Execução 10 
Best solution 0.65178 from pop 5
Best solution 0.65178 from pop 5 k = 7
Total time = 273.826
Time to Best ttb = 0
 
Execução 11 
Best solution 0.651611 from pop 5
Best solution 0.651611 from pop 5 k = 7
Total time = 247.04
Time to Best ttb = 0
 
Execução 12 
Best solution 0.648788 from pop 5
Best solution 0.648788 from pop 5 k = 7
Total time = 249.245
Time to Best ttb = 0
 
Execução 13 
Best solution 0.65031 from pop 5
Best solution 0.65031 from pop 5 k = 7
Total time = 248.729
Time to Best ttb = 0
 
Execução 14 
Best solution 0.649593 from pop 5
Best solution 0.649593 from pop 5 k = 7
Total time = 247.622
Time to Best ttb = 0
 
Execução 15 
Best solution 0.65104 from pop 5
Best solution 0.65104 from pop 5 k = 7
Total time = 247.166
Time to Best ttb = 0
 
Execução 16 
Best solution 0.650312 from pop 5
Best solution 0.650312 from pop 5 k = 7
Total time = 247.276
Time to Best ttb = 0
 
Execução 17 
Best solution 0.648054 from pop 5
Best solution 0.648054 from pop 5 k = 7
Total time = 247.409
Time to Best ttb = 0
 
Execução 18 
Best solution 0.65048 from pop 5
Best solution 0.65048 from pop 5 k = 7
Total time = 246.552
Time to Best ttb = 0
 
Execução 19 
Best solution 0.650004 from pop 5
Best solution 0.650004 from pop 5 k = 7
Total time = 247.562
Time to Best ttb = 0
 
Execução 20 
Best solution 0.651128 from pop 5
Best solution 0.651128 from pop 5 k = 7
Total time = 247.313
Time to Best ttb = 0
 
Execução 21 
Best solution 0.64743 from pop 5
Best solution 0.64743 from pop 5 k = 7
Total time = 248.026
Time to Best ttb = 0
 
Execução 22 
Best solution 0.650268 from pop 5
Best solution 0.650268 from pop 5 k = 7
Total time = 246.558
Time to Best ttb = 0
 
Execução 23 
Best solution 0.650146 from pop 5
Best solution 0.650146 from pop 5 k = 7
Total time = 247.357
Time to Best ttb = 0
 
Execução 24 
Best solution 0.651702 from pop 5
Best solution 0.651702 from pop 5 k = 7
Total time = 247.165
Time to Best ttb = 0
 
Execução 25 
Best solution 0.651692 from pop 5
Best solution 0.651692 from pop 5 k = 7
Total time = 247.111
Time to Best ttb = 0
 
Execução 26 
Best solution 0.649553 from pop 5
Best solution 0.649553 from pop 5 k = 7
Total time = 247.553
Time to Best ttb = 0
 
Execução 27 
Best solution 0.650603 from pop 5
Best solution 0.650603 from pop 5 k = 7
Total time = 247.739
Time to Best ttb = 0
 
Execução 28 
Best solution 0.649892 from pop 5
Best solution 0.649892 from pop 5 k = 7
Total time = 246.29
Time to Best ttb = 0
 
Execução 29 
Best solution 0.650601 from pop 5
Best solution 0.650601 from pop 5 k = 7
Total time = 247.533
Time to Best ttb = 0
 
Execução 30 
Best solution 0.648295 from pop 5
Best solution 0.648295 from pop 5 k = 7
Total time = 247.335
Time to Best ttb = 0
 
