Execução 1 
Best solution 0.55082 from pop 3
Best solution 0.55082 from pop 3 k = 5
Total time = 268.143
Time to Best ttb = 0
 
Execução 2 
Best solution 0.552176 from pop 3
Best solution 0.552176 from pop 3 k = 5
Total time = 273.647
Time to Best ttb = 0
 
Execução 3 
Best solution 0.551533 from pop 3
Best solution 0.551533 from pop 3 k = 5
Total time = 253.677
Time to Best ttb = 0
 
Execução 4 
Best solution 0.55152 from pop 3
Best solution 0.55152 from pop 3 k = 5
Total time = 251.332
Time to Best ttb = 0
 
Execução 5 
Best solution 0.551656 from pop 3
Best solution 0.551656 from pop 3 k = 5
Total time = 251.593
Time to Best ttb = 0
 
Execução 6 
Best solution 0.551357 from pop 3
Best solution 0.551357 from pop 3 k = 5
Total time = 251.718
Time to Best ttb = 0
 
Execução 7 
Best solution 0.552288 from pop 3
Best solution 0.552288 from pop 3 k = 5
Total time = 252.562
Time to Best ttb = 0
 
Execução 8 
Best solution 0.550947 from pop 3
Best solution 0.550947 from pop 3 k = 5
Total time = 253.395
Time to Best ttb = 0
 
Execução 9 
Best solution 0.551438 from pop 3
Best solution 0.551438 from pop 3 k = 5
Total time = 252.186
Time to Best ttb = 0
 
Execução 10 
Best solution 0.552774 from pop 3
Best solution 0.552774 from pop 3 k = 5
Total time = 251.725
Time to Best ttb = 0
 
Execução 11 
Best solution 0.551409 from pop 3
Best solution 0.551409 from pop 3 k = 5
Total time = 252.304
Time to Best ttb = 0
 
Execução 12 
Best solution 0.551135 from pop 3
Best solution 0.551135 from pop 3 k = 5
Total time = 251.942
Time to Best ttb = 0
 
Execução 13 
Best solution 0.551285 from pop 3
Best solution 0.551285 from pop 3 k = 5
Total time = 253.232
Time to Best ttb = 0
 
Execução 14 
Best solution 0.551209 from pop 3
Best solution 0.551209 from pop 3 k = 5
Total time = 252.911
Time to Best ttb = 0
 
Execução 15 
Best solution 0.551171 from pop 3
Best solution 0.551171 from pop 3 k = 5
Total time = 251.553
Time to Best ttb = 0
 
Execução 16 
Best solution 0.551779 from pop 3
Best solution 0.551779 from pop 3 k = 5
Total time = 250.912
Time to Best ttb = 0
 
Execução 17 
Best solution 0.551609 from pop 3
Best solution 0.551609 from pop 3 k = 5
Total time = 253.325
Time to Best ttb = 0
 
Execução 18 
Best solution 0.551475 from pop 3
Best solution 0.551475 from pop 3 k = 5
Total time = 252.024
Time to Best ttb = 0
 
Execução 19 
Best solution 0.551484 from pop 3
Best solution 0.551484 from pop 3 k = 5
Total time = 251.679
Time to Best ttb = 0
 
Execução 20 
Best solution 0.551118 from pop 3
Best solution 0.551118 from pop 3 k = 5
Total time = 251.176
Time to Best ttb = 0
 
Execução 21 
Best solution 0.551123 from pop 3
Best solution 0.551123 from pop 3 k = 5
Total time = 252.334
Time to Best ttb = 0
 
Execução 22 
Best solution 0.552549 from pop 3
Best solution 0.552549 from pop 3 k = 5
Total time = 251.188
Time to Best ttb = 0
 
Execução 23 
Best solution 0.551974 from pop 3
Best solution 0.551974 from pop 3 k = 5
Total time = 251.392
Time to Best ttb = 0
 
Execução 24 
Best solution 0.552015 from pop 3
Best solution 0.552015 from pop 3 k = 5
Total time = 252.563
Time to Best ttb = 0
 
Execução 25 
Best solution 0.55182 from pop 3
Best solution 0.55182 from pop 3 k = 5
Total time = 252.004
Time to Best ttb = 0
 
Execução 26 
Best solution 0.550764 from pop 3
Best solution 0.550764 from pop 3 k = 5
Total time = 252.271
Time to Best ttb = 0
 
Execução 27 
Best solution 0.552107 from pop 3
Best solution 0.552107 from pop 3 k = 5
Total time = 252.04
Time to Best ttb = 0
 
Execução 28 
Best solution 0.551425 from pop 3
Best solution 0.551425 from pop 3 k = 5
Total time = 252.151
Time to Best ttb = 0
 
Execução 29 
Best solution 0.550659 from pop 3
Best solution 0.550659 from pop 3 k = 5
Total time = 251.709
Time to Best ttb = 0
 
Execução 30 
Best solution 0.552114 from pop 3
Best solution 0.552114 from pop 3 k = 5
Total time = 252.819
Time to Best ttb = 0
 
