Execução 1 
Best solution 0.693929 from pop 7
Best solution 0.693929 from pop 7 k = 9
Total time = 248.91
Time to Best ttb = 0
 
Execução 2 
Best solution 0.696457 from pop 7
Best solution 0.696457 from pop 7 k = 9
Total time = 248.94
Time to Best ttb = 0
 
Execução 3 
Best solution 0.696113 from pop 7
Best solution 0.696113 from pop 7 k = 9
Total time = 246.939
Time to Best ttb = 0
 
Execução 4 
Best solution 0.693307 from pop 7
Best solution 0.693307 from pop 7 k = 9
Total time = 248.404
Time to Best ttb = 0
 
Execução 5 
Best solution 0.696751 from pop 7
Best solution 0.696751 from pop 7 k = 9
Total time = 248.092
Time to Best ttb = 0
 
Execução 6 
Best solution 0.696709 from pop 7
Best solution 0.696709 from pop 7 k = 9
Total time = 249.478
Time to Best ttb = 0
 
Execução 7 
Best solution 0.692364 from pop 7
Best solution 0.692364 from pop 7 k = 9
Total time = 248.498
Time to Best ttb = 0
 
Execução 8 
Best solution 0.695331 from pop 7
Best solution 0.695331 from pop 7 k = 9
Total time = 249.085
Time to Best ttb = 0
 
Execução 9 
Best solution 0.694155 from pop 7
Best solution 0.694155 from pop 7 k = 9
Total time = 258.221
Time to Best ttb = 0
 
Execução 10 
Best solution 0.695433 from pop 7
Best solution 0.695433 from pop 7 k = 9
Total time = 288.383
Time to Best ttb = 0
 
Execução 11 
Best solution 0.696426 from pop 7
Best solution 0.696426 from pop 7 k = 9
Total time = 288.859
Time to Best ttb = 0
 
Execução 12 
Best solution 0.694645 from pop 7
Best solution 0.694645 from pop 7 k = 9
Total time = 285.986
Time to Best ttb = 0
 
Execução 13 
Best solution 0.696081 from pop 7
Best solution 0.696081 from pop 7 k = 9
Total time = 254.868
Time to Best ttb = 0
 
Execução 14 
Best solution 0.695946 from pop 7
Best solution 0.695946 from pop 7 k = 9
Total time = 250.829
Time to Best ttb = 0
 
Execução 15 
Best solution 0.695578 from pop 7
Best solution 0.695578 from pop 7 k = 9
Total time = 250.222
Time to Best ttb = 0
 
Execução 16 
Best solution 0.697095 from pop 7
Best solution 0.697095 from pop 7 k = 9
Total time = 250.184
Time to Best ttb = 0
 
Execução 17 
Best solution 0.696436 from pop 7
Best solution 0.696436 from pop 7 k = 9
Total time = 250.265
Time to Best ttb = 0
 
Execução 18 
Best solution 0.695507 from pop 7
Best solution 0.695507 from pop 7 k = 9
Total time = 254.643
Time to Best ttb = 0
 
Execução 19 
Best solution 0.694794 from pop 7
Best solution 0.694794 from pop 7 k = 9
Total time = 255.368
Time to Best ttb = 0
 
Execução 20 
Best solution 0.695336 from pop 7
Best solution 0.695336 from pop 7 k = 9
Total time = 247.747
Time to Best ttb = 0
 
Execução 21 
Best solution 0.69398 from pop 7
Best solution 0.69398 from pop 7 k = 9
Total time = 249.043
Time to Best ttb = 0
 
Execução 22 
Best solution 0.694003 from pop 7
Best solution 0.694003 from pop 7 k = 9
Total time = 247.745
Time to Best ttb = 0
 
Execução 23 
Best solution 0.694468 from pop 7
Best solution 0.694468 from pop 7 k = 9
Total time = 247.246
Time to Best ttb = 0
 
Execução 24 
Best solution 0.694478 from pop 7
Best solution 0.694478 from pop 7 k = 9
Total time = 249.132
Time to Best ttb = 0
 
Execução 25 
Best solution 0.695943 from pop 7
Best solution 0.695943 from pop 7 k = 9
Total time = 247.309
Time to Best ttb = 0
 
Execução 26 
Best solution 0.696715 from pop 7
Best solution 0.696715 from pop 7 k = 9
Total time = 249.35
Time to Best ttb = 0
 
Execução 27 
Best solution 0.696538 from pop 7
Best solution 0.696538 from pop 7 k = 9
Total time = 248.108
Time to Best ttb = 0
 
Execução 28 
Best solution 0.693231 from pop 7
Best solution 0.693231 from pop 7 k = 9
Total time = 245.517
Time to Best ttb = 0
 
Execução 29 
Best solution 0.695886 from pop 7
Best solution 0.695886 from pop 7 k = 9
Total time = 250.438
Time to Best ttb = 0
 
Execução 30 
Best solution 0.691395 from pop 7
Best solution 0.691395 from pop 7 k = 9
Total time = 248.942
Time to Best ttb = 0
 
