Execução 1 
Best solution 0.717138 from pop 15
Best solution 0.717138 from pop 15 k = 17
Total time = 266.409
Time to Best ttb = 0
 
Execução 2 
Best solution 0.711065 from pop 19
Best solution 0.711065 from pop 19 k = 21
Total time = 247.652
Time to Best ttb = 0
 
Execução 3 
Best solution 0.714795 from pop 15
Best solution 0.714795 from pop 15 k = 17
Total time = 247.924
Time to Best ttb = 0
 
Execução 4 
Best solution 0.735404 from pop 16
Best solution 0.735404 from pop 16 k = 18
Total time = 247.838
Time to Best ttb = 0
 
Execução 5 
Best solution 0.719042 from pop 18
Best solution 0.719042 from pop 18 k = 20
Total time = 249.013
Time to Best ttb = 0
 
Execução 6 
Best solution 0.717787 from pop 19
Best solution 0.717787 from pop 19 k = 21
Total time = 247.673
Time to Best ttb = 0
 
Execução 7 
Best solution 0.711927 from pop 15
New best 0.7241 from pop 17
Best solution 0.7241 from pop 17 k = 19
Total time = 248.114
Time to Best ttb = 248.114
 
Execução 8 
Best solution 0.713687 from pop 17
Best solution 0.713687 from pop 17 k = 19
Total time = 248.239
Time to Best ttb = 0
 
Execução 9 
Best solution 0.719202 from pop 17
Best solution 0.719202 from pop 17 k = 19
Total time = 251.144
Time to Best ttb = 0
 
Execução 10 
Best solution 0.730844 from pop 18
Best solution 0.730844 from pop 18 k = 20
Total time = 247.312
Time to Best ttb = 0
 
Execução 11 
Best solution 0.71029 from pop 15
Best solution 0.71029 from pop 15 k = 17
Total time = 279.599
Time to Best ttb = 0
 
Execução 12 
Best solution 0.719752 from pop 17
Best solution 0.719752 from pop 17 k = 19
Total time = 247.453
Time to Best ttb = 0
 
Execução 13 
Best solution 0.713077 from pop 16
Best solution 0.713077 from pop 16 k = 18
Total time = 250.723
Time to Best ttb = 0
 
Execução 14 
Best solution 0.725657 from pop 17
Best solution 0.725657 from pop 17 k = 19
Total time = 247.981
Time to Best ttb = 0
 
Execução 15 
Best solution 0.705999 from pop 20
Best solution 0.705999 from pop 20 k = 22
Total time = 247.374
Time to Best ttb = 0
 
Execução 16 
Best solution 0.709449 from pop 16
Best solution 0.709449 from pop 16 k = 18
Total time = 249.458
Time to Best ttb = 0
 
Execução 17 
Best solution 0.718102 from pop 16
Best solution 0.718102 from pop 16 k = 18
Total time = 247.272
Time to Best ttb = 0
 
Execução 18 
Best solution 0.720606 from pop 17
Best solution 0.720606 from pop 17 k = 19
Total time = 249.018
Time to Best ttb = 0
 
Execução 19 
Best solution 0.717047 from pop 17
Best solution 0.717047 from pop 17 k = 19
Total time = 247.839
Time to Best ttb = 0
 
Execução 20 
Best solution 0.728569 from pop 16
Best solution 0.728569 from pop 16 k = 18
Total time = 248.107
Time to Best ttb = 0
 
Execução 21 
Best solution 0.715653 from pop 15
Best solution 0.715653 from pop 15 k = 17
Total time = 249.275
Time to Best ttb = 0
 
Execução 22 
Best solution 0.714098 from pop 20
Best solution 0.714098 from pop 20 k = 22
Total time = 247.251
Time to Best ttb = 0
 
Execução 23 
Best solution 0.707752 from pop 18
Best solution 0.707752 from pop 18 k = 20
Total time = 267.755
Time to Best ttb = 0
 
Execução 24 
Best solution 0.726285 from pop 16
Best solution 0.726285 from pop 16 k = 18
Total time = 248.574
Time to Best ttb = 0
 
Execução 25 
Best solution 0.722903 from pop 17
Best solution 0.722903 from pop 17 k = 19
Total time = 249.451
Time to Best ttb = 0
 
Execução 26 
Best solution 0.713763 from pop 15
Best solution 0.713763 from pop 15 k = 17
Total time = 247.628
Time to Best ttb = 0
 
Execução 27 
Best solution 0.710556 from pop 18
Best solution 0.710556 from pop 18 k = 20
Total time = 248.259
Time to Best ttb = 0
 
Execução 28 
Best solution 0.714329 from pop 16
Best solution 0.714329 from pop 16 k = 18
Total time = 246.82
Time to Best ttb = 0
 
Execução 29 
Best solution 0.722778 from pop 16
Best solution 0.722778 from pop 16 k = 18
Total time = 248.052
Time to Best ttb = 0
 
Execução 30 
Best solution 0.72481 from pop 17
Best solution 0.72481 from pop 17 k = 19
Total time = 247.53
Time to Best ttb = 0
 
