Execução 1 
Best solution 0.66917 from pop 4
New best 0.679347 from pop 6
New best 0.679347 from pop 6
Best solution 0.679347 from pop 6 k = 8
Total time = 30.0862
Time to Best ttb = 11.1497
 
Execução 2 
Best solution 0.669608 from pop 5
New best 0.675451 from pop 5
New best 0.679347 from pop 6
New best 0.679347 from pop 6
Best solution 0.679347 from pop 6 k = 8
Total time = 30.0348
Time to Best ttb = 23.1222
 
Execução 3 
Best solution 0.669608 from pop 5
New best 0.679347 from pop 6
New best 0.679347 from pop 6
Best solution 0.679347 from pop 6 k = 8
Total time = 30.0767
Time to Best ttb = 10.1376
 
Execução 4 
Best solution 0.66917 from pop 4
New best 0.676174 from pop 7
New best 0.676217 from pop 8
New best 0.679347 from pop 6
Best solution 0.679347 from pop 6 k = 8
Total time = 30.0562
Time to Best ttb = 12.2141
 
Execução 5 
Best solution 0.668844 from pop 4
New best 0.66917 from pop 4
New best 0.66917 from pop 4
New best 0.671411 from pop 6
New best 0.675451 from pop 5
New best 0.679347 from pop 6
New best 0.679347 from pop 6
Best solution 0.679347 from pop 6 k = 8
Total time = 30.0411
Time to Best ttb = 14.6074
 
Execução 6 
Best solution 0.669704 from pop 5
New best 0.679347 from pop 6
New best 0.679347 from pop 6
Best solution 0.679347 from pop 6 k = 8
Total time = 30.0031
Time to Best ttb = 17.2347
 
Execução 7 
Best solution 0.675451 from pop 5
New best 0.679347 from pop 6
New best 0.679347 from pop 6
Best solution 0.679347 from pop 6 k = 8
Total time = 30.0154
Time to Best ttb = 25.0499
 
Execução 8 
Best solution 0.675451 from pop 5
New best 0.675451 from pop 5
New best 0.679347 from pop 6
New best 0.679347 from pop 6
Best solution 0.679347 from pop 6 k = 8
Total time = 30.0936
Time to Best ttb = 24.346
 
Execução 9 
Best solution 0.668844 from pop 4
New best 0.66917 from pop 4
New best 0.671527 from pop 5
New best 0.675451 from pop 5
New best 0.676174 from pop 7
New best 0.679347 from pop 6
New best 0.679347 from pop 6
Best solution 0.679347 from pop 6 k = 8
Total time = 30.0426
Time to Best ttb = 10.5301
 
Execução 10 
Best solution 0.66917 from pop 4
New best 0.675451 from pop 5
New best 0.679347 from pop 6
New best 0.679347 from pop 6
Best solution 0.679347 from pop 6 k = 8
Total time = 30.0945
Time to Best ttb = 8.77505
 
Execução 11 
Best solution 0.675451 from pop 5
New best 0.679347 from pop 6
New best 0.679347 from pop 6
Best solution 0.679347 from pop 6 k = 8
Total time = 30.0745
Time to Best ttb = 16.5012
 
Execução 12 
Best solution 0.66917 from pop 4
New best 0.669704 from pop 5
New best 0.675451 from pop 5
New best 0.675451 from pop 5
New best 0.679347 from pop 6
New best 0.679347 from pop 6
Best solution 0.679347 from pop 6 k = 8
Total time = 30.0469
Time to Best ttb = 24.8662
 
Execução 13 
Best solution 0.66917 from pop 4
New best 0.671411 from pop 6
New best 0.675451 from pop 5
New best 0.675451 from pop 5
New best 0.679347 from pop 6
New best 0.679347 from pop 6
Best solution 0.679347 from pop 6 k = 8
Total time = 30.0453
Time to Best ttb = 13.6924
 
Execução 14 
Best solution 0.669608 from pop 5
New best 0.671411 from pop 6
New best 0.675451 from pop 5
New best 0.679347 from pop 6
New best 0.679347 from pop 6
Best solution 0.679347 from pop 6 k = 8
Total time = 30.0042
Time to Best ttb = 11.1947
 
Execução 15 
Best solution 0.669608 from pop 5
New best 0.679347 from pop 6
New best 0.679347 from pop 6
Best solution 0.679347 from pop 6 k = 8
Total time = 30.0147
Time to Best ttb = 11.4201
 
Execução 16 
Best solution 0.66917 from pop 4
New best 0.675451 from pop 5
New best 0.679347 from pop 6
New best 0.679347 from pop 6
Best solution 0.679347 from pop 6 k = 8
Total time = 30.061
Time to Best ttb = 22.0211
 
Execução 17 
Best solution 0.675451 from pop 5
New best 0.679347 from pop 6
New best 0.679347 from pop 6
Best solution 0.679347 from pop 6 k = 8
Total time = 30.0588
Time to Best ttb = 15.8907
 
Execução 18 
Best solution 0.668844 from pop 4
New best 0.675451 from pop 5
New best 0.676174 from pop 7
New best 0.679347 from pop 6
New best 0.679347 from pop 6
Best solution 0.679347 from pop 6 k = 8
Total time = 30.0449
Time to Best ttb = 10.1697
 
Execução 19 
Best solution 0.675451 from pop 5
New best 0.675451 from pop 5
New best 0.679347 from pop 6
New best 0.679347 from pop 6
Best solution 0.679347 from pop 6 k = 8
Total time = 30.0192
Time to Best ttb = 10.1565
 
Execução 20 
Best solution 0.66917 from pop 4
New best 0.670021 from pop 5
New best 0.675451 from pop 5
New best 0.675451 from pop 5
New best 0.679347 from pop 6
New best 0.679347 from pop 6
Best solution 0.679347 from pop 6 k = 8
Total time = 30.0539
Time to Best ttb = 21.3559
 
Execução 21 
Best solution 0.66917 from pop 4
New best 0.66917 from pop 4
New best 0.675451 from pop 5
New best 0.675451 from pop 5
New best 0.679347 from pop 6
New best 0.679347 from pop 6
Best solution 0.679347 from pop 6 k = 8
Total time = 30.0093
Time to Best ttb = 10.926
 
Execução 22 
Best solution 0.66917 from pop 4
New best 0.675451 from pop 5
New best 0.675451 from pop 5
New best 0.676174 from pop 7
New best 0.676217 from pop 8
New best 0.679347 from pop 6
New best 0.679347 from pop 6
Best solution 0.679347 from pop 6 k = 8
Total time = 30.0017
Time to Best ttb = 23.4188
 
Execução 23 
Best solution 0.66917 from pop 4
New best 0.669608 from pop 5
New best 0.670021 from pop 5
New best 0.675451 from pop 5
New best 0.675451 from pop 5
New best 0.676174 from pop 7
New best 0.679347 from pop 6
New best 0.679347 from pop 6
Best solution 0.679347 from pop 6 k = 8
Total time = 30.0411
Time to Best ttb = 19.0476
 
Execução 24 
Best solution 0.675451 from pop 5
New best 0.679347 from pop 6
New best 0.679347 from pop 6
Best solution 0.679347 from pop 6 k = 8
Total time = 30.0484
Time to Best ttb = 13.0037
 
Execução 25 
Best solution 0.66917 from pop 4
New best 0.669608 from pop 5
New best 0.670021 from pop 5
New best 0.675451 from pop 5
New best 0.675451 from pop 5
New best 0.676174 from pop 7
New best 0.679347 from pop 6
New best 0.679347 from pop 6
Best solution 0.679347 from pop 6 k = 8
Total time = 30.0191
Time to Best ttb = 25.291
 
Execução 26 
Best solution 0.669608 from pop 5
New best 0.669704 from pop 5
New best 0.670021 from pop 5
New best 0.675451 from pop 5
New best 0.675451 from pop 5
New best 0.679347 from pop 6
New best 0.679347 from pop 6
Best solution 0.679347 from pop 6 k = 8
Total time = 30.0479
Time to Best ttb = 11.6792
 
Execução 27 
Best solution 0.670021 from pop 5
New best 0.670021 from pop 5
New best 0.675451 from pop 5
New best 0.679347 from pop 6
New best 0.679347 from pop 6
Best solution 0.679347 from pop 6 k = 8
Total time = 30.0046
Time to Best ttb = 20.0431
 
Execução 28 
Best solution 0.675451 from pop 5
New best 0.676174 from pop 7
New best 0.679347 from pop 6
New best 0.679347 from pop 6
Best solution 0.679347 from pop 6 k = 8
Total time = 30.0104
Time to Best ttb = 17.5979
 
Execução 29 
Best solution 0.66917 from pop 4
New best 0.675451 from pop 5
New best 0.675451 from pop 5
New best 0.679347 from pop 6
New best 0.679347 from pop 6
Best solution 0.679347 from pop 6 k = 8
Total time = 30.0353
Time to Best ttb = 19.3435
 
Execução 30 
Best solution 0.66917 from pop 4
New best 0.670483 from pop 6
New best 0.675451 from pop 5
New best 0.675451 from pop 5
New best 0.679347 from pop 6
New best 0.679347 from pop 6
Best solution 0.679347 from pop 6 k = 8
Total time = 30.013
Time to Best ttb = 24.5164
 
