Execução 1 
Best solution 0.670193 from pop 7
New best 0.693375 from pop 8
New best 0.697301 from pop 8
New best 0.697301 from pop 8
New best 0.69778 from pop 8
New best 0.698506 from pop 8
Best solution 0.698506 from pop 8 k = 10
Total time = 30.0875
Time to Best ttb = 9.83534
 
Execução 2 
Best solution 0.669836 from pop 7
New best 0.677778 from pop 8
New best 0.693375 from pop 8
New best 0.693796 from pop 8
New best 0.69778 from pop 8
New best 0.698506 from pop 8
Best solution 0.698506 from pop 8 k = 10
Total time = 30.0907
Time to Best ttb = 15.815
 
Execução 3 
Best solution 0.682176 from pop 7
New best 0.693375 from pop 8
New best 0.697301 from pop 8
New best 0.698506 from pop 8
Best solution 0.698506 from pop 8 k = 10
Total time = 30.0717
Time to Best ttb = 12.6934
 
Execução 4 
Best solution 0.668799 from pop 7
New best 0.698506 from pop 8
New best 0.698506 from pop 8
Best solution 0.698506 from pop 8 k = 10
Total time = 30.008
Time to Best ttb = 6.54059
 
Execução 5 
Best solution 0.685912 from pop 8
New best 0.693375 from pop 8
New best 0.697301 from pop 8
New best 0.698506 from pop 8
Best solution 0.698506 from pop 8 k = 10
Total time = 30.022
Time to Best ttb = 14.0186
 
Execução 6 
Best solution 0.671172 from pop 8
New best 0.687974 from pop 7
New best 0.693914 from pop 8
New best 0.698506 from pop 8
Best solution 0.698506 from pop 8 k = 10
Total time = 30.0876
Time to Best ttb = 3.03237
 
Execução 7 
Best solution 0.681469 from pop 7
New best 0.685174 from pop 7
New best 0.698506 from pop 8
Best solution 0.698506 from pop 8 k = 10
Total time = 30.0664
Time to Best ttb = 3.34656
 
Execução 8 
Best solution 0.679913 from pop 8
New best 0.680246 from pop 7
New best 0.693375 from pop 8
New best 0.693796 from pop 8
New best 0.696431 from pop 8
New best 0.698506 from pop 8
Best solution 0.698506 from pop 8 k = 10
Total time = 30.0625
Time to Best ttb = 7.32447
 
Execução 9 
Best solution 0.673903 from pop 7
New best 0.690213 from pop 8
New best 0.690357 from pop 8
New best 0.693375 from pop 8
New best 0.697301 from pop 8
New best 0.69778 from pop 8
New best 0.698506 from pop 8
Best solution 0.698506 from pop 8 k = 10
Total time = 30.0435
Time to Best ttb = 14.6848
 
Execução 10 
Best solution 0.684316 from pop 8
New best 0.68554 from pop 8
New best 0.697301 from pop 8
New best 0.697687 from pop 8
New best 0.698506 from pop 8
Best solution 0.698506 from pop 8 k = 10
Total time = 30.0268
Time to Best ttb = 8.35991
 
Execução 11 
Best solution 0.679549 from pop 8
New best 0.681469 from pop 7
New best 0.691629 from pop 8
New best 0.696431 from pop 8
New best 0.698506 from pop 8
Best solution 0.698506 from pop 8 k = 10
Total time = 30.0295
Time to Best ttb = 5.50651
 
Execução 12 
Best solution 0.683263 from pop 8
New best 0.688542 from pop 8
New best 0.696431 from pop 8
New best 0.698506 from pop 8
Best solution 0.698506 from pop 8 k = 10
Total time = 30.0665
Time to Best ttb = 2.76162
 
Execução 13 
Best solution 0.675283 from pop 8
New best 0.680297 from pop 7
New best 0.683914 from pop 7
New best 0.687974 from pop 7
New best 0.692596 from pop 8
New best 0.693796 from pop 8
New best 0.697301 from pop 8
New best 0.697687 from pop 8
New best 0.698506 from pop 8
Best solution 0.698506 from pop 8 k = 10
Total time = 30.0729
Time to Best ttb = 14.8108
 
Execução 14 
Best solution 0.691562 from pop 8
New best 0.698506 from pop 8
Best solution 0.698506 from pop 8 k = 10
Total time = 30.0714
Time to Best ttb = 2.50005
 
Execução 15 
Best solution 0.686226 from pop 7
New best 0.687974 from pop 7
New best 0.691562 from pop 8
New best 0.691629 from pop 8
New best 0.692889 from pop 8
New best 0.697301 from pop 8
New best 0.698506 from pop 8
New best 0.698506 from pop 8
Best solution 0.698506 from pop 8 k = 10
Total time = 30.0611
Time to Best ttb = 9.70602
 
Execução 16 
Best solution 0.686079 from pop 8
New best 0.693375 from pop 8
New best 0.696431 from pop 8
New best 0.696431 from pop 8
New best 0.698506 from pop 8
New best 0.698506 from pop 8
Best solution 0.698506 from pop 8 k = 10
Total time = 30.0921
Time to Best ttb = 13.6323
 
Execução 17 
Best solution 0.680649 from pop 7
New best 0.683418 from pop 7
New best 0.693375 from pop 8
New best 0.697301 from pop 8
New best 0.698506 from pop 8
Best solution 0.698506 from pop 8 k = 10
Total time = 30.0786
Time to Best ttb = 5.16581
 
Execução 18 
Best solution 0.668588 from pop 8
New best 0.68142 from pop 8
New best 0.696431 from pop 8
New best 0.697301 from pop 8
New best 0.69778 from pop 8
New best 0.698506 from pop 8
Best solution 0.698506 from pop 8 k = 10
Total time = 30.0905
Time to Best ttb = 16.5586
 
Execução 19 
Best solution 0.673903 from pop 7
New best 0.686671 from pop 8
New best 0.697301 from pop 8
New best 0.698506 from pop 8
Best solution 0.698506 from pop 8 k = 10
Total time = 30.0276
Time to Best ttb = 6.70248
 
Execução 20 
Best solution 0.671964 from pop 8
New best 0.682043 from pop 8
New best 0.693375 from pop 8
New best 0.696012 from pop 8
New best 0.696431 from pop 8
New best 0.69778 from pop 8
New best 0.698506 from pop 8
Best solution 0.698506 from pop 8 k = 10
Total time = 30.0373
Time to Best ttb = 6.97221
 
Execução 21 
Best solution 0.67904 from pop 7
New best 0.683914 from pop 7
New best 0.69778 from pop 8
New best 0.698506 from pop 8
Best solution 0.698506 from pop 8 k = 10
Total time = 30.0813
Time to Best ttb = 4.41432
 
Execução 22 
Best solution 0.698506 from pop 8
Best solution 0.698506 from pop 8 k = 10
Total time = 30.009
Time to Best ttb = 0
 
Execução 23 
Best solution 0.667494 from pop 6
New best 0.682176 from pop 7
New best 0.683914 from pop 7
New best 0.685174 from pop 7
New best 0.692354 from pop 8
New best 0.698506 from pop 8
Best solution 0.698506 from pop 8 k = 10
Total time = 30.0385
Time to Best ttb = 3.2332
 
Execução 24 
Best solution 0.685174 from pop 7
New best 0.685174 from pop 7
New best 0.685204 from pop 8
New best 0.69778 from pop 8
New best 0.698506 from pop 8
Best solution 0.698506 from pop 8 k = 10
Total time = 30.0649
Time to Best ttb = 5.21673
 
Execução 25 
Best solution 0.678911 from pop 7
New best 0.688903 from pop 8
New best 0.692889 from pop 8
New best 0.695317 from pop 8
New best 0.698506 from pop 8
Best solution 0.698506 from pop 8 k = 10
Total time = 30.0565
Time to Best ttb = 4.45756
 
Execução 26 
Best solution 0.687814 from pop 8
New best 0.689586 from pop 8
New best 0.697301 from pop 8
New best 0.69778 from pop 8
New best 0.698506 from pop 8
Best solution 0.698506 from pop 8 k = 10
Total time = 30.0253
Time to Best ttb = 13.706
 
Execução 27 
Best solution 0.667035 from pop 8
New best 0.671196 from pop 7
New best 0.683418 from pop 7
New best 0.696012 from pop 8
New best 0.698506 from pop 8
Best solution 0.698506 from pop 8 k = 10
Total time = 30.0908
Time to Best ttb = 4.45232
 
Execução 28 
Best solution 0.687974 from pop 7
New best 0.688802 from pop 8
New best 0.689231 from pop 8
New best 0.690964 from pop 8
New best 0.697301 from pop 8
New best 0.697687 from pop 8
New best 0.698506 from pop 8
Best solution 0.698506 from pop 8 k = 10
Total time = 30.0116
Time to Best ttb = 12.8517
 
Execução 29 
Best solution 0.685204 from pop 8
New best 0.693796 from pop 8
New best 0.696012 from pop 8
New best 0.697301 from pop 8
New best 0.698506 from pop 8
Best solution 0.698506 from pop 8 k = 10
Total time = 30.0769
Time to Best ttb = 9.94934
 
Execução 30 
Best solution 0.683942 from pop 8
New best 0.697301 from pop 8
New best 0.698506 from pop 8
Best solution 0.698506 from pop 8 k = 10
Total time = 30.0269
Time to Best ttb = 5.20716
 
