Execução 1 
Best solution 0.729957 from pop 7
New best 0.745375 from pop 8
New best 0.748395 from pop 8
Best solution 0.748395 from pop 8 k = 10
Total time = 30.0441
Time to Best ttb = 3.20147
 
Execução 2 
Best solution 0.748395 from pop 8
Best solution 0.748395 from pop 8 k = 10
Total time = 30.033
Time to Best ttb = 0
 
Execução 3 
Best solution 0.73078 from pop 8
New best 0.745375 from pop 8
New best 0.748395 from pop 8
Best solution 0.748395 from pop 8 k = 10
Total time = 30.0749
Time to Best ttb = 4.28073
 
Execução 4 
Best solution 0.722019 from pop 8
New best 0.745375 from pop 8
New best 0.748395 from pop 8
Best solution 0.748395 from pop 8 k = 10
Total time = 30.0515
Time to Best ttb = 1.25668
 
Execução 5 
Best solution 0.725748 from pop 8
New best 0.748395 from pop 8
Best solution 0.748395 from pop 8 k = 10
Total time = 30.0879
Time to Best ttb = 0.986923
 
Execução 6 
Best solution 0.733756 from pop 8
New best 0.745375 from pop 8
New best 0.748395 from pop 8
Best solution 0.748395 from pop 8 k = 10
Total time = 30.0183
Time to Best ttb = 5.46211
 
Execução 7 
Best solution 0.721866 from pop 7
New best 0.723883 from pop 8
New best 0.730569 from pop 8
New best 0.748395 from pop 8
Best solution 0.748395 from pop 8 k = 10
Total time = 30.0001
Time to Best ttb = 2.20684
 
Execução 8 
Best solution 0.73435 from pop 8
New best 0.745375 from pop 8
New best 0.748395 from pop 8
Best solution 0.748395 from pop 8 k = 10
Total time = 30.0791
Time to Best ttb = 1.33961
 
Execução 9 
Best solution 0.721866 from pop 7
New best 0.729957 from pop 7
New best 0.73078 from pop 8
New best 0.748395 from pop 8
Best solution 0.748395 from pop 8 k = 10
Total time = 30.0643
Time to Best ttb = 3.06232
 
Execução 10 
Best solution 0.725594 from pop 8
New best 0.729957 from pop 7
New best 0.748395 from pop 8
Best solution 0.748395 from pop 8 k = 10
Total time = 30.0606
Time to Best ttb = 1.8592
 
Execução 11 
Best solution 0.729957 from pop 7
New best 0.73078 from pop 8
New best 0.745375 from pop 8
New best 0.748395 from pop 8
Best solution 0.748395 from pop 8 k = 10
Total time = 30.0006
Time to Best ttb = 5.88432
 
Execução 12 
Best solution 0.748395 from pop 8
Best solution 0.748395 from pop 8 k = 10
Total time = 30.0183
Time to Best ttb = 0
 
Execução 13 
Best solution 0.729957 from pop 7
New best 0.730555 from pop 8
New best 0.738296 from pop 8
New best 0.748395 from pop 8
Best solution 0.748395 from pop 8 k = 10
Total time = 30.0832
Time to Best ttb = 3.52385
 
Execução 14 
Best solution 0.723051 from pop 8
New best 0.729957 from pop 7
New best 0.748395 from pop 8
Best solution 0.748395 from pop 8 k = 10
Total time = 30.0446
Time to Best ttb = 1.8261
 
Execução 15 
Best solution 0.725203 from pop 8
New best 0.73078 from pop 8
New best 0.748395 from pop 8
Best solution 0.748395 from pop 8 k = 10
Total time = 30.0429
Time to Best ttb = 1.3266
 
Execução 16 
Best solution 0.73078 from pop 8
New best 0.731206 from pop 8
New best 0.745375 from pop 8
New best 0.748395 from pop 8
Best solution 0.748395 from pop 8 k = 10
Total time = 30.0461
Time to Best ttb = 3.61558
 
Execução 17 
Best solution 0.745375 from pop 8
New best 0.748395 from pop 8
Best solution 0.748395 from pop 8 k = 10
Total time = 30.0333
Time to Best ttb = 5.95753
 
Execução 18 
Best solution 0.733756 from pop 8
New best 0.738296 from pop 8
New best 0.745375 from pop 8
New best 0.748395 from pop 8
Best solution 0.748395 from pop 8 k = 10
Total time = 30.0495
Time to Best ttb = 3.419
 
Execução 19 
Best solution 0.713796 from pop 8
New best 0.716459 from pop 7
New best 0.729957 from pop 7
New best 0.73078 from pop 8
New best 0.748395 from pop 8
Best solution 0.748395 from pop 8 k = 10
Total time = 30.0621
Time to Best ttb = 2.5266
 
Execução 20 
Best solution 0.707826 from pop 7
New best 0.733756 from pop 8
New best 0.745375 from pop 8
New best 0.748395 from pop 8
Best solution 0.748395 from pop 8 k = 10
Total time = 30.0026
Time to Best ttb = 7.15068
 
Execução 21 
Best solution 0.729957 from pop 7
New best 0.745375 from pop 8
New best 0.748395 from pop 8
Best solution 0.748395 from pop 8 k = 10
Total time = 30.0615
Time to Best ttb = 3.04283
 
Execução 22 
Best solution 0.70429 from pop 8
New best 0.716459 from pop 7
New best 0.728877 from pop 8
New best 0.738296 from pop 8
New best 0.748395 from pop 8
Best solution 0.748395 from pop 8 k = 10
Total time = 30.0613
Time to Best ttb = 3.28904
 
Execução 23 
Best solution 0.729957 from pop 7
New best 0.745375 from pop 8
New best 0.748395 from pop 8
Best solution 0.748395 from pop 8 k = 10
Total time = 30.036
Time to Best ttb = 4.7149
 
Execução 24 
Best solution 0.710969 from pop 8
New best 0.748395 from pop 8
Best solution 0.748395 from pop 8 k = 10
Total time = 30.0464
Time to Best ttb = 1.50819
 
Execução 25 
Best solution 0.748395 from pop 8
Best solution 0.748395 from pop 8 k = 10
Total time = 30.0003
Time to Best ttb = 0
 
Execução 26 
Best solution 0.721866 from pop 7
New best 0.733756 from pop 8
New best 0.745375 from pop 8
New best 0.748395 from pop 8
Best solution 0.748395 from pop 8 k = 10
Total time = 30.0724
Time to Best ttb = 5.22016
 
Execução 27 
Best solution 0.745375 from pop 8
New best 0.748395 from pop 8
Best solution 0.748395 from pop 8 k = 10
Total time = 30.0009
Time to Best ttb = 4.33804
 
Execução 28 
Best solution 0.722969 from pop 8
New best 0.748395 from pop 8
Best solution 0.748395 from pop 8 k = 10
Total time = 30.0686
Time to Best ttb = 1.90758
 
Execução 29 
Best solution 0.729957 from pop 7
New best 0.733756 from pop 8
New best 0.745375 from pop 8
New best 0.748395 from pop 8
Best solution 0.748395 from pop 8 k = 10
Total time = 30.0693
Time to Best ttb = 4.86791
 
Execução 30 
Best solution 0.718428 from pop 8
New best 0.73078 from pop 8
New best 0.745375 from pop 8
New best 0.748395 from pop 8
Best solution 0.748395 from pop 8 k = 10
Total time = 30.0541
Time to Best ttb = 5.00408
 
