Execução 1 
Best solution 0.791367 from pop 3
Best solution 0.791367 from pop 3 k = 5
Total time = 30.0718
Time to Best ttb = 0
 
Execução 2 
Best solution 0.791367 from pop 3
Best solution 0.791367 from pop 3 k = 5
Total time = 30.0084
Time to Best ttb = 0
 
Execução 3 
Best solution 0.791367 from pop 3
Best solution 0.791367 from pop 3 k = 5
Total time = 30.0923
Time to Best ttb = 0
 
Execução 4 
Best solution 0.791367 from pop 3
Best solution 0.791367 from pop 3 k = 5
Total time = 30.0573
Time to Best ttb = 0
 
Execução 5 
Best solution 0.791367 from pop 3
New best 0.791367 from pop 3
Best solution 0.791367 from pop 3 k = 5
Total time = 30.082
Time to Best ttb = 0.820001
 
Execução 6 
Best solution 0.791367 from pop 3
Best solution 0.791367 from pop 3 k = 5
Total time = 30.045
Time to Best ttb = 0
 
Execução 7 
Best solution 0.791367 from pop 3
New best 0.791367 from pop 3
Best solution 0.791367 from pop 3 k = 5
Total time = 30.0049
Time to Best ttb = 1.25304
 
Execução 8 
Best solution 0.791367 from pop 3
Best solution 0.791367 from pop 3 k = 5
Total time = 30.0436
Time to Best ttb = 0
 
Execução 9 
Best solution 0.791367 from pop 3
Best solution 0.791367 from pop 3 k = 5
Total time = 30.0177
Time to Best ttb = 0
 
Execução 10 
Best solution 0.791367 from pop 3
Best solution 0.791367 from pop 3 k = 5
Total time = 30.015
Time to Best ttb = 0
 
Execução 11 
Best solution 0.791367 from pop 3
Best solution 0.791367 from pop 3 k = 5
Total time = 30.0141
Time to Best ttb = 0
 
Execução 12 
Best solution 0.791367 from pop 3
Best solution 0.791367 from pop 3 k = 5
Total time = 30.0765
Time to Best ttb = 0
 
Execução 13 
Best solution 0.791367 from pop 3
Best solution 0.791367 from pop 3 k = 5
Total time = 30.01
Time to Best ttb = 0
 
Execução 14 
Best solution 0.791367 from pop 3
Best solution 0.791367 from pop 3 k = 5
Total time = 30.0185
Time to Best ttb = 0
 
Execução 15 
Best solution 0.791367 from pop 3
Best solution 0.791367 from pop 3 k = 5
Total time = 30.0194
Time to Best ttb = 0
 
Execução 16 
Best solution 0.791367 from pop 3
New best 0.791367 from pop 3
Best solution 0.791367 from pop 3 k = 5
Total time = 30.0339
Time to Best ttb = 1.46149
 
Execução 17 
Best solution 0.791367 from pop 3
Best solution 0.791367 from pop 3 k = 5
Total time = 30.0877
Time to Best ttb = 0
 
Execução 18 
Best solution 0.791367 from pop 3
Best solution 0.791367 from pop 3 k = 5
Total time = 30.0017
Time to Best ttb = 0
 
Execução 19 
Best solution 0.791367 from pop 3
Best solution 0.791367 from pop 3 k = 5
Total time = 30.017
Time to Best ttb = 0
 
Execução 20 
Best solution 0.791367 from pop 3
Best solution 0.791367 from pop 3 k = 5
Total time = 30.0244
Time to Best ttb = 0
 
Execução 21 
Best solution 0.791367 from pop 3
New best 0.791367 from pop 3
Best solution 0.791367 from pop 3 k = 5
Total time = 30.0553
Time to Best ttb = 2.46453
 
Execução 22 
Best solution 0.791367 from pop 3
Best solution 0.791367 from pop 3 k = 5
Total time = 30.0416
Time to Best ttb = 0
 
Execução 23 
Best solution 0.791367 from pop 3
Best solution 0.791367 from pop 3 k = 5
Total time = 30.0577
Time to Best ttb = 0
 
Execução 24 
Best solution 0.791367 from pop 3
Best solution 0.791367 from pop 3 k = 5
Total time = 30.0217
Time to Best ttb = 0
 
Execução 25 
Best solution 0.791367 from pop 3
Best solution 0.791367 from pop 3 k = 5
Total time = 30.0393
Time to Best ttb = 0
 
Execução 26 
Best solution 0.791367 from pop 3
New best 0.791367 from pop 3
Best solution 0.791367 from pop 3 k = 5
Total time = 30.0586
Time to Best ttb = 0.987493
 
Execução 27 
Best solution 0.791367 from pop 3
Best solution 0.791367 from pop 3 k = 5
Total time = 30.0039
Time to Best ttb = 0
 
Execução 28 
Best solution 0.791367 from pop 3
Best solution 0.791367 from pop 3 k = 5
Total time = 30.0052
Time to Best ttb = 0
 
Execução 29 
Best solution 0.791367 from pop 3
New best 0.791367 from pop 3
Best solution 0.791367 from pop 3 k = 5
Total time = 30.0945
Time to Best ttb = 1.06272
 
Execução 30 
Best solution 0.791367 from pop 3
Best solution 0.791367 from pop 3 k = 5
Total time = 30.0629
Time to Best ttb = 0
 
