Execução 1 
Best solution 0.73052 from pop 4
Best solution 0.73052 from pop 4 k = 6
Total time = 30.0051
Time to Best ttb = 0
 
Execução 2 
Best solution 0.73052 from pop 4
Best solution 0.73052 from pop 4 k = 6
Total time = 30.0597
Time to Best ttb = 0
 
Execução 3 
Best solution 0.73052 from pop 4
Best solution 0.73052 from pop 4 k = 6
Total time = 30.0187
Time to Best ttb = 0
 
Execução 4 
Best solution 0.73052 from pop 4
Best solution 0.73052 from pop 4 k = 6
Total time = 30.0736
Time to Best ttb = 0
 
Execução 5 
Best solution 0.73052 from pop 4
Best solution 0.73052 from pop 4 k = 6
Total time = 30.0653
Time to Best ttb = 0
 
Execução 6 
Best solution 0.73052 from pop 4
Best solution 0.73052 from pop 4 k = 6
Total time = 30.0094
Time to Best ttb = 0
 
Execução 7 
Best solution 0.73052 from pop 4
Best solution 0.73052 from pop 4 k = 6
Total time = 30.0431
Time to Best ttb = 0
 
Execução 8 
Best solution 0.73052 from pop 4
Best solution 0.73052 from pop 4 k = 6
Total time = 30.0634
Time to Best ttb = 0
 
Execução 9 
Best solution 0.73052 from pop 4
Best solution 0.73052 from pop 4 k = 6
Total time = 30.0187
Time to Best ttb = 0
 
Execução 10 
Best solution 0.73052 from pop 4
Best solution 0.73052 from pop 4 k = 6
Total time = 30.0128
Time to Best ttb = 0
 
Execução 11 
Best solution 0.73052 from pop 4
Best solution 0.73052 from pop 4 k = 6
Total time = 30.0577
Time to Best ttb = 0
 
Execução 12 
Best solution 0.73052 from pop 4
Best solution 0.73052 from pop 4 k = 6
Total time = 30.0488
Time to Best ttb = 0
 
Execução 13 
Best solution 0.73052 from pop 4
Best solution 0.73052 from pop 4 k = 6
Total time = 30.0102
Time to Best ttb = 0
 
Execução 14 
Best solution 0.73052 from pop 4
Best solution 0.73052 from pop 4 k = 6
Total time = 30.0253
Time to Best ttb = 0
 
Execução 15 
Best solution 0.73052 from pop 4
Best solution 0.73052 from pop 4 k = 6
Total time = 30.0523
Time to Best ttb = 0
 
Execução 16 
Best solution 0.73052 from pop 4
Best solution 0.73052 from pop 4 k = 6
Total time = 30.0303
Time to Best ttb = 0
 
Execução 17 
Best solution 0.73052 from pop 4
Best solution 0.73052 from pop 4 k = 6
Total time = 30.0035
Time to Best ttb = 0
 
Execução 18 
Best solution 0.73052 from pop 4
Best solution 0.73052 from pop 4 k = 6
Total time = 30.0271
Time to Best ttb = 0
 
Execução 19 
Best solution 0.73052 from pop 4
Best solution 0.73052 from pop 4 k = 6
Total time = 30.0331
Time to Best ttb = 0
 
Execução 20 
Best solution 0.73052 from pop 4
Best solution 0.73052 from pop 4 k = 6
Total time = 30.0089
Time to Best ttb = 0
 
Execução 21 
Best solution 0.73052 from pop 4
Best solution 0.73052 from pop 4 k = 6
Total time = 30.0417
Time to Best ttb = 0
 
Execução 22 
Best solution 0.73052 from pop 4
Best solution 0.73052 from pop 4 k = 6
Total time = 30.0078
Time to Best ttb = 0
 
Execução 23 
Best solution 0.73052 from pop 4
Best solution 0.73052 from pop 4 k = 6
Total time = 30.0558
Time to Best ttb = 0
 
Execução 24 
Best solution 0.73052 from pop 4
Best solution 0.73052 from pop 4 k = 6
Total time = 30.0333
Time to Best ttb = 0
 
Execução 25 
Best solution 0.73052 from pop 4
Best solution 0.73052 from pop 4 k = 6
Total time = 30.0253
Time to Best ttb = 0
 
Execução 26 
Best solution 0.73052 from pop 4
Best solution 0.73052 from pop 4 k = 6
Total time = 30.0186
Time to Best ttb = 0
 
Execução 27 
Best solution 0.73052 from pop 4
Best solution 0.73052 from pop 4 k = 6
Total time = 30.0298
Time to Best ttb = 0
 
Execução 28 
Best solution 0.73052 from pop 4
Best solution 0.73052 from pop 4 k = 6
Total time = 30.01
Time to Best ttb = 0
 
Execução 29 
Best solution 0.73052 from pop 4
Best solution 0.73052 from pop 4 k = 6
Total time = 30.0198
Time to Best ttb = 0
 
Execução 30 
Best solution 0.73052 from pop 4
Best solution 0.73052 from pop 4 k = 6
Total time = 30.0151
Time to Best ttb = 0
 
