Execução 1 
Best solution 0.729957 from pop 7
New best 0.745375 from pop 8
New best 0.748395 from pop 8
Best solution 0.748395 from pop 8 k = 10
Total time = 30.0069
Time to Best ttb = 3.52168
 
Execução 2 
Best solution 0.748395 from pop 8
Best solution 0.748395 from pop 8 k = 10
Total time = 30.0764
Time to Best ttb = 0
 
Execução 3 
Best solution 0.73078 from pop 8
New best 0.745375 from pop 8
New best 0.748395 from pop 8
Best solution 0.748395 from pop 8 k = 10
Total time = 30.0354
Time to Best ttb = 4.24751
 
Execução 4 
Best solution 0.722019 from pop 8
New best 0.745375 from pop 8
New best 0.748395 from pop 8
Best solution 0.748395 from pop 8 k = 10
Total time = 30.0444
Time to Best ttb = 1.27631
 
Execução 5 
Best solution 0.725748 from pop 8
New best 0.748395 from pop 8
Best solution 0.748395 from pop 8 k = 10
Total time = 30.0779
Time to Best ttb = 1.16804
 
Execução 6 
Best solution 0.733756 from pop 8
New best 0.745375 from pop 8
New best 0.748395 from pop 8
Best solution 0.748395 from pop 8 k = 10
Total time = 30.0157
Time to Best ttb = 5.42841
 
Execução 7 
Best solution 0.721866 from pop 7
New best 0.723883 from pop 8
New best 0.730569 from pop 8
New best 0.748395 from pop 8
Best solution 0.748395 from pop 8 k = 10
Total time = 30.0387
Time to Best ttb = 2.04148
 
Execução 8 
Best solution 0.73435 from pop 8
New best 0.745375 from pop 8
New best 0.748395 from pop 8
Best solution 0.748395 from pop 8 k = 10
Total time = 30.04
Time to Best ttb = 1.33885
 
Execução 9 
Best solution 0.721866 from pop 7
New best 0.729957 from pop 7
New best 0.73078 from pop 8
New best 0.748395 from pop 8
Best solution 0.748395 from pop 8 k = 10
Total time = 30.0664
Time to Best ttb = 3.08076
 
Execução 10 
Best solution 0.725594 from pop 8
New best 0.729957 from pop 7
New best 0.748395 from pop 8
Best solution 0.748395 from pop 8 k = 10
Total time = 30.0253
Time to Best ttb = 1.87696
 
Execução 11 
Best solution 0.729957 from pop 7
New best 0.73078 from pop 8
New best 0.745375 from pop 8
New best 0.748395 from pop 8
Best solution 0.748395 from pop 8 k = 10
Total time = 30.0526
Time to Best ttb = 5.92802
 
Execução 12 
Best solution 0.748395 from pop 8
Best solution 0.748395 from pop 8 k = 10
Total time = 30.054
Time to Best ttb = 0
 
Execução 13 
Best solution 0.729957 from pop 7
New best 0.730555 from pop 8
New best 0.738296 from pop 8
New best 0.748395 from pop 8
Best solution 0.748395 from pop 8 k = 10
Total time = 30.0731
Time to Best ttb = 3.56603
 
Execução 14 
Best solution 0.723051 from pop 8
New best 0.729957 from pop 7
New best 0.748395 from pop 8
Best solution 0.748395 from pop 8 k = 10
Total time = 30.0459
Time to Best ttb = 1.86842
 
Execução 15 
Best solution 0.725203 from pop 8
New best 0.73078 from pop 8
New best 0.748395 from pop 8
Best solution 0.748395 from pop 8 k = 10
Total time = 30
Time to Best ttb = 1.71779
 
Execução 16 
Best solution 0.73078 from pop 8
New best 0.731206 from pop 8
New best 0.745375 from pop 8
New best 0.748395 from pop 8
Best solution 0.748395 from pop 8 k = 10
Total time = 30.0431
Time to Best ttb = 3.62656
 
Execução 17 
Best solution 0.745375 from pop 8
New best 0.748395 from pop 8
Best solution 0.748395 from pop 8 k = 10
Total time = 30.0807
Time to Best ttb = 5.8988
 
Execução 18 
Best solution 0.733756 from pop 8
New best 0.738296 from pop 8
New best 0.745375 from pop 8
New best 0.748395 from pop 8
Best solution 0.748395 from pop 8 k = 10
Total time = 30.0407
Time to Best ttb = 3.74796
 
Execução 19 
Best solution 0.713796 from pop 8
New best 0.716459 from pop 7
New best 0.729957 from pop 7
New best 0.73078 from pop 8
New best 0.748395 from pop 8
Best solution 0.748395 from pop 8 k = 10
Total time = 30.0849
Time to Best ttb = 2.6501
 
Execução 20 
Best solution 0.707826 from pop 7
New best 0.733756 from pop 8
New best 0.745375 from pop 8
New best 0.748395 from pop 8
Best solution 0.748395 from pop 8 k = 10
Total time = 30.0553
Time to Best ttb = 7.24533
 
Execução 21 
Best solution 0.729957 from pop 7
New best 0.745375 from pop 8
New best 0.748395 from pop 8
Best solution 0.748395 from pop 8 k = 10
Total time = 30.0238
Time to Best ttb = 2.60971
 
Execução 22 
Best solution 0.70429 from pop 8
New best 0.716459 from pop 7
New best 0.728877 from pop 8
New best 0.738296 from pop 8
New best 0.748395 from pop 8
Best solution 0.748395 from pop 8 k = 10
Total time = 30.0025
Time to Best ttb = 3.77005
 
Execução 23 
Best solution 0.729957 from pop 7
New best 0.745375 from pop 8
New best 0.748395 from pop 8
Best solution 0.748395 from pop 8 k = 10
Total time = 30.0196
Time to Best ttb = 4.49808
 
Execução 24 
Best solution 0.710969 from pop 8
New best 0.748395 from pop 8
Best solution 0.748395 from pop 8 k = 10
Total time = 30.0919
Time to Best ttb = 1.3786
 
Execução 25 
Best solution 0.748395 from pop 8
Best solution 0.748395 from pop 8 k = 10
Total time = 30.0951
Time to Best ttb = 0
 
Execução 26 
Best solution 0.721866 from pop 7
New best 0.733756 from pop 8
New best 0.745375 from pop 8
New best 0.748395 from pop 8
Best solution 0.748395 from pop 8 k = 10
Total time = 30.0473
Time to Best ttb = 4.87144
 
Execução 27 
Best solution 0.745375 from pop 8
New best 0.748395 from pop 8
Best solution 0.748395 from pop 8 k = 10
Total time = 30.0032
Time to Best ttb = 3.95107
 
Execução 28 
Best solution 0.722969 from pop 8
New best 0.748395 from pop 8
Best solution 0.748395 from pop 8 k = 10
Total time = 30.0551
Time to Best ttb = 1.49154
 
Execução 29 
Best solution 0.729957 from pop 7
New best 0.733756 from pop 8
New best 0.745375 from pop 8
New best 0.748395 from pop 8
Best solution 0.748395 from pop 8 k = 10
Total time = 30.0548
Time to Best ttb = 5.04368
 
Execução 30 
Best solution 0.718428 from pop 8
New best 0.73078 from pop 8
New best 0.745375 from pop 8
New best 0.748395 from pop 8
Best solution 0.748395 from pop 8 k = 10
Total time = 30.0413
Time to Best ttb = 4.7748
 
