Execução 1 
Best solution 0.756699 from pop 7
New best 0.786821 from pop 8
Best solution 0.786821 from pop 8 k = 10
Total time = 30.0135
Time to Best ttb = 1.22826
 
Execução 2 
Best solution 0.756699 from pop 7
New best 0.771072 from pop 8
New best 0.786821 from pop 8
Best solution 0.786821 from pop 8 k = 10
Total time = 30.0085
Time to Best ttb = 3.01707
 
Execução 3 
Best solution 0.767802 from pop 8
New best 0.786821 from pop 8
Best solution 0.786821 from pop 8 k = 10
Total time = 30.0563
Time to Best ttb = 1.6777
 
Execução 4 
Best solution 0.748213 from pop 8
New best 0.786821 from pop 8
Best solution 0.786821 from pop 8 k = 10
Total time = 30.0071
Time to Best ttb = 1.91687
 
Execução 5 
Best solution 0.765814 from pop 8
New best 0.786821 from pop 8
Best solution 0.786821 from pop 8 k = 10
Total time = 30.0535
Time to Best ttb = 1.38987
 
Execução 6 
Best solution 0.786821 from pop 8
Best solution 0.786821 from pop 8 k = 10
Total time = 30.0209
Time to Best ttb = 0
 
Execução 7 
Best solution 0.764422 from pop 8
New best 0.765039 from pop 8
New best 0.786821 from pop 8
Best solution 0.786821 from pop 8 k = 10
Total time = 30.0892
Time to Best ttb = 2.14794
 
Execução 8 
Best solution 0.771072 from pop 8
New best 0.786821 from pop 8
Best solution 0.786821 from pop 8 k = 10
Total time = 30.0617
Time to Best ttb = 1.37613
 
Execução 9 
Best solution 0.74289 from pop 7
New best 0.744957 from pop 8
New best 0.756699 from pop 7
New best 0.76981 from pop 8
New best 0.786821 from pop 8
Best solution 0.786821 from pop 8 k = 10
Total time = 30.0078
Time to Best ttb = 1.84925
 
Execução 10 
Best solution 0.745934 from pop 8
New best 0.76768 from pop 8
New best 0.786821 from pop 8
Best solution 0.786821 from pop 8 k = 10
Total time = 30.0335
Time to Best ttb = 3.73748
 
Execução 11 
Best solution 0.786821 from pop 8
Best solution 0.786821 from pop 8 k = 10
Total time = 30.0163
Time to Best ttb = 0
 
Execução 12 
Best solution 0.748352 from pop 8
New best 0.750838 from pop 8
New best 0.773314 from pop 8
New best 0.786821 from pop 8
Best solution 0.786821 from pop 8 k = 10
Total time = 30.0631
Time to Best ttb = 2.67892
 
Execução 13 
Best solution 0.786821 from pop 8
Best solution 0.786821 from pop 8 k = 10
Total time = 30.0353
Time to Best ttb = 0
 
Execução 14 
Best solution 0.762838 from pop 8
New best 0.786821 from pop 8
Best solution 0.786821 from pop 8 k = 10
Total time = 30.0351
Time to Best ttb = 1.4251
 
Execução 15 
Best solution 0.786821 from pop 8
Best solution 0.786821 from pop 8 k = 10
Total time = 30.0549
Time to Best ttb = 0
 
Execução 16 
Best solution 0.763296 from pop 8
New best 0.786821 from pop 8
Best solution 0.786821 from pop 8 k = 10
Total time = 30.0056
Time to Best ttb = 1.24463
 
Execução 17 
Best solution 0.738247 from pop 8
New best 0.767731 from pop 8
New best 0.786821 from pop 8
Best solution 0.786821 from pop 8 k = 10
Total time = 30.0825
Time to Best ttb = 1.79404
 
Execução 18 
Best solution 0.786821 from pop 8
Best solution 0.786821 from pop 8 k = 10
Total time = 30.0352
Time to Best ttb = 0
 
Execução 19 
Best solution 0.756699 from pop 7
New best 0.786821 from pop 8
Best solution 0.786821 from pop 8 k = 10
Total time = 30.0459
Time to Best ttb = 1.67205
 
Execução 20 
Best solution 0.764519 from pop 8
New best 0.786821 from pop 8
Best solution 0.786821 from pop 8 k = 10
Total time = 30.0083
Time to Best ttb = 6.18082
 
Execução 21 
Best solution 0.75227 from pop 8
New best 0.786821 from pop 8
Best solution 0.786821 from pop 8 k = 10
Total time = 30.0902
Time to Best ttb = 1.84759
 
Execução 22 
Best solution 0.762788 from pop 8
New best 0.764519 from pop 8
New best 0.786821 from pop 8
Best solution 0.786821 from pop 8 k = 10
Total time = 30.1053
Time to Best ttb = 2.11479
 
Execução 23 
Best solution 0.737404 from pop 7
New best 0.786821 from pop 8
Best solution 0.786821 from pop 8 k = 10
Total time = 30.1034
Time to Best ttb = 1.46938
 
Execução 24 
Best solution 0.756699 from pop 7
New best 0.786821 from pop 8
Best solution 0.786821 from pop 8 k = 10
Total time = 30.0331
Time to Best ttb = 1.92164
 
Execução 25 
Best solution 0.771515 from pop 8
New best 0.786821 from pop 8
Best solution 0.786821 from pop 8 k = 10
Total time = 30.0659
Time to Best ttb = 1.33393
 
Execução 26 
Best solution 0.756699 from pop 7
New best 0.770235 from pop 8
New best 0.786821 from pop 8
Best solution 0.786821 from pop 8 k = 10
Total time = 30.0191
Time to Best ttb = 1.26123
 
Execução 27 
Best solution 0.770755 from pop 8
New best 0.786821 from pop 8
Best solution 0.786821 from pop 8 k = 10
Total time = 30.0471
Time to Best ttb = 2.33358
 
Execução 28 
Best solution 0.786821 from pop 8
Best solution 0.786821 from pop 8 k = 10
Total time = 30.0343
Time to Best ttb = 0
 
Execução 29 
Best solution 0.786821 from pop 8
Best solution 0.786821 from pop 8 k = 10
Total time = 30.0414
Time to Best ttb = 0
 
Execução 30 
Best solution 0.786821 from pop 8
Best solution 0.786821 from pop 8 k = 10
Total time = 30.0046
Time to Best ttb = 0
 
