Execução 1 
Best solution 0.670035 from pop 8
Best solution 0.670035 from pop 8 k = 10
Total time = 315.759
Time to Best ttb = 0
 
Execução 2 
Best solution 0.666263 from pop 8
Best solution 0.666263 from pop 8 k = 10
Total time = 319.854
Time to Best ttb = 0
 
Execução 3 
Best solution 0.674378 from pop 8
Best solution 0.674378 from pop 8 k = 10
Total time = 321.052
Time to Best ttb = 0
 
Execução 4 
Best solution 0.673371 from pop 8
Best solution 0.673371 from pop 8 k = 10
Total time = 320.87
Time to Best ttb = 0
 
Execução 5 
Best solution 0.665898 from pop 8
Best solution 0.665898 from pop 8 k = 10
Total time = 314.292
Time to Best ttb = 0
 
Execução 6 
Best solution 0.669807 from pop 8
Best solution 0.669807 from pop 8 k = 10
Total time = 321.583
Time to Best ttb = 0
 
Execução 7 
Best solution 0.667616 from pop 8
Best solution 0.667616 from pop 8 k = 10
Total time = 322.355
Time to Best ttb = 0
 
Execução 8 
Best solution 0.668699 from pop 8
Best solution 0.668699 from pop 8 k = 10
Total time = 323.322
Time to Best ttb = 0
 
Execução 9 
Best solution 0.669824 from pop 8
Best solution 0.669824 from pop 8 k = 10
Total time = 321.084
Time to Best ttb = 0
 
Execução 10 
Best solution 0.674482 from pop 8
Best solution 0.674482 from pop 8 k = 10
Total time = 318.501
Time to Best ttb = 0
 
Execução 11 
Best solution 0.673389 from pop 8
Best solution 0.673389 from pop 8 k = 10
Total time = 325.188
Time to Best ttb = 0
 
Execução 12 
Best solution 0.67569 from pop 8
Best solution 0.67569 from pop 8 k = 10
Total time = 313.663
Time to Best ttb = 0
 
Execução 13 
Best solution 0.67008 from pop 8
Best solution 0.67008 from pop 8 k = 10
Total time = 320.594
Time to Best ttb = 0
 
Execução 14 
Best solution 0.675152 from pop 8
Best solution 0.675152 from pop 8 k = 10
Total time = 313.918
Time to Best ttb = 0
 
Execução 15 
Best solution 0.675491 from pop 8
Best solution 0.675491 from pop 8 k = 10
Total time = 319.347
Time to Best ttb = 0
 
Execução 16 
Best solution 0.671306 from pop 8
Best solution 0.671306 from pop 8 k = 10
Total time = 321.274
Time to Best ttb = 0
 
Execução 17 
Best solution 0.670986 from pop 8
Best solution 0.670986 from pop 8 k = 10
Total time = 315.203
Time to Best ttb = 0
 
Execução 18 
Best solution 0.670375 from pop 8
Best solution 0.670375 from pop 8 k = 10
Total time = 328.416
Time to Best ttb = 0
 
Execução 19 
Best solution 0.677042 from pop 8
Best solution 0.677042 from pop 8 k = 10
Total time = 320.134
Time to Best ttb = 0
 
Execução 20 
Best solution 0.675562 from pop 8
Best solution 0.675562 from pop 8 k = 10
Total time = 320.189
Time to Best ttb = 0
 
Execução 21 
Best solution 0.674154 from pop 8
Best solution 0.674154 from pop 8 k = 10
Total time = 324.878
Time to Best ttb = 0
 
Execução 22 
Best solution 0.670283 from pop 8
Best solution 0.670283 from pop 8 k = 10
Total time = 318.822
Time to Best ttb = 0
 
Execução 23 
Best solution 0.670991 from pop 8
Best solution 0.670991 from pop 8 k = 10
Total time = 315.368
Time to Best ttb = 0
 
Execução 24 
Best solution 0.66747 from pop 8
Best solution 0.66747 from pop 8 k = 10
Total time = 317.288
Time to Best ttb = 0
 
Execução 25 
Best solution 0.674811 from pop 8
Best solution 0.674811 from pop 8 k = 10
Total time = 347.337
Time to Best ttb = 0
 
Execução 26 
Best solution 0.671589 from pop 8
Best solution 0.671589 from pop 8 k = 10
Total time = 313.717
Time to Best ttb = 0
 
Execução 27 
Best solution 0.672526 from pop 8
Best solution 0.672526 from pop 8 k = 10
Total time = 315.922
Time to Best ttb = 0
 
Execução 28 
Best solution 0.672871 from pop 8
Best solution 0.672871 from pop 8 k = 10
Total time = 347.241
Time to Best ttb = 0
 
Execução 29 
Best solution 0.674681 from pop 8
Best solution 0.674681 from pop 8 k = 10
Total time = 320.048
Time to Best ttb = 0
 
Execução 30 
Best solution 0.675908 from pop 8
Best solution 0.675908 from pop 8 k = 10
Total time = 317.974
Time to Best ttb = 0
 
