Execução 1 
Best solution 0.703194 from pop 16
Best solution 0.703194 from pop 16 k = 18
Total time = 483.937
Time to Best ttb = 0
 
Execução 2 
Best solution 0.697698 from pop 22
Best solution 0.697698 from pop 22 k = 24
Total time = 519.318
Time to Best ttb = 0
 
Execução 3 
Best solution 0.704261 from pop 16
Best solution 0.704261 from pop 16 k = 18
Total time = 485.621
Time to Best ttb = 0
 
Execução 4 
Best solution 0.700903 from pop 15
Best solution 0.700903 from pop 15 k = 17
Total time = 486.866
Time to Best ttb = 0
 
Execução 5 
Best solution 0.691299 from pop 23
Best solution 0.691299 from pop 23 k = 25
Total time = 495.341
Time to Best ttb = 0
 
Execução 6 
Best solution 0.70485 from pop 17
Best solution 0.70485 from pop 17 k = 19
Total time = 483.542
Time to Best ttb = 0
 
Execução 7 
Best solution 0.69 from pop 16
Best solution 0.69 from pop 16 k = 18
Total time = 487.312
Time to Best ttb = 0
 
Execução 8 
Best solution 0.700359 from pop 18
Best solution 0.700359 from pop 18 k = 20
Total time = 485.23
Time to Best ttb = 0
 
Execução 9 
Best solution 0.703319 from pop 18
Best solution 0.703319 from pop 18 k = 20
Total time = 485.62
Time to Best ttb = 0
 
Execução 10 
Best solution 0.697124 from pop 17
Best solution 0.697124 from pop 17 k = 19
Total time = 487.27
Time to Best ttb = 0
 
Execução 11 
Best solution 0.69942 from pop 17
Best solution 0.69942 from pop 17 k = 19
Total time = 478.635
Time to Best ttb = 0
 
Execução 12 
Best solution 0.696041 from pop 20
Best solution 0.696041 from pop 20 k = 22
Total time = 494.234
Time to Best ttb = 0
 
Execução 13 
Best solution 0.708006 from pop 18
Best solution 0.708006 from pop 18 k = 20
Total time = 491.31
Time to Best ttb = 0
 
Execução 14 
Best solution 0.704516 from pop 19
Best solution 0.704516 from pop 19 k = 21
Total time = 490.649
Time to Best ttb = 0
 
Execução 15 
Best solution 0.702595 from pop 20
Best solution 0.702595 from pop 20 k = 22
Total time = 485.707
Time to Best ttb = 0
 
Execução 16 
Best solution 0.706469 from pop 18
Best solution 0.706469 from pop 18 k = 20
Total time = 513.99
Time to Best ttb = 0
 
Execução 17 
Best solution 0.697593 from pop 19
Best solution 0.697593 from pop 19 k = 21
Total time = 483.949
Time to Best ttb = 0
 
Execução 18 
Best solution 0.700965 from pop 16
Best solution 0.700965 from pop 16 k = 18
Total time = 495.567
Time to Best ttb = 0
 
Execução 19 
Best solution 0.695514 from pop 20
Best solution 0.695514 from pop 20 k = 22
Total time = 480.379
Time to Best ttb = 0
 
Execução 20 
Best solution 0.69777 from pop 15
Best solution 0.69777 from pop 15 k = 17
Total time = 484.385
Time to Best ttb = 0
 
Execução 21 
Best solution 0.701322 from pop 18
Best solution 0.701322 from pop 18 k = 20
Total time = 486.191
Time to Best ttb = 0
 
Execução 22 
Best solution 0.694127 from pop 16
Best solution 0.694127 from pop 16 k = 18
Total time = 483.13
Time to Best ttb = 0
 
Execução 23 
Best solution 0.696094 from pop 21
Best solution 0.696094 from pop 21 k = 23
Total time = 490.252
Time to Best ttb = 0
 
Execução 24 
Best solution 0.708352 from pop 17
Best solution 0.708352 from pop 17 k = 19
Total time = 491.064
Time to Best ttb = 0
 
Execução 25 
Best solution 0.715526 from pop 20
Best solution 0.715526 from pop 20 k = 22
Total time = 490.092
Time to Best ttb = 0
 
Execução 26 
Best solution 0.69941 from pop 19
Best solution 0.69941 from pop 19 k = 21
Total time = 486.62
Time to Best ttb = 0
 
Execução 27 
Best solution 0.697294 from pop 16
Best solution 0.697294 from pop 16 k = 18
Total time = 486.353
Time to Best ttb = 0
 
Execução 28 
Best solution 0.702882 from pop 19
Best solution 0.702882 from pop 19 k = 21
Total time = 486.907
Time to Best ttb = 0
 
Execução 29 
Best solution 0.693856 from pop 18
Best solution 0.693856 from pop 18 k = 20
Total time = 494.623
Time to Best ttb = 0
 
Execução 30 
Best solution 0.702552 from pop 17
Best solution 0.702552 from pop 17 k = 19
Total time = 484.652
Time to Best ttb = 0
 
