Execução 1 
Best solution 0.654267 from pop 10
Best solution 0.654267 from pop 10 k = 12
Total time = 691.909
Time to Best ttb = 0
 
Execução 2 
Best solution 0.654594 from pop 10
Best solution 0.654594 from pop 10 k = 12
Total time = 719.979
Time to Best ttb = 0
 
Execução 3 
Best solution 0.651994 from pop 9
Best solution 0.651994 from pop 9 k = 11
Total time = 692.453
Time to Best ttb = 0
 
Execução 4 
Best solution 0.655414 from pop 10
Best solution 0.655414 from pop 10 k = 12
Total time = 754.066
Time to Best ttb = 0
 
Execução 5 
Best solution 0.654057 from pop 10
Best solution 0.654057 from pop 10 k = 12
Total time = 698.278
Time to Best ttb = 0
 
Execução 6 
Best solution 0.653981 from pop 9
Best solution 0.653981 from pop 9 k = 11
Total time = 702.36
Time to Best ttb = 0
 
Execução 7 
Best solution 0.654031 from pop 10
Best solution 0.654031 from pop 10 k = 12
Total time = 705.147
Time to Best ttb = 0
 
Execução 8 
Best solution 0.653393 from pop 10
Best solution 0.653393 from pop 10 k = 12
Total time = 705.238
Time to Best ttb = 0
 
Execução 9 
Best solution 0.655231 from pop 10
New best 0.656544 from pop 9
Best solution 0.656544 from pop 9 k = 11
Total time = 762.896
Time to Best ttb = 762.896
 
Execução 10 
Best solution 0.655384 from pop 9
Best solution 0.655384 from pop 9 k = 11
Total time = 693.453
Time to Best ttb = 0
 
Execução 11 
Best solution 0.651993 from pop 9
Best solution 0.651993 from pop 9 k = 11
Total time = 699.232
Time to Best ttb = 0
 
Execução 12 
Best solution 0.652327 from pop 10
Best solution 0.652327 from pop 10 k = 12
Total time = 692.05
Time to Best ttb = 0
 
Execução 13 
Best solution 0.656682 from pop 9
Best solution 0.656682 from pop 9 k = 11
Total time = 690.918
Time to Best ttb = 0
 
Execução 14 
Best solution 0.655307 from pop 10
Best solution 0.655307 from pop 10 k = 12
Total time = 691.425
Time to Best ttb = 0
 
Execução 15 
Best solution 0.653414 from pop 9
Best solution 0.653414 from pop 9 k = 11
Total time = 705.725
Time to Best ttb = 0
 
Execução 16 
Best solution 0.656756 from pop 10
Best solution 0.656756 from pop 10 k = 12
Total time = 694.964
Time to Best ttb = 0
 
Execução 17 
Best solution 0.653281 from pop 9
Best solution 0.653281 from pop 9 k = 11
Total time = 691.036
Time to Best ttb = 0
 
Execução 18 
Best solution 0.655627 from pop 9
Best solution 0.655627 from pop 9 k = 11
Total time = 690.9
Time to Best ttb = 0
 
Execução 19 
Best solution 0.655711 from pop 10
Best solution 0.655711 from pop 10 k = 12
Total time = 699.222
Time to Best ttb = 0
 
Execução 20 
Best solution 0.655088 from pop 10
Best solution 0.655088 from pop 10 k = 12
Total time = 692.971
Time to Best ttb = 0
 
Execução 21 
Best solution 0.657669 from pop 10
Best solution 0.657669 from pop 10 k = 12
Total time = 698.836
Time to Best ttb = 0
 
Execução 22 
Best solution 0.65544 from pop 9
Best solution 0.65544 from pop 9 k = 11
Total time = 695.248
Time to Best ttb = 0
 
Execução 23 
Best solution 0.655866 from pop 9
Best solution 0.655866 from pop 9 k = 11
Total time = 697.64
Time to Best ttb = 0
 
Execução 24 
Best solution 0.653829 from pop 10
Best solution 0.653829 from pop 10 k = 12
Total time = 687.175
Time to Best ttb = 0
 
Execução 25 
Best solution 0.651068 from pop 10
New best 0.653858 from pop 9
Best solution 0.653858 from pop 9 k = 11
Total time = 690.939
Time to Best ttb = 690.939
 
Execução 26 
Best solution 0.656556 from pop 10
Best solution 0.656556 from pop 10 k = 12
Total time = 699.977
Time to Best ttb = 0
 
Execução 27 
Best solution 0.654482 from pop 10
Best solution 0.654482 from pop 10 k = 12
Total time = 699.138
Time to Best ttb = 0
 
Execução 28 
Best solution 0.654751 from pop 10
Best solution 0.654751 from pop 10 k = 12
Total time = 692.057
Time to Best ttb = 0
 
Execução 29 
Best solution 0.655254 from pop 9
New best 0.657065 from pop 9
Best solution 0.657065 from pop 9 k = 11
Total time = 683.653
Time to Best ttb = 683.653
 
Execução 30 
Best solution 0.65456 from pop 9
Best solution 0.65456 from pop 9 k = 11
Total time = 688.78
Time to Best ttb = 0
 
