Execução 1 
Best solution 0.654267 from pop 10
Best solution 0.654267 from pop 10 k = 12
Total time = 693.184
Time to Best ttb = 0
 
Execução 2 
Best solution 0.654594 from pop 10
Best solution 0.654594 from pop 10 k = 12
Total time = 689.08
Time to Best ttb = 0
 
Execução 3 
Best solution 0.651994 from pop 9
Best solution 0.651994 from pop 9 k = 11
Total time = 699.837
Time to Best ttb = 0
 
Execução 4 
Best solution 0.655414 from pop 10
Best solution 0.655414 from pop 10 k = 12
Total time = 687.136
Time to Best ttb = 0
 
Execução 5 
Best solution 0.654057 from pop 10
Best solution 0.654057 from pop 10 k = 12
Total time = 719.275
Time to Best ttb = 0
 
Execução 6 
Best solution 0.653981 from pop 9
Best solution 0.653981 from pop 9 k = 11
Total time = 708.612
Time to Best ttb = 0
 
Execução 7 
Best solution 0.654031 from pop 10
Best solution 0.654031 from pop 10 k = 12
Total time = 702.718
Time to Best ttb = 0
 
Execução 8 
Best solution 0.653393 from pop 10
Best solution 0.653393 from pop 10 k = 12
Total time = 694.746
Time to Best ttb = 0
 
Execução 9 
Best solution 0.655231 from pop 10
New best 0.656544 from pop 9
Best solution 0.656544 from pop 9 k = 11
Total time = 689.796
Time to Best ttb = 689.796
 
Execução 10 
Best solution 0.655384 from pop 9
Best solution 0.655384 from pop 9 k = 11
Total time = 695.357
Time to Best ttb = 0
 
Execução 11 
Best solution 0.651993 from pop 9
Best solution 0.651993 from pop 9 k = 11
Total time = 693.141
Time to Best ttb = 0
 
Execução 12 
Best solution 0.652327 from pop 10
Best solution 0.652327 from pop 10 k = 12
Total time = 699.855
Time to Best ttb = 0
 
Execução 13 
Best solution 0.656682 from pop 9
Best solution 0.656682 from pop 9 k = 11
Total time = 692.218
Time to Best ttb = 0
 
Execução 14 
Best solution 0.655307 from pop 10
Best solution 0.655307 from pop 10 k = 12
Total time = 699.754
Time to Best ttb = 0
 
Execução 15 
Best solution 0.653414 from pop 9
Best solution 0.653414 from pop 9 k = 11
Total time = 688.08
Time to Best ttb = 0
 
Execução 16 
Best solution 0.656756 from pop 10
Best solution 0.656756 from pop 10 k = 12
Total time = 692.107
Time to Best ttb = 0
 
Execução 17 
Best solution 0.653281 from pop 9
Best solution 0.653281 from pop 9 k = 11
Total time = 692.055
Time to Best ttb = 0
 
Execução 18 
Best solution 0.655627 from pop 9
Best solution 0.655627 from pop 9 k = 11
Total time = 700.167
Time to Best ttb = 0
 
Execução 19 
Best solution 0.655711 from pop 10
Best solution 0.655711 from pop 10 k = 12
Total time = 689.617
Time to Best ttb = 0
 
Execução 20 
Best solution 0.655088 from pop 10
Best solution 0.655088 from pop 10 k = 12
Total time = 693.472
Time to Best ttb = 0
 
Execução 21 
Best solution 0.657669 from pop 10
Best solution 0.657669 from pop 10 k = 12
Total time = 693.012
Time to Best ttb = 0
 
Execução 22 
Best solution 0.65544 from pop 9
Best solution 0.65544 from pop 9 k = 11
Total time = 693.08
Time to Best ttb = 0
 
Execução 23 
Best solution 0.655866 from pop 9
Best solution 0.655866 from pop 9 k = 11
Total time = 686.363
Time to Best ttb = 0
 
Execução 24 
Best solution 0.653829 from pop 10
Best solution 0.653829 from pop 10 k = 12
Total time = 684.957
Time to Best ttb = 0
 
Execução 25 
Best solution 0.651068 from pop 10
New best 0.653858 from pop 9
Best solution 0.653858 from pop 9 k = 11
Total time = 695.305
Time to Best ttb = 695.305
 
Execução 26 
Best solution 0.656556 from pop 10
Best solution 0.656556 from pop 10 k = 12
Total time = 688.943
Time to Best ttb = 0
 
Execução 27 
Best solution 0.654482 from pop 10
Best solution 0.654482 from pop 10 k = 12
Total time = 726.385
Time to Best ttb = 0
 
Execução 28 
Best solution 0.654751 from pop 10
Best solution 0.654751 from pop 10 k = 12
Total time = 692.77
Time to Best ttb = 0
 
Execução 29 
Best solution 0.655254 from pop 9
New best 0.657065 from pop 9
Best solution 0.657065 from pop 9 k = 11
Total time = 702.094
Time to Best ttb = 702.094
 
Execução 30 
Best solution 0.65456 from pop 9
Best solution 0.65456 from pop 9 k = 11
Total time = 689.177
Time to Best ttb = 0
 
