Execução 1 
Best solution 0.684361 from pop 17
Best solution 0.684361 from pop 17 k = 19
Total time = 727.848
Time to Best ttb = 0
 
Execução 2 
Best solution 0.681318 from pop 17
Best solution 0.681318 from pop 17 k = 19
Total time = 692.937
Time to Best ttb = 0
 
Execução 3 
Best solution 0.684466 from pop 19
Best solution 0.684466 from pop 19 k = 21
Total time = 688.578
Time to Best ttb = 0
 
Execução 4 
Best solution 0.684902 from pop 18
Best solution 0.684902 from pop 18 k = 20
Total time = 704.442
Time to Best ttb = 0
 
Execução 5 
Best solution 0.687157 from pop 19
Best solution 0.687157 from pop 19 k = 21
Total time = 684.515
Time to Best ttb = 0
 
Execução 6 
Best solution 0.678568 from pop 20
Best solution 0.678568 from pop 20 k = 22
Total time = 685.544
Time to Best ttb = 0
 
Execução 7 
Best solution 0.683362 from pop 18
Best solution 0.683362 from pop 18 k = 20
Total time = 677.929
Time to Best ttb = 0
 
Execução 8 
Best solution 0.679104 from pop 19
Best solution 0.679104 from pop 19 k = 21
Total time = 694.764
Time to Best ttb = 0
 
Execução 9 
Best solution 0.689329 from pop 19
Best solution 0.689329 from pop 19 k = 21
Total time = 684.804
Time to Best ttb = 0
 
Execução 10 
Best solution 0.684613 from pop 21
Best solution 0.684613 from pop 21 k = 23
Total time = 690.197
Time to Best ttb = 0
 
Execução 11 
Best solution 0.686409 from pop 24
Best solution 0.686409 from pop 24 k = 26
Total time = 725.748
Time to Best ttb = 0
 
Execução 12 
Best solution 0.683553 from pop 17
Best solution 0.683553 from pop 17 k = 19
Total time = 687.504
Time to Best ttb = 0
 
Execução 13 
Best solution 0.682158 from pop 20
Best solution 0.682158 from pop 20 k = 22
Total time = 691.579
Time to Best ttb = 0
 
Execução 14 
Best solution 0.701109 from pop 18
Best solution 0.701109 from pop 18 k = 20
Total time = 686.193
Time to Best ttb = 0
 
Execução 15 
Best solution 0.67551 from pop 24
Best solution 0.67551 from pop 24 k = 26
Total time = 689.959
Time to Best ttb = 0
 
Execução 16 
Best solution 0.68108 from pop 19
Best solution 0.68108 from pop 19 k = 21
Total time = 739.576
Time to Best ttb = 0
 
Execução 17 
Best solution 0.684555 from pop 20
Best solution 0.684555 from pop 20 k = 22
Total time = 737.676
Time to Best ttb = 0
 
Execução 18 
Best solution 0.674821 from pop 18
Best solution 0.674821 from pop 18 k = 20
Total time = 695.128
Time to Best ttb = 0
 
Execução 19 
Best solution 0.685299 from pop 17
Best solution 0.685299 from pop 17 k = 19
Total time = 693.903
Time to Best ttb = 0
 
Execução 20 
Best solution 0.692127 from pop 17
Best solution 0.692127 from pop 17 k = 19
Total time = 691.163
Time to Best ttb = 0
 
Execução 21 
Best solution 0.690034 from pop 20
Best solution 0.690034 from pop 20 k = 22
Total time = 692.444
Time to Best ttb = 0
 
Execução 22 
Best solution 0.690803 from pop 17
Best solution 0.690803 from pop 17 k = 19
Total time = 744.086
Time to Best ttb = 0
 
Execução 23 
Best solution 0.684369 from pop 22
Best solution 0.684369 from pop 22 k = 24
Total time = 692.577
Time to Best ttb = 0
 
Execução 24 
Best solution 0.684574 from pop 22
Best solution 0.684574 from pop 22 k = 24
Total time = 692.047
Time to Best ttb = 0
 
Execução 25 
Best solution 0.682518 from pop 21
Best solution 0.682518 from pop 21 k = 23
Total time = 693.017
Time to Best ttb = 0
 
Execução 26 
Best solution 0.682497 from pop 16
Best solution 0.682497 from pop 16 k = 18
Total time = 694.927
Time to Best ttb = 0
 
Execução 27 
Best solution 0.682496 from pop 24
Best solution 0.682496 from pop 24 k = 26
Total time = 688.619
Time to Best ttb = 0
 
Execução 28 
Best solution 0.694517 from pop 21
Best solution 0.694517 from pop 21 k = 23
Total time = 690.631
Time to Best ttb = 0
 
Execução 29 
Best solution 0.67792 from pop 20
Best solution 0.67792 from pop 20 k = 22
Total time = 693.258
Time to Best ttb = 0
 
Execução 30 
Best solution 0.692022 from pop 17
Best solution 0.692022 from pop 17 k = 19
Total time = 702.389
Time to Best ttb = 0
 
