Execução 1 
Best solution 0.656833 from pop 26
Best solution 0.656833 from pop 26 k = 28
Total time = 1107.15
Time to Best ttb = 0
 
Execução 2 
Best solution 0.654296 from pop 25
Best solution 0.654296 from pop 25 k = 27
Total time = 1116.6
Time to Best ttb = 0
 
Execução 3 
Best solution 0.659957 from pop 21
Best solution 0.659957 from pop 21 k = 23
Total time = 1110.16
Time to Best ttb = 0
 
Execução 4 
Best solution 0.658157 from pop 27
Best solution 0.658157 from pop 27 k = 29
Total time = 1104.39
Time to Best ttb = 0
 
Execução 5 
Best solution 0.659371 from pop 22
Best solution 0.659371 from pop 22 k = 24
Total time = 1099.01
Time to Best ttb = 0
 
Execução 6 
Best solution 0.653241 from pop 23
Best solution 0.653241 from pop 23 k = 25
Total time = 1104.13
Time to Best ttb = 0
 
Execução 7 
Best solution 0.658926 from pop 20
Best solution 0.658926 from pop 20 k = 22
Total time = 1100.08
Time to Best ttb = 0
 
Execução 8 
Best solution 0.665351 from pop 19
Best solution 0.665351 from pop 19 k = 21
Total time = 1095.64
Time to Best ttb = 0
 
Execução 9 
Best solution 0.669801 from pop 24
Best solution 0.669801 from pop 24 k = 26
Total time = 1145.18
Time to Best ttb = 0
 
Execução 10 
Best solution 0.653356 from pop 31
Best solution 0.653356 from pop 31 k = 33
Total time = 1091.39
Time to Best ttb = 0
 
Execução 11 
Best solution 0.651005 from pop 20
Best solution 0.651005 from pop 20 k = 22
Total time = 1101.71
Time to Best ttb = 0
 
Execução 12 
Best solution 0.659698 from pop 24
Best solution 0.659698 from pop 24 k = 26
Total time = 1095.71
Time to Best ttb = 0
 
Execução 13 
Best solution 0.654335 from pop 24
Best solution 0.654335 from pop 24 k = 26
Total time = 1099.64
Time to Best ttb = 0
 
Execução 14 
Best solution 0.663491 from pop 23
Best solution 0.663491 from pop 23 k = 25
Total time = 1094.32
Time to Best ttb = 0
 
Execução 15 
Best solution 0.649512 from pop 24
New best 0.660608 from pop 27
Best solution 0.660608 from pop 27 k = 29
Total time = 1108.64
Time to Best ttb = 1108.64
 
Execução 16 
Best solution 0.656119 from pop 19
Best solution 0.656119 from pop 19 k = 21
Total time = 1100.49
Time to Best ttb = 0
 
Execução 17 
Best solution 0.657835 from pop 21
Best solution 0.657835 from pop 21 k = 23
Total time = 1105.15
Time to Best ttb = 0
 
Execução 18 
Best solution 0.664614 from pop 25
Best solution 0.664614 from pop 25 k = 27
Total time = 1111.23
Time to Best ttb = 0
 
Execução 19 
Best solution 0.663646 from pop 21
Best solution 0.663646 from pop 21 k = 23
Total time = 1100.11
Time to Best ttb = 0
 
Execução 20 
Best solution 0.657885 from pop 23
Best solution 0.657885 from pop 23 k = 25
Total time = 1155.45
Time to Best ttb = 0
 
Execução 21 
Best solution 0.66374 from pop 25
Best solution 0.66374 from pop 25 k = 27
Total time = 1095.88
Time to Best ttb = 0
 
Execução 22 
Best solution 0.650519 from pop 33
Best solution 0.650519 from pop 33 k = 35
Total time = 1077.48
Time to Best ttb = 0
 
Execução 23 
Best solution 0.657074 from pop 22
Best solution 0.657074 from pop 22 k = 24
Total time = 1132.86
Time to Best ttb = 0
 
Execução 24 
Best solution 0.656341 from pop 25
Best solution 0.656341 from pop 25 k = 27
Total time = 1102.53
Time to Best ttb = 0
 
Execução 25 
Best solution 0.660965 from pop 26
Best solution 0.660965 from pop 26 k = 28
Total time = 1079.72
Time to Best ttb = 0
 
Execução 26 
Best solution 0.655416 from pop 21
Best solution 0.655416 from pop 21 k = 23
Total time = 1162.37
Time to Best ttb = 0
 
Execução 27 
Best solution 0.66567 from pop 22
Best solution 0.66567 from pop 22 k = 24
Total time = 1101.69
Time to Best ttb = 0
 
Execução 28 
Best solution 0.667773 from pop 24
Best solution 0.667773 from pop 24 k = 26
Total time = 1106.78
Time to Best ttb = 0
 
Execução 29 
Best solution 0.647133 from pop 22
Best solution 0.647133 from pop 22 k = 24
Total time = 1098.15
Time to Best ttb = 0
 
Execução 30 
Best solution 0.657886 from pop 29
Best solution 0.657886 from pop 29 k = 31
Total time = 1169.63
Time to Best ttb = 0
 
