Execução 1 
Best solution 0.632043 from pop 9
Best solution 0.632043 from pop 9 k = 11
Total time = 1456.62
Time to Best ttb = 0
 
Execução 2 
Best solution 0.632057 from pop 9
Best solution 0.632057 from pop 9 k = 11
Total time = 1537.84
Time to Best ttb = 0
 
Execução 3 
Best solution 0.632784 from pop 9
Best solution 0.632784 from pop 9 k = 11
Total time = 1523.84
Time to Best ttb = 0
 
Execução 4 
Best solution 0.630312 from pop 9
Best solution 0.630312 from pop 9 k = 11
Total time = 1568.2
Time to Best ttb = 0
 
Execução 5 
Best solution 0.630627 from pop 9
Best solution 0.630627 from pop 9 k = 11
Total time = 1473.98
Time to Best ttb = 0
 
Execução 6 
Best solution 0.62877 from pop 9
Best solution 0.62877 from pop 9 k = 11
Total time = 1459.81
Time to Best ttb = 0
 
Execução 7 
Best solution 0.632332 from pop 9
Best solution 0.632332 from pop 9 k = 11
Total time = 1502.66
Time to Best ttb = 0
 
Execução 8 
Best solution 0.634292 from pop 9
Best solution 0.634292 from pop 9 k = 11
Total time = 1443.63
Time to Best ttb = 0
 
Execução 9 
Best solution 0.63173 from pop 9
Best solution 0.63173 from pop 9 k = 11
Total time = 1434.09
Time to Best ttb = 0
 
Execução 10 
Best solution 0.628647 from pop 9
Best solution 0.628647 from pop 9 k = 11
Total time = 1435.95
Time to Best ttb = 0
 
Execução 11 
Best solution 0.6308 from pop 10
Best solution 0.6308 from pop 10 k = 12
Total time = 1540.04
Time to Best ttb = 0
 
Execução 12 
Best solution 0.63121 from pop 9
Best solution 0.63121 from pop 9 k = 11
Total time = 1460.07
Time to Best ttb = 0
 
Execução 13 
Best solution 0.631124 from pop 9
Best solution 0.631124 from pop 9 k = 11
Total time = 1457.06
Time to Best ttb = 0
 
Execução 14 
Best solution 0.631353 from pop 9
Best solution 0.631353 from pop 9 k = 11
Total time = 1438.63
Time to Best ttb = 0
 
Execução 15 
Best solution 0.63352 from pop 9
Best solution 0.63352 from pop 9 k = 11
Total time = 1513.68
Time to Best ttb = 0
 
Execução 16 
Best solution 0.631041 from pop 9
Best solution 0.631041 from pop 9 k = 11
Total time = 1440
Time to Best ttb = 0
 
Execução 17 
Best solution 0.631242 from pop 9
Best solution 0.631242 from pop 9 k = 11
Total time = 1579.49
Time to Best ttb = 0
 
Execução 18 
Best solution 0.633822 from pop 9
Best solution 0.633822 from pop 9 k = 11
Total time = 1441.18
Time to Best ttb = 0
 
Execução 19 
Best solution 0.631909 from pop 9
Best solution 0.631909 from pop 9 k = 11
Total time = 1637.21
Time to Best ttb = 0
 
Execução 20 
Best solution 0.632158 from pop 9
Best solution 0.632158 from pop 9 k = 11
Total time = 1456.92
Time to Best ttb = 0
 
Execução 21 
Best solution 0.63257 from pop 9
Best solution 0.63257 from pop 9 k = 11
Total time = 1452.4
Time to Best ttb = 0
 
Execução 22 
Best solution 0.632314 from pop 9
Best solution 0.632314 from pop 9 k = 11
Total time = 1435.95
Time to Best ttb = 0
 
Execução 23 
Best solution 0.628907 from pop 9
Best solution 0.628907 from pop 9 k = 11
Total time = 1453.02
Time to Best ttb = 0
 
Execução 24 
Best solution 0.632014 from pop 9
Best solution 0.632014 from pop 9 k = 11
Total time = 1430.22
Time to Best ttb = 0
 
Execução 25 
Best solution 0.630801 from pop 9
Best solution 0.630801 from pop 9 k = 11
Total time = 1509.35
Time to Best ttb = 0
 
Execução 26 
Best solution 0.632473 from pop 9
Best solution 0.632473 from pop 9 k = 11
Total time = 1434.9
Time to Best ttb = 0
 
Execução 27 
Best solution 0.633511 from pop 9
Best solution 0.633511 from pop 9 k = 11
Total time = 1442.9
Time to Best ttb = 0
 
Execução 28 
Best solution 0.634401 from pop 9
Best solution 0.634401 from pop 9 k = 11
Total time = 1450.18
Time to Best ttb = 0
 
Execução 29 
Best solution 0.631588 from pop 10
Best solution 0.631588 from pop 10 k = 12
Total time = 1521.94
Time to Best ttb = 0
 
Execução 30 
Best solution 0.630828 from pop 9
Best solution 0.630828 from pop 9 k = 11
Total time = 1483.98
Time to Best ttb = 0
 
