Execução 1 
Best solution 0.82315 from pop 1
Best solution 0.82315 from pop 1 k = 3
Total time = 30.2551
Time to Best ttb = 0
 
Execução 2 
Best solution 0.82315 from pop 1
Best solution 0.82315 from pop 1 k = 3
Total time = 30.1145
Time to Best ttb = 0
 
Execução 3 
Best solution 0.82315 from pop 1
Best solution 0.82315 from pop 1 k = 3
Total time = 30.1821
Time to Best ttb = 0
 
Execução 4 
Best solution 0.82315 from pop 1
Best solution 0.82315 from pop 1 k = 3
Total time = 30.2845
Time to Best ttb = 0
 
Execução 5 
Best solution 0.82315 from pop 1
Best solution 0.82315 from pop 1 k = 3
Total time = 30.1699
Time to Best ttb = 0
 
Execução 6 
Best solution 0.82315 from pop 1
Best solution 0.82315 from pop 1 k = 3
Total time = 30.0389
Time to Best ttb = 0
 
Execução 7 
Best solution 0.82315 from pop 1
Best solution 0.82315 from pop 1 k = 3
Total time = 30.2088
Time to Best ttb = 0
 
Execução 8 
Best solution 0.82315 from pop 1
Best solution 0.82315 from pop 1 k = 3
Total time = 30.1961
Time to Best ttb = 0
 
Execução 9 
Best solution 0.82315 from pop 1
Best solution 0.82315 from pop 1 k = 3
Total time = 30.2299
Time to Best ttb = 0
 
Execução 10 
Best solution 0.82315 from pop 1
Best solution 0.82315 from pop 1 k = 3
Total time = 30.0982
Time to Best ttb = 0
 
Execução 11 
Best solution 0.82315 from pop 1
Best solution 0.82315 from pop 1 k = 3
Total time = 30.2415
Time to Best ttb = 0
 
Execução 12 
Best solution 0.82315 from pop 1
Best solution 0.82315 from pop 1 k = 3
Total time = 30.1459
Time to Best ttb = 0
 
Execução 13 
Best solution 0.82315 from pop 1
Best solution 0.82315 from pop 1 k = 3
Total time = 30.0624
Time to Best ttb = 0
 
Execução 14 
Best solution 0.82315 from pop 1
Best solution 0.82315 from pop 1 k = 3
Total time = 30.2312
Time to Best ttb = 0
 
Execução 15 
Best solution 0.82315 from pop 1
Best solution 0.82315 from pop 1 k = 3
Total time = 30.2206
Time to Best ttb = 0
 
Execução 16 
Best solution 0.82315 from pop 1
Best solution 0.82315 from pop 1 k = 3
Total time = 30.1248
Time to Best ttb = 0
 
Execução 17 
Best solution 0.82315 from pop 1
Best solution 0.82315 from pop 1 k = 3
Total time = 30.1833
Time to Best ttb = 0
 
Execução 18 
Best solution 0.82315 from pop 1
Best solution 0.82315 from pop 1 k = 3
Total time = 30.0073
Time to Best ttb = 0
 
Execução 19 
Best solution 0.82315 from pop 1
Best solution 0.82315 from pop 1 k = 3
Total time = 30.1727
Time to Best ttb = 0
 
Execução 20 
Best solution 0.82315 from pop 1
Best solution 0.82315 from pop 1 k = 3
Total time = 30.0268
Time to Best ttb = 0
 
Execução 21 
Best solution 0.82315 from pop 1
Best solution 0.82315 from pop 1 k = 3
Total time = 30.2079
Time to Best ttb = 0
 
Execução 22 
Best solution 0.82315 from pop 1
Best solution 0.82315 from pop 1 k = 3
Total time = 30.063
Time to Best ttb = 0
 
Execução 23 
Best solution 0.82315 from pop 1
Best solution 0.82315 from pop 1 k = 3
Total time = 30.0011
Time to Best ttb = 0
 
Execução 24 
Best solution 0.82315 from pop 1
Best solution 0.82315 from pop 1 k = 3
Total time = 30.3024
Time to Best ttb = 0
 
Execução 25 
Best solution 0.82315 from pop 1
Best solution 0.82315 from pop 1 k = 3
Total time = 30.0253
Time to Best ttb = 0
 
Execução 26 
Best solution 0.82315 from pop 1
Best solution 0.82315 from pop 1 k = 3
Total time = 30.0823
Time to Best ttb = 0
 
Execução 27 
Best solution 0.82315 from pop 1
Best solution 0.82315 from pop 1 k = 3
Total time = 30.2748
Time to Best ttb = 0
 
Execução 28 
Best solution 0.82315 from pop 1
Best solution 0.82315 from pop 1 k = 3
Total time = 30.0016
Time to Best ttb = 0
 
Execução 29 
Best solution 0.82315 from pop 1
Best solution 0.82315 from pop 1 k = 3
Total time = 30.1331
Time to Best ttb = 0
 
Execução 30 
Best solution 0.82315 from pop 1
Best solution 0.82315 from pop 1 k = 3
Total time = 30.264
Time to Best ttb = 0
 
