Execução 1 
Best solution 0.672468 from pop 4
New best 0.67254 from pop 4
New best 0.67254 from pop 4
Best solution 0.67254 from pop 4 k = 6
Total time = 30.161
Time to Best ttb = 13.1201
 
Execução 2 
Best solution 0.67254 from pop 4
New best 0.67254 from pop 4
Best solution 0.67254 from pop 4 k = 6
Total time = 30.016
Time to Best ttb = 19.891
 
Execução 3 
Best solution 0.67254 from pop 4
Best solution 0.67254 from pop 4 k = 6
Total time = 30.2569
Time to Best ttb = 0
 
Execução 4 
Best solution 0.672504 from pop 4
New best 0.67254 from pop 4
New best 0.67254 from pop 4
Best solution 0.67254 from pop 4 k = 6
Total time = 30.0456
Time to Best ttb = 29.4249
 
Execução 5 
Best solution 0.672468 from pop 4
New best 0.67254 from pop 4
New best 0.67254 from pop 4
Best solution 0.67254 from pop 4 k = 6
Total time = 30.0762
Time to Best ttb = 15.6021
 
Execução 6 
Best solution 0.67254 from pop 4
New best 0.67254 from pop 4
Best solution 0.67254 from pop 4 k = 6
Total time = 30.0668
Time to Best ttb = 14.0509
 
Execução 7 
Best solution 0.672504 from pop 4
New best 0.67254 from pop 4
New best 0.67254 from pop 4
Best solution 0.67254 from pop 4 k = 6
Total time = 30.0096
Time to Best ttb = 5.68734
 
Execução 8 
Best solution 0.672504 from pop 4
New best 0.67254 from pop 4
New best 0.67254 from pop 4
Best solution 0.67254 from pop 4 k = 6
Total time = 30.2328
Time to Best ttb = 9.67248
 
Execução 9 
Best solution 0.67202 from pop 4
New best 0.67254 from pop 4
Best solution 0.67254 from pop 4 k = 6
Total time = 30.2013
Time to Best ttb = 4.92374
 
Execução 10 
Best solution 0.67202 from pop 4
New best 0.67254 from pop 4
New best 0.67254 from pop 4
Best solution 0.67254 from pop 4 k = 6
Total time = 30.2748
Time to Best ttb = 13.6615
 
Execução 11 
Best solution 0.67254 from pop 4
Best solution 0.67254 from pop 4 k = 6
Total time = 30.0011
Time to Best ttb = 0
 
Execução 12 
Best solution 0.672504 from pop 4
New best 0.67254 from pop 4
New best 0.67254 from pop 4
Best solution 0.67254 from pop 4 k = 6
Total time = 30.052
Time to Best ttb = 28.5978
 
Execução 13 
Best solution 0.67254 from pop 4
Best solution 0.67254 from pop 4 k = 6
Total time = 30.0728
Time to Best ttb = 0
 
Execução 14 
Best solution 0.67254 from pop 4
Best solution 0.67254 from pop 4 k = 6
Total time = 30.011
Time to Best ttb = 0
 
Execução 15 
Best solution 0.67254 from pop 4
Best solution 0.67254 from pop 4 k = 6
Total time = 30.0563
Time to Best ttb = 0
 
Execução 16 
Best solution 0.67254 from pop 4
Best solution 0.67254 from pop 4 k = 6
Total time = 30.0836
Time to Best ttb = 0
 
Execução 17 
Best solution 0.67254 from pop 4
New best 0.67254 from pop 4
Best solution 0.67254 from pop 4 k = 6
Total time = 30.184
Time to Best ttb = 19.8488
 
Execução 18 
Best solution 0.672504 from pop 4
New best 0.67254 from pop 4
Best solution 0.67254 from pop 4 k = 6
Total time = 30.1899
Time to Best ttb = 6.59306
 
Execução 19 
Best solution 0.672504 from pop 4
New best 0.67254 from pop 4
New best 0.67254 from pop 4
Best solution 0.67254 from pop 4 k = 6
Total time = 30.188
Time to Best ttb = 12.3112
 
Execução 20 
Best solution 0.67254 from pop 4
New best 0.67254 from pop 4
Best solution 0.67254 from pop 4 k = 6
Total time = 30.2544
Time to Best ttb = 11.9757
 
Execução 21 
Best solution 0.67254 from pop 4
Best solution 0.67254 from pop 4 k = 6
Total time = 30.114
Time to Best ttb = 0
 
Execução 22 
Best solution 0.672138 from pop 4
New best 0.67254 from pop 4
New best 0.67254 from pop 4
Best solution 0.67254 from pop 4 k = 6
Total time = 30.203
Time to Best ttb = 12.3491
 
Execução 23 
Best solution 0.672468 from pop 4
New best 0.67254 from pop 4
Best solution 0.67254 from pop 4 k = 6
Total time = 30.0528
Time to Best ttb = 6.8776
 
Execução 24 
Best solution 0.67254 from pop 4
New best 0.67254 from pop 4
Best solution 0.67254 from pop 4 k = 6
Total time = 30.2166
Time to Best ttb = 9.02928
 
Execução 25 
Best solution 0.672468 from pop 4
New best 0.67254 from pop 4
Best solution 0.67254 from pop 4 k = 6
Total time = 30.0472
Time to Best ttb = 5.7423
 
Execução 26 
Best solution 0.672468 from pop 4
New best 0.67254 from pop 4
New best 0.67254 from pop 4
Best solution 0.67254 from pop 4 k = 6
Total time = 30.1056
Time to Best ttb = 15.8375
 
Execução 27 
Best solution 0.67254 from pop 4
New best 0.67254 from pop 4
Best solution 0.67254 from pop 4 k = 6
Total time = 30.0366
Time to Best ttb = 4.50487
 
Execução 28 
Best solution 0.67254 from pop 4
Best solution 0.67254 from pop 4 k = 6
Total time = 30.134
Time to Best ttb = 0
 
Execução 29 
Best solution 0.672468 from pop 4
New best 0.67254 from pop 4
New best 0.67254 from pop 4
Best solution 0.67254 from pop 4 k = 6
Total time = 30.2938
Time to Best ttb = 7.35107
 
Execução 30 
Best solution 0.672504 from pop 4
New best 0.67254 from pop 4
New best 0.67254 from pop 4
Best solution 0.67254 from pop 4 k = 6
Total time = 30.0172
Time to Best ttb = 18.4278
 
