Execução 1 
Best solution 0.715446 from pop 12
New best 0.746538 from pop 10
New best 0.753063 from pop 11
Best solution 0.753063 from pop 11 k = 13
Total time = 30.1239
Time to Best ttb = 26.8082
 
Execução 2 
Best solution 0.699109 from pop 9
New best 0.703043 from pop 11
New best 0.745868 from pop 11
New best 0.746278 from pop 10
New best 0.746756 from pop 10
Best solution 0.746756 from pop 10 k = 12
Total time = 30.0834
Time to Best ttb = 21.3668
 
Execução 3 
Best solution 0.75061 from pop 11
New best 0.75827 from pop 10
New best 0.761799 from pop 11
Best solution 0.761799 from pop 11 k = 13
Total time = 30.3206
Time to Best ttb = 22.6374
 
Execução 4 
Best solution 0.731294 from pop 11
New best 0.731801 from pop 11
New best 0.735474 from pop 10
New best 0.75827 from pop 10
Best solution 0.75827 from pop 10 k = 12
Total time = 30.1004
Time to Best ttb = 12.9945
 
Execução 5 
Best solution 0.717012 from pop 12
New best 0.718512 from pop 9
New best 0.727818 from pop 12
New best 0.736127 from pop 10
New best 0.744282 from pop 12
New best 0.752681 from pop 11
Best solution 0.752681 from pop 11 k = 13
Total time = 30.253
Time to Best ttb = 22.0607
 
Execução 6 
Best solution 0.717217 from pop 10
New best 0.718093 from pop 12
New best 0.727823 from pop 8
New best 0.72918 from pop 12
New best 0.751358 from pop 11
New best 0.753897 from pop 11
New best 0.764715 from pop 11
Best solution 0.764715 from pop 11 k = 13
Total time = 30.0759
Time to Best ttb = 29.349
 
Execução 7 
Best solution 0.740855 from pop 12
New best 0.745326 from pop 10
New best 0.745721 from pop 10
New best 0.748916 from pop 10
New best 0.75827 from pop 10
Best solution 0.75827 from pop 10 k = 12
Total time = 30.1268
Time to Best ttb = 20.8824
 
Execução 8 
Best solution 0.719644 from pop 8
New best 0.727823 from pop 8
New best 0.748749 from pop 10
New best 0.752214 from pop 12
New best 0.752617 from pop 12
Best solution 0.752617 from pop 12 k = 14
Total time = 30.2718
Time to Best ttb = 29.7316
 
Execução 9 
Best solution 0.727823 from pop 8
New best 0.734269 from pop 9
New best 0.746996 from pop 10
New best 0.75827 from pop 10
Best solution 0.75827 from pop 10 k = 12
Total time = 30.2463
Time to Best ttb = 20.7001
 
Execução 10 
Best solution 0.718469 from pop 8
New best 0.727319 from pop 9
New best 0.727675 from pop 10
New best 0.749787 from pop 10
New best 0.75827 from pop 10
Best solution 0.75827 from pop 10 k = 12
Total time = 30.2002
Time to Best ttb = 21.0388
 
Execução 11 
Best solution 0.715945 from pop 10
New best 0.72373 from pop 9
New best 0.734291 from pop 12
New best 0.737003 from pop 12
New best 0.762574 from pop 11
Best solution 0.762574 from pop 11 k = 13
Total time = 30.1999
Time to Best ttb = 27.0317
 
Execução 12 
Best solution 0.727823 from pop 8
New best 0.732278 from pop 10
New best 0.740448 from pop 11
New best 0.751531 from pop 11
New best 0.754978 from pop 10
New best 0.764715 from pop 11
Best solution 0.764715 from pop 11 k = 13
Total time = 30.0532
Time to Best ttb = 24.0583
 
Execução 13 
Best solution 0.734269 from pop 9
New best 0.75827 from pop 10
New best 0.764715 from pop 11
Best solution 0.764715 from pop 11 k = 13
Total time = 30.125
Time to Best ttb = 20.8149
 
Execução 14 
Best solution 0.729132 from pop 9
New best 0.754828 from pop 11
New best 0.764715 from pop 11
Best solution 0.764715 from pop 11 k = 13
Total time = 30.1615
Time to Best ttb = 20.8465
 
Execução 15 
Best solution 0.728376 from pop 11
New best 0.732096 from pop 12
New best 0.75827 from pop 10
Best solution 0.75827 from pop 10 k = 12
Total time = 30.0152
Time to Best ttb = 12.2783
 
Execução 16 
Best solution 0.72867 from pop 10
New best 0.734269 from pop 9
New best 0.746384 from pop 10
New best 0.747675 from pop 11
New best 0.75012 from pop 10
Best solution 0.75012 from pop 10 k = 12
Total time = 30.046
Time to Best ttb = 22.8391
 
Execução 17 
Best solution 0.724126 from pop 11
New best 0.746569 from pop 10
New best 0.757894 from pop 10
Best solution 0.757894 from pop 10 k = 12
Total time = 30.2299
Time to Best ttb = 6.6695
 
Execução 18 
Best solution 0.725025 from pop 12
New best 0.733719 from pop 11
New best 0.733765 from pop 10
New best 0.736615 from pop 12
New best 0.73828 from pop 10
New best 0.751606 from pop 12
Best solution 0.751606 from pop 12 k = 14
Total time = 30.2058
Time to Best ttb = 20.9062
 
Execução 19 
Best solution 0.713689 from pop 11
New best 0.717857 from pop 9
New best 0.73746 from pop 11
New best 0.738105 from pop 12
New best 0.75827 from pop 10
Best solution 0.75827 from pop 10 k = 12
Total time = 30.3005
Time to Best ttb = 13.1152
 
Execução 20 
Best solution 0.714586 from pop 11
New best 0.754156 from pop 12
New best 0.758872 from pop 12
Best solution 0.758872 from pop 12 k = 14
Total time = 30.3093
Time to Best ttb = 22.0237
 
Execução 21 
Best solution 0.71741 from pop 10
New best 0.743747 from pop 12
New best 0.75827 from pop 10
Best solution 0.75827 from pop 10 k = 12
Total time = 30.0016
Time to Best ttb = 9.74882
 
Execução 22 
Best solution 0.725575 from pop 12
New best 0.72881 from pop 10
New best 0.750842 from pop 11
New best 0.752895 from pop 11
New best 0.754708 from pop 12
Best solution 0.754708 from pop 12 k = 14
Total time = 30.0638
Time to Best ttb = 27.2711
 
Execução 23 
Best solution 0.713979 from pop 9
New best 0.742976 from pop 12
New best 0.752824 from pop 11
Best solution 0.752824 from pop 11 k = 13
Total time = 30.0529
Time to Best ttb = 7.77083
 
Execução 24 
Best solution 0.736834 from pop 12
New best 0.739692 from pop 10
New best 0.757435 from pop 11
Best solution 0.757435 from pop 11 k = 13
Total time = 30.2348
Time to Best ttb = 16.0584
 
Execução 25 
Best solution 0.711524 from pop 12
New best 0.730661 from pop 10
New best 0.757894 from pop 10
Best solution 0.757894 from pop 10 k = 12
Total time = 30.2956
Time to Best ttb = 6.92878
 
Execução 26 
Best solution 0.722181 from pop 10
New best 0.727823 from pop 8
New best 0.737825 from pop 11
New best 0.753184 from pop 11
Best solution 0.753184 from pop 11 k = 13
Total time = 30.2674
Time to Best ttb = 18.0468
 
Execução 27 
Best solution 0.70377 from pop 10
New best 0.710625 from pop 12
New best 0.711617 from pop 12
New best 0.728864 from pop 12
New best 0.732368 from pop 12
New best 0.752663 from pop 11
New best 0.75827 from pop 10
Best solution 0.75827 from pop 10 k = 12
Total time = 30.0683
Time to Best ttb = 28.0976
 
Execução 28 
Best solution 0.72213 from pop 10
New best 0.736309 from pop 12
New best 0.740331 from pop 12
New best 0.743922 from pop 12
New best 0.748919 from pop 12
Best solution 0.748919 from pop 12 k = 14
Total time = 30.228
Time to Best ttb = 13.8585
 
Execução 29 
Best solution 0.705727 from pop 9
New best 0.708433 from pop 12
New best 0.721892 from pop 8
New best 0.727823 from pop 8
New best 0.746241 from pop 10
New best 0.747671 from pop 10
New best 0.748109 from pop 11
New best 0.750367 from pop 11
Best solution 0.750367 from pop 11 k = 13
Total time = 30.1542
Time to Best ttb = 27.6515
 
Execução 30 
Best solution 0.731582 from pop 11
New best 0.736073 from pop 12
New best 0.743114 from pop 11
New best 0.744584 from pop 12
New best 0.75126 from pop 10
New best 0.752246 from pop 12
New best 0.754094 from pop 11
Best solution 0.754094 from pop 11 k = 13
Total time = 30.2071
Time to Best ttb = 27.7207
 
