Execução 1 
Best solution 0.73331 from pop 10
New best 0.738546 from pop 11
New best 0.747225 from pop 12
New best 0.750041 from pop 11
New best 0.755914 from pop 11
Best solution 0.755914 from pop 11 k = 13
Total time = 30.253
Time to Best ttb = 29.4434
 
Execução 2 
Best solution 0.710516 from pop 10
New best 0.730836 from pop 11
New best 0.737027 from pop 12
Best solution 0.737027 from pop 12 k = 14
Total time = 30.1525
Time to Best ttb = 15.2041
 
Execução 3 
Best solution 0.710394 from pop 10
New best 0.711121 from pop 12
New best 0.712807 from pop 8
New best 0.716986 from pop 8
New best 0.717156 from pop 9
New best 0.742829 from pop 10
New best 0.742986 from pop 11
New best 0.74629 from pop 11
Best solution 0.74629 from pop 11 k = 13
Total time = 30.2381
Time to Best ttb = 22.3961
 
Execução 4 
Best solution 0.71888 from pop 12
New best 0.727185 from pop 9
New best 0.729365 from pop 11
New best 0.757936 from pop 11
New best 0.758017 from pop 11
Best solution 0.758017 from pop 11 k = 13
Total time = 30.1292
Time to Best ttb = 26.1271
 
Execução 5 
Best solution 0.717378 from pop 9
New best 0.732471 from pop 11
New best 0.747472 from pop 11
New best 0.751835 from pop 10
Best solution 0.751835 from pop 10 k = 12
Total time = 30.1982
Time to Best ttb = 29.8019
 
Execução 6 
Best solution 0.729917 from pop 12
New best 0.736109 from pop 12
New best 0.736392 from pop 11
New best 0.739907 from pop 10
New best 0.74439 from pop 10
Best solution 0.74439 from pop 10 k = 12
Total time = 30.0959
Time to Best ttb = 27.1326
 
Execução 7 
Best solution 0.736986 from pop 10
New best 0.74311 from pop 11
New best 0.750386 from pop 11
Best solution 0.750386 from pop 11 k = 13
Total time = 30.0927
Time to Best ttb = 22.6003
 
Execução 8 
Best solution 0.705657 from pop 10
New best 0.72401 from pop 12
New best 0.727277 from pop 9
New best 0.733418 from pop 12
New best 0.738301 from pop 11
New best 0.742567 from pop 12
Best solution 0.742567 from pop 12 k = 14
Total time = 30.005
Time to Best ttb = 19.7549
 
Execução 9 
Best solution 0.720977 from pop 11
New best 0.740652 from pop 10
New best 0.743284 from pop 10
Best solution 0.743284 from pop 10 k = 12
Total time = 30.2171
Time to Best ttb = 28.9197
 
Execução 10 
Best solution 0.733561 from pop 10
New best 0.739059 from pop 11
New best 0.751835 from pop 10
Best solution 0.751835 from pop 10 k = 12
Total time = 30.3634
Time to Best ttb = 23.0035
 
Execução 11 
Best solution 0.703175 from pop 11
New best 0.717531 from pop 9
New best 0.732776 from pop 12
New best 0.746445 from pop 11
Best solution 0.746445 from pop 11 k = 13
Total time = 30.117
Time to Best ttb = 15.3271
 
Execução 12 
Best solution 0.718024 from pop 10
New best 0.72652 from pop 11
New best 0.739293 from pop 10
New best 0.751835 from pop 10
Best solution 0.751835 from pop 10 k = 12
Total time = 30.3035
Time to Best ttb = 24.4446
 
Execução 13 
Best solution 0.704246 from pop 10
New best 0.712329 from pop 11
New best 0.722327 from pop 10
New best 0.728124 from pop 11
New best 0.729707 from pop 10
New best 0.729709 from pop 11
New best 0.730298 from pop 10
New best 0.742462 from pop 10
Best solution 0.742462 from pop 10 k = 12
Total time = 30.2598
Time to Best ttb = 18.3256
 
Execução 14 
Best solution 0.703573 from pop 9
New best 0.705763 from pop 12
New best 0.706621 from pop 9
New best 0.711383 from pop 9
New best 0.715717 from pop 9
New best 0.716338 from pop 8
New best 0.721702 from pop 8
New best 0.722052 from pop 8
New best 0.734147 from pop 11
New best 0.737421 from pop 11
New best 0.741628 from pop 10
New best 0.751642 from pop 10
Best solution 0.751642 from pop 10 k = 12
Total time = 30.1176
Time to Best ttb = 28.9383
 
Execução 15 
Best solution 0.714893 from pop 9
New best 0.718522 from pop 10
New best 0.719779 from pop 9
New best 0.721442 from pop 9
New best 0.736257 from pop 10
New best 0.742971 from pop 10
Best solution 0.742971 from pop 10 k = 12
Total time = 30.266
Time to Best ttb = 25.0082
 
Execução 16 
Best solution 0.73592 from pop 11
New best 0.757936 from pop 11
Best solution 0.757936 from pop 11 k = 13
Total time = 30.2991
Time to Best ttb = 5.78191
 
Execução 17 
Best solution 0.703218 from pop 11
New best 0.71205 from pop 10
New best 0.7129 from pop 8
New best 0.726003 from pop 12
New best 0.734735 from pop 12
New best 0.737526 from pop 11
New best 0.74096 from pop 10
New best 0.741943 from pop 10
Best solution 0.741943 from pop 10 k = 12
Total time = 30.239
Time to Best ttb = 27.4772
 
Execução 18 
Best solution 0.725169 from pop 12
New best 0.732956 from pop 11
New best 0.733124 from pop 11
New best 0.739125 from pop 12
New best 0.739293 from pop 10
New best 0.757936 from pop 11
Best solution 0.757936 from pop 11 k = 13
Total time = 30.2624
Time to Best ttb = 25.0654
 
Execução 19 
Best solution 0.722589 from pop 9
New best 0.732495 from pop 11
New best 0.742563 from pop 10
New best 0.745041 from pop 11
Best solution 0.745041 from pop 11 k = 13
Total time = 30.213
Time to Best ttb = 29.6321
 
Execução 20 
Best solution 0.751915 from pop 10
Best solution 0.751915 from pop 10 k = 12
Total time = 30.2187
Time to Best ttb = 0
 
Execução 21 
Best solution 0.721055 from pop 10
New best 0.732856 from pop 10
New best 0.744236 from pop 11
New best 0.755755 from pop 11
Best solution 0.755755 from pop 11 k = 13
Total time = 30.0831
Time to Best ttb = 21.9008
 
Execução 22 
Best solution 0.731446 from pop 11
New best 0.74083 from pop 10
New best 0.743968 from pop 10
New best 0.750773 from pop 11
Best solution 0.750773 from pop 11 k = 13
Total time = 30.2364
Time to Best ttb = 27.2384
 
Execução 23 
Best solution 0.710614 from pop 10
New best 0.722104 from pop 9
New best 0.727826 from pop 9
New best 0.751915 from pop 10
Best solution 0.751915 from pop 10 k = 12
Total time = 30.0411
Time to Best ttb = 15.3563
 
Execução 24 
Best solution 0.710618 from pop 12
New best 0.752416 from pop 11
Best solution 0.752416 from pop 11 k = 13
Total time = 30.3532
Time to Best ttb = 5.50256
 
Execução 25 
Best solution 0.725195 from pop 9
New best 0.731141 from pop 12
New best 0.73396 from pop 11
New best 0.751642 from pop 10
Best solution 0.751642 from pop 10 k = 12
Total time = 30.2373
Time to Best ttb = 19.0029
 
Execução 26 
Best solution 0.726149 from pop 10
New best 0.757936 from pop 11
Best solution 0.757936 from pop 11 k = 13
Total time = 30.2776
Time to Best ttb = 5.81887
 
Execução 27 
Best solution 0.706665 from pop 10
New best 0.71421 from pop 10
New best 0.716537 from pop 8
New best 0.721176 from pop 8
New best 0.722589 from pop 9
New best 0.733997 from pop 10
New best 0.747263 from pop 11
New best 0.748853 from pop 10
New best 0.751835 from pop 10
Best solution 0.751835 from pop 10 k = 12
Total time = 30.35
Time to Best ttb = 30.35
 
Execução 28 
Best solution 0.720648 from pop 11
New best 0.725234 from pop 11
New best 0.73221 from pop 11
New best 0.756027 from pop 11
Best solution 0.756027 from pop 11 k = 13
Total time = 30.1602
Time to Best ttb = 10.9359
 
Execução 29 
Best solution 0.708855 from pop 8
New best 0.713407 from pop 9
New best 0.718532 from pop 9
New best 0.720288 from pop 9
New best 0.740807 from pop 10
New best 0.747991 from pop 11
New best 0.758017 from pop 11
Best solution 0.758017 from pop 11 k = 13
Total time = 30.2267
Time to Best ttb = 21.4692
 
Execução 30 
Best solution 0.708292 from pop 12
New best 0.721662 from pop 11
New best 0.722052 from pop 8
New best 0.734805 from pop 11
New best 0.736421 from pop 10
New best 0.752962 from pop 11
New best 0.757745 from pop 11
Best solution 0.757745 from pop 11 k = 13
Total time = 30.102
Time to Best ttb = 24.3582
 
