Execução 1 
Best solution 0.73313 from pop 5
New best 0.73313 from pop 5
Best solution 0.73313 from pop 5 k = 7
Total time = 30.2352
Time to Best ttb = 5.37627
 
Execução 2 
Best solution 0.731398 from pop 5
New best 0.732596 from pop 5
New best 0.73313 from pop 5
New best 0.73313 from pop 5
Best solution 0.73313 from pop 5 k = 7
Total time = 30.0441
Time to Best ttb = 9.07009
 
Execução 3 
Best solution 0.732596 from pop 5
New best 0.73313 from pop 5
Best solution 0.73313 from pop 5 k = 7
Total time = 30.2486
Time to Best ttb = 14.9187
 
Execução 4 
Best solution 0.730981 from pop 5
New best 0.731489 from pop 5
New best 0.732596 from pop 5
New best 0.73313 from pop 5
Best solution 0.73313 from pop 5 k = 7
Total time = 30.1988
Time to Best ttb = 13.97
 
Execução 5 
Best solution 0.728379 from pop 5
New best 0.73313 from pop 5
Best solution 0.73313 from pop 5 k = 7
Total time = 30.0922
Time to Best ttb = 7.94558
 
Execução 6 
Best solution 0.73313 from pop 5
Best solution 0.73313 from pop 5 k = 7
Total time = 30.1061
Time to Best ttb = 0
 
Execução 7 
Best solution 0.731022 from pop 5
New best 0.73313 from pop 5
New best 0.73313 from pop 5
New best 0.73313 from pop 5
Best solution 0.73313 from pop 5 k = 7
Total time = 30.2234
Time to Best ttb = 28.9442
 
Execução 8 
Best solution 0.731489 from pop 5
New best 0.732596 from pop 5
New best 0.73313 from pop 5
New best 0.73313 from pop 5
Best solution 0.73313 from pop 5 k = 7
Total time = 30.0241
Time to Best ttb = 13.3929
 
Execução 9 
Best solution 0.732596 from pop 5
New best 0.73313 from pop 5
New best 0.73313 from pop 5
Best solution 0.73313 from pop 5 k = 7
Total time = 30.0955
Time to Best ttb = 18.4241
 
Execução 10 
Best solution 0.73313 from pop 5
New best 0.73313 from pop 5
Best solution 0.73313 from pop 5 k = 7
Total time = 30.1291
Time to Best ttb = 25.9667
 
Execução 11 
Best solution 0.73313 from pop 5
New best 0.73313 from pop 5
Best solution 0.73313 from pop 5 k = 7
Total time = 30.1319
Time to Best ttb = 5.92736
 
Execução 12 
Best solution 0.73313 from pop 5
New best 0.73313 from pop 5
Best solution 0.73313 from pop 5 k = 7
Total time = 30.1024
Time to Best ttb = 19.2731
 
Execução 13 
Best solution 0.731128 from pop 5
New best 0.732491 from pop 5
New best 0.73313 from pop 5
New best 0.73313 from pop 5
Best solution 0.73313 from pop 5 k = 7
Total time = 30.1238
Time to Best ttb = 11.0779
 
Execução 14 
Best solution 0.732596 from pop 5
New best 0.73313 from pop 5
Best solution 0.73313 from pop 5 k = 7
Total time = 30.1003
Time to Best ttb = 4.41956
 
Execução 15 
Best solution 0.731398 from pop 5
New best 0.732596 from pop 5
New best 0.73313 from pop 5
Best solution 0.73313 from pop 5 k = 7
Total time = 30.1138
Time to Best ttb = 18.3111
 
Execução 16 
Best solution 0.73313 from pop 5
New best 0.73313 from pop 5
Best solution 0.73313 from pop 5 k = 7
Total time = 30.0547
Time to Best ttb = 9.22187
 
Execução 17 
Best solution 0.730981 from pop 5
New best 0.73313 from pop 5
New best 0.73313 from pop 5
Best solution 0.73313 from pop 5 k = 7
Total time = 30.0596
Time to Best ttb = 24.762
 
Execução 18 
Best solution 0.732491 from pop 5
New best 0.73313 from pop 5
Best solution 0.73313 from pop 5 k = 7
Total time = 30.084
Time to Best ttb = 7.90926
 
Execução 19 
Best solution 0.732596 from pop 5
New best 0.73313 from pop 5
New best 0.73313 from pop 5
Best solution 0.73313 from pop 5 k = 7
Total time = 30.1295
Time to Best ttb = 17.2781
 
Execução 20 
Best solution 0.730981 from pop 5
New best 0.732491 from pop 5
New best 0.732596 from pop 5
New best 0.73313 from pop 5
Best solution 0.73313 from pop 5 k = 7
Total time = 30.2174
Time to Best ttb = 15.3568
 
Execução 21 
Best solution 0.73313 from pop 5
Best solution 0.73313 from pop 5 k = 7
Total time = 30.1054
Time to Best ttb = 0
 
Execução 22 
Best solution 0.731489 from pop 5
New best 0.732596 from pop 5
Best solution 0.732596 from pop 5 k = 7
Total time = 30.0093
Time to Best ttb = 28.8026
 
Execução 23 
Best solution 0.732596 from pop 5
New best 0.73313 from pop 5
New best 0.73313 from pop 5
Best solution 0.73313 from pop 5 k = 7
Total time = 30.2537
Time to Best ttb = 25.5446
 
Execução 24 
Best solution 0.732491 from pop 5
New best 0.73313 from pop 5
Best solution 0.73313 from pop 5 k = 7
Total time = 30.187
Time to Best ttb = 7.52071
 
Execução 25 
Best solution 0.728706 from pop 5
New best 0.730981 from pop 5
New best 0.73313 from pop 5
Best solution 0.73313 from pop 5 k = 7
Total time = 30.1655
Time to Best ttb = 6.3114
 
Execução 26 
Best solution 0.73313 from pop 5
New best 0.73313 from pop 5
Best solution 0.73313 from pop 5 k = 7
Total time = 30.2997
Time to Best ttb = 5.96291
 
Execução 27 
Best solution 0.73313 from pop 5
Best solution 0.73313 from pop 5 k = 7
Total time = 30.0242
Time to Best ttb = 0
 
Execução 28 
Best solution 0.73313 from pop 5
New best 0.73313 from pop 5
Best solution 0.73313 from pop 5 k = 7
Total time = 30.1615
Time to Best ttb = 23.5076
 
Execução 29 
Best solution 0.730629 from pop 5
New best 0.73313 from pop 5
New best 0.73313 from pop 5
Best solution 0.73313 from pop 5 k = 7
Total time = 30.0545
Time to Best ttb = 11.5338
 
Execução 30 
Best solution 0.73313 from pop 5
New best 0.73313 from pop 5
Best solution 0.73313 from pop 5 k = 7
Total time = 30.2611
Time to Best ttb = 9.62341
 
