Execução 1 
Best solution 0.605165 from pop 4
New best 0.606513 from pop 4
Best solution 0.606513 from pop 4 k = 6
Total time = 30.4476
Time to Best ttb = 25.0319
 
Execução 2 
Best solution 0.60624 from pop 4
New best 0.606808 from pop 4
Best solution 0.606808 from pop 4 k = 6
Total time = 30.4013
Time to Best ttb = 12.3802
 
Execução 3 
Best solution 0.606808 from pop 4
New best 0.606808 from pop 4
Best solution 0.606808 from pop 4 k = 6
Total time = 30.2488
Time to Best ttb = 21.0293
 
Execução 4 
Best solution 0.606582 from pop 4
Best solution 0.606582 from pop 4 k = 6
Total time = 30.3815
Time to Best ttb = 0
 
Execução 5 
Best solution 0.606163 from pop 4
New best 0.606692 from pop 4
Best solution 0.606692 from pop 4 k = 6
Total time = 30.3601
Time to Best ttb = 16.4389
 
Execução 6 
Best solution 0.606808 from pop 4
Best solution 0.606808 from pop 4 k = 6
Total time = 30.5958
Time to Best ttb = 0
 
Execução 7 
Best solution 0.606389 from pop 4
New best 0.606582 from pop 4
Best solution 0.606582 from pop 4 k = 6
Total time = 30.4817
Time to Best ttb = 13.1298
 
Execução 8 
Best solution 0.606268 from pop 4
New best 0.606808 from pop 4
Best solution 0.606808 from pop 4 k = 6
Total time = 30.2877
Time to Best ttb = 27.988
 
Execução 9 
Best solution 0.605613 from pop 4
New best 0.606808 from pop 4
Best solution 0.606808 from pop 4 k = 6
Total time = 30.5152
Time to Best ttb = 16.1359
 
Execução 10 
Best solution 0.606148 from pop 4
New best 0.606808 from pop 4
Best solution 0.606808 from pop 4 k = 6
Total time = 30.5904
Time to Best ttb = 21.1837
 
Execução 11 
Best solution 0.606268 from pop 4
New best 0.60663 from pop 4
New best 0.60663 from pop 4
Best solution 0.60663 from pop 4 k = 6
Total time = 30.0559
Time to Best ttb = 27.8737
 
Execução 12 
Best solution 0.606808 from pop 4
Best solution 0.606808 from pop 4 k = 6
Total time = 30.142
Time to Best ttb = 0
 
Execução 13 
Best solution 0.60633 from pop 4
Best solution 0.60633 from pop 4 k = 6
Total time = 30.0439
Time to Best ttb = 0
 
Execução 14 
Best solution 0.605892 from pop 4
New best 0.606513 from pop 4
Best solution 0.606513 from pop 4 k = 6
Total time = 30.2036
Time to Best ttb = 12.2775
 
Execução 15 
Best solution 0.606342 from pop 4
New best 0.606808 from pop 4
Best solution 0.606808 from pop 4 k = 6
Total time = 30.0349
Time to Best ttb = 24.7754
 
Execução 16 
Best solution 0.606808 from pop 4
Best solution 0.606808 from pop 4 k = 6
Total time = 30.0404
Time to Best ttb = 0
 
Execução 17 
Best solution 0.60663 from pop 4
New best 0.606692 from pop 4
New best 0.606808 from pop 4
Best solution 0.606808 from pop 4 k = 6
Total time = 30.257
Time to Best ttb = 23.0917
 
Execução 18 
Best solution 0.606808 from pop 4
Best solution 0.606808 from pop 4 k = 6
Total time = 30.3778
Time to Best ttb = 0
 
Execução 19 
Best solution 0.60624 from pop 4
New best 0.606808 from pop 4
Best solution 0.606808 from pop 4 k = 6
Total time = 30.4191
Time to Best ttb = 24.3355
 
Execução 20 
Best solution 0.606164 from pop 4
New best 0.606739 from pop 4
Best solution 0.606739 from pop 4 k = 6
Total time = 30.4622
Time to Best ttb = 11.7543
 
Execução 21 
Best solution 0.605622 from pop 4
New best 0.606808 from pop 4
New best 0.606808 from pop 4
Best solution 0.606808 from pop 4 k = 6
Total time = 30.1846
Time to Best ttb = 26.7756
 
Execução 22 
Best solution 0.605531 from pop 4
New best 0.606389 from pop 4
Best solution 0.606389 from pop 4 k = 6
Total time = 30.4667
Time to Best ttb = 13.6965
 
Execução 23 
Best solution 0.606808 from pop 4
Best solution 0.606808 from pop 4 k = 6
Total time = 30.2411
Time to Best ttb = 0
 
Execução 24 
Best solution 0.605959 from pop 4
New best 0.606692 from pop 4
Best solution 0.606692 from pop 4 k = 6
Total time = 30.5708
Time to Best ttb = 13.2257
 
Execução 25 
Best solution 0.606268 from pop 4
Best solution 0.606268 from pop 4 k = 6
Total time = 30.3951
Time to Best ttb = 0
 
Execução 26 
Best solution 0.60633 from pop 4
New best 0.606808 from pop 4
Best solution 0.606808 from pop 4 k = 6
Total time = 30.4642
Time to Best ttb = 11.7165
 
Execução 27 
Best solution 0.606808 from pop 4
Best solution 0.606808 from pop 4 k = 6
Total time = 30.1939
Time to Best ttb = 0
 
Execução 28 
Best solution 0.60566 from pop 4
New best 0.60624 from pop 4
New best 0.606582 from pop 4
Best solution 0.606582 from pop 4 k = 6
Total time = 30.388
Time to Best ttb = 30.388
 
Execução 29 
Best solution 0.605709 from pop 4
Best solution 0.605709 from pop 4 k = 6
Total time = 30.1485
Time to Best ttb = 0
 
Execução 30 
Best solution 0.60663 from pop 4
New best 0.606808 from pop 4
Best solution 0.606808 from pop 4 k = 6
Total time = 30.2199
Time to Best ttb = 20.7292
 
