Execução 1 
Best solution 0.616751 from pop 6
New best 0.620944 from pop 6
Best solution 0.620944 from pop 6 k = 8
Total time = 30.0293
Time to Best ttb = 13.9691
 
Execução 2 
Best solution 0.618333 from pop 5
New best 0.619915 from pop 7
New best 0.621047 from pop 6
Best solution 0.621047 from pop 6 k = 8
Total time = 30.1673
Time to Best ttb = 23.9659
 
Execução 3 
Best solution 0.617543 from pop 6
Best solution 0.617543 from pop 6 k = 8
Total time = 30.6367
Time to Best ttb = 0
 
Execução 4 
Best solution 0.61765 from pop 6
New best 0.619484 from pop 5
Best solution 0.619484 from pop 5 k = 7
Total time = 30.1147
Time to Best ttb = 23.7113
 
Execução 5 
Best solution 0.618928 from pop 6
New best 0.619043 from pop 5
New best 0.619457 from pop 6
New best 0.619484 from pop 5
Best solution 0.619484 from pop 5 k = 7
Total time = 30.3018
Time to Best ttb = 22.6224
 
Execução 6 
Best solution 0.615474 from pop 5
New best 0.619484 from pop 5
New best 0.621047 from pop 6
Best solution 0.621047 from pop 6 k = 8
Total time = 30.3747
Time to Best ttb = 25.0536
 
Execução 7 
Best solution 0.619484 from pop 5
New best 0.619484 from pop 5
New best 0.621047 from pop 6
Best solution 0.621047 from pop 6 k = 8
Total time = 30.2604
Time to Best ttb = 19.8443
 
Execução 8 
Best solution 0.619484 from pop 5
Best solution 0.619484 from pop 5 k = 7
Total time = 30.3888
Time to Best ttb = 0
 
Execução 9 
Best solution 0.619484 from pop 5
Best solution 0.619484 from pop 5 k = 7
Total time = 30.0206
Time to Best ttb = 0
 
Execução 10 
Best solution 0.619484 from pop 5
Best solution 0.619484 from pop 5 k = 7
Total time = 30.3447
Time to Best ttb = 0
 
Execução 11 
Best solution 0.619484 from pop 5
New best 0.621304 from pop 6
Best solution 0.621304 from pop 6 k = 8
Total time = 30.0463
Time to Best ttb = 23.0206
 
Execução 12 
Best solution 0.617046 from pop 5
New best 0.617046 from pop 5
New best 0.619484 from pop 5
Best solution 0.619484 from pop 5 k = 7
Total time = 30.1989
Time to Best ttb = 22.6182
 
Execução 13 
Best solution 0.616391 from pop 5
New best 0.617424 from pop 6
New best 0.619484 from pop 5
New best 0.620407 from pop 6
Best solution 0.620407 from pop 6 k = 8
Total time = 30.0661
Time to Best ttb = 15.6938
 
Execução 14 
Best solution 0.619484 from pop 5
New best 0.621379 from pop 6
Best solution 0.621379 from pop 6 k = 8
Total time = 30.5111
Time to Best ttb = 26.5035
 
Execução 15 
Best solution 0.619326 from pop 6
New best 0.619484 from pop 5
Best solution 0.619484 from pop 5 k = 7
Total time = 30.3225
Time to Best ttb = 13.0447
 
Execução 16 
Best solution 0.619484 from pop 5
New best 0.621379 from pop 6
Best solution 0.621379 from pop 6 k = 8
Total time = 30.4327
Time to Best ttb = 18.4125
 
Execução 17 
Best solution 0.611841 from pop 5
New best 0.617711 from pop 5
New best 0.619484 from pop 5
Best solution 0.619484 from pop 5 k = 7
Total time = 30.1269
Time to Best ttb = 21.4487
 
Execução 18 
Best solution 0.618137 from pop 5
New best 0.619484 from pop 5
New best 0.620944 from pop 6
Best solution 0.620944 from pop 6 k = 8
Total time = 30.1153
Time to Best ttb = 21.2442
 
Execução 19 
Best solution 0.620883 from pop 6
Best solution 0.620883 from pop 6 k = 8
Total time = 30.4288
Time to Best ttb = 0
 
Execução 20 
Best solution 0.619484 from pop 5
New best 0.620189 from pop 6
Best solution 0.620189 from pop 6 k = 8
Total time = 30.1265
Time to Best ttb = 21.8786
 
Execução 21 
Best solution 0.619484 from pop 5
New best 0.621047 from pop 6
Best solution 0.621047 from pop 6 k = 8
Total time = 30.5803
Time to Best ttb = 21.5712
 
Execução 22 
Best solution 0.617933 from pop 5
New best 0.619484 from pop 5
Best solution 0.619484 from pop 5 k = 7
Total time = 30.3784
Time to Best ttb = 30.3783
 
Execução 23 
Best solution 0.617603 from pop 6
New best 0.619484 from pop 5
Best solution 0.619484 from pop 5 k = 7
Total time = 30.039
Time to Best ttb = 14.5804
 
Execução 24 
Best solution 0.619484 from pop 5
Best solution 0.619484 from pop 5 k = 7
Total time = 30.2785
Time to Best ttb = 0
 
Execução 25 
Best solution 0.619043 from pop 5
New best 0.620407 from pop 6
Best solution 0.620407 from pop 6 k = 8
Total time = 30.3945
Time to Best ttb = 21.7053
 
Execução 26 
Best solution 0.619484 from pop 5
New best 0.621379 from pop 6
Best solution 0.621379 from pop 6 k = 8
Total time = 30.3467
Time to Best ttb = 23.3157
 
Execução 27 
Best solution 0.619484 from pop 5
New best 0.621047 from pop 6
Best solution 0.621047 from pop 6 k = 8
Total time = 30.4094
Time to Best ttb = 11.6439
 
Execução 28 
Best solution 0.619403 from pop 6
New best 0.619484 from pop 5
Best solution 0.619484 from pop 5 k = 7
Total time = 30.3684
Time to Best ttb = 23.7691
 
Execução 29 
Best solution 0.620486 from pop 6
Best solution 0.620486 from pop 6 k = 8
Total time = 30.0232
Time to Best ttb = 0
 
Execução 30 
Best solution 0.615659 from pop 6
New best 0.621413 from pop 7
Best solution 0.621413 from pop 7 k = 9
Total time = 30.4681
Time to Best ttb = 13.6868
 
