Execução 1 
Best solution 0.742818 from pop 5
New best 0.742818 from pop 5
Best solution 0.742818 from pop 5 k = 7
Total time = 30.3552
Time to Best ttb = 19.8758
 
Execução 2 
Best solution 0.742818 from pop 5
Best solution 0.742818 from pop 5 k = 7
Total time = 30.181
Time to Best ttb = 0
 
Execução 3 
Best solution 0.742818 from pop 5
Best solution 0.742818 from pop 5 k = 7
Total time = 30.6604
Time to Best ttb = 0
 
Execução 4 
Best solution 0.742818 from pop 5
New best 0.742818 from pop 5
Best solution 0.742818 from pop 5 k = 7
Total time = 30.4968
Time to Best ttb = 23.5714
 
Execução 5 
Best solution 0.742677 from pop 5
New best 0.742818 from pop 5
Best solution 0.742818 from pop 5 k = 7
Total time = 30.6018
Time to Best ttb = 11.6498
 
Execução 6 
Best solution 0.742818 from pop 5
Best solution 0.742818 from pop 5 k = 7
Total time = 30.2523
Time to Best ttb = 0
 
Execução 7 
Best solution 0.742677 from pop 5
New best 0.742818 from pop 5
New best 0.742818 from pop 5
Best solution 0.742818 from pop 5 k = 7
Total time = 30.4579
Time to Best ttb = 22.3937
 
Execução 8 
Best solution 0.742818 from pop 5
New best 0.742818 from pop 5
Best solution 0.742818 from pop 5 k = 7
Total time = 30.6666
Time to Best ttb = 19.9616
 
Execução 9 
Best solution 0.742818 from pop 5
Best solution 0.742818 from pop 5 k = 7
Total time = 30.5259
Time to Best ttb = 0
 
Execução 10 
Best solution 0.742818 from pop 5
Best solution 0.742818 from pop 5 k = 7
Total time = 30.2834
Time to Best ttb = 0
 
Execução 11 
Best solution 0.742818 from pop 5
Best solution 0.742818 from pop 5 k = 7
Total time = 30.5143
Time to Best ttb = 0
 
Execução 12 
Best solution 0.742818 from pop 5
New best 0.742818 from pop 5
Best solution 0.742818 from pop 5 k = 7
Total time = 30.1613
Time to Best ttb = 14.4084
 
Execução 13 
Best solution 0.742818 from pop 5
Best solution 0.742818 from pop 5 k = 7
Total time = 30.2939
Time to Best ttb = 0
 
Execução 14 
Best solution 0.742818 from pop 5
New best 0.742818 from pop 5
Best solution 0.742818 from pop 5 k = 7
Total time = 30.4598
Time to Best ttb = 28.4776
 
Execução 15 
Best solution 0.742818 from pop 5
New best 0.742818 from pop 5
Best solution 0.742818 from pop 5 k = 7
Total time = 30.1078
Time to Best ttb = 12.8479
 
Execução 16 
Best solution 0.742818 from pop 5
Best solution 0.742818 from pop 5 k = 7
Total time = 30.1286
Time to Best ttb = 0
 
Execução 17 
Best solution 0.742818 from pop 5
New best 0.742818 from pop 5
Best solution 0.742818 from pop 5 k = 7
Total time = 30.4413
Time to Best ttb = 18.3558
 
Execução 18 
Best solution 0.742818 from pop 5
Best solution 0.742818 from pop 5 k = 7
Total time = 30.5024
Time to Best ttb = 0
 
Execução 19 
Best solution 0.742439 from pop 5
New best 0.742818 from pop 5
Best solution 0.742818 from pop 5 k = 7
Total time = 30.0173
Time to Best ttb = 17.0525
 
Execução 20 
Best solution 0.742818 from pop 5
New best 0.742818 from pop 5
Best solution 0.742818 from pop 5 k = 7
Total time = 30.6462
Time to Best ttb = 19.9235
 
Execução 21 
Best solution 0.742818 from pop 5
New best 0.742818 from pop 5
Best solution 0.742818 from pop 5 k = 7
Total time = 30.2438
Time to Best ttb = 25.8113
 
Execução 22 
Best solution 0.742677 from pop 5
New best 0.742818 from pop 5
Best solution 0.742818 from pop 5 k = 7
Total time = 30.0935
Time to Best ttb = 30.0935
 
Execução 23 
Best solution 0.742677 from pop 5
Best solution 0.742677 from pop 5 k = 7
Total time = 30.3555
Time to Best ttb = 0
 
Execução 24 
Best solution 0.742677 from pop 5
New best 0.742818 from pop 5
New best 0.742818 from pop 5
Best solution 0.742818 from pop 5 k = 7
Total time = 30.1458
Time to Best ttb = 24.7405
 
Execução 25 
Best solution 0.742818 from pop 5
Best solution 0.742818 from pop 5 k = 7
Total time = 30.6358
Time to Best ttb = 0
 
Execução 26 
Best solution 0.742818 from pop 5
Best solution 0.742818 from pop 5 k = 7
Total time = 30.1982
Time to Best ttb = 0
 
Execução 27 
Best solution 0.742818 from pop 5
New best 0.742818 from pop 5
Best solution 0.742818 from pop 5 k = 7
Total time = 30.3983
Time to Best ttb = 18.8758
 
Execução 28 
Best solution 0.742677 from pop 5
Best solution 0.742677 from pop 5 k = 7
Total time = 30.2821
Time to Best ttb = 0
 
Execução 29 
Best solution 0.742677 from pop 5
New best 0.742818 from pop 5
Best solution 0.742818 from pop 5 k = 7
Total time = 30.5768
Time to Best ttb = 19.9549
 
Execução 30 
Best solution 0.742818 from pop 5
New best 0.742818 from pop 5
Best solution 0.742818 from pop 5 k = 7
Total time = 30.4636
Time to Best ttb = 15.7943
 
