Execução 1 
Best solution 0.647326 from pop 2
New best 0.647849 from pop 2
Best solution 0.647849 from pop 2 k = 4
Total time = 30.2558
Time to Best ttb = 17.6843
 
Execução 2 
Best solution 0.647326 from pop 2
New best 0.648069 from pop 2
Best solution 0.648069 from pop 2 k = 4
Total time = 30.6318
Time to Best ttb = 19.6676
 
Execução 3 
Best solution 0.648069 from pop 2
Best solution 0.648069 from pop 2 k = 4
Total time = 30.5005
Time to Best ttb = 0
 
Execução 4 
Best solution 0.648069 from pop 2
Best solution 0.648069 from pop 2 k = 4
Total time = 30.5569
Time to Best ttb = 0
 
Execução 5 
Best solution 0.647676 from pop 2
New best 0.647849 from pop 2
New best 0.648069 from pop 2
Best solution 0.648069 from pop 2 k = 4
Total time = 30.5764
Time to Best ttb = 26.3726
 
Execução 6 
Best solution 0.648069 from pop 2
New best 0.655191 from pop 11
Best solution 0.655191 from pop 11 k = 13
Total time = 30.0252
Time to Best ttb = 18.7331
 
Execução 7 
Best solution 0.647474 from pop 2
New best 0.647849 from pop 2
New best 0.647849 from pop 2
Best solution 0.647849 from pop 2 k = 4
Total time = 30.039
Time to Best ttb = 18.6095
 
Execução 8 
Best solution 0.647849 from pop 2
Best solution 0.647849 from pop 2 k = 4
Total time = 30.6567
Time to Best ttb = 0
 
Execução 9 
Best solution 0.647849 from pop 2
Best solution 0.647849 from pop 2 k = 4
Total time = 30.3845
Time to Best ttb = 0
 
Execução 10 
Best solution 0.647051 from pop 2
New best 0.64711 from pop 2
New best 0.648069 from pop 2
New best 0.657831 from pop 12
Best solution 0.657831 from pop 12 k = 14
Total time = 30.2526
Time to Best ttb = 25.485
 
Execução 11 
Best solution 0.647051 from pop 2
New best 0.648069 from pop 2
Best solution 0.648069 from pop 2 k = 4
Total time = 30.5783
Time to Best ttb = 17.7537
 
Execução 12 
Best solution 0.647676 from pop 2
Best solution 0.647676 from pop 2 k = 4
Total time = 30.1545
Time to Best ttb = 0
 
Execução 13 
Best solution 0.647676 from pop 2
New best 0.648069 from pop 2
New best 0.653836 from pop 13
Best solution 0.653836 from pop 13 k = 15
Total time = 30.2789
Time to Best ttb = 20.6754
 
Execução 14 
Best solution 0.647051 from pop 2
New best 0.648069 from pop 2
Best solution 0.648069 from pop 2 k = 4
Total time = 30.4651
Time to Best ttb = 11.6885
 
Execução 15 
Best solution 0.647467 from pop 2
New best 0.648069 from pop 2
New best 0.652585 from pop 12
Best solution 0.652585 from pop 12 k = 14
Total time = 30.0714
Time to Best ttb = 17.0564
 
Execução 16 
Best solution 0.647326 from pop 2
Best solution 0.647326 from pop 2 k = 4
Total time = 30.0928
Time to Best ttb = 0
 
Execução 17 
Best solution 0.64696 from pop 2
New best 0.647467 from pop 2
Best solution 0.647467 from pop 2 k = 4
Total time = 30.5788
Time to Best ttb = 13.0488
 
Execução 18 
Best solution 0.647 from pop 2
New best 0.648069 from pop 2
Best solution 0.648069 from pop 2 k = 4
Total time = 30.509
Time to Best ttb = 27.4662
 
Execução 19 
Best solution 0.64711 from pop 2
New best 0.647849 from pop 2
Best solution 0.647849 from pop 2 k = 4
Total time = 30.2444
Time to Best ttb = 18.1227
 
Execução 20 
Best solution 0.648069 from pop 2
New best 0.652483 from pop 12
Best solution 0.652483 from pop 12 k = 14
Total time = 30.5987
Time to Best ttb = 15.4164
 
Execução 21 
Best solution 0.647224 from pop 2
New best 0.655914 from pop 11
Best solution 0.655914 from pop 11 k = 13
Total time = 30.2958
Time to Best ttb = 24.7966
 
Execução 22 
Best solution 0.64711 from pop 2
New best 0.647326 from pop 2
New best 0.647467 from pop 2
New best 0.647849 from pop 2
Best solution 0.647849 from pop 2 k = 4
Total time = 30.178
Time to Best ttb = 27.4281
 
Execução 23 
Best solution 0.647326 from pop 2
New best 0.647849 from pop 2
New best 0.6481 from pop 11
Best solution 0.6481 from pop 11 k = 13
Total time = 30.3739
Time to Best ttb = 29.0422
 
Execução 24 
Best solution 0.647467 from pop 2
New best 0.648069 from pop 2
Best solution 0.648069 from pop 2 k = 4
Total time = 30.3674
Time to Best ttb = 18.3404
 
Execução 25 
Best solution 0.647051 from pop 2
New best 0.647051 from pop 2
New best 0.647676 from pop 2
New best 0.648069 from pop 2
Best solution 0.648069 from pop 2 k = 4
Total time = 30.4312
Time to Best ttb = 13.1301
 
Execução 26 
Best solution 0.648069 from pop 2
Best solution 0.648069 from pop 2 k = 4
Total time = 30.2347
Time to Best ttb = 0
 
Execução 27 
Best solution 0.647234 from pop 2
New best 0.647467 from pop 2
New best 0.648069 from pop 2
Best solution 0.648069 from pop 2 k = 4
Total time = 30.3472
Time to Best ttb = 16.3121
 
Execução 28 
Best solution 0.647051 from pop 2
New best 0.647467 from pop 2
New best 0.648069 from pop 2
New best 0.652847 from pop 12
Best solution 0.652847 from pop 12 k = 14
Total time = 30.5166
Time to Best ttb = 22.5035
 
Execução 29 
Best solution 0.647849 from pop 2
Best solution 0.647849 from pop 2 k = 4
Total time = 30.3179
Time to Best ttb = 0
 
Execução 30 
Best solution 0.648069 from pop 2
Best solution 0.648069 from pop 2 k = 4
Total time = 30.3759
Time to Best ttb = 0
 
