Execução 1 
Best solution 0.642309 from pop 4
Best solution 0.642309 from pop 4 k = 6
Total time = 30.1882
Time to Best ttb = 0
 
Execução 2 
Best solution 0.643817 from pop 4
New best 0.643817 from pop 4
Best solution 0.643817 from pop 4 k = 6
Total time = 30.6113
Time to Best ttb = 28.5153
 
Execução 3 
Best solution 0.643817 from pop 4
New best 0.643817 from pop 4
Best solution 0.643817 from pop 4 k = 6
Total time = 30.3543
Time to Best ttb = 28.4715
 
Execução 4 
Best solution 0.643817 from pop 4
New best 0.643817 from pop 4
Best solution 0.643817 from pop 4 k = 6
Total time = 30.5503
Time to Best ttb = 17.5932
 
Execução 5 
Best solution 0.643817 from pop 4
Best solution 0.643817 from pop 4 k = 6
Total time = 30.6105
Time to Best ttb = 0
 
Execução 6 
Best solution 0.643817 from pop 4
Best solution 0.643817 from pop 4 k = 6
Total time = 30.5407
Time to Best ttb = 0
 
Execução 7 
Best solution 0.643817 from pop 4
Best solution 0.643817 from pop 4 k = 6
Total time = 30.0935
Time to Best ttb = 0
 
Execução 8 
Best solution 0.643817 from pop 4
New best 0.643817 from pop 4
Best solution 0.643817 from pop 4 k = 6
Total time = 30.021
Time to Best ttb = 17.9263
 
Execução 9 
Best solution 0.643817 from pop 4
Best solution 0.643817 from pop 4 k = 6
Total time = 30.4258
Time to Best ttb = 0
 
Execução 10 
Best solution 0.643817 from pop 4
Best solution 0.643817 from pop 4 k = 6
Total time = 30.3299
Time to Best ttb = 0
 
Execução 11 
Best solution 0.643817 from pop 4
Best solution 0.643817 from pop 4 k = 6
Total time = 30.5545
Time to Best ttb = 0
 
Execução 12 
Best solution 0.643817 from pop 4
Best solution 0.643817 from pop 4 k = 6
Total time = 30.0239
Time to Best ttb = 0
 
Execução 13 
Best solution 0.643817 from pop 4
Best solution 0.643817 from pop 4 k = 6
Total time = 30.2833
Time to Best ttb = 0
 
Execução 14 
Best solution 0.643817 from pop 4
Best solution 0.643817 from pop 4 k = 6
Total time = 30.4016
Time to Best ttb = 0
 
Execução 15 
Best solution 0.643817 from pop 4
Best solution 0.643817 from pop 4 k = 6
Total time = 30.0895
Time to Best ttb = 0
 
Execução 16 
Best solution 0.643411 from pop 4
New best 0.643817 from pop 4
Best solution 0.643817 from pop 4 k = 6
Total time = 30.0807
Time to Best ttb = 21.2679
 
Execução 17 
Best solution 0.643817 from pop 4
Best solution 0.643817 from pop 4 k = 6
Total time = 30.43
Time to Best ttb = 0
 
Execução 18 
Best solution 0.643817 from pop 4
Best solution 0.643817 from pop 4 k = 6
Total time = 30.0977
Time to Best ttb = 0
 
Execução 19 
Best solution 0.643817 from pop 4
Best solution 0.643817 from pop 4 k = 6
Total time = 30.5495
Time to Best ttb = 0
 
Execução 20 
Best solution 0.643817 from pop 4
Best solution 0.643817 from pop 4 k = 6
Total time = 30.6347
Time to Best ttb = 0
 
Execução 21 
Best solution 0.643817 from pop 4
Best solution 0.643817 from pop 4 k = 6
Total time = 30.3293
Time to Best ttb = 0
 
Execução 22 
Best solution 0.643817 from pop 4
Best solution 0.643817 from pop 4 k = 6
Total time = 30.0577
Time to Best ttb = 0
 
Execução 23 
Best solution 0.643817 from pop 4
Best solution 0.643817 from pop 4 k = 6
Total time = 30.4812
Time to Best ttb = 0
 
Execução 24 
Best solution 0.643817 from pop 4
Best solution 0.643817 from pop 4 k = 6
Total time = 30.1088
Time to Best ttb = 0
 
Execução 25 
Best solution 0.643817 from pop 4
Best solution 0.643817 from pop 4 k = 6
Total time = 30.6287
Time to Best ttb = 0
 
Execução 26 
Best solution 0.643817 from pop 4
New best 0.643817 from pop 4
Best solution 0.643817 from pop 4 k = 6
Total time = 30.0713
Time to Best ttb = 11.6641
 
Execução 27 
Best solution 0.643817 from pop 4
Best solution 0.643817 from pop 4 k = 6
Total time = 30.3716
Time to Best ttb = 0
 
Execução 28 
Best solution 0.643817 from pop 4
Best solution 0.643817 from pop 4 k = 6
Total time = 30.6718
Time to Best ttb = 0
 
Execução 29 
Best solution 0.643817 from pop 4
Best solution 0.643817 from pop 4 k = 6
Total time = 30.3622
Time to Best ttb = 0
 
Execução 30 
Best solution 0.643817 from pop 4
Best solution 0.643817 from pop 4 k = 6
Total time = 30.3997
Time to Best ttb = 0
 
