Execução 1 
Best solution 0.797261 from pop 1
New best 0.797261 from pop 1
Best solution 0.797261 from pop 1 k = 3
Total time = 30.1159
Time to Best ttb = 12.1113
 
Execução 2 
Best solution 0.797261 from pop 1
Best solution 0.797261 from pop 1 k = 3
Total time = 30.4734
Time to Best ttb = 0
 
Execução 3 
Best solution 0.797261 from pop 1
Best solution 0.797261 from pop 1 k = 3
Total time = 30.4335
Time to Best ttb = 0
 
Execução 4 
Best solution 0.797261 from pop 1
Best solution 0.797261 from pop 1 k = 3
Total time = 30.1618
Time to Best ttb = 0
 
Execução 5 
Best solution 0.797261 from pop 1
New best 0.797261 from pop 1
Best solution 0.797261 from pop 1 k = 3
Total time = 30.3163
Time to Best ttb = 12.8786
 
Execução 6 
Best solution 0.797261 from pop 1
New best 0.797261 from pop 1
Best solution 0.797261 from pop 1 k = 3
Total time = 30.0541
Time to Best ttb = 12.7865
 
Execução 7 
Best solution 0.797261 from pop 1
New best 0.797261 from pop 1
Best solution 0.797261 from pop 1 k = 3
Total time = 30.4099
Time to Best ttb = 19.0202
 
Execução 8 
Best solution 0.797261 from pop 1
Best solution 0.797261 from pop 1 k = 3
Total time = 30.4735
Time to Best ttb = 0
 
Execução 9 
Best solution 0.797261 from pop 1
Best solution 0.797261 from pop 1 k = 3
Total time = 30.1444
Time to Best ttb = 0
 
Execução 10 
Best solution 0.797261 from pop 1
Best solution 0.797261 from pop 1 k = 3
Total time = 30.0029
Time to Best ttb = 0
 
Execução 11 
Best solution 0.797261 from pop 1
New best 0.797261 from pop 1
Best solution 0.797261 from pop 1 k = 3
Total time = 30.4698
Time to Best ttb = 14.3351
 
Execução 12 
Best solution 0.797261 from pop 1
Best solution 0.797261 from pop 1 k = 3
Total time = 30.1045
Time to Best ttb = 0
 
Execução 13 
Best solution 0.797261 from pop 1
New best 0.797261 from pop 1
Best solution 0.797261 from pop 1 k = 3
Total time = 30.1642
Time to Best ttb = 17.8796
 
Execução 14 
Best solution 0.797261 from pop 1
Best solution 0.797261 from pop 1 k = 3
Total time = 30.4411
Time to Best ttb = 0
 
Execução 15 
Best solution 0.797261 from pop 1
Best solution 0.797261 from pop 1 k = 3
Total time = 30.2389
Time to Best ttb = 0
 
Execução 16 
Best solution 0.797261 from pop 1
New best 0.797261 from pop 1
Best solution 0.797261 from pop 1 k = 3
Total time = 30.5693
Time to Best ttb = 19.7637
 
Execução 17 
Best solution 0.797261 from pop 1
Best solution 0.797261 from pop 1 k = 3
Total time = 30.0585
Time to Best ttb = 0
 
Execução 18 
Best solution 0.797261 from pop 1
New best 0.797261 from pop 1
Best solution 0.797261 from pop 1 k = 3
Total time = 30.2843
Time to Best ttb = 14.6268
 
Execução 19 
Best solution 0.797261 from pop 1
Best solution 0.797261 from pop 1 k = 3
Total time = 30.648
Time to Best ttb = 0
 
Execução 20 
Best solution 0.797261 from pop 1
New best 0.797261 from pop 1
Best solution 0.797261 from pop 1 k = 3
Total time = 30.4502
Time to Best ttb = 28.579
 
Execução 21 
Best solution 0.797261 from pop 1
Best solution 0.797261 from pop 1 k = 3
Total time = 30.5226
Time to Best ttb = 0
 
Execução 22 
Best solution 0.797261 from pop 1
New best 0.797261 from pop 1
Best solution 0.797261 from pop 1 k = 3
Total time = 30.4139
Time to Best ttb = 19.1131
 
Execução 23 
Best solution 0.797261 from pop 1
Best solution 0.797261 from pop 1 k = 3
Total time = 30.3532
Time to Best ttb = 0
 
Execução 24 
Best solution 0.797261 from pop 1
New best 0.797261 from pop 1
Best solution 0.797261 from pop 1 k = 3
Total time = 30.1979
Time to Best ttb = 15.5628
 
Execução 25 
Best solution 0.797261 from pop 1
Best solution 0.797261 from pop 1 k = 3
Total time = 30.3919
Time to Best ttb = 0
 
Execução 26 
Best solution 0.797261 from pop 1
Best solution 0.797261 from pop 1 k = 3
Total time = 30.1291
Time to Best ttb = 0
 
Execução 27 
Best solution 0.797261 from pop 1
New best 0.797261 from pop 1
Best solution 0.797261 from pop 1 k = 3
Total time = 30.3785
Time to Best ttb = 12.9985
 
Execução 28 
Best solution 0.797261 from pop 1
Best solution 0.797261 from pop 1 k = 3
Total time = 30.128
Time to Best ttb = 0
 
Execução 29 
Best solution 0.797261 from pop 1
Best solution 0.797261 from pop 1 k = 3
Total time = 30.624
Time to Best ttb = 0
 
Execução 30 
Best solution 0.797261 from pop 1
New best 0.797261 from pop 1
Best solution 0.797261 from pop 1 k = 3
Total time = 30.4563
Time to Best ttb = 26.7056
 
