Execução 1 
Best solution 0.616141 from pop 1
Best solution 0.616141 from pop 1 k = 3
Total time = 30.4218
Time to Best ttb = 0
 
Execução 2 
Best solution 0.616141 from pop 1
New best 0.616141 from pop 1
Best solution 0.616141 from pop 1 k = 3
Total time = 31.1117
Time to Best ttb = 31.1116
 
Execução 3 
Best solution 0.615883 from pop 1
Best solution 0.615883 from pop 1 k = 3
Total time = 30.2672
Time to Best ttb = 0
 
Execução 4 
Best solution 0.616141 from pop 1
Best solution 0.616141 from pop 1 k = 3
Total time = 30.9326
Time to Best ttb = 0
 
Execução 5 
Best solution 0.616141 from pop 1
Best solution 0.616141 from pop 1 k = 3
Total time = 30.3217
Time to Best ttb = 0
 
Execução 6 
Best solution 0.616141 from pop 1
Best solution 0.616141 from pop 1 k = 3
Total time = 30.0888
Time to Best ttb = 0
 
Execução 7 
Best solution 0.615783 from pop 1
New best 0.616141 from pop 1
Best solution 0.616141 from pop 1 k = 3
Total time = 30.8577
Time to Best ttb = 28.0161
 
Execução 8 
Best solution 0.61594 from pop 1
Best solution 0.61594 from pop 1 k = 3
Total time = 30.2791
Time to Best ttb = 0
 
Execução 9 
Best solution 0.616141 from pop 1
Best solution 0.616141 from pop 1 k = 3
Total time = 30.1774
Time to Best ttb = 0
 
Execução 10 
Best solution 0.616141 from pop 1
Best solution 0.616141 from pop 1 k = 3
Total time = 30.5679
Time to Best ttb = 0
 
Execução 11 
Best solution 0.615883 from pop 1
Best solution 0.615883 from pop 1 k = 3
Total time = 30.347
Time to Best ttb = 0
 
Execução 12 
Best solution 0.616141 from pop 1
Best solution 0.616141 from pop 1 k = 3
Total time = 30.307
Time to Best ttb = 0
 
Execução 13 
Best solution 0.616141 from pop 1
New best 0.636378 from pop 17
Best solution 0.636378 from pop 17 k = 19
Total time = 30.9663
Time to Best ttb = 27.955
 
Execução 14 
Best solution 0.616141 from pop 1
Best solution 0.616141 from pop 1 k = 3
Total time = 30.3896
Time to Best ttb = 0
 
Execução 15 
Best solution 0.616141 from pop 1
New best 0.630796 from pop 16
Best solution 0.630796 from pop 16 k = 18
Total time = 30.4514
Time to Best ttb = 24.9118
 
Execução 16 
Best solution 0.615951 from pop 1
Best solution 0.615951 from pop 1 k = 3
Total time = 30.9992
Time to Best ttb = 0
 
Execução 17 
Best solution 0.616141 from pop 1
Best solution 0.616141 from pop 1 k = 3
Total time = 30.2595
Time to Best ttb = 0
 
Execução 18 
Best solution 0.615783 from pop 1
Best solution 0.615783 from pop 1 k = 3
Total time = 30.1959
Time to Best ttb = 0
 
Execução 19 
Best solution 0.616141 from pop 1
Best solution 0.616141 from pop 1 k = 3
Total time = 31.1028
Time to Best ttb = 0
 
Execução 20 
Best solution 0.615883 from pop 1
Best solution 0.615883 from pop 1 k = 3
Total time = 30.1341
Time to Best ttb = 0
 
Execução 21 
Best solution 0.616141 from pop 1
Best solution 0.616141 from pop 1 k = 3
Total time = 30.0331
Time to Best ttb = 0
 
Execução 22 
Best solution 0.616141 from pop 1
New best 0.616141 from pop 1
Best solution 0.616141 from pop 1 k = 3
Total time = 30.7575
Time to Best ttb = 27.6227
 
Execução 23 
Best solution 0.616004 from pop 1
Best solution 0.616004 from pop 1 k = 3
Total time = 31.1108
Time to Best ttb = 0
 
Execução 24 
Best solution 0.615938 from pop 1
New best 0.616141 from pop 1
Best solution 0.616141 from pop 1 k = 3
Total time = 30.141
Time to Best ttb = 24.7312
 
Execução 25 
Best solution 0.616141 from pop 1
Best solution 0.616141 from pop 1 k = 3
Total time = 30.9936
Time to Best ttb = 0
 
Execução 26 
Best solution 0.616141 from pop 1
Best solution 0.616141 from pop 1 k = 3
Total time = 30.3608
Time to Best ttb = 0
 
Execução 27 
Best solution 0.616004 from pop 1
New best 0.616141 from pop 1
Best solution 0.616141 from pop 1 k = 3
Total time = 30.0588
Time to Best ttb = 27.7399
 
Execução 28 
Best solution 0.616004 from pop 1
Best solution 0.616004 from pop 1 k = 3
Total time = 30.9938
Time to Best ttb = 0
 
Execução 29 
Best solution 0.615951 from pop 1
Best solution 0.615951 from pop 1 k = 3
Total time = 30.4173
Time to Best ttb = 0
 
Execução 30 
Best solution 0.615808 from pop 1
Best solution 0.615808 from pop 1 k = 3
Total time = 30.9508
Time to Best ttb = 0
 
