Execução 1 
Best solution 0.679776 from pop 2
Best solution 0.679776 from pop 2 k = 4
Total time = 30.2196
Time to Best ttb = 0
 
Execução 2 
Best solution 0.679776 from pop 2
Best solution 0.679776 from pop 2 k = 4
Total time = 31.1047
Time to Best ttb = 0
 
Execução 3 
Best solution 0.679776 from pop 2
Best solution 0.679776 from pop 2 k = 4
Total time = 30.8962
Time to Best ttb = 0
 
Execução 4 
Best solution 0.679776 from pop 2
Best solution 0.679776 from pop 2 k = 4
Total time = 31.1227
Time to Best ttb = 0
 
Execução 5 
Best solution 0.679776 from pop 2
Best solution 0.679776 from pop 2 k = 4
Total time = 30.1249
Time to Best ttb = 0
 
Execução 6 
Best solution 0.679776 from pop 2
Best solution 0.679776 from pop 2 k = 4
Total time = 30.5562
Time to Best ttb = 0
 
Execução 7 
Best solution 0.679776 from pop 2
Best solution 0.679776 from pop 2 k = 4
Total time = 30.8852
Time to Best ttb = 0
 
Execução 8 
Best solution 0.679776 from pop 2
Best solution 0.679776 from pop 2 k = 4
Total time = 30.7374
Time to Best ttb = 0
 
Execução 9 
Best solution 0.679776 from pop 2
Best solution 0.679776 from pop 2 k = 4
Total time = 30.7276
Time to Best ttb = 0
 
Execução 10 
Best solution 0.679776 from pop 2
Best solution 0.679776 from pop 2 k = 4
Total time = 30.3187
Time to Best ttb = 0
 
Execução 11 
Best solution 0.679776 from pop 2
Best solution 0.679776 from pop 2 k = 4
Total time = 30.8329
Time to Best ttb = 0
 
Execução 12 
Best solution 0.679776 from pop 2
Best solution 0.679776 from pop 2 k = 4
Total time = 30.9003
Time to Best ttb = 0
 
Execução 13 
Best solution 0.679776 from pop 2
Best solution 0.679776 from pop 2 k = 4
Total time = 30.1106
Time to Best ttb = 0
 
Execução 14 
Best solution 0.679776 from pop 2
Best solution 0.679776 from pop 2 k = 4
Total time = 30.5285
Time to Best ttb = 0
 
Execução 15 
Best solution 0.679776 from pop 2
Best solution 0.679776 from pop 2 k = 4
Total time = 31.0195
Time to Best ttb = 0
 
Execução 16 
Best solution 0.679776 from pop 2
Best solution 0.679776 from pop 2 k = 4
Total time = 30.1423
Time to Best ttb = 0
 
Execução 17 
Best solution 0.679776 from pop 2
Best solution 0.679776 from pop 2 k = 4
Total time = 30.8137
Time to Best ttb = 0
 
Execução 18 
Best solution 0.679776 from pop 2
Best solution 0.679776 from pop 2 k = 4
Total time = 30.9955
Time to Best ttb = 0
 
Execução 19 
Best solution 0.679776 from pop 2
Best solution 0.679776 from pop 2 k = 4
Total time = 30.1487
Time to Best ttb = 0
 
Execução 20 
Best solution 0.679776 from pop 2
Best solution 0.679776 from pop 2 k = 4
Total time = 30.4943
Time to Best ttb = 0
 
Execução 21 
Best solution 0.679776 from pop 2
Best solution 0.679776 from pop 2 k = 4
Total time = 30.0626
Time to Best ttb = 0
 
Execução 22 
Best solution 0.679776 from pop 2
Best solution 0.679776 from pop 2 k = 4
Total time = 30.0987
Time to Best ttb = 0
 
Execução 23 
Best solution 0.679776 from pop 2
Best solution 0.679776 from pop 2 k = 4
Total time = 30.6275
Time to Best ttb = 0
 
Execução 24 
Best solution 0.679776 from pop 2
Best solution 0.679776 from pop 2 k = 4
Total time = 30.1196
Time to Best ttb = 0
 
Execução 25 
Best solution 0.679776 from pop 2
Best solution 0.679776 from pop 2 k = 4
Total time = 30.0121
Time to Best ttb = 0
 
Execução 26 
Best solution 0.679776 from pop 2
Best solution 0.679776 from pop 2 k = 4
Total time = 30.0255
Time to Best ttb = 0
 
Execução 27 
Best solution 0.679776 from pop 2
Best solution 0.679776 from pop 2 k = 4
Total time = 30.0371
Time to Best ttb = 0
 
Execução 28 
Best solution 0.679776 from pop 2
Best solution 0.679776 from pop 2 k = 4
Total time = 30.356
Time to Best ttb = 0
 
Execução 29 
Best solution 0.679776 from pop 2
Best solution 0.679776 from pop 2 k = 4
Total time = 30.7802
Time to Best ttb = 0
 
Execução 30 
Best solution 0.679776 from pop 2
Best solution 0.679776 from pop 2 k = 4
Total time = 30.12
Time to Best ttb = 0
 
