Execução 1 
Best solution 0.793574 from pop 6
Best solution 0.793574 from pop 6 k = 8
Total time = 30.0931
Time to Best ttb = 0
 
Execução 2 
Best solution 0.793574 from pop 6
Best solution 0.793574 from pop 6 k = 8
Total time = 30.204
Time to Best ttb = 0
 
Execução 3 
Best solution 0.793574 from pop 6
Best solution 0.793574 from pop 6 k = 8
Total time = 30.5016
Time to Best ttb = 0
 
Execução 4 
Best solution 0.793574 from pop 6
Best solution 0.793574 from pop 6 k = 8
Total time = 30.514
Time to Best ttb = 0
 
Execução 5 
Best solution 0.793574 from pop 6
Best solution 0.793574 from pop 6 k = 8
Total time = 30.1301
Time to Best ttb = 0
 
Execução 6 
Best solution 0.793574 from pop 6
Best solution 0.793574 from pop 6 k = 8
Total time = 30.0938
Time to Best ttb = 0
 
Execução 7 
Best solution 0.793574 from pop 6
Best solution 0.793574 from pop 6 k = 8
Total time = 30.4602
Time to Best ttb = 0
 
Execução 8 
Best solution 0.793574 from pop 6
Best solution 0.793574 from pop 6 k = 8
Total time = 31.0355
Time to Best ttb = 0
 
Execução 9 
Best solution 0.788778 from pop 6
Best solution 0.788778 from pop 6 k = 8
Total time = 30.8748
Time to Best ttb = 0
 
Execução 10 
Best solution 0.793574 from pop 6
Best solution 0.793574 from pop 6 k = 8
Total time = 31.1169
Time to Best ttb = 0
 
Execução 11 
Best solution 0.793574 from pop 6
Best solution 0.793574 from pop 6 k = 8
Total time = 30.047
Time to Best ttb = 0
 
Execução 12 
Best solution 0.793574 from pop 6
Best solution 0.793574 from pop 6 k = 8
Total time = 30.6888
Time to Best ttb = 0
 
Execução 13 
Best solution 0.793574 from pop 6
Best solution 0.793574 from pop 6 k = 8
Total time = 30.2651
Time to Best ttb = 0
 
Execução 14 
Best solution 0.793574 from pop 6
Best solution 0.793574 from pop 6 k = 8
Total time = 30.2287
Time to Best ttb = 0
 
Execução 15 
Best solution 0.793574 from pop 6
Best solution 0.793574 from pop 6 k = 8
Total time = 31.1161
Time to Best ttb = 0
 
Execução 16 
Best solution 0.793574 from pop 6
Best solution 0.793574 from pop 6 k = 8
Total time = 30.8505
Time to Best ttb = 0
 
Execução 17 
Best solution 0.793574 from pop 6
Best solution 0.793574 from pop 6 k = 8
Total time = 30.5418
Time to Best ttb = 0
 
Execução 18 
Best solution 0.788839 from pop 6
Best solution 0.788839 from pop 6 k = 8
Total time = 30.124
Time to Best ttb = 0
 
Execução 19 
Best solution 0.793574 from pop 6
Best solution 0.793574 from pop 6 k = 8
Total time = 30.9974
Time to Best ttb = 0
 
Execução 20 
Best solution 0.793574 from pop 6
Best solution 0.793574 from pop 6 k = 8
Total time = 31.0878
Time to Best ttb = 0
 
Execução 21 
Best solution 0.793574 from pop 6
Best solution 0.793574 from pop 6 k = 8
Total time = 30.599
Time to Best ttb = 0
 
Execução 22 
Best solution 0.793574 from pop 6
Best solution 0.793574 from pop 6 k = 8
Total time = 30.1373
Time to Best ttb = 0
 
Execução 23 
Best solution 0.793574 from pop 6
Best solution 0.793574 from pop 6 k = 8
Total time = 30.1289
Time to Best ttb = 0
 
Execução 24 
Best solution 0.793574 from pop 6
Best solution 0.793574 from pop 6 k = 8
Total time = 30.6028
Time to Best ttb = 0
 
Execução 25 
Best solution 0.793574 from pop 6
Best solution 0.793574 from pop 6 k = 8
Total time = 30.0514
Time to Best ttb = 0
 
Execução 26 
Best solution 0.793574 from pop 6
Best solution 0.793574 from pop 6 k = 8
Total time = 30.5206
Time to Best ttb = 0
 
Execução 27 
Best solution 0.793574 from pop 6
Best solution 0.793574 from pop 6 k = 8
Total time = 30.8691
Time to Best ttb = 0
 
Execução 28 
Best solution 0.793574 from pop 6
Best solution 0.793574 from pop 6 k = 8
Total time = 30.2724
Time to Best ttb = 0
 
Execução 29 
Best solution 0.788431 from pop 6
Best solution 0.788431 from pop 6 k = 8
Total time = 30.0762
Time to Best ttb = 0
 
Execução 30 
Best solution 0.793574 from pop 6
Best solution 0.793574 from pop 6 k = 8
Total time = 30.8245
Time to Best ttb = 0
 
