Execução 1 
Best solution 0.69976 from pop 4
Best solution 0.69976 from pop 4 k = 6
Total time = 40.8761
Time to Best ttb = 0
 
Execução 2 
Best solution 0.69976 from pop 4
Best solution 0.69976 from pop 4 k = 6
Total time = 40.6771
Time to Best ttb = 0
 
Execução 3 
Best solution 0.69976 from pop 4
Best solution 0.69976 from pop 4 k = 6
Total time = 40.6949
Time to Best ttb = 0
 
Execução 4 
Best solution 0.69976 from pop 4
Best solution 0.69976 from pop 4 k = 6
Total time = 40.7929
Time to Best ttb = 0
 
Execução 5 
Best solution 0.69976 from pop 4
Best solution 0.69976 from pop 4 k = 6
Total time = 40.7242
Time to Best ttb = 0
 
Execução 6 
Best solution 0.69976 from pop 4
Best solution 0.69976 from pop 4 k = 6
Total time = 40.7286
Time to Best ttb = 0
 
Execução 7 
Best solution 0.69976 from pop 4
Best solution 0.69976 from pop 4 k = 6
Total time = 40.5812
Time to Best ttb = 0
 
Execução 8 
Best solution 0.69976 from pop 4
Best solution 0.69976 from pop 4 k = 6
Total time = 40.6198
Time to Best ttb = 0
 
Execução 9 
Best solution 0.69976 from pop 4
Best solution 0.69976 from pop 4 k = 6
Total time = 40.496
Time to Best ttb = 0
 
Execução 10 
Best solution 0.69976 from pop 4
Best solution 0.69976 from pop 4 k = 6
Total time = 40.3967
Time to Best ttb = 0
 
Execução 11 
Best solution 0.69976 from pop 4
Best solution 0.69976 from pop 4 k = 6
Total time = 40.516
Time to Best ttb = 0
 
Execução 12 
Best solution 0.69976 from pop 4
Best solution 0.69976 from pop 4 k = 6
Total time = 40.4051
Time to Best ttb = 0
 
Execução 13 
Best solution 0.69976 from pop 4
Best solution 0.69976 from pop 4 k = 6
Total time = 40.7624
Time to Best ttb = 0
 
Execução 14 
Best solution 0.69976 from pop 4
Best solution 0.69976 from pop 4 k = 6
Total time = 40.5346
Time to Best ttb = 0
 
Execução 15 
Best solution 0.699785 from pop 5
Best solution 0.699785 from pop 5 k = 7
Total time = 40.754
Time to Best ttb = 0
 
Execução 16 
Best solution 0.69976 from pop 4
Best solution 0.69976 from pop 4 k = 6
Total time = 40.6209
Time to Best ttb = 0
 
Execução 17 
Best solution 0.69976 from pop 4
Best solution 0.69976 from pop 4 k = 6
Total time = 40.506
Time to Best ttb = 0
 
Execução 18 
Best solution 0.69976 from pop 4
Best solution 0.69976 from pop 4 k = 6
Total time = 40.5258
Time to Best ttb = 0
 
Execução 19 
Best solution 0.69976 from pop 4
Best solution 0.69976 from pop 4 k = 6
Total time = 40.5148
Time to Best ttb = 0
 
Execução 20 
Best solution 0.69976 from pop 4
Best solution 0.69976 from pop 4 k = 6
Total time = 40.6106
Time to Best ttb = 0
 
Execução 21 
Best solution 0.69976 from pop 4
Best solution 0.69976 from pop 4 k = 6
Total time = 40.8089
Time to Best ttb = 0
 
Execução 22 
Best solution 0.69976 from pop 4
Best solution 0.69976 from pop 4 k = 6
Total time = 40.64
Time to Best ttb = 0
 
Execução 23 
Best solution 0.69976 from pop 4
Best solution 0.69976 from pop 4 k = 6
Total time = 40.6357
Time to Best ttb = 0
 
Execução 24 
Best solution 0.69976 from pop 4
Best solution 0.69976 from pop 4 k = 6
Total time = 40.6593
Time to Best ttb = 0
 
Execução 25 
Best solution 0.699785 from pop 5
Best solution 0.699785 from pop 5 k = 7
Total time = 40.5366
Time to Best ttb = 0
 
Execução 26 
Best solution 0.69976 from pop 4
Best solution 0.69976 from pop 4 k = 6
Total time = 40.3785
Time to Best ttb = 0
 
Execução 27 
Best solution 0.699785 from pop 5
Best solution 0.699785 from pop 5 k = 7
Total time = 40.5835
Time to Best ttb = 0
 
Execução 28 
Best solution 0.69976 from pop 4
Best solution 0.69976 from pop 4 k = 6
Total time = 41.284
Time to Best ttb = 0
 
Execução 29 
Best solution 0.69976 from pop 4
Best solution 0.69976 from pop 4 k = 6
Total time = 40.5108
Time to Best ttb = 0
 
Execução 30 
Best solution 0.69976 from pop 4
Best solution 0.69976 from pop 4 k = 6
Total time = 40.6328
Time to Best ttb = 0
 
