Execução 1 
Best solution 0.763625 from pop 7
Best solution 0.763625 from pop 7 k = 9
Total time = 40.5967
Time to Best ttb = 0
 
Execução 2 
Best solution 0.763625 from pop 7
Best solution 0.763625 from pop 7 k = 9
Total time = 40.9288
Time to Best ttb = 0
 
Execução 3 
Best solution 0.759425 from pop 7
Best solution 0.759425 from pop 7 k = 9
Total time = 40.5854
Time to Best ttb = 0
 
Execução 4 
Best solution 0.763625 from pop 7
Best solution 0.763625 from pop 7 k = 9
Total time = 40.4636
Time to Best ttb = 0
 
Execução 5 
Best solution 0.755552 from pop 7
Best solution 0.755552 from pop 7 k = 9
Total time = 40.7872
Time to Best ttb = 0
 
Execução 6 
Best solution 0.758652 from pop 7
Best solution 0.758652 from pop 7 k = 9
Total time = 40.7029
Time to Best ttb = 0
 
Execução 7 
Best solution 0.756954 from pop 7
Best solution 0.756954 from pop 7 k = 9
Total time = 40.7696
Time to Best ttb = 0
 
Execução 8 
Best solution 0.758989 from pop 7
New best 0.763625 from pop 7
Best solution 0.763625 from pop 7 k = 9
Total time = 40.5518
Time to Best ttb = 40.5518
 
Execução 9 
Best solution 0.763625 from pop 7
Best solution 0.763625 from pop 7 k = 9
Total time = 40.3857
Time to Best ttb = 0
 
Execução 10 
Best solution 0.762524 from pop 7
Best solution 0.762524 from pop 7 k = 9
Total time = 40.4191
Time to Best ttb = 0
 
Execução 11 
Best solution 0.760028 from pop 7
New best 0.763625 from pop 7
Best solution 0.763625 from pop 7 k = 9
Total time = 40.5524
Time to Best ttb = 40.5523
 
Execução 12 
Best solution 0.759047 from pop 7
Best solution 0.759047 from pop 7 k = 9
Total time = 40.6413
Time to Best ttb = 0
 
Execução 13 
Best solution 0.763625 from pop 7
Best solution 0.763625 from pop 7 k = 9
Total time = 40.7742
Time to Best ttb = 0
 
Execução 14 
Best solution 0.763625 from pop 7
Best solution 0.763625 from pop 7 k = 9
Total time = 40.4774
Time to Best ttb = 0
 
Execução 15 
Best solution 0.760918 from pop 7
Best solution 0.760918 from pop 7 k = 9
Total time = 40.6339
Time to Best ttb = 0
 
Execução 16 
Best solution 0.755583 from pop 7
Best solution 0.755583 from pop 7 k = 9
Total time = 40.5903
Time to Best ttb = 0
 
Execução 17 
Best solution 0.759807 from pop 7
Best solution 0.759807 from pop 7 k = 9
Total time = 40.5081
Time to Best ttb = 0
 
Execução 18 
Best solution 0.755754 from pop 7
Best solution 0.755754 from pop 7 k = 9
Total time = 40.8128
Time to Best ttb = 0
 
Execução 19 
Best solution 0.751149 from pop 7
Best solution 0.751149 from pop 7 k = 9
Total time = 40.8428
Time to Best ttb = 0
 
Execução 20 
Best solution 0.762048 from pop 7
Best solution 0.762048 from pop 7 k = 9
Total time = 40.6655
Time to Best ttb = 0
 
Execução 21 
Best solution 0.759305 from pop 7
Best solution 0.759305 from pop 7 k = 9
Total time = 40.6423
Time to Best ttb = 0
 
Execução 22 
Best solution 0.757845 from pop 7
Best solution 0.757845 from pop 7 k = 9
Total time = 40.6595
Time to Best ttb = 0
 
Execução 23 
Best solution 0.757036 from pop 7
Best solution 0.757036 from pop 7 k = 9
Total time = 40.639
Time to Best ttb = 0
 
Execução 24 
Best solution 0.757882 from pop 7
Best solution 0.757882 from pop 7 k = 9
Total time = 40.4913
Time to Best ttb = 0
 
Execução 25 
Best solution 0.763625 from pop 7
Best solution 0.763625 from pop 7 k = 9
Total time = 41.075
Time to Best ttb = 0
 
Execução 26 
Best solution 0.757392 from pop 7
Best solution 0.757392 from pop 7 k = 9
Total time = 40.4718
Time to Best ttb = 0
 
Execução 27 
Best solution 0.763625 from pop 7
Best solution 0.763625 from pop 7 k = 9
Total time = 41.3464
Time to Best ttb = 0
 
Execução 28 
Best solution 0.763625 from pop 7
Best solution 0.763625 from pop 7 k = 9
Total time = 40.6537
Time to Best ttb = 0
 
Execução 29 
Best solution 0.756615 from pop 7
Best solution 0.756615 from pop 7 k = 9
Total time = 40.5426
Time to Best ttb = 0
 
Execução 30 
Best solution 0.756994 from pop 7
Best solution 0.756994 from pop 7 k = 9
Total time = 40.5746
Time to Best ttb = 0
 
