Execução 1 
Best solution 0.776374 from pop 3
Best solution 0.776374 from pop 3 k = 5
Total time = 40.7638
Time to Best ttb = 0
 
Execução 2 
Best solution 0.776374 from pop 3
Best solution 0.776374 from pop 3 k = 5
Total time = 41.2738
Time to Best ttb = 0
 
Execução 3 
Best solution 0.776374 from pop 3
Best solution 0.776374 from pop 3 k = 5
Total time = 40.5803
Time to Best ttb = 0
 
Execução 4 
Best solution 0.776374 from pop 3
Best solution 0.776374 from pop 3 k = 5
Total time = 40.5043
Time to Best ttb = 0
 
Execução 5 
Best solution 0.776374 from pop 3
Best solution 0.776374 from pop 3 k = 5
Total time = 40.5374
Time to Best ttb = 0
 
Execução 6 
Best solution 0.776374 from pop 3
Best solution 0.776374 from pop 3 k = 5
Total time = 41.4567
Time to Best ttb = 0
 
Execução 7 
Best solution 0.776374 from pop 3
Best solution 0.776374 from pop 3 k = 5
Total time = 40.6309
Time to Best ttb = 0
 
Execução 8 
Best solution 0.776374 from pop 3
Best solution 0.776374 from pop 3 k = 5
Total time = 40.7912
Time to Best ttb = 0
 
Execução 9 
Best solution 0.776374 from pop 3
Best solution 0.776374 from pop 3 k = 5
Total time = 40.6302
Time to Best ttb = 0
 
Execução 10 
Best solution 0.776374 from pop 3
Best solution 0.776374 from pop 3 k = 5
Total time = 40.5865
Time to Best ttb = 0
 
Execução 11 
Best solution 0.776374 from pop 3
Best solution 0.776374 from pop 3 k = 5
Total time = 40.6092
Time to Best ttb = 0
 
Execução 12 
Best solution 0.776374 from pop 3
Best solution 0.776374 from pop 3 k = 5
Total time = 40.7152
Time to Best ttb = 0
 
Execução 13 
Best solution 0.776374 from pop 3
Best solution 0.776374 from pop 3 k = 5
Total time = 40.7117
Time to Best ttb = 0
 
Execução 14 
Best solution 0.776374 from pop 3
Best solution 0.776374 from pop 3 k = 5
Total time = 40.6705
Time to Best ttb = 0
 
Execução 15 
Best solution 0.776374 from pop 3
Best solution 0.776374 from pop 3 k = 5
Total time = 40.7167
Time to Best ttb = 0
 
Execução 16 
Best solution 0.776374 from pop 3
Best solution 0.776374 from pop 3 k = 5
Total time = 40.9252
Time to Best ttb = 0
 
Execução 17 
Best solution 0.776374 from pop 3
Best solution 0.776374 from pop 3 k = 5
Total time = 40.6348
Time to Best ttb = 0
 
Execução 18 
Best solution 0.776374 from pop 3
Best solution 0.776374 from pop 3 k = 5
Total time = 40.5144
Time to Best ttb = 0
 
Execução 19 
Best solution 0.776374 from pop 3
Best solution 0.776374 from pop 3 k = 5
Total time = 40.4186
Time to Best ttb = 0
 
Execução 20 
Best solution 0.776374 from pop 3
Best solution 0.776374 from pop 3 k = 5
Total time = 40.4699
Time to Best ttb = 0
 
Execução 21 
Best solution 0.776374 from pop 3
Best solution 0.776374 from pop 3 k = 5
Total time = 40.806
Time to Best ttb = 0
 
Execução 22 
Best solution 0.776374 from pop 3
Best solution 0.776374 from pop 3 k = 5
Total time = 40.6647
Time to Best ttb = 0
 
Execução 23 
Best solution 0.776374 from pop 3
Best solution 0.776374 from pop 3 k = 5
Total time = 40.604
Time to Best ttb = 0
 
Execução 24 
Best solution 0.776374 from pop 3
Best solution 0.776374 from pop 3 k = 5
Total time = 40.8495
Time to Best ttb = 0
 
Execução 25 
Best solution 0.776374 from pop 3
Best solution 0.776374 from pop 3 k = 5
Total time = 40.5018
Time to Best ttb = 0
 
Execução 26 
Best solution 0.776374 from pop 3
Best solution 0.776374 from pop 3 k = 5
Total time = 40.4636
Time to Best ttb = 0
 
Execução 27 
Best solution 0.776374 from pop 3
Best solution 0.776374 from pop 3 k = 5
Total time = 40.5865
Time to Best ttb = 0
 
Execução 28 
Best solution 0.776374 from pop 3
Best solution 0.776374 from pop 3 k = 5
Total time = 41.3166
Time to Best ttb = 0
 
Execução 29 
Best solution 0.776374 from pop 3
Best solution 0.776374 from pop 3 k = 5
Total time = 40.6971
Time to Best ttb = 0
 
Execução 30 
Best solution 0.776374 from pop 3
Best solution 0.776374 from pop 3 k = 5
Total time = 40.7823
Time to Best ttb = 0
 
