Execução 1 
Best solution 0.774851 from pop 3
Best solution 0.774851 from pop 3 k = 5
Total time = 65.5878
Time to Best ttb = 0
 
Execução 2 
Best solution 0.774851 from pop 3
Best solution 0.774851 from pop 3 k = 5
Total time = 65.6155
Time to Best ttb = 0
 
Execução 3 
Best solution 0.774851 from pop 3
Best solution 0.774851 from pop 3 k = 5
Total time = 65.7551
Time to Best ttb = 0
 
Execução 4 
Best solution 0.774851 from pop 3
Best solution 0.774851 from pop 3 k = 5
Total time = 65.6289
Time to Best ttb = 0
 
Execução 5 
Best solution 0.774851 from pop 3
Best solution 0.774851 from pop 3 k = 5
Total time = 66.0412
Time to Best ttb = 0
 
Execução 6 
Best solution 0.774851 from pop 3
Best solution 0.774851 from pop 3 k = 5
Total time = 65.5539
Time to Best ttb = 0
 
Execução 7 
Best solution 0.774851 from pop 3
Best solution 0.774851 from pop 3 k = 5
Total time = 65.7083
Time to Best ttb = 0
 
Execução 8 
Best solution 0.774851 from pop 3
Best solution 0.774851 from pop 3 k = 5
Total time = 65.5457
Time to Best ttb = 0
 
Execução 9 
Best solution 0.774851 from pop 3
Best solution 0.774851 from pop 3 k = 5
Total time = 65.6794
Time to Best ttb = 0
 
Execução 10 
Best solution 0.774851 from pop 3
Best solution 0.774851 from pop 3 k = 5
Total time = 65.75
Time to Best ttb = 0
 
Execução 11 
Best solution 0.774851 from pop 3
Best solution 0.774851 from pop 3 k = 5
Total time = 65.5118
Time to Best ttb = 0
 
Execução 12 
Best solution 0.774851 from pop 3
Best solution 0.774851 from pop 3 k = 5
Total time = 65.8975
Time to Best ttb = 0
 
Execução 13 
Best solution 0.774851 from pop 3
Best solution 0.774851 from pop 3 k = 5
Total time = 65.3487
Time to Best ttb = 0
 
Execução 14 
Best solution 0.774851 from pop 3
Best solution 0.774851 from pop 3 k = 5
Total time = 66.0066
Time to Best ttb = 0
 
Execução 15 
Best solution 0.774851 from pop 3
Best solution 0.774851 from pop 3 k = 5
Total time = 65.4122
Time to Best ttb = 0
 
Execução 16 
Best solution 0.774851 from pop 3
Best solution 0.774851 from pop 3 k = 5
Total time = 65.9762
Time to Best ttb = 0
 
Execução 17 
Best solution 0.774851 from pop 3
Best solution 0.774851 from pop 3 k = 5
Total time = 65.5198
Time to Best ttb = 0
 
Execução 18 
Best solution 0.774851 from pop 3
Best solution 0.774851 from pop 3 k = 5
Total time = 65.7605
Time to Best ttb = 0
 
Execução 19 
Best solution 0.774851 from pop 3
Best solution 0.774851 from pop 3 k = 5
Total time = 69.362
Time to Best ttb = 0
 
Execução 20 
Best solution 0.774851 from pop 3
Best solution 0.774851 from pop 3 k = 5
Total time = 79.3188
Time to Best ttb = 0
 
Execução 21 
Best solution 0.774851 from pop 3
Best solution 0.774851 from pop 3 k = 5
Total time = 72.2482
Time to Best ttb = 0
 
Execução 22 
Best solution 0.774851 from pop 3
Best solution 0.774851 from pop 3 k = 5
Total time = 68.1156
Time to Best ttb = 0
 
Execução 23 
Best solution 0.774851 from pop 3
Best solution 0.774851 from pop 3 k = 5
Total time = 65.9637
Time to Best ttb = 0
 
Execução 24 
Best solution 0.774851 from pop 3
Best solution 0.774851 from pop 3 k = 5
Total time = 65.4413
Time to Best ttb = 0
 
Execução 25 
Best solution 0.774851 from pop 3
Best solution 0.774851 from pop 3 k = 5
Total time = 66.123
Time to Best ttb = 0
 
Execução 26 
Best solution 0.774851 from pop 3
Best solution 0.774851 from pop 3 k = 5
Total time = 65.4473
Time to Best ttb = 0
 
Execução 27 
Best solution 0.774851 from pop 3
Best solution 0.774851 from pop 3 k = 5
Total time = 66.0513
Time to Best ttb = 0
 
Execução 28 
Best solution 0.774851 from pop 3
Best solution 0.774851 from pop 3 k = 5
Total time = 65.5065
Time to Best ttb = 0
 
Execução 29 
Best solution 0.774851 from pop 3
Best solution 0.774851 from pop 3 k = 5
Total time = 66.1541
Time to Best ttb = 0
 
Execução 30 
Best solution 0.774851 from pop 3
Best solution 0.774851 from pop 3 k = 5
Total time = 65.8571
Time to Best ttb = 0
 
