Execução 1 
Best solution 0.687298 from pop 16
Best solution 0.687298 from pop 16 k = 18
Total time = 65.6838
Time to Best ttb = 0
 
Execução 2 
Best solution 0.664778 from pop 15
Best solution 0.664778 from pop 15 k = 17
Total time = 65.621
Time to Best ttb = 0
 
Execução 3 
Best solution 0.663912 from pop 16
Best solution 0.663912 from pop 16 k = 18
Total time = 65.956
Time to Best ttb = 0
 
Execução 4 
Best solution 0.682478 from pop 14
Best solution 0.682478 from pop 14 k = 16
Total time = 65.848
Time to Best ttb = 0
 
Execução 5 
Best solution 0.677044 from pop 15
Best solution 0.677044 from pop 15 k = 17
Total time = 65.8807
Time to Best ttb = 0
 
Execução 6 
Best solution 0.671793 from pop 18
New best 0.674329 from pop 15
Best solution 0.674329 from pop 15 k = 17
Total time = 65.4398
Time to Best ttb = 65.4398
 
Execução 7 
Best solution 0.675983 from pop 17
Best solution 0.675983 from pop 17 k = 19
Total time = 66.0246
Time to Best ttb = 0
 
Execução 8 
Best solution 0.679326 from pop 14
Best solution 0.679326 from pop 14 k = 16
Total time = 65.6388
Time to Best ttb = 0
 
Execução 9 
Best solution 0.676303 from pop 16
Best solution 0.676303 from pop 16 k = 18
Total time = 65.8465
Time to Best ttb = 0
 
Execução 10 
Best solution 0.679731 from pop 17
Best solution 0.679731 from pop 17 k = 19
Total time = 65.206
Time to Best ttb = 0
 
Execução 11 
Best solution 0.67651 from pop 17
Best solution 0.67651 from pop 17 k = 19
Total time = 65.9481
Time to Best ttb = 0
 
Execução 12 
Best solution 0.67734 from pop 18
Best solution 0.67734 from pop 18 k = 20
Total time = 65.4522
Time to Best ttb = 0
 
Execução 13 
Best solution 0.662355 from pop 17
Best solution 0.662355 from pop 17 k = 19
Total time = 65.6298
Time to Best ttb = 0
 
Execução 14 
Best solution 0.668399 from pop 13
Best solution 0.668399 from pop 13 k = 15
Total time = 66.186
Time to Best ttb = 0
 
Execução 15 
Best solution 0.685792 from pop 16
Best solution 0.685792 from pop 16 k = 18
Total time = 65.5898
Time to Best ttb = 0
 
Execução 16 
Best solution 0.667023 from pop 17
Best solution 0.667023 from pop 17 k = 19
Total time = 65.8208
Time to Best ttb = 0
 
Execução 17 
Best solution 0.676497 from pop 17
Best solution 0.676497 from pop 17 k = 19
Total time = 65.6206
Time to Best ttb = 0
 
Execução 18 
Best solution 0.684821 from pop 17
Best solution 0.684821 from pop 17 k = 19
Total time = 65.7094
Time to Best ttb = 0
 
Execução 19 
Best solution 0.685408 from pop 15
Best solution 0.685408 from pop 15 k = 17
Total time = 65.689
Time to Best ttb = 0
 
Execução 20 
Best solution 0.672593 from pop 13
Best solution 0.672593 from pop 13 k = 15
Total time = 65.5184
Time to Best ttb = 0
 
Execução 21 
Best solution 0.678933 from pop 13
Best solution 0.678933 from pop 13 k = 15
Total time = 65.8384
Time to Best ttb = 0
 
Execução 22 
Best solution 0.685519 from pop 14
Best solution 0.685519 from pop 14 k = 16
Total time = 65.9627
Time to Best ttb = 0
 
Execução 23 
Best solution 0.677611 from pop 15
Best solution 0.677611 from pop 15 k = 17
Total time = 65.9706
Time to Best ttb = 0
 
Execução 24 
Best solution 0.669203 from pop 15
Best solution 0.669203 from pop 15 k = 17
Total time = 65.5934
Time to Best ttb = 0
 
Execução 25 
Best solution 0.669168 from pop 15
Best solution 0.669168 from pop 15 k = 17
Total time = 65.9102
Time to Best ttb = 0
 
Execução 26 
Best solution 0.675905 from pop 15
Best solution 0.675905 from pop 15 k = 17
Total time = 65.9279
Time to Best ttb = 0
 
Execução 27 
Best solution 0.688817 from pop 14
Best solution 0.688817 from pop 14 k = 16
Total time = 65.4337
Time to Best ttb = 0
 
Execução 28 
Best solution 0.68225 from pop 13
Best solution 0.68225 from pop 13 k = 15
Total time = 66.1007
Time to Best ttb = 0
 
Execução 29 
Best solution 0.675362 from pop 14
Best solution 0.675362 from pop 14 k = 16
Total time = 65.3507
Time to Best ttb = 0
 
Execução 30 
Best solution 0.669969 from pop 17
Best solution 0.669969 from pop 17 k = 19
Total time = 65.9953
Time to Best ttb = 0
 
