Execução 1 
Best solution 0.661506 from pop 4
Best solution 0.661506 from pop 4 k = 6
Total time = 99.397
Time to Best ttb = 0
 
Execução 2 
Best solution 0.661216 from pop 4
Best solution 0.661216 from pop 4 k = 6
Total time = 99.6565
Time to Best ttb = 0
 
Execução 3 
Best solution 0.660872 from pop 4
Best solution 0.660872 from pop 4 k = 6
Total time = 99.0952
Time to Best ttb = 0
 
Execução 4 
Best solution 0.661506 from pop 4
Best solution 0.661506 from pop 4 k = 6
Total time = 99.5098
Time to Best ttb = 0
 
Execução 5 
Best solution 0.660872 from pop 4
Best solution 0.660872 from pop 4 k = 6
Total time = 99.5453
Time to Best ttb = 0
 
Execução 6 
Best solution 0.660872 from pop 4
Best solution 0.660872 from pop 4 k = 6
Total time = 99.6943
Time to Best ttb = 0
 
Execução 7 
Best solution 0.661506 from pop 4
Best solution 0.661506 from pop 4 k = 6
Total time = 99.2458
Time to Best ttb = 0
 
Execução 8 
Best solution 0.661506 from pop 4
Best solution 0.661506 from pop 4 k = 6
Total time = 99.3439
Time to Best ttb = 0
 
Execução 9 
Best solution 0.661506 from pop 4
Best solution 0.661506 from pop 4 k = 6
Total time = 99.3323
Time to Best ttb = 0
 
Execução 10 
Best solution 0.660904 from pop 4
Best solution 0.660904 from pop 4 k = 6
Total time = 99.3014
Time to Best ttb = 0
 
Execução 11 
Best solution 0.661506 from pop 4
New best 0.661506 from pop 4
Best solution 0.661506 from pop 4 k = 6
Total time = 99.3795
Time to Best ttb = 99.3794
 
Execução 12 
Best solution 0.661506 from pop 4
Best solution 0.661506 from pop 4 k = 6
Total time = 99.6866
Time to Best ttb = 0
 
Execução 13 
Best solution 0.661359 from pop 4
Best solution 0.661359 from pop 4 k = 6
Total time = 99.6882
Time to Best ttb = 0
 
Execução 14 
Best solution 0.660872 from pop 4
Best solution 0.660872 from pop 4 k = 6
Total time = 99.6328
Time to Best ttb = 0
 
Execução 15 
Best solution 0.662083 from pop 4
Best solution 0.662083 from pop 4 k = 6
Total time = 99.5197
Time to Best ttb = 0
 
Execução 16 
Best solution 0.661938 from pop 4
Best solution 0.661938 from pop 4 k = 6
Total time = 99.2915
Time to Best ttb = 0
 
Execução 17 
Best solution 0.660872 from pop 4
Best solution 0.660872 from pop 4 k = 6
Total time = 99.4352
Time to Best ttb = 0
 
Execução 18 
Best solution 0.661938 from pop 4
Best solution 0.661938 from pop 4 k = 6
Total time = 99.7955
Time to Best ttb = 0
 
Execução 19 
Best solution 0.660273 from pop 4
Best solution 0.660273 from pop 4 k = 6
Total time = 99.593
Time to Best ttb = 0
 
Execução 20 
Best solution 0.661506 from pop 4
Best solution 0.661506 from pop 4 k = 6
Total time = 99.4655
Time to Best ttb = 0
 
Execução 21 
Best solution 0.66006 from pop 4
Best solution 0.66006 from pop 4 k = 6
Total time = 99.8112
Time to Best ttb = 0
 
Execução 22 
Best solution 0.661506 from pop 4
Best solution 0.661506 from pop 4 k = 6
Total time = 99.371
Time to Best ttb = 0
 
Execução 23 
Best solution 0.662603 from pop 4
Best solution 0.662603 from pop 4 k = 6
Total time = 99.73
Time to Best ttb = 0
 
Execução 24 
Best solution 0.660872 from pop 4
Best solution 0.660872 from pop 4 k = 6
Total time = 99.2905
Time to Best ttb = 0
 
Execução 25 
Best solution 0.660872 from pop 4
Best solution 0.660872 from pop 4 k = 6
Total time = 99.8835
Time to Best ttb = 0
 
Execução 26 
Best solution 0.662083 from pop 4
Best solution 0.662083 from pop 4 k = 6
Total time = 99.2109
Time to Best ttb = 0
 
Execução 27 
Best solution 0.660511 from pop 4
Best solution 0.660511 from pop 4 k = 6
Total time = 99.6529
Time to Best ttb = 0
 
Execução 28 
Best solution 0.661506 from pop 4
Best solution 0.661506 from pop 4 k = 6
Total time = 99.4808
Time to Best ttb = 0
 
Execução 29 
Best solution 0.661938 from pop 4
Best solution 0.661938 from pop 4 k = 6
Total time = 99.7589
Time to Best ttb = 0
 
Execução 30 
Best solution 0.661938 from pop 4
Best solution 0.661938 from pop 4 k = 6
Total time = 99.1475
Time to Best ttb = 0
 
