Execução 1 
Best solution 0.666915 from pop 20
Best solution 0.666915 from pop 20 k = 22
Total time = 100.547
Time to Best ttb = 0
 
Execução 2 
Best solution 0.660007 from pop 18
Best solution 0.660007 from pop 18 k = 20
Total time = 99.8635
Time to Best ttb = 0
 
Execução 3 
Best solution 0.66147 from pop 16
Best solution 0.66147 from pop 16 k = 18
Total time = 100.612
Time to Best ttb = 0
 
Execução 4 
Best solution 0.66439 from pop 18
Best solution 0.66439 from pop 18 k = 20
Total time = 100.209
Time to Best ttb = 0
 
Execução 5 
Best solution 0.667471 from pop 15
Best solution 0.667471 from pop 15 k = 17
Total time = 100.412
Time to Best ttb = 0
 
Execução 6 
Best solution 0.657825 from pop 23
Best solution 0.657825 from pop 23 k = 25
Total time = 100.697
Time to Best ttb = 0
 
Execução 7 
Best solution 0.65438 from pop 18
Best solution 0.65438 from pop 18 k = 20
Total time = 99.9609
Time to Best ttb = 0
 
Execução 8 
Best solution 0.661313 from pop 19
Best solution 0.661313 from pop 19 k = 21
Total time = 100.339
Time to Best ttb = 0
 
Execução 9 
Best solution 0.668136 from pop 17
Best solution 0.668136 from pop 17 k = 19
Total time = 100.106
Time to Best ttb = 0
 
Execução 10 
Best solution 0.656578 from pop 18
Best solution 0.656578 from pop 18 k = 20
Total time = 99.9798
Time to Best ttb = 0
 
Execução 11 
Best solution 0.66245 from pop 18
Best solution 0.66245 from pop 18 k = 20
Total time = 100.057
Time to Best ttb = 0
 
Execução 12 
Best solution 0.684908 from pop 16
Best solution 0.684908 from pop 16 k = 18
Total time = 99.9213
Time to Best ttb = 0
 
Execução 13 
Best solution 0.662642 from pop 21
Best solution 0.662642 from pop 21 k = 23
Total time = 100.792
Time to Best ttb = 0
 
Execução 14 
Best solution 0.687464 from pop 19
Best solution 0.687464 from pop 19 k = 21
Total time = 100.087
Time to Best ttb = 0
 
Execução 15 
Best solution 0.665853 from pop 17
Best solution 0.665853 from pop 17 k = 19
Total time = 100.253
Time to Best ttb = 0
 
Execução 16 
Best solution 0.671447 from pop 21
Best solution 0.671447 from pop 21 k = 23
Total time = 100.747
Time to Best ttb = 0
 
Execução 17 
Best solution 0.679248 from pop 19
Best solution 0.679248 from pop 19 k = 21
Total time = 99.7957
Time to Best ttb = 0
 
Execução 18 
Best solution 0.659304 from pop 19
Best solution 0.659304 from pop 19 k = 21
Total time = 100.494
Time to Best ttb = 0
 
Execução 19 
Best solution 0.677426 from pop 18
Best solution 0.677426 from pop 18 k = 20
Total time = 100.468
Time to Best ttb = 0
 
Execução 20 
Best solution 0.667237 from pop 17
Best solution 0.667237 from pop 17 k = 19
Total time = 100.027
Time to Best ttb = 0
 
Execução 21 
Best solution 0.667351 from pop 16
Best solution 0.667351 from pop 16 k = 18
Total time = 100.794
Time to Best ttb = 0
 
Execução 22 
Best solution 0.678048 from pop 18
Best solution 0.678048 from pop 18 k = 20
Total time = 100.277
Time to Best ttb = 0
 
Execução 23 
Best solution 0.662928 from pop 16
Best solution 0.662928 from pop 16 k = 18
Total time = 100.401
Time to Best ttb = 0
 
Execução 24 
Best solution 0.655779 from pop 19
Best solution 0.655779 from pop 19 k = 21
Total time = 100.106
Time to Best ttb = 0
 
Execução 25 
Best solution 0.652601 from pop 21
Best solution 0.652601 from pop 21 k = 23
Total time = 100.643
Time to Best ttb = 0
 
Execução 26 
Best solution 0.657032 from pop 18
Best solution 0.657032 from pop 18 k = 20
Total time = 100.109
Time to Best ttb = 0
 
Execução 27 
Best solution 0.67084 from pop 23
Best solution 0.67084 from pop 23 k = 25
Total time = 100.521
Time to Best ttb = 0
 
Execução 28 
Best solution 0.659906 from pop 20
Best solution 0.659906 from pop 20 k = 22
Total time = 109.239
Time to Best ttb = 0
 
Execução 29 
Best solution 0.649744 from pop 18
Best solution 0.649744 from pop 18 k = 20
Total time = 100.494
Time to Best ttb = 0
 
Execução 30 
Best solution 0.655938 from pop 24
Best solution 0.655938 from pop 24 k = 26
Total time = 100.379
Time to Best ttb = 0
 
