Execução 1 
Best solution 0.623125 from pop 18
Best solution 0.623125 from pop 18 k = 20
Total time = 142.677
Time to Best ttb = 0
 
Execução 2 
Best solution 0.608015 from pop 19
New best 0.610406 from pop 19
Best solution 0.610406 from pop 19 k = 21
Total time = 142.376
Time to Best ttb = 142.376
 
Execução 3 
Best solution 0.607048 from pop 14
Best solution 0.607048 from pop 14 k = 16
Total time = 142.046
Time to Best ttb = 0
 
Execução 4 
Best solution 0.610769 from pop 21
Best solution 0.610769 from pop 21 k = 23
Total time = 142.927
Time to Best ttb = 0
 
Execução 5 
Best solution 0.616259 from pop 15
Best solution 0.616259 from pop 15 k = 17
Total time = 142.519
Time to Best ttb = 0
 
Execução 6 
Best solution 0.611068 from pop 17
Best solution 0.611068 from pop 17 k = 19
Total time = 142.523
Time to Best ttb = 0
 
Execução 7 
Best solution 0.601947 from pop 14
Best solution 0.601947 from pop 14 k = 16
Total time = 142.358
Time to Best ttb = 0
 
Execução 8 
Best solution 0.610273 from pop 15
Best solution 0.610273 from pop 15 k = 17
Total time = 142.581
Time to Best ttb = 0
 
Execução 9 
Best solution 0.625089 from pop 16
Best solution 0.625089 from pop 16 k = 18
Total time = 142.499
Time to Best ttb = 0
 
Execução 10 
Best solution 0.609652 from pop 16
Best solution 0.609652 from pop 16 k = 18
Total time = 142.437
Time to Best ttb = 0
 
Execução 11 
Best solution 0.624973 from pop 16
Best solution 0.624973 from pop 16 k = 18
Total time = 142.516
Time to Best ttb = 0
 
Execução 12 
Best solution 0.616581 from pop 16
Best solution 0.616581 from pop 16 k = 18
Total time = 142.638
Time to Best ttb = 0
 
Execução 13 
Best solution 0.613519 from pop 14
Best solution 0.613519 from pop 14 k = 16
Total time = 142.197
Time to Best ttb = 0
 
Execução 14 
Best solution 0.615003 from pop 16
Best solution 0.615003 from pop 16 k = 18
Total time = 142.424
Time to Best ttb = 0
 
Execução 15 
Best solution 0.609426 from pop 20
New best 0.617031 from pop 14
Best solution 0.617031 from pop 14 k = 16
Total time = 142.654
Time to Best ttb = 142.654
 
Execução 16 
Best solution 0.617226 from pop 14
Best solution 0.617226 from pop 14 k = 16
Total time = 142.63
Time to Best ttb = 0
 
Execução 17 
Best solution 0.612669 from pop 15
Best solution 0.612669 from pop 15 k = 17
Total time = 142.419
Time to Best ttb = 0
 
Execução 18 
Best solution 0.603966 from pop 19
Best solution 0.603966 from pop 19 k = 21
Total time = 142.386
Time to Best ttb = 0
 
Execução 19 
Best solution 0.601531 from pop 16
Best solution 0.601531 from pop 16 k = 18
Total time = 142.252
Time to Best ttb = 0
 
Execução 20 
Best solution 0.60996 from pop 13
Best solution 0.60996 from pop 13 k = 15
Total time = 142.409
Time to Best ttb = 0
 
Execução 21 
Best solution 0.610241 from pop 18
Best solution 0.610241 from pop 18 k = 20
Total time = 142.857
Time to Best ttb = 0
 
Execução 22 
Best solution 0.619339 from pop 18
Best solution 0.619339 from pop 18 k = 20
Total time = 142.381
Time to Best ttb = 0
 
Execução 23 
Best solution 0.6131 from pop 15
Best solution 0.6131 from pop 15 k = 17
Total time = 142.882
Time to Best ttb = 0
 
Execução 24 
Best solution 0.617182 from pop 17
Best solution 0.617182 from pop 17 k = 19
Total time = 142.255
Time to Best ttb = 0
 
Execução 25 
Best solution 0.610055 from pop 18
Best solution 0.610055 from pop 18 k = 20
Total time = 142.586
Time to Best ttb = 0
 
Execução 26 
Best solution 0.616784 from pop 17
Best solution 0.616784 from pop 17 k = 19
Total time = 141.995
Time to Best ttb = 0
 
Execução 27 
Best solution 0.617013 from pop 18
New best 0.620747 from pop 16
Best solution 0.620747 from pop 16 k = 18
Total time = 142.531
Time to Best ttb = 142.531
 
Execução 28 
Best solution 0.618198 from pop 16
Best solution 0.618198 from pop 16 k = 18
Total time = 142.379
Time to Best ttb = 0
 
Execução 29 
Best solution 0.619919 from pop 15
Best solution 0.619919 from pop 15 k = 17
Total time = 142.116
Time to Best ttb = 0
 
Execução 30 
Best solution 0.614388 from pop 15
Best solution 0.614388 from pop 15 k = 17
Total time = 142.665
Time to Best ttb = 0
 
