Execução 1 
Best solution 0.668925 from pop 17
Best solution 0.668925 from pop 17 k = 19
Total time = 142.372
Time to Best ttb = 0
 
Execução 2 
Best solution 0.649648 from pop 16
Best solution 0.649648 from pop 16 k = 18
Total time = 142.444
Time to Best ttb = 0
 
Execução 3 
Best solution 0.643787 from pop 21
Best solution 0.643787 from pop 21 k = 23
Total time = 141.007
Time to Best ttb = 0
 
Execução 4 
Best solution 0.654017 from pop 23
New best 0.655721 from pop 25
Best solution 0.655721 from pop 25 k = 27
Total time = 142.709
Time to Best ttb = 142.709
 
Execução 5 
Best solution 0.656991 from pop 21
Best solution 0.656991 from pop 21 k = 23
Total time = 141.186
Time to Best ttb = 0
 
Execução 6 
Best solution 0.654356 from pop 20
Best solution 0.654356 from pop 20 k = 22
Total time = 142.55
Time to Best ttb = 0
 
Execução 7 
Best solution 0.661189 from pop 23
Best solution 0.661189 from pop 23 k = 25
Total time = 142.143
Time to Best ttb = 0
 
Execução 8 
Best solution 0.66648 from pop 17
Best solution 0.66648 from pop 17 k = 19
Total time = 142.144
Time to Best ttb = 0
 
Execução 9 
Best solution 0.649333 from pop 16
Best solution 0.649333 from pop 16 k = 18
Total time = 142.211
Time to Best ttb = 0
 
Execução 10 
Best solution 0.648329 from pop 21
Best solution 0.648329 from pop 21 k = 23
Total time = 142.462
Time to Best ttb = 0
 
Execução 11 
Best solution 0.648116 from pop 24
Best solution 0.648116 from pop 24 k = 26
Total time = 142.002
Time to Best ttb = 0
 
Execução 12 
Best solution 0.650082 from pop 21
Best solution 0.650082 from pop 21 k = 23
Total time = 142.268
Time to Best ttb = 0
 
Execução 13 
Best solution 0.659976 from pop 22
Best solution 0.659976 from pop 22 k = 24
Total time = 145.228
Time to Best ttb = 0
 
Execução 14 
Best solution 0.64718 from pop 24
Best solution 0.64718 from pop 24 k = 26
Total time = 141.518
Time to Best ttb = 0
 
Execução 15 
Best solution 0.644163 from pop 20
Best solution 0.644163 from pop 20 k = 22
Total time = 142.059
Time to Best ttb = 0
 
Execução 16 
Best solution 0.660866 from pop 19
Best solution 0.660866 from pop 19 k = 21
Total time = 142.236
Time to Best ttb = 0
 
Execução 17 
Best solution 0.656287 from pop 21
Best solution 0.656287 from pop 21 k = 23
Total time = 142.507
Time to Best ttb = 0
 
Execução 18 
Best solution 0.658723 from pop 17
Best solution 0.658723 from pop 17 k = 19
Total time = 142.248
Time to Best ttb = 0
 
Execução 19 
Best solution 0.648599 from pop 19
Best solution 0.648599 from pop 19 k = 21
Total time = 141.686
Time to Best ttb = 0
 
Execução 20 
Best solution 0.651457 from pop 21
Best solution 0.651457 from pop 21 k = 23
Total time = 144.487
Time to Best ttb = 0
 
Execução 21 
Best solution 0.644437 from pop 16
Best solution 0.644437 from pop 16 k = 18
Total time = 142.57
Time to Best ttb = 0
 
Execução 22 
Best solution 0.680214 from pop 21
Best solution 0.680214 from pop 21 k = 23
Total time = 141.737
Time to Best ttb = 0
 
Execução 23 
Best solution 0.656153 from pop 25
Best solution 0.656153 from pop 25 k = 27
Total time = 142.94
Time to Best ttb = 0
 
Execução 24 
Best solution 0.660198 from pop 18
Best solution 0.660198 from pop 18 k = 20
Total time = 142.398
Time to Best ttb = 0
 
Execução 25 
Best solution 0.651638 from pop 22
Best solution 0.651638 from pop 22 k = 24
Total time = 142.386
Time to Best ttb = 0
 
Execução 26 
Best solution 0.650116 from pop 19
Best solution 0.650116 from pop 19 k = 21
Total time = 142.058
Time to Best ttb = 0
 
Execução 27 
Best solution 0.655124 from pop 22
New best 0.666867 from pop 16
Best solution 0.666867 from pop 16 k = 18
Total time = 141.336
Time to Best ttb = 141.336
 
Execução 28 
Best solution 0.654751 from pop 20
Best solution 0.654751 from pop 20 k = 22
Total time = 142.236
Time to Best ttb = 0
 
Execução 29 
Best solution 0.648184 from pop 20
Best solution 0.648184 from pop 20 k = 22
Total time = 141.13
Time to Best ttb = 0
 
Execução 30 
Best solution 0.663782 from pop 21
Best solution 0.663782 from pop 21 k = 23
Total time = 142.058
Time to Best ttb = 0
 
