Execução 1 
Best solution 0.646116 from pop 21
Best solution 0.646116 from pop 21 k = 23
Total time = 144.231
Time to Best ttb = 0
 
Execução 2 
Best solution 0.655855 from pop 22
Best solution 0.655855 from pop 22 k = 24
Total time = 142.365
Time to Best ttb = 0
 
Execução 3 
Best solution 0.649001 from pop 18
Best solution 0.649001 from pop 18 k = 20
Total time = 144.404
Time to Best ttb = 0
 
Execução 4 
Best solution 0.654715 from pop 23
Best solution 0.654715 from pop 23 k = 25
Total time = 142.351
Time to Best ttb = 0
 
Execução 5 
Best solution 0.649871 from pop 20
Best solution 0.649871 from pop 20 k = 22
Total time = 144.54
Time to Best ttb = 0
 
Execução 6 
Best solution 0.67768 from pop 20
Best solution 0.67768 from pop 20 k = 22
Total time = 142.797
Time to Best ttb = 0
 
Execução 7 
Best solution 0.653273 from pop 22
Best solution 0.653273 from pop 22 k = 24
Total time = 144.039
Time to Best ttb = 0
 
Execução 8 
Best solution 0.644749 from pop 23
Best solution 0.644749 from pop 23 k = 25
Total time = 143.304
Time to Best ttb = 0
 
Execução 9 
Best solution 0.646025 from pop 18
Best solution 0.646025 from pop 18 k = 20
Total time = 144.588
Time to Best ttb = 0
 
Execução 10 
Best solution 0.6553 from pop 17
Best solution 0.6553 from pop 17 k = 19
Total time = 143.281
Time to Best ttb = 0
 
Execução 11 
Best solution 0.64779 from pop 18
Best solution 0.64779 from pop 18 k = 20
Total time = 143.99
Time to Best ttb = 0
 
Execução 12 
Best solution 0.646224 from pop 17
Best solution 0.646224 from pop 17 k = 19
Total time = 143.29
Time to Best ttb = 0
 
Execução 13 
Best solution 0.653874 from pop 18
Best solution 0.653874 from pop 18 k = 20
Total time = 143.868
Time to Best ttb = 0
 
Execução 14 
Best solution 0.655328 from pop 22
Best solution 0.655328 from pop 22 k = 24
Total time = 143.38
Time to Best ttb = 0
 
Execução 15 
Best solution 0.655921 from pop 16
Best solution 0.655921 from pop 16 k = 18
Total time = 144.547
Time to Best ttb = 0
 
Execução 16 
Best solution 0.642298 from pop 19
Best solution 0.642298 from pop 19 k = 21
Total time = 144.392
Time to Best ttb = 0
 
Execução 17 
Best solution 0.646281 from pop 18
Best solution 0.646281 from pop 18 k = 20
Total time = 145.021
Time to Best ttb = 0
 
Execução 18 
Best solution 0.655983 from pop 21
Best solution 0.655983 from pop 21 k = 23
Total time = 144.516
Time to Best ttb = 0
 
Execução 19 
Best solution 0.660209 from pop 22
Best solution 0.660209 from pop 22 k = 24
Total time = 144.368
Time to Best ttb = 0
 
Execução 20 
Best solution 0.643716 from pop 20
Best solution 0.643716 from pop 20 k = 22
Total time = 144.454
Time to Best ttb = 0
 
Execução 21 
Best solution 0.656116 from pop 20
Best solution 0.656116 from pop 20 k = 22
Total time = 144.591
Time to Best ttb = 0
 
Execução 22 
Best solution 0.656455 from pop 20
Best solution 0.656455 from pop 20 k = 22
Total time = 142.93
Time to Best ttb = 0
 
Execução 23 
Best solution 0.659066 from pop 23
Best solution 0.659066 from pop 23 k = 25
Total time = 146.709
Time to Best ttb = 0
 
Execução 24 
Best solution 0.65675 from pop 20
Best solution 0.65675 from pop 20 k = 22
Total time = 146.894
Time to Best ttb = 0
 
Execução 25 
Best solution 0.651615 from pop 26
Best solution 0.651615 from pop 26 k = 28
Total time = 144.54
Time to Best ttb = 0
 
Execução 26 
Best solution 0.644423 from pop 16
Best solution 0.644423 from pop 16 k = 18
Total time = 144.635
Time to Best ttb = 0
 
Execução 27 
Best solution 0.651986 from pop 15
Best solution 0.651986 from pop 15 k = 17
Total time = 144.502
Time to Best ttb = 0
 
Execução 28 
Best solution 0.643141 from pop 21
New best 0.65199 from pop 25
Best solution 0.65199 from pop 25 k = 27
Total time = 143.93
Time to Best ttb = 143.929
 
Execução 29 
Best solution 0.654558 from pop 19
Best solution 0.654558 from pop 19 k = 21
Total time = 144.936
Time to Best ttb = 0
 
Execução 30 
Best solution 0.649578 from pop 26
Best solution 0.649578 from pop 26 k = 28
Total time = 144.535
Time to Best ttb = 0
 
