Execução 1 
Best solution 0.654226 from pop 7
Best solution 0.654226 from pop 7 k = 9
Total time = 141.356
Time to Best ttb = 0
 
Execução 2 
Best solution 0.659308 from pop 8
Best solution 0.659308 from pop 8 k = 10
Total time = 142.368
Time to Best ttb = 0
 
Execução 3 
Best solution 0.652717 from pop 8
Best solution 0.652717 from pop 8 k = 10
Total time = 142.173
Time to Best ttb = 0
 
Execução 4 
Best solution 0.65705 from pop 8
Best solution 0.65705 from pop 8 k = 10
Total time = 142.462
Time to Best ttb = 0
 
Execução 5 
Best solution 0.655264 from pop 8
Best solution 0.655264 from pop 8 k = 10
Total time = 141.969
Time to Best ttb = 0
 
Execução 6 
Best solution 0.655182 from pop 7
Best solution 0.655182 from pop 7 k = 9
Total time = 141.04
Time to Best ttb = 0
 
Execução 7 
Best solution 0.65668 from pop 8
Best solution 0.65668 from pop 8 k = 10
Total time = 142.142
Time to Best ttb = 0
 
Execução 8 
Best solution 0.654653 from pop 7
Best solution 0.654653 from pop 7 k = 9
Total time = 147.504
Time to Best ttb = 0
 
Execução 9 
Best solution 0.656272 from pop 8
Best solution 0.656272 from pop 8 k = 10
Total time = 144.001
Time to Best ttb = 0
 
Execução 10 
Best solution 0.657196 from pop 9
Best solution 0.657196 from pop 9 k = 11
Total time = 141.963
Time to Best ttb = 0
 
Execução 11 
Best solution 0.65616 from pop 7
Best solution 0.65616 from pop 7 k = 9
Total time = 142.09
Time to Best ttb = 0
 
Execução 12 
Best solution 0.658527 from pop 8
Best solution 0.658527 from pop 8 k = 10
Total time = 142.149
Time to Best ttb = 0
 
Execução 13 
Best solution 0.661204 from pop 8
Best solution 0.661204 from pop 8 k = 10
Total time = 142.408
Time to Best ttb = 0
 
Execução 14 
Best solution 0.656512 from pop 7
Best solution 0.656512 from pop 7 k = 9
Total time = 141.777
Time to Best ttb = 0
 
Execução 15 
Best solution 0.655101 from pop 8
Best solution 0.655101 from pop 8 k = 10
Total time = 141.977
Time to Best ttb = 0
 
Execução 16 
Best solution 0.659335 from pop 8
Best solution 0.659335 from pop 8 k = 10
Total time = 142.309
Time to Best ttb = 0
 
Execução 17 
Best solution 0.653803 from pop 9
Best solution 0.653803 from pop 9 k = 11
Total time = 144.163
Time to Best ttb = 0
 
Execução 18 
Best solution 0.652424 from pop 8
Best solution 0.652424 from pop 8 k = 10
Total time = 142.17
Time to Best ttb = 0
 
Execução 19 
Best solution 0.655711 from pop 7
Best solution 0.655711 from pop 7 k = 9
Total time = 142.699
Time to Best ttb = 0
 
Execução 20 
Best solution 0.656491 from pop 8
Best solution 0.656491 from pop 8 k = 10
Total time = 140.616
Time to Best ttb = 0
 
Execução 21 
Best solution 0.653605 from pop 8
Best solution 0.653605 from pop 8 k = 10
Total time = 142.275
Time to Best ttb = 0
 
Execução 22 
Best solution 0.650333 from pop 8
New best 0.658641 from pop 8
Best solution 0.658641 from pop 8 k = 10
Total time = 142.063
Time to Best ttb = 142.063
 
Execução 23 
Best solution 0.651731 from pop 7
Best solution 0.651731 from pop 7 k = 9
Total time = 142.205
Time to Best ttb = 0
 
Execução 24 
Best solution 0.652564 from pop 8
Best solution 0.652564 from pop 8 k = 10
Total time = 142.091
Time to Best ttb = 0
 
Execução 25 
Best solution 0.651651 from pop 8
Best solution 0.651651 from pop 8 k = 10
Total time = 142.74
Time to Best ttb = 0
 
Execução 26 
Best solution 0.65387 from pop 7
Best solution 0.65387 from pop 7 k = 9
Total time = 140.4
Time to Best ttb = 0
 
Execução 27 
Best solution 0.657185 from pop 7
Best solution 0.657185 from pop 7 k = 9
Total time = 142.23
Time to Best ttb = 0
 
Execução 28 
Best solution 0.651991 from pop 7
Best solution 0.651991 from pop 7 k = 9
Total time = 142.557
Time to Best ttb = 0
 
Execução 29 
Best solution 0.654914 from pop 7
Best solution 0.654914 from pop 7 k = 9
Total time = 141.085
Time to Best ttb = 0
 
Execução 30 
Best solution 0.652615 from pop 9
New best 0.660027 from pop 8
Best solution 0.660027 from pop 8 k = 10
Total time = 142.27
Time to Best ttb = 142.27
 
