Execução 1 
Best solution 0.718771 from pop 15
Best solution 0.718771 from pop 15 k = 17
Total time = 191.651
Time to Best ttb = 0
 
Execução 2 
Best solution 0.719428 from pop 15
Best solution 0.719428 from pop 15 k = 17
Total time = 196.692
Time to Best ttb = 0
 
Execução 3 
Best solution 0.721616 from pop 17
Best solution 0.721616 from pop 17 k = 19
Total time = 194.554
Time to Best ttb = 0
 
Execução 4 
Best solution 0.72197 from pop 18
Best solution 0.72197 from pop 18 k = 20
Total time = 193.481
Time to Best ttb = 0
 
Execução 5 
Best solution 0.714708 from pop 21
Best solution 0.714708 from pop 21 k = 23
Total time = 193.325
Time to Best ttb = 0
 
Execução 6 
Best solution 0.718168 from pop 17
Best solution 0.718168 from pop 17 k = 19
Total time = 192.71
Time to Best ttb = 0
 
Execução 7 
Best solution 0.729125 from pop 17
Best solution 0.729125 from pop 17 k = 19
Total time = 192.456
Time to Best ttb = 0
 
Execução 8 
Best solution 0.717667 from pop 16
Best solution 0.717667 from pop 16 k = 18
Total time = 192.958
Time to Best ttb = 0
 
Execução 9 
Best solution 0.712483 from pop 14
Best solution 0.712483 from pop 14 k = 16
Total time = 198.034
Time to Best ttb = 0
 
Execução 10 
Best solution 0.721095 from pop 16
Best solution 0.721095 from pop 16 k = 18
Total time = 193.312
Time to Best ttb = 0
 
Execução 11 
Best solution 0.714056 from pop 17
Best solution 0.714056 from pop 17 k = 19
Total time = 190.805
Time to Best ttb = 0
 
Execução 12 
Best solution 0.729235 from pop 15
Best solution 0.729235 from pop 15 k = 17
Total time = 193.07
Time to Best ttb = 0
 
Execução 13 
Best solution 0.713982 from pop 17
Best solution 0.713982 from pop 17 k = 19
Total time = 192.956
Time to Best ttb = 0
 
Execução 14 
Best solution 0.716462 from pop 15
Best solution 0.716462 from pop 15 k = 17
Total time = 192.283
Time to Best ttb = 0
 
Execução 15 
Best solution 0.722909 from pop 15
Best solution 0.722909 from pop 15 k = 17
Total time = 190.595
Time to Best ttb = 0
 
Execução 16 
Best solution 0.712539 from pop 14
Best solution 0.712539 from pop 14 k = 16
Total time = 193.079
Time to Best ttb = 0
 
Execução 17 
Best solution 0.712408 from pop 18
Best solution 0.712408 from pop 18 k = 20
Total time = 193.337
Time to Best ttb = 0
 
Execução 18 
Best solution 0.717309 from pop 19
Best solution 0.717309 from pop 19 k = 21
Total time = 190.982
Time to Best ttb = 0
 
Execução 19 
Best solution 0.721616 from pop 17
New best 0.723869 from pop 15
Best solution 0.723869 from pop 15 k = 17
Total time = 192.928
Time to Best ttb = 192.928
 
Execução 20 
Best solution 0.726418 from pop 17
Best solution 0.726418 from pop 17 k = 19
Total time = 193.422
Time to Best ttb = 0
 
Execução 21 
Best solution 0.718399 from pop 16
Best solution 0.718399 from pop 16 k = 18
Total time = 191.984
Time to Best ttb = 0
 
Execução 22 
Best solution 0.716445 from pop 16
Best solution 0.716445 from pop 16 k = 18
Total time = 192.933
Time to Best ttb = 0
 
Execução 23 
Best solution 0.725109 from pop 19
Best solution 0.725109 from pop 19 k = 21
Total time = 191.677
Time to Best ttb = 0
 
Execução 24 
Best solution 0.727267 from pop 17
Best solution 0.727267 from pop 17 k = 19
Total time = 193.344
Time to Best ttb = 0
 
Execução 25 
Best solution 0.719493 from pop 17
Best solution 0.719493 from pop 17 k = 19
Total time = 193.146
Time to Best ttb = 0
 
Execução 26 
Best solution 0.71733 from pop 19
Best solution 0.71733 from pop 19 k = 21
Total time = 192.979
Time to Best ttb = 0
 
Execução 27 
Best solution 0.713399 from pop 15
Best solution 0.713399 from pop 15 k = 17
Total time = 193.351
Time to Best ttb = 0
 
Execução 28 
Best solution 0.723553 from pop 16
Best solution 0.723553 from pop 16 k = 18
Total time = 196.284
Time to Best ttb = 0
 
Execução 29 
Best solution 0.718678 from pop 17
New best 0.719732 from pop 18
Best solution 0.719732 from pop 18 k = 20
Total time = 192.194
Time to Best ttb = 192.194
 
Execução 30 
Best solution 0.722654 from pop 17
Best solution 0.722654 from pop 17 k = 19
Total time = 191.825
Time to Best ttb = 0
 
