Execução 1 
Best solution 0.666141 from pop 3
Best solution 0.666141 from pop 3 k = 5
Total time = 193.038
Time to Best ttb = 0
 
Execução 2 
Best solution 0.666353 from pop 3
Best solution 0.666353 from pop 3 k = 5
Total time = 191.193
Time to Best ttb = 0
 
Execução 3 
Best solution 0.666141 from pop 3
Best solution 0.666141 from pop 3 k = 5
Total time = 192.635
Time to Best ttb = 0
 
Execução 4 
Best solution 0.666141 from pop 3
Best solution 0.666141 from pop 3 k = 5
Total time = 192.316
Time to Best ttb = 0
 
Execução 5 
Best solution 0.665583 from pop 3
Best solution 0.665583 from pop 3 k = 5
Total time = 192.768
Time to Best ttb = 0
 
Execução 6 
Best solution 0.66583 from pop 3
Best solution 0.66583 from pop 3 k = 5
Total time = 193.036
Time to Best ttb = 0
 
Execução 7 
Best solution 0.665833 from pop 3
Best solution 0.665833 from pop 3 k = 5
Total time = 193.727
Time to Best ttb = 0
 
Execução 8 
Best solution 0.666118 from pop 3
Best solution 0.666118 from pop 3 k = 5
Total time = 189.807
Time to Best ttb = 0
 
Execução 9 
Best solution 0.666141 from pop 3
Best solution 0.666141 from pop 3 k = 5
Total time = 193.406
Time to Best ttb = 0
 
Execução 10 
Best solution 0.666409 from pop 3
Best solution 0.666409 from pop 3 k = 5
Total time = 192.383
Time to Best ttb = 0
 
Execução 11 
Best solution 0.666019 from pop 3
Best solution 0.666019 from pop 3 k = 5
Total time = 192.487
Time to Best ttb = 0
 
Execução 12 
Best solution 0.665833 from pop 3
Best solution 0.665833 from pop 3 k = 5
Total time = 189.867
Time to Best ttb = 0
 
Execução 13 
Best solution 0.665833 from pop 3
Best solution 0.665833 from pop 3 k = 5
Total time = 192.988
Time to Best ttb = 0
 
Execução 14 
Best solution 0.666353 from pop 3
Best solution 0.666353 from pop 3 k = 5
Total time = 189.543
Time to Best ttb = 0
 
Execução 15 
Best solution 0.666141 from pop 3
Best solution 0.666141 from pop 3 k = 5
Total time = 193.047
Time to Best ttb = 0
 
Execução 16 
Best solution 0.666046 from pop 3
Best solution 0.666046 from pop 3 k = 5
Total time = 188.573
Time to Best ttb = 0
 
Execução 17 
Best solution 0.66594 from pop 3
Best solution 0.66594 from pop 3 k = 5
Total time = 192.956
Time to Best ttb = 0
 
Execução 18 
Best solution 0.665833 from pop 3
Best solution 0.665833 from pop 3 k = 5
Total time = 192.668
Time to Best ttb = 0
 
Execução 19 
Best solution 0.666141 from pop 3
Best solution 0.666141 from pop 3 k = 5
Total time = 193.345
Time to Best ttb = 0
 
Execução 20 
Best solution 0.665833 from pop 3
Best solution 0.665833 from pop 3 k = 5
Total time = 188.343
Time to Best ttb = 0
 
Execução 21 
Best solution 0.666141 from pop 3
New best 0.666141 from pop 3
Best solution 0.666141 from pop 3 k = 5
Total time = 190.591
Time to Best ttb = 190.591
 
Execução 22 
Best solution 0.665617 from pop 3
Best solution 0.665617 from pop 3 k = 5
Total time = 194.391
Time to Best ttb = 0
 
Execução 23 
Best solution 0.666199 from pop 3
Best solution 0.666199 from pop 3 k = 5
Total time = 193.521
Time to Best ttb = 0
 
Execução 24 
Best solution 0.664828 from pop 3
Best solution 0.664828 from pop 3 k = 5
Total time = 193.28
Time to Best ttb = 0
 
Execução 25 
Best solution 0.666141 from pop 3
Best solution 0.666141 from pop 3 k = 5
Total time = 190.262
Time to Best ttb = 0
 
Execução 26 
Best solution 0.666199 from pop 3
Best solution 0.666199 from pop 3 k = 5
Total time = 194.012
Time to Best ttb = 0
 
Execução 27 
Best solution 0.666141 from pop 3
Best solution 0.666141 from pop 3 k = 5
Total time = 191.503
Time to Best ttb = 0
 
Execução 28 
Best solution 0.666353 from pop 3
Best solution 0.666353 from pop 3 k = 5
Total time = 193.316
Time to Best ttb = 0
 
Execução 29 
Best solution 0.666199 from pop 3
Best solution 0.666199 from pop 3 k = 5
Total time = 192.786
Time to Best ttb = 0
 
Execução 30 
Best solution 0.666141 from pop 3
Best solution 0.666141 from pop 3 k = 5
Total time = 188.912
Time to Best ttb = 0
 
