Execução 1 
Best solution 0.502869 from pop 3
Best solution 0.502869 from pop 3 k = 5
Total time = 141.942
Time to Best ttb = 0
 
Execução 2 
Best solution 0.502702 from pop 3
Best solution 0.502702 from pop 3 k = 5
Total time = 141.766
Time to Best ttb = 0
 
Execução 3 
Best solution 0.502916 from pop 3
Best solution 0.502916 from pop 3 k = 5
Total time = 141.778
Time to Best ttb = 0
 
Execução 4 
Best solution 0.50255 from pop 3
Best solution 0.50255 from pop 3 k = 5
Total time = 140.365
Time to Best ttb = 0
 
Execução 5 
Best solution 0.502489 from pop 3
Best solution 0.502489 from pop 3 k = 5
Total time = 141.991
Time to Best ttb = 0
 
Execução 6 
Best solution 0.502662 from pop 3
Best solution 0.502662 from pop 3 k = 5
Total time = 141.485
Time to Best ttb = 0
 
Execução 7 
Best solution 0.503168 from pop 3
Best solution 0.503168 from pop 3 k = 5
Total time = 139.203
Time to Best ttb = 0
 
Execução 8 
Best solution 0.502777 from pop 3
Best solution 0.502777 from pop 3 k = 5
Total time = 138.552
Time to Best ttb = 0
 
Execução 9 
Best solution 0.503038 from pop 3
Best solution 0.503038 from pop 3 k = 5
Total time = 139.252
Time to Best ttb = 0
 
Execução 10 
Best solution 0.502628 from pop 3
Best solution 0.502628 from pop 3 k = 5
Total time = 141.574
Time to Best ttb = 0
 
Execução 11 
Best solution 0.50273 from pop 3
Best solution 0.50273 from pop 3 k = 5
Total time = 140.503
Time to Best ttb = 0
 
Execução 12 
Best solution 0.502839 from pop 3
Best solution 0.502839 from pop 3 k = 5
Total time = 142.036
Time to Best ttb = 0
 
Execução 13 
Best solution 0.502994 from pop 3
Best solution 0.502994 from pop 3 k = 5
Total time = 141.915
Time to Best ttb = 0
 
Execução 14 
Best solution 0.503061 from pop 3
Best solution 0.503061 from pop 3 k = 5
Total time = 139.348
Time to Best ttb = 0
 
Execução 15 
Best solution 0.502773 from pop 3
Best solution 0.502773 from pop 3 k = 5
Total time = 141.811
Time to Best ttb = 0
 
Execução 16 
Best solution 0.502483 from pop 3
Best solution 0.502483 from pop 3 k = 5
Total time = 141.376
Time to Best ttb = 0
 
Execução 17 
Best solution 0.502376 from pop 3
Best solution 0.502376 from pop 3 k = 5
Total time = 140.571
Time to Best ttb = 0
 
Execução 18 
Best solution 0.502046 from pop 3
Best solution 0.502046 from pop 3 k = 5
Total time = 141.458
Time to Best ttb = 0
 
Execução 19 
Best solution 0.502565 from pop 3
Best solution 0.502565 from pop 3 k = 5
Total time = 140.12
Time to Best ttb = 0
 
Execução 20 
Best solution 0.502537 from pop 3
Best solution 0.502537 from pop 3 k = 5
Total time = 145.291
Time to Best ttb = 0
 
Execução 21 
Best solution 0.502473 from pop 3
Best solution 0.502473 from pop 3 k = 5
Total time = 141.086
Time to Best ttb = 0
 
Execução 22 
Best solution 0.50295 from pop 3
Best solution 0.50295 from pop 3 k = 5
Total time = 142.877
Time to Best ttb = 0
 
Execução 23 
Best solution 0.503014 from pop 3
Best solution 0.503014 from pop 3 k = 5
Total time = 140.728
Time to Best ttb = 0
 
Execução 24 
Best solution 0.502609 from pop 3
Best solution 0.502609 from pop 3 k = 5
Total time = 141.507
Time to Best ttb = 0
 
Execução 25 
Best solution 0.503012 from pop 3
Best solution 0.503012 from pop 3 k = 5
Total time = 140.341
Time to Best ttb = 0
 
Execução 26 
Best solution 0.503021 from pop 3
Best solution 0.503021 from pop 3 k = 5
Total time = 143.315
Time to Best ttb = 0
 
Execução 27 
Best solution 0.503014 from pop 3
Best solution 0.503014 from pop 3 k = 5
Total time = 141.685
Time to Best ttb = 0
 
Execução 28 
Best solution 0.501369 from pop 3
Best solution 0.501369 from pop 3 k = 5
Total time = 141.577
Time to Best ttb = 0
 
Execução 29 
Best solution 0.50293 from pop 3
Best solution 0.50293 from pop 3 k = 5
Total time = 141.519
Time to Best ttb = 0
 
Execução 30 
Best solution 0.502553 from pop 3
Best solution 0.502553 from pop 3 k = 5
Total time = 140.606
Time to Best ttb = 0
 
