Execução 1 
Best solution 0.686393 from pop 0
New best 0.686393 from pop 0
New best 0.686393 from pop 0
Best solution 0.686393 from pop 0 k = 2
Total time = 30.1874
Time to Best ttb = 16.4718
 
Execução 2 
Best solution 0.686393 from pop 0
New best 0.686393 from pop 0
Best solution 0.686393 from pop 0 k = 2
Total time = 30.1186
Time to Best ttb = 9.45126
 
Execução 3 
Best solution 0.686393 from pop 0
New best 0.686393 from pop 0
New best 0.686393 from pop 0
Best solution 0.686393 from pop 0 k = 2
Total time = 30.012
Time to Best ttb = 29.2418
 
Execução 4 
Best solution 0.686393 from pop 0
New best 0.686393 from pop 0
New best 0.686393 from pop 0
Best solution 0.686393 from pop 0 k = 2
Total time = 30.0977
Time to Best ttb = 17.4162
 
Execução 5 
Best solution 0.686393 from pop 0
New best 0.686393 from pop 0
Best solution 0.686393 from pop 0 k = 2
Total time = 30.0087
Time to Best ttb = 6.32073
 
Execução 6 
Best solution 0.686393 from pop 0
New best 0.686393 from pop 0
Best solution 0.686393 from pop 0 k = 2
Total time = 30.0634
Time to Best ttb = 10.714
 
Execução 7 
Best solution 0.686393 from pop 0
New best 0.686393 from pop 0
Best solution 0.686393 from pop 0 k = 2
Total time = 30.2091
Time to Best ttb = 15.6911
 
Execução 8 
Best solution 0.686393 from pop 0
New best 0.686393 from pop 0
Best solution 0.686393 from pop 0 k = 2
Total time = 30.096
Time to Best ttb = 10.1923
 
Execução 9 
Best solution 0.686393 from pop 0
New best 0.686393 from pop 0
New best 0.686393 from pop 0
Best solution 0.686393 from pop 0 k = 2
Total time = 30.1492
Time to Best ttb = 14.1812
 
Execução 10 
Best solution 0.686393 from pop 0
New best 0.686393 from pop 0
Best solution 0.686393 from pop 0 k = 2
Total time = 30.1854
Time to Best ttb = 11.269
 
Execução 11 
Best solution 0.686393 from pop 0
New best 0.686393 from pop 0
New best 0.686393 from pop 0
Best solution 0.686393 from pop 0 k = 2
Total time = 30.1853
Time to Best ttb = 16.3624
 
Execução 12 
Best solution 0.686393 from pop 0
New best 0.686393 from pop 0
Best solution 0.686393 from pop 0 k = 2
Total time = 30.14
Time to Best ttb = 12.3201
 
Execução 13 
Best solution 0.686393 from pop 0
New best 0.686393 from pop 0
Best solution 0.686393 from pop 0 k = 2
Total time = 30.2249
Time to Best ttb = 11.3733
 
Execução 14 
Best solution 0.686393 from pop 0
Best solution 0.686393 from pop 0 k = 2
Total time = 30.0811
Time to Best ttb = 0
 
Execução 15 
Best solution 0.686393 from pop 0
New best 0.686393 from pop 0
New best 0.686393 from pop 0
Best solution 0.686393 from pop 0 k = 2
Total time = 30.0482
Time to Best ttb = 10.5664
 
Execução 16 
Best solution 0.686393 from pop 0
New best 0.686393 from pop 0
Best solution 0.686393 from pop 0 k = 2
Total time = 30.0103
Time to Best ttb = 7.29396
 
Execução 17 
Best solution 0.686393 from pop 0
New best 0.686393 from pop 0
Best solution 0.686393 from pop 0 k = 2
Total time = 30.2419
Time to Best ttb = 15.6306
 
Execução 18 
Best solution 0.686393 from pop 0
New best 0.686393 from pop 0
New best 0.686393 from pop 0
Best solution 0.686393 from pop 0 k = 2
Total time = 30.2005
Time to Best ttb = 18.0913
 
Execução 19 
Best solution 0.686393 from pop 0
New best 0.686393 from pop 0
New best 0.686393 from pop 0
Best solution 0.686393 from pop 0 k = 2
Total time = 30.0336
Time to Best ttb = 18.8461
 
Execução 20 
Best solution 0.686393 from pop 0
New best 0.686393 from pop 0
New best 0.686393 from pop 0
Best solution 0.686393 from pop 0 k = 2
Total time = 30.153
Time to Best ttb = 23.7759
 
Execução 21 
Best solution 0.686393 from pop 0
New best 0.686393 from pop 0
New best 0.686393 from pop 0
Best solution 0.686393 from pop 0 k = 2
Total time = 30.0797
Time to Best ttb = 11.9916
 
Execução 22 
Best solution 0.686393 from pop 0
New best 0.686393 from pop 0
Best solution 0.686393 from pop 0 k = 2
Total time = 30.1169
Time to Best ttb = 4.16233
 
Execução 23 
Best solution 0.686393 from pop 0
New best 0.686393 from pop 0
New best 0.686393 from pop 0
Best solution 0.686393 from pop 0 k = 2
Total time = 30.0612
Time to Best ttb = 8.36852
 
Execução 24 
Best solution 0.686393 from pop 0
Best solution 0.686393 from pop 0 k = 2
Total time = 30.1238
Time to Best ttb = 0
 
Execução 25 
Best solution 0.686393 from pop 0
New best 0.686393 from pop 0
New best 0.686393 from pop 0
Best solution 0.686393 from pop 0 k = 2
Total time = 30.2031
Time to Best ttb = 23.9515
 
Execução 26 
Best solution 0.686393 from pop 0
Best solution 0.686393 from pop 0 k = 2
Total time = 30.1177
Time to Best ttb = 0
 
Execução 27 
Best solution 0.686393 from pop 0
New best 0.686393 from pop 0
Best solution 0.686393 from pop 0 k = 2
Total time = 30.0486
Time to Best ttb = 7.53289
 
Execução 28 
Best solution 0.686393 from pop 0
New best 0.686393 from pop 0
Best solution 0.686393 from pop 0 k = 2
Total time = 30.2184
Time to Best ttb = 11.2793
 
Execução 29 
Best solution 0.686393 from pop 0
New best 0.686393 from pop 0
New best 0.686393 from pop 0
Best solution 0.686393 from pop 0 k = 2
Total time = 30.1455
Time to Best ttb = 25.7115
 
Execução 30 
Best solution 0.686393 from pop 0
Best solution 0.686393 from pop 0 k = 2
Total time = 30.1122
Time to Best ttb = 0
 
