Execução 1 
Best solution 0.574513 from pop 2
Best solution 0.574513 from pop 2 k = 4
Total time = 30.2222
Time to Best ttb = 0
 
Execução 2 
Best solution 0.574513 from pop 2
New best 0.574513 from pop 2
Best solution 0.574513 from pop 2 k = 4
Total time = 30.1489
Time to Best ttb = 19.129
 
Execução 3 
Best solution 0.574513 from pop 2
New best 0.574513 from pop 2
Best solution 0.574513 from pop 2 k = 4
Total time = 30.0352
Time to Best ttb = 23.1953
 
Execução 4 
Best solution 0.574513 from pop 2
Best solution 0.574513 from pop 2 k = 4
Total time = 30.1315
Time to Best ttb = 0
 
Execução 5 
Best solution 0.574513 from pop 2
New best 0.574513 from pop 2
Best solution 0.574513 from pop 2 k = 4
Total time = 30.1862
Time to Best ttb = 7.41935
 
Execução 6 
Best solution 0.574513 from pop 2
New best 0.574513 from pop 2
Best solution 0.574513 from pop 2 k = 4
Total time = 30.1841
Time to Best ttb = 21.9427
 
Execução 7 
Best solution 0.574513 from pop 2
Best solution 0.574513 from pop 2 k = 4
Total time = 30.0346
Time to Best ttb = 0
 
Execução 8 
Best solution 0.574513 from pop 2
New best 0.574513 from pop 2
Best solution 0.574513 from pop 2 k = 4
Total time = 30.0463
Time to Best ttb = 11.9621
 
Execução 9 
Best solution 0.574513 from pop 2
New best 0.574513 from pop 2
Best solution 0.574513 from pop 2 k = 4
Total time = 30.2736
Time to Best ttb = 8.28412
 
Execução 10 
Best solution 0.574513 from pop 2
New best 0.574513 from pop 2
Best solution 0.574513 from pop 2 k = 4
Total time = 30.213
Time to Best ttb = 6.55554
 
Execução 11 
Best solution 0.574513 from pop 2
New best 0.574513 from pop 2
Best solution 0.574513 from pop 2 k = 4
Total time = 30.1845
Time to Best ttb = 6.55658
 
Execução 12 
Best solution 0.574513 from pop 2
New best 0.574513 from pop 2
New best 0.574513 from pop 2
Best solution 0.574513 from pop 2 k = 4
Total time = 30.0063
Time to Best ttb = 29.684
 
Execução 13 
Best solution 0.574513 from pop 2
Best solution 0.574513 from pop 2 k = 4
Total time = 30.0905
Time to Best ttb = 0
 
Execução 14 
Best solution 0.574513 from pop 2
New best 0.574513 from pop 2
Best solution 0.574513 from pop 2 k = 4
Total time = 30.0663
Time to Best ttb = 17.0037
 
Execução 15 
Best solution 0.574513 from pop 2
New best 0.574513 from pop 2
Best solution 0.574513 from pop 2 k = 4
Total time = 30.2158
Time to Best ttb = 14.7639
 
Execução 16 
Best solution 0.574513 from pop 2
Best solution 0.574513 from pop 2 k = 4
Total time = 30.0614
Time to Best ttb = 0
 
Execução 17 
Best solution 0.574513 from pop 2
New best 0.574513 from pop 2
Best solution 0.574513 from pop 2 k = 4
Total time = 30.2044
Time to Best ttb = 19.6769
 
Execução 18 
Best solution 0.574513 from pop 2
New best 0.574513 from pop 2
Best solution 0.574513 from pop 2 k = 4
Total time = 30.2607
Time to Best ttb = 5.40383
 
Execução 19 
Best solution 0.574513 from pop 2
New best 0.574513 from pop 2
Best solution 0.574513 from pop 2 k = 4
Total time = 30.2372
Time to Best ttb = 7.6357
 
Execução 20 
Best solution 0.574513 from pop 2
New best 0.574513 from pop 2
Best solution 0.574513 from pop 2 k = 4
Total time = 30.1996
Time to Best ttb = 27.2647
 
Execução 21 
Best solution 0.574513 from pop 2
New best 0.574513 from pop 2
Best solution 0.574513 from pop 2 k = 4
Total time = 30.2075
Time to Best ttb = 18.9224
 
Execução 22 
Best solution 0.574513 from pop 2
New best 0.574513 from pop 2
Best solution 0.574513 from pop 2 k = 4
Total time = 30.1777
Time to Best ttb = 16.0969
 
Execução 23 
Best solution 0.574513 from pop 2
New best 0.574513 from pop 2
Best solution 0.574513 from pop 2 k = 4
Total time = 30.0034
Time to Best ttb = 9.81564
 
Execução 24 
Best solution 0.574513 from pop 2
New best 0.574513 from pop 2
Best solution 0.574513 from pop 2 k = 4
Total time = 30.1504
Time to Best ttb = 17.1263
 
Execução 25 
Best solution 0.574513 from pop 2
New best 0.574513 from pop 2
Best solution 0.574513 from pop 2 k = 4
Total time = 30.2295
Time to Best ttb = 17.2571
 
Execução 26 
Best solution 0.574513 from pop 2
New best 0.574513 from pop 2
Best solution 0.574513 from pop 2 k = 4
Total time = 30.1517
Time to Best ttb = 14.8976
 
Execução 27 
Best solution 0.574513 from pop 2
New best 0.574513 from pop 2
Best solution 0.574513 from pop 2 k = 4
Total time = 30.2029
Time to Best ttb = 20.4094
 
Execução 28 
Best solution 0.574513 from pop 2
New best 0.574513 from pop 2
Best solution 0.574513 from pop 2 k = 4
Total time = 30.1448
Time to Best ttb = 9.6411
 
Execução 29 
Best solution 0.574513 from pop 2
Best solution 0.574513 from pop 2 k = 4
Total time = 30.119
Time to Best ttb = 0
 
Execução 30 
Best solution 0.574513 from pop 2
New best 0.574513 from pop 2
Best solution 0.574513 from pop 2 k = 4
Total time = 30.1554
Time to Best ttb = 9.48986
 
