Execução 1 
Best solution 0.737657 from pop 2
Best solution 0.737657 from pop 2 k = 4
Total time = 30.0309
Time to Best ttb = 0
 
Execução 2 
Best solution 0.737657 from pop 2
Best solution 0.737657 from pop 2 k = 4
Total time = 30.017
Time to Best ttb = 0
 
Execução 3 
Best solution 0.737657 from pop 2
Best solution 0.737657 from pop 2 k = 4
Total time = 30.0213
Time to Best ttb = 0
 
Execução 4 
Best solution 0.737657 from pop 2
Best solution 0.737657 from pop 2 k = 4
Total time = 30.0464
Time to Best ttb = 0
 
Execução 5 
Best solution 0.737657 from pop 2
Best solution 0.737657 from pop 2 k = 4
Total time = 30.0115
Time to Best ttb = 0
 
Execução 6 
Best solution 0.737657 from pop 2
Best solution 0.737657 from pop 2 k = 4
Total time = 30.0272
Time to Best ttb = 0
 
Execução 7 
Best solution 0.737657 from pop 2
Best solution 0.737657 from pop 2 k = 4
Total time = 30.0446
Time to Best ttb = 0
 
Execução 8 
Best solution 0.737657 from pop 2
Best solution 0.737657 from pop 2 k = 4
Total time = 30.0453
Time to Best ttb = 0
 
Execução 9 
Best solution 0.737657 from pop 2
Best solution 0.737657 from pop 2 k = 4
Total time = 30.0517
Time to Best ttb = 0
 
Execução 10 
Best solution 0.737657 from pop 2
Best solution 0.737657 from pop 2 k = 4
Total time = 30.0108
Time to Best ttb = 0
 
Execução 11 
Best solution 0.737657 from pop 2
Best solution 0.737657 from pop 2 k = 4
Total time = 30.0086
Time to Best ttb = 0
 
Execução 12 
Best solution 0.737657 from pop 2
Best solution 0.737657 from pop 2 k = 4
Total time = 30.0117
Time to Best ttb = 0
 
Execução 13 
Best solution 0.737657 from pop 2
Best solution 0.737657 from pop 2 k = 4
Total time = 30.0298
Time to Best ttb = 0
 
Execução 14 
Best solution 0.737657 from pop 2
Best solution 0.737657 from pop 2 k = 4
Total time = 30.0118
Time to Best ttb = 0
 
Execução 15 
Best solution 0.737657 from pop 2
Best solution 0.737657 from pop 2 k = 4
Total time = 30.0151
Time to Best ttb = 0
 
Execução 16 
Best solution 0.737657 from pop 2
Best solution 0.737657 from pop 2 k = 4
Total time = 30.0023
Time to Best ttb = 0
 
Execução 17 
Best solution 0.737657 from pop 2
Best solution 0.737657 from pop 2 k = 4
Total time = 30.0245
Time to Best ttb = 0
 
Execução 18 
Best solution 0.737657 from pop 2
Best solution 0.737657 from pop 2 k = 4
Total time = 30.0211
Time to Best ttb = 0
 
Execução 19 
Best solution 0.737657 from pop 2
Best solution 0.737657 from pop 2 k = 4
Total time = 30.0094
Time to Best ttb = 0
 
Execução 20 
Best solution 0.737657 from pop 2
Best solution 0.737657 from pop 2 k = 4
Total time = 30.0028
Time to Best ttb = 0
 
Execução 21 
Best solution 0.737657 from pop 2
Best solution 0.737657 from pop 2 k = 4
Total time = 30.0297
Time to Best ttb = 0
 
Execução 22 
Best solution 0.737657 from pop 2
Best solution 0.737657 from pop 2 k = 4
Total time = 30.0427
Time to Best ttb = 0
 
Execução 23 
Best solution 0.737657 from pop 2
Best solution 0.737657 from pop 2 k = 4
Total time = 30.0418
Time to Best ttb = 0
 
Execução 24 
Best solution 0.737657 from pop 2
Best solution 0.737657 from pop 2 k = 4
Total time = 30.0148
Time to Best ttb = 0
 
Execução 25 
Best solution 0.737657 from pop 2
Best solution 0.737657 from pop 2 k = 4
Total time = 30.0235
Time to Best ttb = 0
 
Execução 26 
Best solution 0.737657 from pop 2
Best solution 0.737657 from pop 2 k = 4
Total time = 30.0024
Time to Best ttb = 0
 
Execução 27 
Best solution 0.737657 from pop 2
Best solution 0.737657 from pop 2 k = 4
Total time = 30.0417
Time to Best ttb = 0
 
Execução 28 
Best solution 0.737657 from pop 2
Best solution 0.737657 from pop 2 k = 4
Total time = 30.0098
Time to Best ttb = 0
 
Execução 29 
Best solution 0.737657 from pop 2
Best solution 0.737657 from pop 2 k = 4
Total time = 30.056
Time to Best ttb = 0
 
Execução 30 
Best solution 0.737657 from pop 2
Best solution 0.737657 from pop 2 k = 4
Total time = 30.0057
Time to Best ttb = 0
 
