Execução 1 
Best solution 0.420514 from pop 1
Best solution 0.420514 from pop 1 k = 3
Total time = 45.6965
Time to Best ttb = 0
 
Execução 2 
Best solution 0.420334 from pop 1
Best solution 0.420334 from pop 1 k = 3
Total time = 45.5971
Time to Best ttb = 0
 
Execução 3 
Best solution 0.420169 from pop 1
Best solution 0.420169 from pop 1 k = 3
Total time = 45.6464
Time to Best ttb = 0
 
Execução 4 
Best solution 0.420785 from pop 1
Best solution 0.420785 from pop 1 k = 3
Total time = 45.4944
Time to Best ttb = 0
 
Execução 5 
Best solution 0.419945 from pop 1
Best solution 0.419945 from pop 1 k = 3
Total time = 45.7995
Time to Best ttb = 0
 
Execução 6 
Best solution 0.420335 from pop 1
Best solution 0.420335 from pop 1 k = 3
Total time = 45.6611
Time to Best ttb = 0
 
Execução 7 
Best solution 0.419613 from pop 1
Best solution 0.419613 from pop 1 k = 3
Total time = 45.6535
Time to Best ttb = 0
 
Execução 8 
Best solution 0.420004 from pop 1
Best solution 0.420004 from pop 1 k = 3
Total time = 45.5011
Time to Best ttb = 0
 
Execução 9 
Best solution 0.420268 from pop 1
Best solution 0.420268 from pop 1 k = 3
Total time = 45.6371
Time to Best ttb = 0
 
Execução 10 
Best solution 0.419803 from pop 1
Best solution 0.419803 from pop 1 k = 3
Total time = 45.5187
Time to Best ttb = 0
 
Execução 11 
Best solution 0.420193 from pop 1
Best solution 0.420193 from pop 1 k = 3
Total time = 45.6789
Time to Best ttb = 0
 
Execução 12 
Best solution 0.421376 from pop 1
Best solution 0.421376 from pop 1 k = 3
Total time = 45.7957
Time to Best ttb = 0
 
Execução 13 
Best solution 0.420024 from pop 1
Best solution 0.420024 from pop 1 k = 3
Total time = 45.4833
Time to Best ttb = 0
 
Execução 14 
Best solution 0.420079 from pop 1
Best solution 0.420079 from pop 1 k = 3
Total time = 45.673
Time to Best ttb = 0
 
Execução 15 
Best solution 0.419902 from pop 1
Best solution 0.419902 from pop 1 k = 3
Total time = 45.6031
Time to Best ttb = 0
 
Execução 16 
Best solution 0.419912 from pop 1
Best solution 0.419912 from pop 1 k = 3
Total time = 45.5284
Time to Best ttb = 0
 
Execução 17 
Best solution 0.420466 from pop 1
Best solution 0.420466 from pop 1 k = 3
Total time = 45.4551
Time to Best ttb = 0
 
Execução 18 
Best solution 0.42072 from pop 1
Best solution 0.42072 from pop 1 k = 3
Total time = 45.6358
Time to Best ttb = 0
 
Execução 19 
Best solution 0.421011 from pop 1
Best solution 0.421011 from pop 1 k = 3
Total time = 45.7275
Time to Best ttb = 0
 
Execução 20 
Best solution 0.420507 from pop 1
Best solution 0.420507 from pop 1 k = 3
Total time = 45.6702
Time to Best ttb = 0
 
Execução 21 
Best solution 0.420317 from pop 1
Best solution 0.420317 from pop 1 k = 3
Total time = 45.5556
Time to Best ttb = 0
 
Execução 22 
Best solution 0.420432 from pop 1
Best solution 0.420432 from pop 1 k = 3
Total time = 45.6632
Time to Best ttb = 0
 
Execução 23 
Best solution 0.420684 from pop 1
Best solution 0.420684 from pop 1 k = 3
Total time = 45.5004
Time to Best ttb = 0
 
Execução 24 
Best solution 0.420051 from pop 1
Best solution 0.420051 from pop 1 k = 3
Total time = 45.5398
Time to Best ttb = 0
 
Execução 25 
Best solution 0.420193 from pop 1
Best solution 0.420193 from pop 1 k = 3
Total time = 45.662
Time to Best ttb = 0
 
Execução 26 
Best solution 0.419735 from pop 1
Best solution 0.419735 from pop 1 k = 3
Total time = 45.4658
Time to Best ttb = 0
 
Execução 27 
Best solution 0.42016 from pop 1
Best solution 0.42016 from pop 1 k = 3
Total time = 45.5919
Time to Best ttb = 0
 
Execução 28 
Best solution 0.419803 from pop 1
Best solution 0.419803 from pop 1 k = 3
Total time = 45.4293
Time to Best ttb = 0
 
Execução 29 
Best solution 0.420246 from pop 1
Best solution 0.420246 from pop 1 k = 3
Total time = 45.5819
Time to Best ttb = 0
 
Execução 30 
Best solution 0.420134 from pop 1
Best solution 0.420134 from pop 1 k = 3
Total time = 45.5375
Time to Best ttb = 0
 
