Execução 1 
Best solution 0.756699 from pop 7
New best 0.786821 from pop 8
Best solution 0.786821 from pop 8 k = 10
Total time = 30.0894
Time to Best ttb = 1.18479
 
Execução 2 
Best solution 0.756699 from pop 7
New best 0.771072 from pop 8
New best 0.786821 from pop 8
Best solution 0.786821 from pop 8 k = 10
Total time = 30.0513
Time to Best ttb = 3.21532
 
Execução 3 
Best solution 0.767802 from pop 8
New best 0.786821 from pop 8
Best solution 0.786821 from pop 8 k = 10
Total time = 30.01
Time to Best ttb = 1.36199
 
Execução 4 
Best solution 0.748213 from pop 8
New best 0.786821 from pop 8
Best solution 0.786821 from pop 8 k = 10
Total time = 30.0745
Time to Best ttb = 1.72468
 
Execução 5 
Best solution 0.765814 from pop 8
New best 0.786821 from pop 8
Best solution 0.786821 from pop 8 k = 10
Total time = 30.0067
Time to Best ttb = 1.45375
 
Execução 6 
Best solution 0.786821 from pop 8
Best solution 0.786821 from pop 8 k = 10
Total time = 30.0633
Time to Best ttb = 0
 
Execução 7 
Best solution 0.764422 from pop 8
New best 0.765039 from pop 8
New best 0.786821 from pop 8
Best solution 0.786821 from pop 8 k = 10
Total time = 30.0196
Time to Best ttb = 1.75835
 
Execução 8 
Best solution 0.771072 from pop 8
New best 0.786821 from pop 8
Best solution 0.786821 from pop 8 k = 10
Total time = 30.012
Time to Best ttb = 1.10792
 
Execução 9 
Best solution 0.74289 from pop 7
New best 0.744957 from pop 8
New best 0.756699 from pop 7
New best 0.76981 from pop 8
New best 0.786821 from pop 8
Best solution 0.786821 from pop 8 k = 10
Total time = 30.0075
Time to Best ttb = 2.03027
 
Execução 10 
Best solution 0.745934 from pop 8
New best 0.76768 from pop 8
New best 0.786821 from pop 8
Best solution 0.786821 from pop 8 k = 10
Total time = 30.0656
Time to Best ttb = 3.58045
 
Execução 11 
Best solution 0.786821 from pop 8
Best solution 0.786821 from pop 8 k = 10
Total time = 30.0594
Time to Best ttb = 0
 
Execução 12 
Best solution 0.748352 from pop 8
New best 0.750838 from pop 8
New best 0.773314 from pop 8
New best 0.786821 from pop 8
Best solution 0.786821 from pop 8 k = 10
Total time = 30.0399
Time to Best ttb = 2.42006
 
Execução 13 
Best solution 0.786821 from pop 8
Best solution 0.786821 from pop 8 k = 10
Total time = 30.0025
Time to Best ttb = 0
 
Execução 14 
Best solution 0.762838 from pop 8
New best 0.786821 from pop 8
Best solution 0.786821 from pop 8 k = 10
Total time = 30.0519
Time to Best ttb = 1.46807
 
Execução 15 
Best solution 0.786821 from pop 8
Best solution 0.786821 from pop 8 k = 10
Total time = 30.0006
Time to Best ttb = 0
 
Execução 16 
Best solution 0.763296 from pop 8
New best 0.786821 from pop 8
Best solution 0.786821 from pop 8 k = 10
Total time = 30.033
Time to Best ttb = 1.24238
 
Execução 17 
Best solution 0.738247 from pop 8
New best 0.767731 from pop 8
New best 0.786821 from pop 8
Best solution 0.786821 from pop 8 k = 10
Total time = 30.0694
Time to Best ttb = 2.46545
 
Execução 18 
Best solution 0.786821 from pop 8
Best solution 0.786821 from pop 8 k = 10
Total time = 30.0045
Time to Best ttb = 0
 
Execução 19 
Best solution 0.756699 from pop 7
New best 0.786821 from pop 8
Best solution 0.786821 from pop 8 k = 10
Total time = 30.0129
Time to Best ttb = 1.36419
 
Execução 20 
Best solution 0.764519 from pop 8
New best 0.786821 from pop 8
Best solution 0.786821 from pop 8 k = 10
Total time = 30.0555
Time to Best ttb = 6.09295
 
Execução 21 
Best solution 0.75227 from pop 8
New best 0.786821 from pop 8
Best solution 0.786821 from pop 8 k = 10
Total time = 30.0146
Time to Best ttb = 1.9123
 
Execução 22 
Best solution 0.762788 from pop 8
New best 0.764519 from pop 8
New best 0.786821 from pop 8
Best solution 0.786821 from pop 8 k = 10
Total time = 30.0425
Time to Best ttb = 1.91777
 
Execução 23 
Best solution 0.737404 from pop 7
New best 0.786821 from pop 8
Best solution 0.786821 from pop 8 k = 10
Total time = 30.029
Time to Best ttb = 1.27747
 
Execução 24 
Best solution 0.756699 from pop 7
New best 0.786821 from pop 8
Best solution 0.786821 from pop 8 k = 10
Total time = 30.0397
Time to Best ttb = 1.56004
 
Execução 25 
Best solution 0.771515 from pop 8
New best 0.786821 from pop 8
Best solution 0.786821 from pop 8 k = 10
Total time = 30.0455
Time to Best ttb = 1.29698
 
Execução 26 
Best solution 0.756699 from pop 7
New best 0.770235 from pop 8
New best 0.786821 from pop 8
Best solution 0.786821 from pop 8 k = 10
Total time = 30.0234
Time to Best ttb = 1.40234
 
Execução 27 
Best solution 0.770755 from pop 8
New best 0.786821 from pop 8
Best solution 0.786821 from pop 8 k = 10
Total time = 30.0355
Time to Best ttb = 2.0445
 
Execução 28 
Best solution 0.786821 from pop 8
Best solution 0.786821 from pop 8 k = 10
Total time = 30.1079
Time to Best ttb = 0
 
Execução 29 
Best solution 0.786821 from pop 8
Best solution 0.786821 from pop 8 k = 10
Total time = 30.0014
Time to Best ttb = 0
 
Execução 30 
Best solution 0.786821 from pop 8
Best solution 0.786821 from pop 8 k = 10
Total time = 30.0598
Time to Best ttb = 0
 
