Execução 1 
Best solution 0.74274 from pop 0
Best solution 0.74274 from pop 0 k = 2
Total time = 30.0698
Time to Best ttb = 0
 
Execução 2 
Best solution 0.74274 from pop 0
Best solution 0.74274 from pop 0 k = 2
Total time = 30.0771
Time to Best ttb = 0
 
Execução 3 
Best solution 0.74274 from pop 0
Best solution 0.74274 from pop 0 k = 2
Total time = 30.0015
Time to Best ttb = 0
 
Execução 4 
Best solution 0.74274 from pop 0
Best solution 0.74274 from pop 0 k = 2
Total time = 30.078
Time to Best ttb = 0
 
Execução 5 
Best solution 0.74274 from pop 0
Best solution 0.74274 from pop 0 k = 2
Total time = 30.1111
Time to Best ttb = 0
 
Execução 6 
Best solution 0.74274 from pop 0
Best solution 0.74274 from pop 0 k = 2
Total time = 30.0993
Time to Best ttb = 0
 
Execução 7 
Best solution 0.74274 from pop 0
Best solution 0.74274 from pop 0 k = 2
Total time = 30.1053
Time to Best ttb = 0
 
Execução 8 
Best solution 0.74274 from pop 0
Best solution 0.74274 from pop 0 k = 2
Total time = 30.0405
Time to Best ttb = 0
 
Execução 9 
Best solution 0.74274 from pop 0
Best solution 0.74274 from pop 0 k = 2
Total time = 30.0069
Time to Best ttb = 0
 
Execução 10 
Best solution 0.74274 from pop 0
Best solution 0.74274 from pop 0 k = 2
Total time = 30.0733
Time to Best ttb = 0
 
Execução 11 
Best solution 0.74274 from pop 0
Best solution 0.74274 from pop 0 k = 2
Total time = 30.0008
Time to Best ttb = 0
 
Execução 12 
Best solution 0.74274 from pop 0
Best solution 0.74274 from pop 0 k = 2
Total time = 30.0384
Time to Best ttb = 0
 
Execução 13 
Best solution 0.74274 from pop 0
Best solution 0.74274 from pop 0 k = 2
Total time = 30.0722
Time to Best ttb = 0
 
Execução 14 
Best solution 0.74274 from pop 0
Best solution 0.74274 from pop 0 k = 2
Total time = 30.0728
Time to Best ttb = 0
 
Execução 15 
Best solution 0.74274 from pop 0
Best solution 0.74274 from pop 0 k = 2
Total time = 30.0734
Time to Best ttb = 0
 
Execução 16 
Best solution 0.74274 from pop 0
Best solution 0.74274 from pop 0 k = 2
Total time = 30.0165
Time to Best ttb = 0
 
Execução 17 
Best solution 0.74274 from pop 0
Best solution 0.74274 from pop 0 k = 2
Total time = 30.0917
Time to Best ttb = 0
 
Execução 18 
Best solution 0.74274 from pop 0
Best solution 0.74274 from pop 0 k = 2
Total time = 30.0625
Time to Best ttb = 0
 
Execução 19 
Best solution 0.74274 from pop 0
Best solution 0.74274 from pop 0 k = 2
Total time = 30.0685
Time to Best ttb = 0
 
Execução 20 
Best solution 0.74274 from pop 0
Best solution 0.74274 from pop 0 k = 2
Total time = 30.0459
Time to Best ttb = 0
 
Execução 21 
Best solution 0.74274 from pop 0
Best solution 0.74274 from pop 0 k = 2
Total time = 30.087
Time to Best ttb = 0
 
Execução 22 
Best solution 0.74274 from pop 0
Best solution 0.74274 from pop 0 k = 2
Total time = 30.0683
Time to Best ttb = 0
 
Execução 23 
Best solution 0.74274 from pop 0
Best solution 0.74274 from pop 0 k = 2
Total time = 30.0493
Time to Best ttb = 0
 
Execução 24 
Best solution 0.74274 from pop 0
Best solution 0.74274 from pop 0 k = 2
Total time = 30.0094
Time to Best ttb = 0
 
Execução 25 
Best solution 0.74274 from pop 0
Best solution 0.74274 from pop 0 k = 2
Total time = 30.0546
Time to Best ttb = 0
 
Execução 26 
Best solution 0.74274 from pop 0
Best solution 0.74274 from pop 0 k = 2
Total time = 30.0722
Time to Best ttb = 0
 
Execução 27 
Best solution 0.74274 from pop 0
Best solution 0.74274 from pop 0 k = 2
Total time = 30.0338
Time to Best ttb = 0
 
Execução 28 
Best solution 0.74274 from pop 0
Best solution 0.74274 from pop 0 k = 2
Total time = 30.0678
Time to Best ttb = 0
 
Execução 29 
Best solution 0.74274 from pop 0
Best solution 0.74274 from pop 0 k = 2
Total time = 30.0657
Time to Best ttb = 0
 
Execução 30 
Best solution 0.74274 from pop 0
Best solution 0.74274 from pop 0 k = 2
Total time = 30.0669
Time to Best ttb = 0
 
