Execução 1 
Best solution 0.670193 from pop 7
New best 0.693375 from pop 8
New best 0.697301 from pop 8
New best 0.697301 from pop 8
New best 0.69778 from pop 8
New best 0.698506 from pop 8
Best solution 0.698506 from pop 8 k = 10
Total time = 30.0623
Time to Best ttb = 10.0916
 
Execução 2 
Best solution 0.669836 from pop 7
New best 0.677778 from pop 8
New best 0.693375 from pop 8
New best 0.693796 from pop 8
New best 0.69778 from pop 8
New best 0.698506 from pop 8
Best solution 0.698506 from pop 8 k = 10
Total time = 30.0245
Time to Best ttb = 16.1122
 
Execução 3 
Best solution 0.682176 from pop 7
New best 0.693375 from pop 8
New best 0.697301 from pop 8
New best 0.698506 from pop 8
Best solution 0.698506 from pop 8 k = 10
Total time = 30.0416
Time to Best ttb = 13.155
 
Execução 4 
Best solution 0.668799 from pop 7
New best 0.698506 from pop 8
New best 0.698506 from pop 8
Best solution 0.698506 from pop 8 k = 10
Total time = 30.0141
Time to Best ttb = 6.92033
 
Execução 5 
Best solution 0.685912 from pop 8
New best 0.693375 from pop 8
New best 0.697301 from pop 8
New best 0.698506 from pop 8
Best solution 0.698506 from pop 8 k = 10
Total time = 30.0597
Time to Best ttb = 15.0101
 
Execução 6 
Best solution 0.671172 from pop 8
New best 0.687974 from pop 7
New best 0.693914 from pop 8
New best 0.698506 from pop 8
Best solution 0.698506 from pop 8 k = 10
Total time = 30.0731
Time to Best ttb = 2.8731
 
Execução 7 
Best solution 0.681469 from pop 7
New best 0.685174 from pop 7
New best 0.698506 from pop 8
Best solution 0.698506 from pop 8 k = 10
Total time = 30.0206
Time to Best ttb = 3.1578
 
Execução 8 
Best solution 0.679913 from pop 8
New best 0.680246 from pop 7
New best 0.693375 from pop 8
New best 0.693796 from pop 8
New best 0.696431 from pop 8
New best 0.698506 from pop 8
Best solution 0.698506 from pop 8 k = 10
Total time = 30.0603
Time to Best ttb = 7.57832
 
Execução 9 
Best solution 0.673903 from pop 7
New best 0.690213 from pop 8
New best 0.690357 from pop 8
New best 0.693375 from pop 8
New best 0.697301 from pop 8
New best 0.69778 from pop 8
New best 0.698506 from pop 8
Best solution 0.698506 from pop 8 k = 10
Total time = 30.0426
Time to Best ttb = 15.7888
 
Execução 10 
Best solution 0.684316 from pop 8
New best 0.68554 from pop 8
New best 0.697301 from pop 8
New best 0.697687 from pop 8
New best 0.698506 from pop 8
Best solution 0.698506 from pop 8 k = 10
Total time = 30.0865
Time to Best ttb = 9.13042
 
Execução 11 
Best solution 0.679549 from pop 8
New best 0.681469 from pop 7
New best 0.691629 from pop 8
New best 0.696431 from pop 8
New best 0.698506 from pop 8
Best solution 0.698506 from pop 8 k = 10
Total time = 30.1003
Time to Best ttb = 5.5279
 
Execução 12 
Best solution 0.683263 from pop 8
New best 0.688542 from pop 8
New best 0.696431 from pop 8
New best 0.698506 from pop 8
Best solution 0.698506 from pop 8 k = 10
Total time = 30.014
Time to Best ttb = 2.71183
 
Execução 13 
Best solution 0.675283 from pop 8
New best 0.680297 from pop 7
New best 0.683914 from pop 7
New best 0.687974 from pop 7
New best 0.692596 from pop 8
New best 0.693796 from pop 8
New best 0.697301 from pop 8
New best 0.697687 from pop 8
New best 0.698506 from pop 8
Best solution 0.698506 from pop 8 k = 10
Total time = 30.0042
Time to Best ttb = 14.7504
 
Execução 14 
Best solution 0.691562 from pop 8
New best 0.698506 from pop 8
Best solution 0.698506 from pop 8 k = 10
Total time = 30.0893
Time to Best ttb = 2.9097
 
Execução 15 
Best solution 0.686226 from pop 7
New best 0.687974 from pop 7
New best 0.691562 from pop 8
New best 0.691629 from pop 8
New best 0.692889 from pop 8
New best 0.697301 from pop 8
New best 0.698506 from pop 8
New best 0.698506 from pop 8
Best solution 0.698506 from pop 8 k = 10
Total time = 30.011
Time to Best ttb = 10.0126
 
Execução 16 
Best solution 0.686079 from pop 8
New best 0.693375 from pop 8
New best 0.696431 from pop 8
New best 0.696431 from pop 8
New best 0.698506 from pop 8
New best 0.698506 from pop 8
Best solution 0.698506 from pop 8 k = 10
Total time = 30.0193
Time to Best ttb = 14.4129
 
Execução 17 
Best solution 0.680649 from pop 7
New best 0.683418 from pop 7
New best 0.693375 from pop 8
New best 0.697301 from pop 8
New best 0.698506 from pop 8
Best solution 0.698506 from pop 8 k = 10
Total time = 30.0537
Time to Best ttb = 5.13041
 
Execução 18 
Best solution 0.668588 from pop 8
New best 0.68142 from pop 8
New best 0.696431 from pop 8
New best 0.697301 from pop 8
New best 0.69778 from pop 8
New best 0.698506 from pop 8
Best solution 0.698506 from pop 8 k = 10
Total time = 30.0719
Time to Best ttb = 17.0424
 
Execução 19 
Best solution 0.673903 from pop 7
New best 0.686671 from pop 8
New best 0.697301 from pop 8
New best 0.698506 from pop 8
Best solution 0.698506 from pop 8 k = 10
Total time = 30.0266
Time to Best ttb = 6.7873
 
Execução 20 
Best solution 0.671964 from pop 8
New best 0.682043 from pop 8
New best 0.693375 from pop 8
New best 0.696012 from pop 8
New best 0.696431 from pop 8
New best 0.69778 from pop 8
New best 0.698506 from pop 8
Best solution 0.698506 from pop 8 k = 10
Total time = 30.095
Time to Best ttb = 7.42318
 
Execução 21 
Best solution 0.67904 from pop 7
New best 0.683914 from pop 7
New best 0.69778 from pop 8
New best 0.698506 from pop 8
Best solution 0.698506 from pop 8 k = 10
Total time = 30.07
Time to Best ttb = 4.41367
 
Execução 22 
Best solution 0.698506 from pop 8
Best solution 0.698506 from pop 8 k = 10
Total time = 30.0559
Time to Best ttb = 0
 
Execução 23 
Best solution 0.667494 from pop 6
New best 0.682176 from pop 7
New best 0.683914 from pop 7
New best 0.685174 from pop 7
New best 0.692354 from pop 8
New best 0.698506 from pop 8
Best solution 0.698506 from pop 8 k = 10
Total time = 30.005
Time to Best ttb = 2.81319
 
Execução 24 
Best solution 0.685174 from pop 7
New best 0.685174 from pop 7
New best 0.685204 from pop 8
New best 0.69778 from pop 8
New best 0.698506 from pop 8
Best solution 0.698506 from pop 8 k = 10
Total time = 30.0253
Time to Best ttb = 5.53007
 
Execução 25 
Best solution 0.678911 from pop 7
New best 0.688903 from pop 8
New best 0.692889 from pop 8
New best 0.695317 from pop 8
New best 0.698506 from pop 8
Best solution 0.698506 from pop 8 k = 10
Total time = 30.0073
Time to Best ttb = 4.49071
 
Execução 26 
Best solution 0.687814 from pop 8
New best 0.689586 from pop 8
New best 0.697301 from pop 8
New best 0.69778 from pop 8
New best 0.698506 from pop 8
Best solution 0.698506 from pop 8 k = 10
Total time = 30.0117
Time to Best ttb = 14.5332
 
Execução 27 
Best solution 0.667035 from pop 8
New best 0.671196 from pop 7
New best 0.683418 from pop 7
New best 0.696012 from pop 8
New best 0.698506 from pop 8
Best solution 0.698506 from pop 8 k = 10
Total time = 30.0609
Time to Best ttb = 4.43151
 
Execução 28 
Best solution 0.687974 from pop 7
New best 0.688802 from pop 8
New best 0.689231 from pop 8
New best 0.690964 from pop 8
New best 0.697301 from pop 8
New best 0.697687 from pop 8
New best 0.698506 from pop 8
Best solution 0.698506 from pop 8 k = 10
Total time = 30.0854
Time to Best ttb = 12.6293
 
Execução 29 
Best solution 0.685204 from pop 8
New best 0.693796 from pop 8
New best 0.696012 from pop 8
New best 0.697301 from pop 8
New best 0.698506 from pop 8
Best solution 0.698506 from pop 8 k = 10
Total time = 30.0323
Time to Best ttb = 10.2727
 
Execução 30 
Best solution 0.683942 from pop 8
New best 0.697301 from pop 8
New best 0.698506 from pop 8
Best solution 0.698506 from pop 8 k = 10
Total time = 30.0149
Time to Best ttb = 5.05126
 
