Execução 1 
Best solution 0.66917 from pop 4
New best 0.679347 from pop 6
New best 0.679347 from pop 6
Best solution 0.679347 from pop 6 k = 8
Total time = 30.0505
Time to Best ttb = 11.7862
 
Execução 2 
Best solution 0.669608 from pop 5
New best 0.675451 from pop 5
New best 0.679347 from pop 6
New best 0.679347 from pop 6
Best solution 0.679347 from pop 6 k = 8
Total time = 30.046
Time to Best ttb = 23.5112
 
Execução 3 
Best solution 0.669608 from pop 5
New best 0.679347 from pop 6
New best 0.679347 from pop 6
Best solution 0.679347 from pop 6 k = 8
Total time = 30.0575
Time to Best ttb = 10.0834
 
Execução 4 
Best solution 0.66917 from pop 4
New best 0.676174 from pop 7
New best 0.676217 from pop 8
New best 0.679347 from pop 6
Best solution 0.679347 from pop 6 k = 8
Total time = 30.0023
Time to Best ttb = 12.6553
 
Execução 5 
Best solution 0.668844 from pop 4
New best 0.66917 from pop 4
New best 0.66917 from pop 4
New best 0.671411 from pop 6
New best 0.675451 from pop 5
New best 0.679347 from pop 6
New best 0.679347 from pop 6
Best solution 0.679347 from pop 6 k = 8
Total time = 30.0718
Time to Best ttb = 15.0981
 
Execução 6 
Best solution 0.669704 from pop 5
New best 0.679347 from pop 6
New best 0.679347 from pop 6
Best solution 0.679347 from pop 6 k = 8
Total time = 30.083
Time to Best ttb = 18.2312
 
Execução 7 
Best solution 0.675451 from pop 5
New best 0.679347 from pop 6
New best 0.679347 from pop 6
Best solution 0.679347 from pop 6 k = 8
Total time = 30.0049
Time to Best ttb = 25.2936
 
Execução 8 
Best solution 0.675451 from pop 5
New best 0.675451 from pop 5
New best 0.679347 from pop 6
New best 0.679347 from pop 6
Best solution 0.679347 from pop 6 k = 8
Total time = 30.0636
Time to Best ttb = 25.4369
 
Execução 9 
Best solution 0.668844 from pop 4
New best 0.66917 from pop 4
New best 0.671527 from pop 5
New best 0.675451 from pop 5
New best 0.676174 from pop 7
New best 0.679347 from pop 6
New best 0.679347 from pop 6
Best solution 0.679347 from pop 6 k = 8
Total time = 30.0162
Time to Best ttb = 10.661
 
Execução 10 
Best solution 0.66917 from pop 4
New best 0.675451 from pop 5
New best 0.679347 from pop 6
New best 0.679347 from pop 6
Best solution 0.679347 from pop 6 k = 8
Total time = 30.0637
Time to Best ttb = 9.33169
 
Execução 11 
Best solution 0.675451 from pop 5
New best 0.679347 from pop 6
New best 0.679347 from pop 6
Best solution 0.679347 from pop 6 k = 8
Total time = 30.0165
Time to Best ttb = 17.6174
 
Execução 12 
Best solution 0.66917 from pop 4
New best 0.669704 from pop 5
New best 0.675451 from pop 5
New best 0.675451 from pop 5
New best 0.679347 from pop 6
New best 0.679347 from pop 6
Best solution 0.679347 from pop 6 k = 8
Total time = 30.0319
Time to Best ttb = 25.1498
 
Execução 13 
Best solution 0.66917 from pop 4
New best 0.671411 from pop 6
New best 0.675451 from pop 5
New best 0.675451 from pop 5
New best 0.679347 from pop 6
New best 0.679347 from pop 6
Best solution 0.679347 from pop 6 k = 8
Total time = 30.0814
Time to Best ttb = 14.1971
 
Execução 14 
Best solution 0.669608 from pop 5
New best 0.671411 from pop 6
New best 0.675451 from pop 5
New best 0.679347 from pop 6
New best 0.679347 from pop 6
Best solution 0.679347 from pop 6 k = 8
Total time = 30.0005
Time to Best ttb = 11.2591
 
Execução 15 
Best solution 0.669608 from pop 5
New best 0.679347 from pop 6
New best 0.679347 from pop 6
Best solution 0.679347 from pop 6 k = 8
Total time = 30.0088
Time to Best ttb = 12.1177
 
Execução 16 
Best solution 0.66917 from pop 4
New best 0.675451 from pop 5
New best 0.679347 from pop 6
New best 0.679347 from pop 6
Best solution 0.679347 from pop 6 k = 8
Total time = 30.0741
Time to Best ttb = 21.8273
 
Execução 17 
Best solution 0.675451 from pop 5
New best 0.679347 from pop 6
New best 0.679347 from pop 6
Best solution 0.679347 from pop 6 k = 8
Total time = 30.0497
Time to Best ttb = 16.3259
 
Execução 18 
Best solution 0.668844 from pop 4
New best 0.675451 from pop 5
New best 0.676174 from pop 7
New best 0.679347 from pop 6
New best 0.679347 from pop 6
Best solution 0.679347 from pop 6 k = 8
Total time = 30.063
Time to Best ttb = 10.9765
 
Execução 19 
Best solution 0.675451 from pop 5
New best 0.675451 from pop 5
New best 0.679347 from pop 6
New best 0.679347 from pop 6
Best solution 0.679347 from pop 6 k = 8
Total time = 30.0756
Time to Best ttb = 10.138
 
Execução 20 
Best solution 0.66917 from pop 4
New best 0.670021 from pop 5
New best 0.675451 from pop 5
New best 0.675451 from pop 5
New best 0.679347 from pop 6
New best 0.679347 from pop 6
Best solution 0.679347 from pop 6 k = 8
Total time = 30.0044
Time to Best ttb = 21.3371
 
Execução 21 
Best solution 0.66917 from pop 4
New best 0.66917 from pop 4
New best 0.675451 from pop 5
New best 0.675451 from pop 5
New best 0.679347 from pop 6
New best 0.679347 from pop 6
Best solution 0.679347 from pop 6 k = 8
Total time = 30.0711
Time to Best ttb = 11.6791
 
Execução 22 
Best solution 0.66917 from pop 4
New best 0.675451 from pop 5
New best 0.675451 from pop 5
New best 0.676174 from pop 7
New best 0.676217 from pop 8
New best 0.679347 from pop 6
New best 0.679347 from pop 6
Best solution 0.679347 from pop 6 k = 8
Total time = 30.0142
Time to Best ttb = 24.0814
 
Execução 23 
Best solution 0.66917 from pop 4
New best 0.669608 from pop 5
New best 0.670021 from pop 5
New best 0.675451 from pop 5
New best 0.675451 from pop 5
New best 0.676174 from pop 7
New best 0.679347 from pop 6
New best 0.679347 from pop 6
Best solution 0.679347 from pop 6 k = 8
Total time = 30.0545
Time to Best ttb = 20.0386
 
Execução 24 
Best solution 0.675451 from pop 5
New best 0.679347 from pop 6
New best 0.679347 from pop 6
Best solution 0.679347 from pop 6 k = 8
Total time = 30.0548
Time to Best ttb = 13.1423
 
Execução 25 
Best solution 0.66917 from pop 4
New best 0.669608 from pop 5
New best 0.670021 from pop 5
New best 0.675451 from pop 5
New best 0.675451 from pop 5
New best 0.676174 from pop 7
New best 0.679347 from pop 6
New best 0.679347 from pop 6
Best solution 0.679347 from pop 6 k = 8
Total time = 30.036
Time to Best ttb = 25.8737
 
Execução 26 
Best solution 0.669608 from pop 5
New best 0.669704 from pop 5
New best 0.670021 from pop 5
New best 0.675451 from pop 5
New best 0.675451 from pop 5
New best 0.679347 from pop 6
New best 0.679347 from pop 6
Best solution 0.679347 from pop 6 k = 8
Total time = 30.0594
Time to Best ttb = 11.9823
 
Execução 27 
Best solution 0.670021 from pop 5
New best 0.670021 from pop 5
New best 0.675451 from pop 5
New best 0.679347 from pop 6
New best 0.679347 from pop 6
Best solution 0.679347 from pop 6 k = 8
Total time = 30.0261
Time to Best ttb = 21.1681
 
Execução 28 
Best solution 0.675451 from pop 5
New best 0.676174 from pop 7
New best 0.679347 from pop 6
New best 0.679347 from pop 6
Best solution 0.679347 from pop 6 k = 8
Total time = 30.0454
Time to Best ttb = 17.7542
 
Execução 29 
Best solution 0.66917 from pop 4
New best 0.675451 from pop 5
New best 0.675451 from pop 5
New best 0.679347 from pop 6
New best 0.679347 from pop 6
Best solution 0.679347 from pop 6 k = 8
Total time = 30.0405
Time to Best ttb = 20.7715
 
Execução 30 
Best solution 0.66917 from pop 4
New best 0.670483 from pop 6
New best 0.675451 from pop 5
New best 0.675451 from pop 5
New best 0.679347 from pop 6
New best 0.679347 from pop 6
Best solution 0.679347 from pop 6 k = 8
Total time = 30.017
Time to Best ttb = 25.6055
 
