Execução 1 
Best solution 0.729957 from pop 7
New best 0.745375 from pop 8
New best 0.748395 from pop 8
Best solution 0.748395 from pop 8 k = 10
Total time = 30.0013
Time to Best ttb = 3.54134
 
Execução 2 
Best solution 0.748395 from pop 8
Best solution 0.748395 from pop 8 k = 10
Total time = 30.0395
Time to Best ttb = 0
 
Execução 3 
Best solution 0.73078 from pop 8
New best 0.745375 from pop 8
New best 0.748395 from pop 8
Best solution 0.748395 from pop 8 k = 10
Total time = 30.0634
Time to Best ttb = 4.58125
 
Execução 4 
Best solution 0.722019 from pop 8
New best 0.745375 from pop 8
New best 0.748395 from pop 8
Best solution 0.748395 from pop 8 k = 10
Total time = 30.0609
Time to Best ttb = 1.65443
 
Execução 5 
Best solution 0.725748 from pop 8
New best 0.748395 from pop 8
Best solution 0.748395 from pop 8 k = 10
Total time = 30.0579
Time to Best ttb = 0.947344
 
Execução 6 
Best solution 0.733756 from pop 8
New best 0.745375 from pop 8
New best 0.748395 from pop 8
Best solution 0.748395 from pop 8 k = 10
Total time = 30.0755
Time to Best ttb = 5.43582
 
Execução 7 
Best solution 0.721866 from pop 7
New best 0.723883 from pop 8
New best 0.730569 from pop 8
New best 0.748395 from pop 8
Best solution 0.748395 from pop 8 k = 10
Total time = 30.0114
Time to Best ttb = 2.58284
 
Execução 8 
Best solution 0.73435 from pop 8
New best 0.745375 from pop 8
New best 0.748395 from pop 8
Best solution 0.748395 from pop 8 k = 10
Total time = 30.0245
Time to Best ttb = 1.44797
 
Execução 9 
Best solution 0.721866 from pop 7
New best 0.729957 from pop 7
New best 0.73078 from pop 8
New best 0.748395 from pop 8
Best solution 0.748395 from pop 8 k = 10
Total time = 30.0687
Time to Best ttb = 2.92121
 
Execução 10 
Best solution 0.725594 from pop 8
New best 0.729957 from pop 7
New best 0.748395 from pop 8
Best solution 0.748395 from pop 8 k = 10
Total time = 30.0922
Time to Best ttb = 2.01321
 
Execução 11 
Best solution 0.729957 from pop 7
New best 0.73078 from pop 8
New best 0.745375 from pop 8
New best 0.748395 from pop 8
Best solution 0.748395 from pop 8 k = 10
Total time = 30.0298
Time to Best ttb = 5.95367
 
Execução 12 
Best solution 0.748395 from pop 8
Best solution 0.748395 from pop 8 k = 10
Total time = 30.0756
Time to Best ttb = 0
 
Execução 13 
Best solution 0.729957 from pop 7
New best 0.730555 from pop 8
New best 0.738296 from pop 8
New best 0.748395 from pop 8
Best solution 0.748395 from pop 8 k = 10
Total time = 30.0531
Time to Best ttb = 3.50975
 
Execução 14 
Best solution 0.723051 from pop 8
New best 0.729957 from pop 7
New best 0.748395 from pop 8
Best solution 0.748395 from pop 8 k = 10
Total time = 30.0373
Time to Best ttb = 1.95959
 
Execução 15 
Best solution 0.725203 from pop 8
New best 0.73078 from pop 8
New best 0.748395 from pop 8
Best solution 0.748395 from pop 8 k = 10
Total time = 30.0169
Time to Best ttb = 1.40904
 
Execução 16 
Best solution 0.73078 from pop 8
New best 0.731206 from pop 8
New best 0.745375 from pop 8
New best 0.748395 from pop 8
Best solution 0.748395 from pop 8 k = 10
Total time = 30.0593
Time to Best ttb = 2.98699
 
Execução 17 
Best solution 0.745375 from pop 8
New best 0.748395 from pop 8
Best solution 0.748395 from pop 8 k = 10
Total time = 30.048
Time to Best ttb = 5.92518
 
Execução 18 
Best solution 0.733756 from pop 8
New best 0.738296 from pop 8
New best 0.745375 from pop 8
New best 0.748395 from pop 8
Best solution 0.748395 from pop 8 k = 10
Total time = 30.038
Time to Best ttb = 3.33708
 
Execução 19 
Best solution 0.713796 from pop 8
New best 0.716459 from pop 7
New best 0.729957 from pop 7
New best 0.73078 from pop 8
New best 0.748395 from pop 8
Best solution 0.748395 from pop 8 k = 10
Total time = 30.0204
Time to Best ttb = 2.37563
 
Execução 20 
Best solution 0.707826 from pop 7
New best 0.733756 from pop 8
New best 0.745375 from pop 8
New best 0.748395 from pop 8
Best solution 0.748395 from pop 8 k = 10
Total time = 30.0083
Time to Best ttb = 7.23693
 
Execução 21 
Best solution 0.729957 from pop 7
New best 0.745375 from pop 8
New best 0.748395 from pop 8
Best solution 0.748395 from pop 8 k = 10
Total time = 30.04
Time to Best ttb = 3.00658
 
Execução 22 
Best solution 0.70429 from pop 8
New best 0.716459 from pop 7
New best 0.728877 from pop 8
New best 0.738296 from pop 8
New best 0.748395 from pop 8
Best solution 0.748395 from pop 8 k = 10
Total time = 30.0845
Time to Best ttb = 3.98087
 
Execução 23 
Best solution 0.729957 from pop 7
New best 0.745375 from pop 8
New best 0.748395 from pop 8
Best solution 0.748395 from pop 8 k = 10
Total time = 30.0979
Time to Best ttb = 4.75824
 
Execução 24 
Best solution 0.710969 from pop 8
New best 0.748395 from pop 8
Best solution 0.748395 from pop 8 k = 10
Total time = 30.0564
Time to Best ttb = 1.60675
 
Execução 25 
Best solution 0.748395 from pop 8
Best solution 0.748395 from pop 8 k = 10
Total time = 30.0542
Time to Best ttb = 0
 
Execução 26 
Best solution 0.721866 from pop 7
New best 0.733756 from pop 8
New best 0.745375 from pop 8
New best 0.748395 from pop 8
Best solution 0.748395 from pop 8 k = 10
Total time = 30.004
Time to Best ttb = 5.18341
 
Execução 27 
Best solution 0.745375 from pop 8
New best 0.748395 from pop 8
Best solution 0.748395 from pop 8 k = 10
Total time = 30.0659
Time to Best ttb = 4.21375
 
Execução 28 
Best solution 0.722969 from pop 8
New best 0.748395 from pop 8
Best solution 0.748395 from pop 8 k = 10
Total time = 30.002
Time to Best ttb = 1.55504
 
Execução 29 
Best solution 0.729957 from pop 7
New best 0.733756 from pop 8
New best 0.745375 from pop 8
New best 0.748395 from pop 8
Best solution 0.748395 from pop 8 k = 10
Total time = 30.042
Time to Best ttb = 4.78398
 
Execução 30 
Best solution 0.718428 from pop 8
New best 0.73078 from pop 8
New best 0.745375 from pop 8
New best 0.748395 from pop 8
Best solution 0.748395 from pop 8 k = 10
Total time = 30.056
Time to Best ttb = 4.82881
 
