Execução 1 
Best solution 0.73052 from pop 4
Best solution 0.73052 from pop 4 k = 6
Total time = 30.0529
Time to Best ttb = 0
 
Execução 2 
Best solution 0.73052 from pop 4
Best solution 0.73052 from pop 4 k = 6
Total time = 30.0337
Time to Best ttb = 0
 
Execução 3 
Best solution 0.73052 from pop 4
Best solution 0.73052 from pop 4 k = 6
Total time = 30.0109
Time to Best ttb = 0
 
Execução 4 
Best solution 0.73052 from pop 4
Best solution 0.73052 from pop 4 k = 6
Total time = 30.0262
Time to Best ttb = 0
 
Execução 5 
Best solution 0.73052 from pop 4
Best solution 0.73052 from pop 4 k = 6
Total time = 30.0417
Time to Best ttb = 0
 
Execução 6 
Best solution 0.73052 from pop 4
Best solution 0.73052 from pop 4 k = 6
Total time = 30.021
Time to Best ttb = 0
 
Execução 7 
Best solution 0.73052 from pop 4
Best solution 0.73052 from pop 4 k = 6
Total time = 30.0082
Time to Best ttb = 0
 
Execução 8 
Best solution 0.73052 from pop 4
Best solution 0.73052 from pop 4 k = 6
Total time = 30.0185
Time to Best ttb = 0
 
Execução 9 
Best solution 0.73052 from pop 4
Best solution 0.73052 from pop 4 k = 6
Total time = 30.0517
Time to Best ttb = 0
 
Execução 10 
Best solution 0.73052 from pop 4
Best solution 0.73052 from pop 4 k = 6
Total time = 30.0522
Time to Best ttb = 0
 
Execução 11 
Best solution 0.73052 from pop 4
Best solution 0.73052 from pop 4 k = 6
Total time = 30.0988
Time to Best ttb = 0
 
Execução 12 
Best solution 0.73052 from pop 4
Best solution 0.73052 from pop 4 k = 6
Total time = 30.0469
Time to Best ttb = 0
 
Execução 13 
Best solution 0.73052 from pop 4
Best solution 0.73052 from pop 4 k = 6
Total time = 30.0672
Time to Best ttb = 0
 
Execução 14 
Best solution 0.73052 from pop 4
Best solution 0.73052 from pop 4 k = 6
Total time = 30.0407
Time to Best ttb = 0
 
Execução 15 
Best solution 0.73052 from pop 4
Best solution 0.73052 from pop 4 k = 6
Total time = 30.0651
Time to Best ttb = 0
 
Execução 16 
Best solution 0.73052 from pop 4
Best solution 0.73052 from pop 4 k = 6
Total time = 30.0272
Time to Best ttb = 0
 
Execução 17 
Best solution 0.73052 from pop 4
Best solution 0.73052 from pop 4 k = 6
Total time = 30.0481
Time to Best ttb = 0
 
Execução 18 
Best solution 0.73052 from pop 4
Best solution 0.73052 from pop 4 k = 6
Total time = 30.0654
Time to Best ttb = 0
 
Execução 19 
Best solution 0.73052 from pop 4
Best solution 0.73052 from pop 4 k = 6
Total time = 30.002
Time to Best ttb = 0
 
Execução 20 
Best solution 0.73052 from pop 4
Best solution 0.73052 from pop 4 k = 6
Total time = 30.0056
Time to Best ttb = 0
 
Execução 21 
Best solution 0.73052 from pop 4
Best solution 0.73052 from pop 4 k = 6
Total time = 30.0402
Time to Best ttb = 0
 
Execução 22 
Best solution 0.73052 from pop 4
Best solution 0.73052 from pop 4 k = 6
Total time = 30.0281
Time to Best ttb = 0
 
Execução 23 
Best solution 0.73052 from pop 4
Best solution 0.73052 from pop 4 k = 6
Total time = 30.0759
Time to Best ttb = 0
 
Execução 24 
Best solution 0.73052 from pop 4
Best solution 0.73052 from pop 4 k = 6
Total time = 30.0002
Time to Best ttb = 0
 
Execução 25 
Best solution 0.73052 from pop 4
Best solution 0.73052 from pop 4 k = 6
Total time = 30.0676
Time to Best ttb = 0
 
Execução 26 
Best solution 0.73052 from pop 4
Best solution 0.73052 from pop 4 k = 6
Total time = 30.0631
Time to Best ttb = 0
 
Execução 27 
Best solution 0.73052 from pop 4
Best solution 0.73052 from pop 4 k = 6
Total time = 30.0124
Time to Best ttb = 0
 
Execução 28 
Best solution 0.73052 from pop 4
Best solution 0.73052 from pop 4 k = 6
Total time = 30.0632
Time to Best ttb = 0
 
Execução 29 
Best solution 0.73052 from pop 4
Best solution 0.73052 from pop 4 k = 6
Total time = 30.0271
Time to Best ttb = 0
 
Execução 30 
Best solution 0.73052 from pop 4
Best solution 0.73052 from pop 4 k = 6
Total time = 30.0486
Time to Best ttb = 0
 
