Execução 1 
Best solution 0.82315 from pop 1
Best solution 0.82315 from pop 1 k = 3
Total time = 30.0466
Time to Best ttb = 0
 
Execução 2 
Best solution 0.82315 from pop 1
Best solution 0.82315 from pop 1 k = 3
Total time = 30.232
Time to Best ttb = 0
 
Execução 3 
Best solution 0.82315 from pop 1
Best solution 0.82315 from pop 1 k = 3
Total time = 30.0998
Time to Best ttb = 0
 
Execução 4 
Best solution 0.82315 from pop 1
Best solution 0.82315 from pop 1 k = 3
Total time = 30.0445
Time to Best ttb = 0
 
Execução 5 
Best solution 0.82315 from pop 1
Best solution 0.82315 from pop 1 k = 3
Total time = 30.0259
Time to Best ttb = 0
 
Execução 6 
Best solution 0.82315 from pop 1
Best solution 0.82315 from pop 1 k = 3
Total time = 30.0563
Time to Best ttb = 0
 
Execução 7 
Best solution 0.82315 from pop 1
Best solution 0.82315 from pop 1 k = 3
Total time = 30.2096
Time to Best ttb = 0
 
Execução 8 
Best solution 0.82315 from pop 1
Best solution 0.82315 from pop 1 k = 3
Total time = 30.0086
Time to Best ttb = 0
 
Execução 9 
Best solution 0.82315 from pop 1
Best solution 0.82315 from pop 1 k = 3
Total time = 30.1434
Time to Best ttb = 0
 
Execução 10 
Best solution 0.82315 from pop 1
Best solution 0.82315 from pop 1 k = 3
Total time = 30.001
Time to Best ttb = 0
 
Execução 11 
Best solution 0.82315 from pop 1
Best solution 0.82315 from pop 1 k = 3
Total time = 30.2106
Time to Best ttb = 0
 
Execução 12 
Best solution 0.82315 from pop 1
Best solution 0.82315 from pop 1 k = 3
Total time = 30.0916
Time to Best ttb = 0
 
Execução 13 
Best solution 0.82315 from pop 1
Best solution 0.82315 from pop 1 k = 3
Total time = 30.273
Time to Best ttb = 0
 
Execução 14 
Best solution 0.82315 from pop 1
Best solution 0.82315 from pop 1 k = 3
Total time = 30.1617
Time to Best ttb = 0
 
Execução 15 
Best solution 0.82315 from pop 1
Best solution 0.82315 from pop 1 k = 3
Total time = 30.107
Time to Best ttb = 0
 
Execução 16 
Best solution 0.82315 from pop 1
Best solution 0.82315 from pop 1 k = 3
Total time = 30.3141
Time to Best ttb = 0
 
Execução 17 
Best solution 0.82315 from pop 1
Best solution 0.82315 from pop 1 k = 3
Total time = 30.072
Time to Best ttb = 0
 
Execução 18 
Best solution 0.82315 from pop 1
Best solution 0.82315 from pop 1 k = 3
Total time = 30.1079
Time to Best ttb = 0
 
Execução 19 
Best solution 0.82315 from pop 1
Best solution 0.82315 from pop 1 k = 3
Total time = 30.2922
Time to Best ttb = 0
 
Execução 20 
Best solution 0.82315 from pop 1
Best solution 0.82315 from pop 1 k = 3
Total time = 30.0909
Time to Best ttb = 0
 
Execução 21 
Best solution 0.82315 from pop 1
Best solution 0.82315 from pop 1 k = 3
Total time = 30.0361
Time to Best ttb = 0
 
Execução 22 
Best solution 0.82315 from pop 1
Best solution 0.82315 from pop 1 k = 3
Total time = 30.0753
Time to Best ttb = 0
 
Execução 23 
Best solution 0.82315 from pop 1
Best solution 0.82315 from pop 1 k = 3
Total time = 30.2269
Time to Best ttb = 0
 
Execução 24 
Best solution 0.82315 from pop 1
Best solution 0.82315 from pop 1 k = 3
Total time = 30.2282
Time to Best ttb = 0
 
Execução 25 
Best solution 0.82315 from pop 1
Best solution 0.82315 from pop 1 k = 3
Total time = 30.1245
Time to Best ttb = 0
 
Execução 26 
Best solution 0.82315 from pop 1
Best solution 0.82315 from pop 1 k = 3
Total time = 30.031
Time to Best ttb = 0
 
Execução 27 
Best solution 0.82315 from pop 1
Best solution 0.82315 from pop 1 k = 3
Total time = 30.2364
Time to Best ttb = 0
 
Execução 28 
Best solution 0.82315 from pop 1
Best solution 0.82315 from pop 1 k = 3
Total time = 30.1972
Time to Best ttb = 0
 
Execução 29 
Best solution 0.82315 from pop 1
Best solution 0.82315 from pop 1 k = 3
Total time = 30.2091
Time to Best ttb = 0
 
Execução 30 
Best solution 0.82315 from pop 1
Best solution 0.82315 from pop 1 k = 3
Total time = 30.2824
Time to Best ttb = 0
 
