Execução 1 
Best solution 0.686393 from pop 0
New best 0.686393 from pop 0
New best 0.686393 from pop 0
Best solution 0.686393 from pop 0 k = 2
Total time = 30.0472
Time to Best ttb = 15.3829
 
Execução 2 
Best solution 0.686393 from pop 0
New best 0.686393 from pop 0
Best solution 0.686393 from pop 0 k = 2
Total time = 30.1394
Time to Best ttb = 9.41129
 
Execução 3 
Best solution 0.686393 from pop 0
New best 0.686393 from pop 0
New best 0.686393 from pop 0
Best solution 0.686393 from pop 0 k = 2
Total time = 30.1878
Time to Best ttb = 27.8565
 
Execução 4 
Best solution 0.686393 from pop 0
New best 0.686393 from pop 0
New best 0.686393 from pop 0
Best solution 0.686393 from pop 0 k = 2
Total time = 30.169
Time to Best ttb = 16.3931
 
Execução 5 
Best solution 0.686393 from pop 0
New best 0.686393 from pop 0
Best solution 0.686393 from pop 0 k = 2
Total time = 30.1917
Time to Best ttb = 5.73915
 
Execução 6 
Best solution 0.686393 from pop 0
New best 0.686393 from pop 0
Best solution 0.686393 from pop 0 k = 2
Total time = 30.0267
Time to Best ttb = 10.1261
 
Execução 7 
Best solution 0.686393 from pop 0
New best 0.686393 from pop 0
Best solution 0.686393 from pop 0 k = 2
Total time = 30.1009
Time to Best ttb = 14.425
 
Execução 8 
Best solution 0.686393 from pop 0
New best 0.686393 from pop 0
Best solution 0.686393 from pop 0 k = 2
Total time = 30.0722
Time to Best ttb = 9.72561
 
Execução 9 
Best solution 0.686393 from pop 0
New best 0.686393 from pop 0
New best 0.686393 from pop 0
Best solution 0.686393 from pop 0 k = 2
Total time = 30.068
Time to Best ttb = 13.4733
 
Execução 10 
Best solution 0.686393 from pop 0
New best 0.686393 from pop 0
Best solution 0.686393 from pop 0 k = 2
Total time = 30.2307
Time to Best ttb = 10.8231
 
Execução 11 
Best solution 0.686393 from pop 0
New best 0.686393 from pop 0
New best 0.686393 from pop 0
Best solution 0.686393 from pop 0 k = 2
Total time = 30.0821
Time to Best ttb = 15.3084
 
Execução 12 
Best solution 0.686393 from pop 0
New best 0.686393 from pop 0
Best solution 0.686393 from pop 0 k = 2
Total time = 30.1062
Time to Best ttb = 11.6319
 
Execução 13 
Best solution 0.686393 from pop 0
New best 0.686393 from pop 0
New best 0.686393 from pop 0
Best solution 0.686393 from pop 0 k = 2
Total time = 30.043
Time to Best ttb = 30.0429
 
Execução 14 
Best solution 0.686393 from pop 0
Best solution 0.686393 from pop 0 k = 2
Total time = 30.2119
Time to Best ttb = 0
 
Execução 15 
Best solution 0.686393 from pop 0
New best 0.686393 from pop 0
New best 0.686393 from pop 0
Best solution 0.686393 from pop 0 k = 2
Total time = 30.0022
Time to Best ttb = 9.95247
 
Execução 16 
Best solution 0.686393 from pop 0
New best 0.686393 from pop 0
Best solution 0.686393 from pop 0 k = 2
Total time = 30.1
Time to Best ttb = 7.00377
 
Execução 17 
Best solution 0.686393 from pop 0
New best 0.686393 from pop 0
Best solution 0.686393 from pop 0 k = 2
Total time = 30.0971
Time to Best ttb = 14.4094
 
Execução 18 
Best solution 0.686393 from pop 0
New best 0.686393 from pop 0
New best 0.686393 from pop 0
Best solution 0.686393 from pop 0 k = 2
Total time = 30.0632
Time to Best ttb = 16.3358
 
Execução 19 
Best solution 0.686393 from pop 0
New best 0.686393 from pop 0
New best 0.686393 from pop 0
Best solution 0.686393 from pop 0 k = 2
Total time = 30.0174
Time to Best ttb = 17.9699
 
Execução 20 
Best solution 0.686393 from pop 0
New best 0.686393 from pop 0
New best 0.686393 from pop 0
Best solution 0.686393 from pop 0 k = 2
Total time = 30.1414
Time to Best ttb = 22.8383
 
Execução 21 
Best solution 0.686393 from pop 0
New best 0.686393 from pop 0
New best 0.686393 from pop 0
Best solution 0.686393 from pop 0 k = 2
Total time = 30.0349
Time to Best ttb = 11.229
 
Execução 22 
Best solution 0.686393 from pop 0
New best 0.686393 from pop 0
Best solution 0.686393 from pop 0 k = 2
Total time = 30.1766
Time to Best ttb = 4.17222
 
Execução 23 
Best solution 0.686393 from pop 0
New best 0.686393 from pop 0
New best 0.686393 from pop 0
Best solution 0.686393 from pop 0 k = 2
Total time = 30.0398
Time to Best ttb = 7.65175
 
Execução 24 
Best solution 0.686393 from pop 0
Best solution 0.686393 from pop 0 k = 2
Total time = 30.2141
Time to Best ttb = 0
 
Execução 25 
Best solution 0.686393 from pop 0
New best 0.686393 from pop 0
New best 0.686393 from pop 0
Best solution 0.686393 from pop 0 k = 2
Total time = 30.1899
Time to Best ttb = 23.0249
 
Execução 26 
Best solution 0.686393 from pop 0
Best solution 0.686393 from pop 0 k = 2
Total time = 30.0889
Time to Best ttb = 0
 
Execução 27 
Best solution 0.686393 from pop 0
New best 0.686393 from pop 0
Best solution 0.686393 from pop 0 k = 2
Total time = 30.2066
Time to Best ttb = 7.2361
 
Execução 28 
Best solution 0.686393 from pop 0
New best 0.686393 from pop 0
Best solution 0.686393 from pop 0 k = 2
Total time = 30.1463
Time to Best ttb = 10.6039
 
Execução 29 
Best solution 0.686393 from pop 0
New best 0.686393 from pop 0
New best 0.686393 from pop 0
Best solution 0.686393 from pop 0 k = 2
Total time = 30.1751
Time to Best ttb = 23.5932
 
Execução 30 
Best solution 0.686393 from pop 0
Best solution 0.686393 from pop 0 k = 2
Total time = 30.18
Time to Best ttb = 0
 
