Execução 1 
Best solution 0.737657 from pop 2
Best solution 0.737657 from pop 2 k = 4
Total time = 30.059
Time to Best ttb = 0
 
Execução 2 
Best solution 0.737657 from pop 2
Best solution 0.737657 from pop 2 k = 4
Total time = 30
Time to Best ttb = 0
 
Execução 3 
Best solution 0.737657 from pop 2
Best solution 0.737657 from pop 2 k = 4
Total time = 30.0203
Time to Best ttb = 0
 
Execução 4 
Best solution 0.737657 from pop 2
Best solution 0.737657 from pop 2 k = 4
Total time = 30.0266
Time to Best ttb = 0
 
Execução 5 
Best solution 0.737657 from pop 2
Best solution 0.737657 from pop 2 k = 4
Total time = 30.0158
Time to Best ttb = 0
 
Execução 6 
Best solution 0.737657 from pop 2
Best solution 0.737657 from pop 2 k = 4
Total time = 30.0317
Time to Best ttb = 0
 
Execução 7 
Best solution 0.737657 from pop 2
Best solution 0.737657 from pop 2 k = 4
Total time = 30.0434
Time to Best ttb = 0
 
Execução 8 
Best solution 0.737657 from pop 2
Best solution 0.737657 from pop 2 k = 4
Total time = 30.0332
Time to Best ttb = 0
 
Execução 9 
Best solution 0.737657 from pop 2
Best solution 0.737657 from pop 2 k = 4
Total time = 30.039
Time to Best ttb = 0
 
Execução 10 
Best solution 0.737657 from pop 2
Best solution 0.737657 from pop 2 k = 4
Total time = 30.0499
Time to Best ttb = 0
 
Execução 11 
Best solution 0.737657 from pop 2
Best solution 0.737657 from pop 2 k = 4
Total time = 30.0011
Time to Best ttb = 0
 
Execução 12 
Best solution 0.737657 from pop 2
Best solution 0.737657 from pop 2 k = 4
Total time = 30.0113
Time to Best ttb = 0
 
Execução 13 
Best solution 0.737657 from pop 2
Best solution 0.737657 from pop 2 k = 4
Total time = 30.0181
Time to Best ttb = 0
 
Execução 14 
Best solution 0.737657 from pop 2
Best solution 0.737657 from pop 2 k = 4
Total time = 30.0515
Time to Best ttb = 0
 
Execução 15 
Best solution 0.737657 from pop 2
Best solution 0.737657 from pop 2 k = 4
Total time = 30.0077
Time to Best ttb = 0
 
Execução 16 
Best solution 0.737657 from pop 2
Best solution 0.737657 from pop 2 k = 4
Total time = 30.0063
Time to Best ttb = 0
 
Execução 17 
Best solution 0.737657 from pop 2
Best solution 0.737657 from pop 2 k = 4
Total time = 30.0067
Time to Best ttb = 0
 
Execução 18 
Best solution 0.737657 from pop 2
Best solution 0.737657 from pop 2 k = 4
Total time = 30.0062
Time to Best ttb = 0
 
Execução 19 
Best solution 0.737657 from pop 2
Best solution 0.737657 from pop 2 k = 4
Total time = 30.0186
Time to Best ttb = 0
 
Execução 20 
Best solution 0.737657 from pop 2
Best solution 0.737657 from pop 2 k = 4
Total time = 30.0006
Time to Best ttb = 0
 
Execução 21 
Best solution 0.737657 from pop 2
Best solution 0.737657 from pop 2 k = 4
Total time = 30.039
Time to Best ttb = 0
 
Execução 22 
Best solution 0.737657 from pop 2
Best solution 0.737657 from pop 2 k = 4
Total time = 30.0115
Time to Best ttb = 0
 
Execução 23 
Best solution 0.737657 from pop 2
Best solution 0.737657 from pop 2 k = 4
Total time = 30.0423
Time to Best ttb = 0
 
Execução 24 
Best solution 0.737657 from pop 2
Best solution 0.737657 from pop 2 k = 4
Total time = 30.0371
Time to Best ttb = 0
 
Execução 25 
Best solution 0.737657 from pop 2
Best solution 0.737657 from pop 2 k = 4
Total time = 30.0147
Time to Best ttb = 0
 
Execução 26 
Best solution 0.737657 from pop 2
Best solution 0.737657 from pop 2 k = 4
Total time = 30.0284
Time to Best ttb = 0
 
Execução 27 
Best solution 0.737657 from pop 2
Best solution 0.737657 from pop 2 k = 4
Total time = 30.0057
Time to Best ttb = 0
 
Execução 28 
Best solution 0.737657 from pop 2
Best solution 0.737657 from pop 2 k = 4
Total time = 30.0292
Time to Best ttb = 0
 
Execução 29 
Best solution 0.737657 from pop 2
Best solution 0.737657 from pop 2 k = 4
Total time = 30.018
Time to Best ttb = 0
 
Execução 30 
Best solution 0.737657 from pop 2
Best solution 0.737657 from pop 2 k = 4
Total time = 30.0298
Time to Best ttb = 0
 
