Execução 1 
Best solution 0.420514 from pop 1
Best solution 0.420514 from pop 1 k = 3
Total time = 46.5088
Time to Best ttb = 0
 
Execução 2 
Best solution 0.420334 from pop 1
Best solution 0.420334 from pop 1 k = 3
Total time = 47.9793
Time to Best ttb = 0
 
Execução 3 
Best solution 0.420169 from pop 1
Best solution 0.420169 from pop 1 k = 3
Total time = 46.3762
Time to Best ttb = 0
 
Execução 4 
Best solution 0.420785 from pop 1
Best solution 0.420785 from pop 1 k = 3
Total time = 46.6542
Time to Best ttb = 0
 
Execução 5 
Best solution 0.419945 from pop 1
Best solution 0.419945 from pop 1 k = 3
Total time = 48.2594
Time to Best ttb = 0
 
Execução 6 
Best solution 0.420335 from pop 1
Best solution 0.420335 from pop 1 k = 3
Total time = 47.4019
Time to Best ttb = 0
 
Execução 7 
Best solution 0.419613 from pop 1
Best solution 0.419613 from pop 1 k = 3
Total time = 46.0398
Time to Best ttb = 0
 
Execução 8 
Best solution 0.420004 from pop 1
Best solution 0.420004 from pop 1 k = 3
Total time = 47.797
Time to Best ttb = 0
 
Execução 9 
Best solution 0.420268 from pop 1
Best solution 0.420268 from pop 1 k = 3
Total time = 47.7742
Time to Best ttb = 0
 
Execução 10 
Best solution 0.419803 from pop 1
Best solution 0.419803 from pop 1 k = 3
Total time = 46.3484
Time to Best ttb = 0
 
Execução 11 
Best solution 0.420193 from pop 1
Best solution 0.420193 from pop 1 k = 3
Total time = 46.4863
Time to Best ttb = 0
 
Execução 12 
Best solution 0.421376 from pop 1
Best solution 0.421376 from pop 1 k = 3
Total time = 47.9818
Time to Best ttb = 0
 
Execução 13 
Best solution 0.420024 from pop 1
Best solution 0.420024 from pop 1 k = 3
Total time = 46.4881
Time to Best ttb = 0
 
Execução 14 
Best solution 0.420079 from pop 1
Best solution 0.420079 from pop 1 k = 3
Total time = 47.6116
Time to Best ttb = 0
 
Execução 15 
Best solution 0.419902 from pop 1
Best solution 0.419902 from pop 1 k = 3
Total time = 46.6363
Time to Best ttb = 0
 
Execução 16 
Best solution 0.419912 from pop 1
Best solution 0.419912 from pop 1 k = 3
Total time = 46.331
Time to Best ttb = 0
 
Execução 17 
Best solution 0.420466 from pop 1
Best solution 0.420466 from pop 1 k = 3
Total time = 47.7236
Time to Best ttb = 0
 
Execução 18 
Best solution 0.42072 from pop 1
Best solution 0.42072 from pop 1 k = 3
Total time = 46.6633
Time to Best ttb = 0
 
Execução 19 
Best solution 0.421011 from pop 1
Best solution 0.421011 from pop 1 k = 3
Total time = 47.6014
Time to Best ttb = 0
 
Execução 20 
Best solution 0.420507 from pop 1
Best solution 0.420507 from pop 1 k = 3
Total time = 48.1966
Time to Best ttb = 0
 
Execução 21 
Best solution 0.420317 from pop 1
Best solution 0.420317 from pop 1 k = 3
Total time = 46.4216
Time to Best ttb = 0
 
Execução 22 
Best solution 0.420432 from pop 1
Best solution 0.420432 from pop 1 k = 3
Total time = 47.7184
Time to Best ttb = 0
 
Execução 23 
Best solution 0.420684 from pop 1
Best solution 0.420684 from pop 1 k = 3
Total time = 46.5842
Time to Best ttb = 0
 
Execução 24 
Best solution 0.420051 from pop 1
Best solution 0.420051 from pop 1 k = 3
Total time = 47.4006
Time to Best ttb = 0
 
Execução 25 
Best solution 0.420193 from pop 1
Best solution 0.420193 from pop 1 k = 3
Total time = 46.7597
Time to Best ttb = 0
 
Execução 26 
Best solution 0.419735 from pop 1
Best solution 0.419735 from pop 1 k = 3
Total time = 47.7549
Time to Best ttb = 0
 
Execução 27 
Best solution 0.42016 from pop 1
Best solution 0.42016 from pop 1 k = 3
Total time = 46.3665
Time to Best ttb = 0
 
Execução 28 
Best solution 0.419803 from pop 1
Best solution 0.419803 from pop 1 k = 3
Total time = 47.4947
Time to Best ttb = 0
 
Execução 29 
Best solution 0.420246 from pop 1
Best solution 0.420246 from pop 1 k = 3
Total time = 47.8504
Time to Best ttb = 0
 
Execução 30 
Best solution 0.420134 from pop 1
Best solution 0.420134 from pop 1 k = 3
Total time = 46.5042
Time to Best ttb = 0
 
