Execução 1 
Best solution 0.693929 from pop 7
Best solution 0.693929 from pop 7 k = 9
Total time = 237.612
Time to Best ttb = 0
 
Execução 2 
Best solution 0.696457 from pop 7
Best solution 0.696457 from pop 7 k = 9
Total time = 230.682
Time to Best ttb = 0
 
Execução 3 
Best solution 0.696113 from pop 7
Best solution 0.696113 from pop 7 k = 9
Total time = 232.047
Time to Best ttb = 0
 
Execução 4 
Best solution 0.693307 from pop 7
Best solution 0.693307 from pop 7 k = 9
Total time = 240.436
Time to Best ttb = 0
 
Execução 5 
Best solution 0.696751 from pop 7
Best solution 0.696751 from pop 7 k = 9
Total time = 229.909
Time to Best ttb = 0
 
Execução 6 
Best solution 0.696709 from pop 7
Best solution 0.696709 from pop 7 k = 9
Total time = 248.852
Time to Best ttb = 0
 
Execução 7 
Best solution 0.692364 from pop 7
Best solution 0.692364 from pop 7 k = 9
Total time = 231.043
Time to Best ttb = 0
 
Execução 8 
Best solution 0.695331 from pop 7
Best solution 0.695331 from pop 7 k = 9
Total time = 232.211
Time to Best ttb = 0
 
Execução 9 
Best solution 0.694155 from pop 7
Best solution 0.694155 from pop 7 k = 9
Total time = 229.968
Time to Best ttb = 0
 
Execução 10 
Best solution 0.695433 from pop 7
Best solution 0.695433 from pop 7 k = 9
Total time = 239.789
Time to Best ttb = 0
 
Execução 11 
Best solution 0.696426 from pop 7
Best solution 0.696426 from pop 7 k = 9
Total time = 230.235
Time to Best ttb = 0
 
Execução 12 
Best solution 0.694645 from pop 7
Best solution 0.694645 from pop 7 k = 9
Total time = 243.11
Time to Best ttb = 0
 
Execução 13 
Best solution 0.696081 from pop 7
Best solution 0.696081 from pop 7 k = 9
Total time = 228.528
Time to Best ttb = 0
 
Execução 14 
Best solution 0.695946 from pop 7
Best solution 0.695946 from pop 7 k = 9
Total time = 237.352
Time to Best ttb = 0
 
Execução 15 
Best solution 0.695578 from pop 7
Best solution 0.695578 from pop 7 k = 9
Total time = 230.13
Time to Best ttb = 0
 
Execução 16 
Best solution 0.697095 from pop 7
Best solution 0.697095 from pop 7 k = 9
Total time = 237.094
Time to Best ttb = 0
 
Execução 17 
Best solution 0.696436 from pop 7
Best solution 0.696436 from pop 7 k = 9
Total time = 228.856
Time to Best ttb = 0
 
Execução 18 
Best solution 0.695507 from pop 7
Best solution 0.695507 from pop 7 k = 9
Total time = 230.132
Time to Best ttb = 0
 
Execução 19 
Best solution 0.694794 from pop 7
Best solution 0.694794 from pop 7 k = 9
Total time = 239.682
Time to Best ttb = 0
 
Execução 20 
Best solution 0.695336 from pop 7
Best solution 0.695336 from pop 7 k = 9
Total time = 233.675
Time to Best ttb = 0
 
Execução 21 
Best solution 0.69398 from pop 7
Best solution 0.69398 from pop 7 k = 9
Total time = 230.542
Time to Best ttb = 0
 
Execução 22 
Best solution 0.694003 from pop 7
Best solution 0.694003 from pop 7 k = 9
Total time = 229.443
Time to Best ttb = 0
 
Execução 23 
Best solution 0.694468 from pop 7
Best solution 0.694468 from pop 7 k = 9
Total time = 238.759
Time to Best ttb = 0
 
Execução 24 
Best solution 0.694478 from pop 7
Best solution 0.694478 from pop 7 k = 9
Total time = 229.312
Time to Best ttb = 0
 
Execução 25 
Best solution 0.695943 from pop 7
Best solution 0.695943 from pop 7 k = 9
Total time = 239.057
Time to Best ttb = 0
 
Execução 26 
Best solution 0.696715 from pop 7
Best solution 0.696715 from pop 7 k = 9
Total time = 226.844
Time to Best ttb = 0
 
Execução 27 
Best solution 0.696538 from pop 7
Best solution 0.696538 from pop 7 k = 9
Total time = 231.829
Time to Best ttb = 0
 
Execução 28 
Best solution 0.693231 from pop 7
Best solution 0.693231 from pop 7 k = 9
Total time = 237.603
Time to Best ttb = 0
 
Execução 29 
Best solution 0.695886 from pop 7
Best solution 0.695886 from pop 7 k = 9
Total time = 237.044
Time to Best ttb = 0
 
Execução 30 
Best solution 0.691395 from pop 7
Best solution 0.691395 from pop 7 k = 9
Total time = 239.793
Time to Best ttb = 0
 
