Execução 1 
Best solution 0.652133 from pop 5
Best solution 0.652133 from pop 5 k = 7
Total time = 236.452
Time to Best ttb = 0
 
Execução 2 
Best solution 0.652369 from pop 5
Best solution 0.652369 from pop 5 k = 7
Total time = 228.76
Time to Best ttb = 0
 
Execução 3 
Best solution 0.651902 from pop 5
Best solution 0.651902 from pop 5 k = 7
Total time = 236.518
Time to Best ttb = 0
 
Execução 4 
Best solution 0.650362 from pop 5
Best solution 0.650362 from pop 5 k = 7
Total time = 231.899
Time to Best ttb = 0
 
Execução 5 
Best solution 0.652706 from pop 5
Best solution 0.652706 from pop 5 k = 7
Total time = 237.047
Time to Best ttb = 0
 
Execução 6 
Best solution 0.650155 from pop 5
Best solution 0.650155 from pop 5 k = 7
Total time = 236.35
Time to Best ttb = 0
 
Execução 7 
Best solution 0.650378 from pop 5
Best solution 0.650378 from pop 5 k = 7
Total time = 231.566
Time to Best ttb = 0
 
Execução 8 
Best solution 0.650376 from pop 5
Best solution 0.650376 from pop 5 k = 7
Total time = 237.166
Time to Best ttb = 0
 
Execução 9 
Best solution 0.648876 from pop 5
Best solution 0.648876 from pop 5 k = 7
Total time = 230.365
Time to Best ttb = 0
 
Execução 10 
Best solution 0.65178 from pop 5
Best solution 0.65178 from pop 5 k = 7
Total time = 238.967
Time to Best ttb = 0
 
Execução 11 
Best solution 0.651611 from pop 5
Best solution 0.651611 from pop 5 k = 7
Total time = 236.033
Time to Best ttb = 0
 
Execução 12 
Best solution 0.648788 from pop 5
Best solution 0.648788 from pop 5 k = 7
Total time = 231.932
Time to Best ttb = 0
 
Execução 13 
Best solution 0.65031 from pop 5
Best solution 0.65031 from pop 5 k = 7
Total time = 228.808
Time to Best ttb = 0
 
Execução 14 
Best solution 0.649593 from pop 5
Best solution 0.649593 from pop 5 k = 7
Total time = 239.067
Time to Best ttb = 0
 
Execução 15 
Best solution 0.65104 from pop 5
Best solution 0.65104 from pop 5 k = 7
Total time = 226.659
Time to Best ttb = 0
 
Execução 16 
Best solution 0.650312 from pop 5
Best solution 0.650312 from pop 5 k = 7
Total time = 236.957
Time to Best ttb = 0
 
Execução 17 
Best solution 0.648054 from pop 5
Best solution 0.648054 from pop 5 k = 7
Total time = 236.038
Time to Best ttb = 0
 
Execução 18 
Best solution 0.65048 from pop 5
Best solution 0.65048 from pop 5 k = 7
Total time = 226.532
Time to Best ttb = 0
 
Execução 19 
Best solution 0.650004 from pop 5
Best solution 0.650004 from pop 5 k = 7
Total time = 236.633
Time to Best ttb = 0
 
Execução 20 
Best solution 0.651128 from pop 5
Best solution 0.651128 from pop 5 k = 7
Total time = 234.758
Time to Best ttb = 0
 
Execução 21 
Best solution 0.64743 from pop 5
Best solution 0.64743 from pop 5 k = 7
Total time = 226.326
Time to Best ttb = 0
 
Execução 22 
Best solution 0.650268 from pop 5
Best solution 0.650268 from pop 5 k = 7
Total time = 235.832
Time to Best ttb = 0
 
Execução 23 
Best solution 0.650146 from pop 5
Best solution 0.650146 from pop 5 k = 7
Total time = 237.395
Time to Best ttb = 0
 
Execução 24 
Best solution 0.651702 from pop 5
Best solution 0.651702 from pop 5 k = 7
Total time = 226.781
Time to Best ttb = 0
 
Execução 25 
Best solution 0.651692 from pop 5
Best solution 0.651692 from pop 5 k = 7
Total time = 236.408
Time to Best ttb = 0
 
Execução 26 
Best solution 0.649553 from pop 5
Best solution 0.649553 from pop 5 k = 7
Total time = 225.392
Time to Best ttb = 0
 
Execução 27 
Best solution 0.650603 from pop 5
Best solution 0.650603 from pop 5 k = 7
Total time = 238.019
Time to Best ttb = 0
 
Execução 28 
Best solution 0.649892 from pop 5
Best solution 0.649892 from pop 5 k = 7
Total time = 227.24
Time to Best ttb = 0
 
Execução 29 
Best solution 0.650601 from pop 5
Best solution 0.650601 from pop 5 k = 7
Total time = 238.809
Time to Best ttb = 0
 
Execução 30 
Best solution 0.648295 from pop 5
Best solution 0.648295 from pop 5 k = 7
Total time = 228.067
Time to Best ttb = 0
 
