Execução 1 
Best solution 0.55082 from pop 3
Best solution 0.55082 from pop 3 k = 5
Total time = 235.207
Time to Best ttb = 0
 
Execução 2 
Best solution 0.552176 from pop 3
Best solution 0.552176 from pop 3 k = 5
Total time = 240.468
Time to Best ttb = 0
 
Execução 3 
Best solution 0.551533 from pop 3
Best solution 0.551533 from pop 3 k = 5
Total time = 235.397
Time to Best ttb = 0
 
Execução 4 
Best solution 0.55152 from pop 3
Best solution 0.55152 from pop 3 k = 5
Total time = 235.885
Time to Best ttb = 0
 
Execução 5 
Best solution 0.551656 from pop 3
Best solution 0.551656 from pop 3 k = 5
Total time = 235.89
Time to Best ttb = 0
 
Execução 6 
Best solution 0.551357 from pop 3
Best solution 0.551357 from pop 3 k = 5
Total time = 236.182
Time to Best ttb = 0
 
Execução 7 
Best solution 0.552288 from pop 3
Best solution 0.552288 from pop 3 k = 5
Total time = 240.312
Time to Best ttb = 0
 
Execução 8 
Best solution 0.550947 from pop 3
Best solution 0.550947 from pop 3 k = 5
Total time = 240.136
Time to Best ttb = 0
 
Execução 9 
Best solution 0.551438 from pop 3
Best solution 0.551438 from pop 3 k = 5
Total time = 240.319
Time to Best ttb = 0
 
Execução 10 
Best solution 0.552774 from pop 3
Best solution 0.552774 from pop 3 k = 5
Total time = 234.592
Time to Best ttb = 0
 
Execução 11 
Best solution 0.551409 from pop 3
Best solution 0.551409 from pop 3 k = 5
Total time = 240.565
Time to Best ttb = 0
 
Execução 12 
Best solution 0.551135 from pop 3
Best solution 0.551135 from pop 3 k = 5
Total time = 234.608
Time to Best ttb = 0
 
Execução 13 
Best solution 0.551285 from pop 3
Best solution 0.551285 from pop 3 k = 5
Total time = 235.687
Time to Best ttb = 0
 
Execução 14 
Best solution 0.551209 from pop 3
Best solution 0.551209 from pop 3 k = 5
Total time = 240.557
Time to Best ttb = 0
 
Execução 15 
Best solution 0.551171 from pop 3
Best solution 0.551171 from pop 3 k = 5
Total time = 233.462
Time to Best ttb = 0
 
Execução 16 
Best solution 0.551779 from pop 3
Best solution 0.551779 from pop 3 k = 5
Total time = 234.521
Time to Best ttb = 0
 
Execução 17 
Best solution 0.551609 from pop 3
Best solution 0.551609 from pop 3 k = 5
Total time = 241.129
Time to Best ttb = 0
 
Execução 18 
Best solution 0.551475 from pop 3
Best solution 0.551475 from pop 3 k = 5
Total time = 231.781
Time to Best ttb = 0
 
Execução 19 
Best solution 0.551484 from pop 3
Best solution 0.551484 from pop 3 k = 5
Total time = 240.72
Time to Best ttb = 0
 
Execução 20 
Best solution 0.551118 from pop 3
Best solution 0.551118 from pop 3 k = 5
Total time = 236.476
Time to Best ttb = 0
 
Execução 21 
Best solution 0.551123 from pop 3
Best solution 0.551123 from pop 3 k = 5
Total time = 241.097
Time to Best ttb = 0
 
Execução 22 
Best solution 0.552549 from pop 3
Best solution 0.552549 from pop 3 k = 5
Total time = 233.705
Time to Best ttb = 0
 
Execução 23 
Best solution 0.551974 from pop 3
Best solution 0.551974 from pop 3 k = 5
Total time = 242.38
Time to Best ttb = 0
 
Execução 24 
Best solution 0.552015 from pop 3
Best solution 0.552015 from pop 3 k = 5
Total time = 234.426
Time to Best ttb = 0
 
Execução 25 
Best solution 0.55182 from pop 3
Best solution 0.55182 from pop 3 k = 5
Total time = 234.625
Time to Best ttb = 0
 
Execução 26 
Best solution 0.550764 from pop 3
Best solution 0.550764 from pop 3 k = 5
Total time = 241.622
Time to Best ttb = 0
 
Execução 27 
Best solution 0.552107 from pop 3
Best solution 0.552107 from pop 3 k = 5
Total time = 236.116
Time to Best ttb = 0
 
Execução 28 
Best solution 0.551425 from pop 3
Best solution 0.551425 from pop 3 k = 5
Total time = 240.711
Time to Best ttb = 0
 
Execução 29 
Best solution 0.550659 from pop 3
Best solution 0.550659 from pop 3 k = 5
Total time = 235.33
Time to Best ttb = 0
 
Execução 30 
Best solution 0.552114 from pop 3
Best solution 0.552114 from pop 3 k = 5
Total time = 240.422
Time to Best ttb = 0
 
