Execução 1 
Best solution 0.717138 from pop 15
Best solution 0.717138 from pop 15 k = 17
Total time = 255.254
Time to Best ttb = 0
 
Execução 2 
Best solution 0.711065 from pop 19
Best solution 0.711065 from pop 19 k = 21
Total time = 247.686
Time to Best ttb = 0
 
Execução 3 
Best solution 0.714795 from pop 15
Best solution 0.714795 from pop 15 k = 17
Total time = 237.677
Time to Best ttb = 0
 
Execução 4 
Best solution 0.735404 from pop 16
Best solution 0.735404 from pop 16 k = 18
Total time = 232.157
Time to Best ttb = 0
 
Execução 5 
Best solution 0.719042 from pop 18
Best solution 0.719042 from pop 18 k = 20
Total time = 237.279
Time to Best ttb = 0
 
Execução 6 
Best solution 0.717787 from pop 19
Best solution 0.717787 from pop 19 k = 21
Total time = 236.462
Time to Best ttb = 0
 
Execução 7 
Best solution 0.711927 from pop 15
New best 0.7241 from pop 17
Best solution 0.7241 from pop 17 k = 19
Total time = 230.84
Time to Best ttb = 230.84
 
Execução 8 
Best solution 0.713687 from pop 17
Best solution 0.713687 from pop 17 k = 19
Total time = 233.779
Time to Best ttb = 0
 
Execução 9 
Best solution 0.719202 from pop 17
Best solution 0.719202 from pop 17 k = 19
Total time = 237.08
Time to Best ttb = 0
 
Execução 10 
Best solution 0.730844 from pop 18
Best solution 0.730844 from pop 18 k = 20
Total time = 236.899
Time to Best ttb = 0
 
Execução 11 
Best solution 0.71029 from pop 15
Best solution 0.71029 from pop 15 k = 17
Total time = 233.851
Time to Best ttb = 0
 
Execução 12 
Best solution 0.719752 from pop 17
Best solution 0.719752 from pop 17 k = 19
Total time = 234.644
Time to Best ttb = 0
 
Execução 13 
Best solution 0.713077 from pop 16
Best solution 0.713077 from pop 16 k = 18
Total time = 236.692
Time to Best ttb = 0
 
Execução 14 
Best solution 0.725657 from pop 17
Best solution 0.725657 from pop 17 k = 19
Total time = 233.123
Time to Best ttb = 0
 
Execução 15 
Best solution 0.705999 from pop 20
Best solution 0.705999 from pop 20 k = 22
Total time = 236.32
Time to Best ttb = 0
 
Execução 16 
Best solution 0.709449 from pop 16
Best solution 0.709449 from pop 16 k = 18
Total time = 233.889
Time to Best ttb = 0
 
Execução 17 
Best solution 0.718102 from pop 16
Best solution 0.718102 from pop 16 k = 18
Total time = 236.074
Time to Best ttb = 0
 
Execução 18 
Best solution 0.720606 from pop 17
Best solution 0.720606 from pop 17 k = 19
Total time = 233.994
Time to Best ttb = 0
 
Execução 19 
Best solution 0.717047 from pop 17
Best solution 0.717047 from pop 17 k = 19
Total time = 237.183
Time to Best ttb = 0
 
Execução 20 
Best solution 0.728569 from pop 16
Best solution 0.728569 from pop 16 k = 18
Total time = 235.043
Time to Best ttb = 0
 
Execução 21 
Best solution 0.715653 from pop 15
Best solution 0.715653 from pop 15 k = 17
Total time = 234.081
Time to Best ttb = 0
 
Execução 22 
Best solution 0.714098 from pop 20
Best solution 0.714098 from pop 20 k = 22
Total time = 235.944
Time to Best ttb = 0
 
Execução 23 
Best solution 0.707752 from pop 18
Best solution 0.707752 from pop 18 k = 20
Total time = 233.703
Time to Best ttb = 0
 
Execução 24 
Best solution 0.726285 from pop 16
Best solution 0.726285 from pop 16 k = 18
Total time = 232.65
Time to Best ttb = 0
 
Execução 25 
Best solution 0.722903 from pop 17
Best solution 0.722903 from pop 17 k = 19
Total time = 236.79
Time to Best ttb = 0
 
Execução 26 
Best solution 0.713763 from pop 15
Best solution 0.713763 from pop 15 k = 17
Total time = 234.552
Time to Best ttb = 0
 
Execução 27 
Best solution 0.710556 from pop 18
Best solution 0.710556 from pop 18 k = 20
Total time = 237.224
Time to Best ttb = 0
 
Execução 28 
Best solution 0.714329 from pop 16
Best solution 0.714329 from pop 16 k = 18
Total time = 232.356
Time to Best ttb = 0
 
Execução 29 
Best solution 0.722778 from pop 16
Best solution 0.722778 from pop 16 k = 18
Total time = 236.698
Time to Best ttb = 0
 
Execução 30 
Best solution 0.72481 from pop 17
Best solution 0.72481 from pop 17 k = 19
Total time = 231.221
Time to Best ttb = 0
 
