Execução 1 
Best solution 0.791367 from pop 3
Best solution 0.791367 from pop 3 k = 5
Total time = 30.0331
Time to Best ttb = 0
 
Execução 2 
Best solution 0.791367 from pop 3
Best solution 0.791367 from pop 3 k = 5
Total time = 30.0788
Time to Best ttb = 0
 
Execução 3 
Best solution 0.791367 from pop 3
Best solution 0.791367 from pop 3 k = 5
Total time = 30.0334
Time to Best ttb = 0
 
Execução 4 
Best solution 0.791367 from pop 3
Best solution 0.791367 from pop 3 k = 5
Total time = 30.0914
Time to Best ttb = 0
 
Execução 5 
Best solution 0.791367 from pop 3
New best 0.791367 from pop 3
Best solution 0.791367 from pop 3 k = 5
Total time = 30.0169
Time to Best ttb = 0.971154
 
Execução 6 
Best solution 0.791367 from pop 3
Best solution 0.791367 from pop 3 k = 5
Total time = 30.0428
Time to Best ttb = 0
 
Execução 7 
Best solution 0.791367 from pop 3
New best 0.791367 from pop 3
Best solution 0.791367 from pop 3 k = 5
Total time = 30.0064
Time to Best ttb = 0.960736
 
Execução 8 
Best solution 0.791367 from pop 3
Best solution 0.791367 from pop 3 k = 5
Total time = 30.0605
Time to Best ttb = 0
 
Execução 9 
Best solution 0.791367 from pop 3
Best solution 0.791367 from pop 3 k = 5
Total time = 30.0404
Time to Best ttb = 0
 
Execução 10 
Best solution 0.791367 from pop 3
Best solution 0.791367 from pop 3 k = 5
Total time = 30.0537
Time to Best ttb = 0
 
Execução 11 
Best solution 0.791367 from pop 3
Best solution 0.791367 from pop 3 k = 5
Total time = 30.064
Time to Best ttb = 0
 
Execução 12 
Best solution 0.791367 from pop 3
Best solution 0.791367 from pop 3 k = 5
Total time = 30.0372
Time to Best ttb = 0
 
Execução 13 
Best solution 0.791367 from pop 3
Best solution 0.791367 from pop 3 k = 5
Total time = 30.0593
Time to Best ttb = 0
 
Execução 14 
Best solution 0.791367 from pop 3
Best solution 0.791367 from pop 3 k = 5
Total time = 30.0017
Time to Best ttb = 0
 
Execução 15 
Best solution 0.791367 from pop 3
Best solution 0.791367 from pop 3 k = 5
Total time = 30.0599
Time to Best ttb = 0
 
Execução 16 
Best solution 0.791367 from pop 3
New best 0.791367 from pop 3
Best solution 0.791367 from pop 3 k = 5
Total time = 30.0557
Time to Best ttb = 1.84721
 
Execução 17 
Best solution 0.791367 from pop 3
Best solution 0.791367 from pop 3 k = 5
Total time = 30.0162
Time to Best ttb = 0
 
Execução 18 
Best solution 0.791367 from pop 3
Best solution 0.791367 from pop 3 k = 5
Total time = 30.0751
Time to Best ttb = 0
 
Execução 19 
Best solution 0.791367 from pop 3
Best solution 0.791367 from pop 3 k = 5
Total time = 30.0699
Time to Best ttb = 0
 
Execução 20 
Best solution 0.791367 from pop 3
Best solution 0.791367 from pop 3 k = 5
Total time = 30.0676
Time to Best ttb = 0
 
Execução 21 
Best solution 0.791367 from pop 3
New best 0.791367 from pop 3
Best solution 0.791367 from pop 3 k = 5
Total time = 30.0324
Time to Best ttb = 2.029
 
Execução 22 
Best solution 0.791367 from pop 3
Best solution 0.791367 from pop 3 k = 5
Total time = 30.0355
Time to Best ttb = 0
 
Execução 23 
Best solution 0.791367 from pop 3
Best solution 0.791367 from pop 3 k = 5
Total time = 30.0323
Time to Best ttb = 0
 
Execução 24 
Best solution 0.791367 from pop 3
Best solution 0.791367 from pop 3 k = 5
Total time = 30.0269
Time to Best ttb = 0
 
Execução 25 
Best solution 0.791367 from pop 3
Best solution 0.791367 from pop 3 k = 5
Total time = 30.0031
Time to Best ttb = 0
 
Execução 26 
Best solution 0.791367 from pop 3
New best 0.791367 from pop 3
Best solution 0.791367 from pop 3 k = 5
Total time = 30.0577
Time to Best ttb = 1.0584
 
Execução 27 
Best solution 0.791367 from pop 3
Best solution 0.791367 from pop 3 k = 5
Total time = 30.0041
Time to Best ttb = 0
 
Execução 28 
Best solution 0.791367 from pop 3
Best solution 0.791367 from pop 3 k = 5
Total time = 30.0914
Time to Best ttb = 0
 
Execução 29 
Best solution 0.791367 from pop 3
New best 0.791367 from pop 3
Best solution 0.791367 from pop 3 k = 5
Total time = 30.099
Time to Best ttb = 1.06567
 
Execução 30 
Best solution 0.791367 from pop 3
Best solution 0.791367 from pop 3 k = 5
Total time = 30.0636
Time to Best ttb = 0
 
