Execução 1 
Best solution 0.66917 from pop 4
New best 0.679347 from pop 6
New best 0.679347 from pop 6
Best solution 0.679347 from pop 6 k = 8
Total time = 30.0109
Time to Best ttb = 11.0152
 
Execução 2 
Best solution 0.669608 from pop 5
New best 0.675451 from pop 5
New best 0.679347 from pop 6
New best 0.679347 from pop 6
Best solution 0.679347 from pop 6 k = 8
Total time = 30.0708
Time to Best ttb = 21.7703
 
Execução 3 
Best solution 0.669608 from pop 5
New best 0.679347 from pop 6
New best 0.679347 from pop 6
Best solution 0.679347 from pop 6 k = 8
Total time = 30.0127
Time to Best ttb = 9.24019
 
Execução 4 
Best solution 0.66917 from pop 4
New best 0.676174 from pop 7
New best 0.676217 from pop 8
New best 0.679347 from pop 6
Best solution 0.679347 from pop 6 k = 8
Total time = 30.046
Time to Best ttb = 11.6245
 
Execução 5 
Best solution 0.668844 from pop 4
New best 0.66917 from pop 4
New best 0.66917 from pop 4
New best 0.671411 from pop 6
New best 0.675451 from pop 5
New best 0.679347 from pop 6
New best 0.679347 from pop 6
Best solution 0.679347 from pop 6 k = 8
Total time = 30.0416
Time to Best ttb = 14.4865
 
Execução 6 
Best solution 0.669704 from pop 5
New best 0.679347 from pop 6
New best 0.679347 from pop 6
Best solution 0.679347 from pop 6 k = 8
Total time = 30.0034
Time to Best ttb = 16.558
 
Execução 7 
Best solution 0.675451 from pop 5
New best 0.679347 from pop 6
New best 0.679347 from pop 6
Best solution 0.679347 from pop 6 k = 8
Total time = 30.0084
Time to Best ttb = 23.6927
 
Execução 8 
Best solution 0.675451 from pop 5
New best 0.675451 from pop 5
New best 0.679347 from pop 6
New best 0.679347 from pop 6
Best solution 0.679347 from pop 6 k = 8
Total time = 30.0916
Time to Best ttb = 23.1527
 
Execução 9 
Best solution 0.668844 from pop 4
New best 0.66917 from pop 4
New best 0.671527 from pop 5
New best 0.675451 from pop 5
New best 0.676174 from pop 7
New best 0.679347 from pop 6
New best 0.679347 from pop 6
Best solution 0.679347 from pop 6 k = 8
Total time = 30.0134
Time to Best ttb = 10.1842
 
Execução 10 
Best solution 0.66917 from pop 4
New best 0.675451 from pop 5
New best 0.679347 from pop 6
New best 0.679347 from pop 6
Best solution 0.679347 from pop 6 k = 8
Total time = 30.0579
Time to Best ttb = 8.26738
 
Execução 11 
Best solution 0.675451 from pop 5
New best 0.679347 from pop 6
New best 0.679347 from pop 6
Best solution 0.679347 from pop 6 k = 8
Total time = 30.0298
Time to Best ttb = 16.3077
 
Execução 12 
Best solution 0.66917 from pop 4
New best 0.669704 from pop 5
New best 0.675451 from pop 5
New best 0.675451 from pop 5
New best 0.679347 from pop 6
New best 0.679347 from pop 6
Best solution 0.679347 from pop 6 k = 8
Total time = 30.064
Time to Best ttb = 23.562
 
Execução 13 
Best solution 0.66917 from pop 4
New best 0.671411 from pop 6
New best 0.675451 from pop 5
New best 0.675451 from pop 5
New best 0.679347 from pop 6
New best 0.679347 from pop 6
Best solution 0.679347 from pop 6 k = 8
Total time = 30.0626
Time to Best ttb = 13.4711
 
Execução 14 
Best solution 0.669608 from pop 5
New best 0.671411 from pop 6
New best 0.675451 from pop 5
New best 0.679347 from pop 6
New best 0.679347 from pop 6
Best solution 0.679347 from pop 6 k = 8
Total time = 30.0423
Time to Best ttb = 10.6645
 
Execução 15 
Best solution 0.669608 from pop 5
New best 0.679347 from pop 6
New best 0.679347 from pop 6
Best solution 0.679347 from pop 6 k = 8
Total time = 30.0233
Time to Best ttb = 11.4976
 
Execução 16 
Best solution 0.66917 from pop 4
New best 0.675451 from pop 5
New best 0.679347 from pop 6
New best 0.679347 from pop 6
Best solution 0.679347 from pop 6 k = 8
Total time = 30.0499
Time to Best ttb = 20.404
 
Execução 17 
Best solution 0.675451 from pop 5
New best 0.679347 from pop 6
New best 0.679347 from pop 6
Best solution 0.679347 from pop 6 k = 8
Total time = 30.036
Time to Best ttb = 15.5324
 
Execução 18 
Best solution 0.668844 from pop 4
New best 0.675451 from pop 5
New best 0.676174 from pop 7
New best 0.679347 from pop 6
New best 0.679347 from pop 6
Best solution 0.679347 from pop 6 k = 8
Total time = 30.0002
Time to Best ttb = 10.0221
 
Execução 19 
Best solution 0.675451 from pop 5
New best 0.675451 from pop 5
New best 0.679347 from pop 6
New best 0.679347 from pop 6
Best solution 0.679347 from pop 6 k = 8
Total time = 30.0126
Time to Best ttb = 9.76172
 
Execução 20 
Best solution 0.66917 from pop 4
New best 0.670021 from pop 5
New best 0.675451 from pop 5
New best 0.675451 from pop 5
New best 0.679347 from pop 6
New best 0.679347 from pop 6
Best solution 0.679347 from pop 6 k = 8
Total time = 30.0054
Time to Best ttb = 20.4616
 
Execução 21 
Best solution 0.66917 from pop 4
New best 0.66917 from pop 4
New best 0.675451 from pop 5
New best 0.675451 from pop 5
New best 0.679347 from pop 6
New best 0.679347 from pop 6
Best solution 0.679347 from pop 6 k = 8
Total time = 30.0705
Time to Best ttb = 10.8891
 
Execução 22 
Best solution 0.66917 from pop 4
New best 0.675451 from pop 5
New best 0.675451 from pop 5
New best 0.676174 from pop 7
New best 0.676217 from pop 8
New best 0.679347 from pop 6
New best 0.679347 from pop 6
Best solution 0.679347 from pop 6 k = 8
Total time = 30.0492
Time to Best ttb = 22.5867
 
Execução 23 
Best solution 0.66917 from pop 4
New best 0.669608 from pop 5
New best 0.670021 from pop 5
New best 0.675451 from pop 5
New best 0.675451 from pop 5
New best 0.676174 from pop 7
New best 0.679347 from pop 6
New best 0.679347 from pop 6
Best solution 0.679347 from pop 6 k = 8
Total time = 30.0121
Time to Best ttb = 18.6077
 
Execução 24 
Best solution 0.675451 from pop 5
New best 0.679347 from pop 6
New best 0.679347 from pop 6
Best solution 0.679347 from pop 6 k = 8
Total time = 30.0126
Time to Best ttb = 12.2522
 
Execução 25 
Best solution 0.66917 from pop 4
New best 0.669608 from pop 5
New best 0.670021 from pop 5
New best 0.675451 from pop 5
New best 0.675451 from pop 5
New best 0.676174 from pop 7
New best 0.679347 from pop 6
New best 0.679347 from pop 6
Best solution 0.679347 from pop 6 k = 8
Total time = 30.0206
Time to Best ttb = 24.3243
 
Execução 26 
Best solution 0.669608 from pop 5
New best 0.669704 from pop 5
New best 0.670021 from pop 5
New best 0.675451 from pop 5
New best 0.675451 from pop 5
New best 0.679347 from pop 6
New best 0.679347 from pop 6
Best solution 0.679347 from pop 6 k = 8
Total time = 30.0672
Time to Best ttb = 11.2535
 
Execução 27 
Best solution 0.670021 from pop 5
New best 0.670021 from pop 5
New best 0.675451 from pop 5
New best 0.679347 from pop 6
New best 0.679347 from pop 6
Best solution 0.679347 from pop 6 k = 8
Total time = 30.0692
Time to Best ttb = 19.2299
 
Execução 28 
Best solution 0.675451 from pop 5
New best 0.676174 from pop 7
New best 0.679347 from pop 6
New best 0.679347 from pop 6
Best solution 0.679347 from pop 6 k = 8
Total time = 30.0179
Time to Best ttb = 16.6374
 
Execução 29 
Best solution 0.66917 from pop 4
New best 0.675451 from pop 5
New best 0.675451 from pop 5
New best 0.679347 from pop 6
New best 0.679347 from pop 6
Best solution 0.679347 from pop 6 k = 8
Total time = 30.0478
Time to Best ttb = 18.8124
 
Execução 30 
Best solution 0.66917 from pop 4
New best 0.670483 from pop 6
New best 0.675451 from pop 5
New best 0.675451 from pop 5
New best 0.679347 from pop 6
New best 0.679347 from pop 6
Best solution 0.679347 from pop 6 k = 8
Total time = 30.0876
Time to Best ttb = 23.7974
 
