Execução 1 
Best solution 0.73052 from pop 4
Best solution 0.73052 from pop 4 k = 6
Total time = 30.0656
Time to Best ttb = 0
 
Execução 2 
Best solution 0.73052 from pop 4
Best solution 0.73052 from pop 4 k = 6
Total time = 30.059
Time to Best ttb = 0
 
Execução 3 
Best solution 0.73052 from pop 4
Best solution 0.73052 from pop 4 k = 6
Total time = 30.0531
Time to Best ttb = 0
 
Execução 4 
Best solution 0.73052 from pop 4
Best solution 0.73052 from pop 4 k = 6
Total time = 30.0216
Time to Best ttb = 0
 
Execução 5 
Best solution 0.73052 from pop 4
Best solution 0.73052 from pop 4 k = 6
Total time = 30.0029
Time to Best ttb = 0
 
Execução 6 
Best solution 0.73052 from pop 4
Best solution 0.73052 from pop 4 k = 6
Total time = 30.0269
Time to Best ttb = 0
 
Execução 7 
Best solution 0.73052 from pop 4
Best solution 0.73052 from pop 4 k = 6
Total time = 30.0062
Time to Best ttb = 0
 
Execução 8 
Best solution 0.73052 from pop 4
Best solution 0.73052 from pop 4 k = 6
Total time = 30.0091
Time to Best ttb = 0
 
Execução 9 
Best solution 0.73052 from pop 4
Best solution 0.73052 from pop 4 k = 6
Total time = 30.0917
Time to Best ttb = 0
 
Execução 10 
Best solution 0.73052 from pop 4
Best solution 0.73052 from pop 4 k = 6
Total time = 30.0855
Time to Best ttb = 0
 
Execução 11 
Best solution 0.73052 from pop 4
Best solution 0.73052 from pop 4 k = 6
Total time = 30.0079
Time to Best ttb = 0
 
Execução 12 
Best solution 0.73052 from pop 4
Best solution 0.73052 from pop 4 k = 6
Total time = 30.0193
Time to Best ttb = 0
 
Execução 13 
Best solution 0.73052 from pop 4
Best solution 0.73052 from pop 4 k = 6
Total time = 30.0277
Time to Best ttb = 0
 
Execução 14 
Best solution 0.73052 from pop 4
Best solution 0.73052 from pop 4 k = 6
Total time = 30.0123
Time to Best ttb = 0
 
Execução 15 
Best solution 0.73052 from pop 4
Best solution 0.73052 from pop 4 k = 6
Total time = 30.0387
Time to Best ttb = 0
 
Execução 16 
Best solution 0.73052 from pop 4
Best solution 0.73052 from pop 4 k = 6
Total time = 30.0447
Time to Best ttb = 0
 
Execução 17 
Best solution 0.73052 from pop 4
Best solution 0.73052 from pop 4 k = 6
Total time = 30.0663
Time to Best ttb = 0
 
Execução 18 
Best solution 0.73052 from pop 4
Best solution 0.73052 from pop 4 k = 6
Total time = 30.0011
Time to Best ttb = 0
 
Execução 19 
Best solution 0.73052 from pop 4
Best solution 0.73052 from pop 4 k = 6
Total time = 30.0447
Time to Best ttb = 0
 
Execução 20 
Best solution 0.73052 from pop 4
Best solution 0.73052 from pop 4 k = 6
Total time = 30.0379
Time to Best ttb = 0
 
Execução 21 
Best solution 0.73052 from pop 4
Best solution 0.73052 from pop 4 k = 6
Total time = 30.0494
Time to Best ttb = 0
 
Execução 22 
Best solution 0.73052 from pop 4
Best solution 0.73052 from pop 4 k = 6
Total time = 30.0057
Time to Best ttb = 0
 
Execução 23 
Best solution 0.73052 from pop 4
Best solution 0.73052 from pop 4 k = 6
Total time = 30.0647
Time to Best ttb = 0
 
Execução 24 
Best solution 0.73052 from pop 4
Best solution 0.73052 from pop 4 k = 6
Total time = 30.0346
Time to Best ttb = 0
 
Execução 25 
Best solution 0.73052 from pop 4
Best solution 0.73052 from pop 4 k = 6
Total time = 30.0325
Time to Best ttb = 0
 
Execução 26 
Best solution 0.73052 from pop 4
Best solution 0.73052 from pop 4 k = 6
Total time = 30.0342
Time to Best ttb = 0
 
Execução 27 
Best solution 0.73052 from pop 4
Best solution 0.73052 from pop 4 k = 6
Total time = 30.0121
Time to Best ttb = 0
 
Execução 28 
Best solution 0.73052 from pop 4
Best solution 0.73052 from pop 4 k = 6
Total time = 30.0218
Time to Best ttb = 0
 
Execução 29 
Best solution 0.73052 from pop 4
Best solution 0.73052 from pop 4 k = 6
Total time = 30.0603
Time to Best ttb = 0
 
Execução 30 
Best solution 0.73052 from pop 4
Best solution 0.73052 from pop 4 k = 6
Total time = 30.0366
Time to Best ttb = 0
 
