Execução 1 
Best solution 0.729957 from pop 7
New best 0.745375 from pop 8
New best 0.748395 from pop 8
Best solution 0.748395 from pop 8 k = 10
Total time = 30.0143
Time to Best ttb = 2.84017
 
Execução 2 
Best solution 0.748395 from pop 8
Best solution 0.748395 from pop 8 k = 10
Total time = 30.0473
Time to Best ttb = 0
 
Execução 3 
Best solution 0.73078 from pop 8
New best 0.745375 from pop 8
New best 0.748395 from pop 8
Best solution 0.748395 from pop 8 k = 10
Total time = 30.0481
Time to Best ttb = 4.23502
 
Execução 4 
Best solution 0.722019 from pop 8
New best 0.745375 from pop 8
New best 0.748395 from pop 8
Best solution 0.748395 from pop 8 k = 10
Total time = 30.0081
Time to Best ttb = 1.26049
 
Execução 5 
Best solution 0.725748 from pop 8
New best 0.748395 from pop 8
Best solution 0.748395 from pop 8 k = 10
Total time = 30.0903
Time to Best ttb = 1.1139
 
Execução 6 
Best solution 0.733756 from pop 8
New best 0.745375 from pop 8
New best 0.748395 from pop 8
Best solution 0.748395 from pop 8 k = 10
Total time = 30.0478
Time to Best ttb = 5.14987
 
Execução 7 
Best solution 0.721866 from pop 7
New best 0.723883 from pop 8
New best 0.730569 from pop 8
New best 0.748395 from pop 8
Best solution 0.748395 from pop 8 k = 10
Total time = 30.014
Time to Best ttb = 2.04017
 
Execução 8 
Best solution 0.73435 from pop 8
New best 0.745375 from pop 8
New best 0.748395 from pop 8
Best solution 0.748395 from pop 8 k = 10
Total time = 30.0113
Time to Best ttb = 1.35005
 
Execução 9 
Best solution 0.721866 from pop 7
New best 0.729957 from pop 7
New best 0.73078 from pop 8
New best 0.748395 from pop 8
Best solution 0.748395 from pop 8 k = 10
Total time = 30.054
Time to Best ttb = 2.72138
 
Execução 10 
Best solution 0.725594 from pop 8
New best 0.729957 from pop 7
New best 0.748395 from pop 8
Best solution 0.748395 from pop 8 k = 10
Total time = 30.0018
Time to Best ttb = 1.88782
 
Execução 11 
Best solution 0.729957 from pop 7
New best 0.73078 from pop 8
New best 0.745375 from pop 8
New best 0.748395 from pop 8
Best solution 0.748395 from pop 8 k = 10
Total time = 30.0074
Time to Best ttb = 5.63601
 
Execução 12 
Best solution 0.748395 from pop 8
Best solution 0.748395 from pop 8 k = 10
Total time = 30.0147
Time to Best ttb = 0
 
Execução 13 
Best solution 0.729957 from pop 7
New best 0.730555 from pop 8
New best 0.738296 from pop 8
New best 0.748395 from pop 8
Best solution 0.748395 from pop 8 k = 10
Total time = 30.0653
Time to Best ttb = 3.47626
 
Execução 14 
Best solution 0.723051 from pop 8
New best 0.729957 from pop 7
New best 0.748395 from pop 8
Best solution 0.748395 from pop 8 k = 10
Total time = 30.0272
Time to Best ttb = 1.9251
 
Execução 15 
Best solution 0.725203 from pop 8
New best 0.73078 from pop 8
New best 0.748395 from pop 8
Best solution 0.748395 from pop 8 k = 10
Total time = 30.0113
Time to Best ttb = 1.37896
 
Execução 16 
Best solution 0.73078 from pop 8
New best 0.731206 from pop 8
New best 0.745375 from pop 8
New best 0.748395 from pop 8
Best solution 0.748395 from pop 8 k = 10
Total time = 30.0678
Time to Best ttb = 3.3773
 
Execução 17 
Best solution 0.745375 from pop 8
New best 0.748395 from pop 8
Best solution 0.748395 from pop 8 k = 10
Total time = 30.0554
Time to Best ttb = 5.68641
 
Execução 18 
Best solution 0.733756 from pop 8
New best 0.738296 from pop 8
New best 0.745375 from pop 8
New best 0.748395 from pop 8
Best solution 0.748395 from pop 8 k = 10
Total time = 30.0861
Time to Best ttb = 3.57504
 
Execução 19 
Best solution 0.713796 from pop 8
New best 0.716459 from pop 7
New best 0.729957 from pop 7
New best 0.73078 from pop 8
New best 0.748395 from pop 8
Best solution 0.748395 from pop 8 k = 10
Total time = 30.0746
Time to Best ttb = 2.17762
 
Execução 20 
Best solution 0.707826 from pop 7
New best 0.733756 from pop 8
New best 0.745375 from pop 8
New best 0.748395 from pop 8
Best solution 0.748395 from pop 8 k = 10
Total time = 30.0147
Time to Best ttb = 6.78978
 
Execução 21 
Best solution 0.729957 from pop 7
New best 0.745375 from pop 8
New best 0.748395 from pop 8
Best solution 0.748395 from pop 8 k = 10
Total time = 30.0435
Time to Best ttb = 2.55832
 
Execução 22 
Best solution 0.70429 from pop 8
New best 0.716459 from pop 7
New best 0.728877 from pop 8
New best 0.738296 from pop 8
New best 0.748395 from pop 8
Best solution 0.748395 from pop 8 k = 10
Total time = 30.05
Time to Best ttb = 3.18943
 
Execução 23 
Best solution 0.729957 from pop 7
New best 0.745375 from pop 8
New best 0.748395 from pop 8
Best solution 0.748395 from pop 8 k = 10
Total time = 30.077
Time to Best ttb = 4.43388
 
Execução 24 
Best solution 0.710969 from pop 8
New best 0.748395 from pop 8
Best solution 0.748395 from pop 8 k = 10
Total time = 30.0469
Time to Best ttb = 1.52002
 
Execução 25 
Best solution 0.748395 from pop 8
Best solution 0.748395 from pop 8 k = 10
Total time = 30.041
Time to Best ttb = 0
 
Execução 26 
Best solution 0.721866 from pop 7
New best 0.733756 from pop 8
New best 0.745375 from pop 8
New best 0.748395 from pop 8
Best solution 0.748395 from pop 8 k = 10
Total time = 30.0203
Time to Best ttb = 5.35275
 
Execução 27 
Best solution 0.745375 from pop 8
New best 0.748395 from pop 8
Best solution 0.748395 from pop 8 k = 10
Total time = 30.0801
Time to Best ttb = 3.63316
 
Execução 28 
Best solution 0.722969 from pop 8
New best 0.748395 from pop 8
Best solution 0.748395 from pop 8 k = 10
Total time = 30.0656
Time to Best ttb = 1.47126
 
Execução 29 
Best solution 0.729957 from pop 7
New best 0.733756 from pop 8
New best 0.745375 from pop 8
New best 0.748395 from pop 8
Best solution 0.748395 from pop 8 k = 10
Total time = 30.064
Time to Best ttb = 4.52896
 
Execução 30 
Best solution 0.718428 from pop 8
New best 0.73078 from pop 8
New best 0.745375 from pop 8
New best 0.748395 from pop 8
Best solution 0.748395 from pop 8 k = 10
Total time = 30.0655
Time to Best ttb = 4.75174
 
