Execução 1 
Best solution 0.729957 from pop 7
New best 0.745375 from pop 8
New best 0.748395 from pop 8
Best solution 0.748395 from pop 8 k = 10
Total time = 30.0192
Time to Best ttb = 2.91653
 
Execução 2 
Best solution 0.748395 from pop 8
Best solution 0.748395 from pop 8 k = 10
Total time = 30.044
Time to Best ttb = 0
 
Execução 3 
Best solution 0.73078 from pop 8
New best 0.745375 from pop 8
New best 0.748395 from pop 8
Best solution 0.748395 from pop 8 k = 10
Total time = 30.0199
Time to Best ttb = 4.25519
 
Execução 4 
Best solution 0.722019 from pop 8
New best 0.745375 from pop 8
New best 0.748395 from pop 8
Best solution 0.748395 from pop 8 k = 10
Total time = 30.0282
Time to Best ttb = 1.25675
 
Execução 5 
Best solution 0.725748 from pop 8
New best 0.748395 from pop 8
Best solution 0.748395 from pop 8 k = 10
Total time = 30.064
Time to Best ttb = 1.16705
 
Execução 6 
Best solution 0.733756 from pop 8
New best 0.745375 from pop 8
New best 0.748395 from pop 8
Best solution 0.748395 from pop 8 k = 10
Total time = 30.057
Time to Best ttb = 5.25194
 
Execução 7 
Best solution 0.721866 from pop 7
New best 0.723883 from pop 8
New best 0.730569 from pop 8
New best 0.748395 from pop 8
Best solution 0.748395 from pop 8 k = 10
Total time = 30.0398
Time to Best ttb = 2.26536
 
Execução 8 
Best solution 0.73435 from pop 8
New best 0.745375 from pop 8
New best 0.748395 from pop 8
Best solution 0.748395 from pop 8 k = 10
Total time = 30.0724
Time to Best ttb = 1.7518
 
Execução 9 
Best solution 0.721866 from pop 7
New best 0.729957 from pop 7
New best 0.73078 from pop 8
New best 0.748395 from pop 8
Best solution 0.748395 from pop 8 k = 10
Total time = 30.0336
Time to Best ttb = 2.38982
 
Execução 10 
Best solution 0.725594 from pop 8
New best 0.729957 from pop 7
New best 0.748395 from pop 8
Best solution 0.748395 from pop 8 k = 10
Total time = 30.0249
Time to Best ttb = 1.48188
 
Execução 11 
Best solution 0.729957 from pop 7
New best 0.73078 from pop 8
New best 0.745375 from pop 8
New best 0.748395 from pop 8
Best solution 0.748395 from pop 8 k = 10
Total time = 30.0386
Time to Best ttb = 5.12749
 
Execução 12 
Best solution 0.748395 from pop 8
Best solution 0.748395 from pop 8 k = 10
Total time = 30.0334
Time to Best ttb = 0
 
Execução 13 
Best solution 0.729957 from pop 7
New best 0.730555 from pop 8
New best 0.738296 from pop 8
New best 0.748395 from pop 8
Best solution 0.748395 from pop 8 k = 10
Total time = 30.0074
Time to Best ttb = 3.33405
 
Execução 14 
Best solution 0.723051 from pop 8
New best 0.729957 from pop 7
New best 0.748395 from pop 8
Best solution 0.748395 from pop 8 k = 10
Total time = 30.0465
Time to Best ttb = 1.63633
 
Execução 15 
Best solution 0.725203 from pop 8
New best 0.73078 from pop 8
New best 0.748395 from pop 8
Best solution 0.748395 from pop 8 k = 10
Total time = 30.0335
Time to Best ttb = 1.73046
 
Execução 16 
Best solution 0.73078 from pop 8
New best 0.731206 from pop 8
New best 0.745375 from pop 8
New best 0.748395 from pop 8
Best solution 0.748395 from pop 8 k = 10
Total time = 30.0618
Time to Best ttb = 3.38431
 
Execução 17 
Best solution 0.745375 from pop 8
New best 0.748395 from pop 8
Best solution 0.748395 from pop 8 k = 10
Total time = 30.0511
Time to Best ttb = 5.95502
 
Execução 18 
Best solution 0.733756 from pop 8
New best 0.738296 from pop 8
New best 0.745375 from pop 8
New best 0.748395 from pop 8
Best solution 0.748395 from pop 8 k = 10
Total time = 30.0441
Time to Best ttb = 3.92628
 
Execução 19 
Best solution 0.713796 from pop 8
New best 0.716459 from pop 7
New best 0.729957 from pop 7
New best 0.73078 from pop 8
New best 0.748395 from pop 8
Best solution 0.748395 from pop 8 k = 10
Total time = 30.0009
Time to Best ttb = 3.16518
 
Execução 20 
Best solution 0.707826 from pop 7
New best 0.733756 from pop 8
New best 0.745375 from pop 8
New best 0.748395 from pop 8
Best solution 0.748395 from pop 8 k = 10
Total time = 30.0383
Time to Best ttb = 7.16767
 
Execução 21 
Best solution 0.729957 from pop 7
New best 0.745375 from pop 8
New best 0.748395 from pop 8
Best solution 0.748395 from pop 8 k = 10
Total time = 30.051
Time to Best ttb = 3.21418
 
Execução 22 
Best solution 0.70429 from pop 8
New best 0.716459 from pop 7
New best 0.728877 from pop 8
New best 0.738296 from pop 8
New best 0.748395 from pop 8
Best solution 0.748395 from pop 8 k = 10
Total time = 30.0526
Time to Best ttb = 3.50612
 
Execução 23 
Best solution 0.729957 from pop 7
New best 0.745375 from pop 8
New best 0.748395 from pop 8
Best solution 0.748395 from pop 8 k = 10
Total time = 30.0373
Time to Best ttb = 4.50308
 
Execução 24 
Best solution 0.710969 from pop 8
New best 0.748395 from pop 8
Best solution 0.748395 from pop 8 k = 10
Total time = 30.0234
Time to Best ttb = 1.33569
 
Execução 25 
Best solution 0.748395 from pop 8
Best solution 0.748395 from pop 8 k = 10
Total time = 30.0804
Time to Best ttb = 0
 
Execução 26 
Best solution 0.721866 from pop 7
New best 0.733756 from pop 8
New best 0.745375 from pop 8
New best 0.748395 from pop 8
Best solution 0.748395 from pop 8 k = 10
Total time = 30.0483
Time to Best ttb = 4.97112
 
Execução 27 
Best solution 0.745375 from pop 8
New best 0.748395 from pop 8
Best solution 0.748395 from pop 8 k = 10
Total time = 30.0909
Time to Best ttb = 4.12455
 
Execução 28 
Best solution 0.722969 from pop 8
New best 0.748395 from pop 8
Best solution 0.748395 from pop 8 k = 10
Total time = 30.0447
Time to Best ttb = 1.87397
 
Execução 29 
Best solution 0.729957 from pop 7
New best 0.733756 from pop 8
New best 0.745375 from pop 8
New best 0.748395 from pop 8
Best solution 0.748395 from pop 8 k = 10
Total time = 30.0669
Time to Best ttb = 4.28488
 
Execução 30 
Best solution 0.718428 from pop 8
New best 0.73078 from pop 8
New best 0.745375 from pop 8
New best 0.748395 from pop 8
Best solution 0.748395 from pop 8 k = 10
Total time = 30.0054
Time to Best ttb = 4.75294
 
