Execução 1 
Best solution 0.670193 from pop 7
New best 0.693375 from pop 8
New best 0.697301 from pop 8
New best 0.697301 from pop 8
New best 0.69778 from pop 8
New best 0.698506 from pop 8
Best solution 0.698506 from pop 8 k = 10
Total time = 30.0354
Time to Best ttb = 9.46736
 
Execução 2 
Best solution 0.669836 from pop 7
New best 0.677778 from pop 8
New best 0.693375 from pop 8
New best 0.693796 from pop 8
New best 0.69778 from pop 8
New best 0.698506 from pop 8
Best solution 0.698506 from pop 8 k = 10
Total time = 30.0054
Time to Best ttb = 16.06
 
Execução 3 
Best solution 0.682176 from pop 7
New best 0.693375 from pop 8
New best 0.697301 from pop 8
New best 0.698506 from pop 8
Best solution 0.698506 from pop 8 k = 10
Total time = 30.0106
Time to Best ttb = 12.7227
 
Execução 4 
Best solution 0.668799 from pop 7
New best 0.698506 from pop 8
New best 0.698506 from pop 8
Best solution 0.698506 from pop 8 k = 10
Total time = 30.0435
Time to Best ttb = 6.57659
 
Execução 5 
Best solution 0.685912 from pop 8
New best 0.693375 from pop 8
New best 0.697301 from pop 8
New best 0.698506 from pop 8
Best solution 0.698506 from pop 8 k = 10
Total time = 30.1098
Time to Best ttb = 13.7256
 
Execução 6 
Best solution 0.671172 from pop 8
New best 0.687974 from pop 7
New best 0.693914 from pop 8
New best 0.698506 from pop 8
Best solution 0.698506 from pop 8 k = 10
Total time = 30.2294
Time to Best ttb = 2.6818
 
Execução 7 
Best solution 0.681469 from pop 7
New best 0.685174 from pop 7
New best 0.698506 from pop 8
Best solution 0.698506 from pop 8 k = 10
Total time = 30.5013
Time to Best ttb = 24.0995
 
Execução 8 
Best solution 0.679913 from pop 8
New best 0.680246 from pop 7
New best 0.693375 from pop 8
New best 0.693796 from pop 8
Best solution 0.693796 from pop 8 k = 10
Total time = 30.6237
Time to Best ttb = 22.0865
 
Execução 9 
Best solution 0.673903 from pop 7
New best 0.690213 from pop 8
New best 0.690357 from pop 8
Best solution 0.690357 from pop 8 k = 10
Total time = 30.2801
Time to Best ttb = 21.1893
 
Execução 10 
Best solution 0.684316 from pop 8
New best 0.68554 from pop 8
New best 0.697301 from pop 8
Best solution 0.697301 from pop 8 k = 10
Total time = 30.7043
Time to Best ttb = 10.4276
 
Execução 11 
Best solution 0.679549 from pop 8
New best 0.681469 from pop 7
New best 0.691629 from pop 8
New best 0.696431 from pop 8
Best solution 0.696431 from pop 8 k = 10
Total time = 30.6062
Time to Best ttb = 26.0303
 
Execução 12 
Best solution 0.683263 from pop 8
New best 0.688542 from pop 8
New best 0.696431 from pop 8
New best 0.698506 from pop 8
Best solution 0.698506 from pop 8 k = 10
Total time = 30.036
Time to Best ttb = 14.8878
 
Execução 13 
Best solution 0.675283 from pop 8
New best 0.680297 from pop 7
New best 0.683914 from pop 7
New best 0.687974 from pop 7
New best 0.692596 from pop 8
New best 0.693796 from pop 8
New best 0.697301 from pop 8
New best 0.697687 from pop 8
New best 0.698506 from pop 8
Best solution 0.698506 from pop 8 k = 10
Total time = 30.0267
Time to Best ttb = 12.857
 
Execução 14 
Best solution 0.691562 from pop 8
New best 0.698506 from pop 8
Best solution 0.698506 from pop 8 k = 10
Total time = 30.0899
Time to Best ttb = 2.39526
 
Execução 15 
Best solution 0.686226 from pop 7
New best 0.687974 from pop 7
New best 0.691562 from pop 8
New best 0.691629 from pop 8
New best 0.692889 from pop 8
New best 0.697301 from pop 8
New best 0.698506 from pop 8
New best 0.698506 from pop 8
Best solution 0.698506 from pop 8 k = 10
Total time = 30.0426
Time to Best ttb = 8.5821
 
Execução 16 
Best solution 0.686079 from pop 8
New best 0.693375 from pop 8
New best 0.696431 from pop 8
New best 0.696431 from pop 8
New best 0.698506 from pop 8
New best 0.698506 from pop 8
Best solution 0.698506 from pop 8 k = 10
Total time = 30.0137
Time to Best ttb = 12.2588
 
Execução 17 
Best solution 0.680649 from pop 7
New best 0.683418 from pop 7
New best 0.693375 from pop 8
New best 0.697301 from pop 8
New best 0.698506 from pop 8
Best solution 0.698506 from pop 8 k = 10
Total time = 30.0414
Time to Best ttb = 4.40793
 
Execução 18 
Best solution 0.668588 from pop 8
New best 0.68142 from pop 8
New best 0.696431 from pop 8
New best 0.697301 from pop 8
New best 0.69778 from pop 8
New best 0.698506 from pop 8
Best solution 0.698506 from pop 8 k = 10
Total time = 30.0821
Time to Best ttb = 14.8854
 
Execução 19 
Best solution 0.673903 from pop 7
New best 0.686671 from pop 8
New best 0.697301 from pop 8
New best 0.698506 from pop 8
Best solution 0.698506 from pop 8 k = 10
Total time = 30.0844
Time to Best ttb = 5.71536
 
Execução 20 
Best solution 0.671964 from pop 8
New best 0.682043 from pop 8
New best 0.693375 from pop 8
New best 0.696012 from pop 8
New best 0.696431 from pop 8
New best 0.69778 from pop 8
New best 0.698506 from pop 8
Best solution 0.698506 from pop 8 k = 10
Total time = 30.0051
Time to Best ttb = 6.2357
 
Execução 21 
Best solution 0.67904 from pop 7
New best 0.683914 from pop 7
New best 0.69778 from pop 8
New best 0.698506 from pop 8
Best solution 0.698506 from pop 8 k = 10
Total time = 30.0588
Time to Best ttb = 3.98615
 
Execução 22 
Best solution 0.698506 from pop 8
Best solution 0.698506 from pop 8 k = 10
Total time = 30.0081
Time to Best ttb = 0
 
Execução 23 
Best solution 0.667494 from pop 6
New best 0.682176 from pop 7
New best 0.683914 from pop 7
New best 0.685174 from pop 7
New best 0.692354 from pop 8
New best 0.698506 from pop 8
Best solution 0.698506 from pop 8 k = 10
Total time = 30.0295
Time to Best ttb = 3.21083
 
Execução 24 
Best solution 0.685174 from pop 7
New best 0.685174 from pop 7
New best 0.685204 from pop 8
New best 0.69778 from pop 8
New best 0.698506 from pop 8
Best solution 0.698506 from pop 8 k = 10
Total time = 30.0093
Time to Best ttb = 4.94176
 
Execução 25 
Best solution 0.678911 from pop 7
New best 0.688903 from pop 8
New best 0.692889 from pop 8
New best 0.695317 from pop 8
New best 0.698506 from pop 8
Best solution 0.698506 from pop 8 k = 10
Total time = 30.0895
Time to Best ttb = 3.98828
 
Execução 26 
Best solution 0.687814 from pop 8
New best 0.689586 from pop 8
New best 0.697301 from pop 8
New best 0.69778 from pop 8
New best 0.698506 from pop 8
Best solution 0.698506 from pop 8 k = 10
Total time = 30.0759
Time to Best ttb = 12.0691
 
Execução 27 
Best solution 0.667035 from pop 8
New best 0.671196 from pop 7
New best 0.683418 from pop 7
New best 0.696012 from pop 8
New best 0.698506 from pop 8
Best solution 0.698506 from pop 8 k = 10
Total time = 30.0897
Time to Best ttb = 4.0597
 
Execução 28 
Best solution 0.687974 from pop 7
New best 0.688802 from pop 8
New best 0.689231 from pop 8
New best 0.690964 from pop 8
New best 0.697301 from pop 8
New best 0.697687 from pop 8
New best 0.698506 from pop 8
Best solution 0.698506 from pop 8 k = 10
Total time = 30.0841
Time to Best ttb = 11.0333
 
Execução 29 
Best solution 0.685204 from pop 8
New best 0.693796 from pop 8
New best 0.696012 from pop 8
New best 0.697301 from pop 8
New best 0.698506 from pop 8
Best solution 0.698506 from pop 8 k = 10
Total time = 30.0394
Time to Best ttb = 9.63089
 
Execução 30 
Best solution 0.683942 from pop 8
New best 0.697301 from pop 8
New best 0.698506 from pop 8
Best solution 0.698506 from pop 8 k = 10
Total time = 30.0634
Time to Best ttb = 4.48545
 
