Execução 1 
Best solution 0.756699 from pop 7
New best 0.786821 from pop 8
Best solution 0.786821 from pop 8 k = 10
Total time = 30.0945
Time to Best ttb = 1.47149
 
Execução 2 
Best solution 0.756699 from pop 7
New best 0.771072 from pop 8
New best 0.786821 from pop 8
Best solution 0.786821 from pop 8 k = 10
Total time = 30.0813
Time to Best ttb = 2.80037
 
Execução 3 
Best solution 0.767802 from pop 8
New best 0.786821 from pop 8
Best solution 0.786821 from pop 8 k = 10
Total time = 30.0491
Time to Best ttb = 1.30177
 
Execução 4 
Best solution 0.748213 from pop 8
New best 0.786821 from pop 8
Best solution 0.786821 from pop 8 k = 10
Total time = 30.0235
Time to Best ttb = 1.64305
 
Execução 5 
Best solution 0.765814 from pop 8
New best 0.786821 from pop 8
Best solution 0.786821 from pop 8 k = 10
Total time = 30.1108
Time to Best ttb = 1.54777
 
Execução 6 
Best solution 0.786821 from pop 8
Best solution 0.786821 from pop 8 k = 10
Total time = 30.0299
Time to Best ttb = 0
 
Execução 7 
Best solution 0.764422 from pop 8
New best 0.765039 from pop 8
New best 0.786821 from pop 8
Best solution 0.786821 from pop 8 k = 10
Total time = 30.0671
Time to Best ttb = 1.66733
 
Execução 8 
Best solution 0.771072 from pop 8
New best 0.786821 from pop 8
Best solution 0.786821 from pop 8 k = 10
Total time = 30.0594
Time to Best ttb = 1.06363
 
Execução 9 
Best solution 0.74289 from pop 7
New best 0.744957 from pop 8
New best 0.756699 from pop 7
New best 0.76981 from pop 8
New best 0.786821 from pop 8
Best solution 0.786821 from pop 8 k = 10
Total time = 30.0702
Time to Best ttb = 1.83323
 
Execução 10 
Best solution 0.745934 from pop 8
New best 0.76768 from pop 8
New best 0.786821 from pop 8
Best solution 0.786821 from pop 8 k = 10
Total time = 30.0597
Time to Best ttb = 3.44865
 
Execução 11 
Best solution 0.786821 from pop 8
Best solution 0.786821 from pop 8 k = 10
Total time = 30.0401
Time to Best ttb = 0
 
Execução 12 
Best solution 0.748352 from pop 8
New best 0.750838 from pop 8
New best 0.773314 from pop 8
New best 0.786821 from pop 8
Best solution 0.786821 from pop 8 k = 10
Total time = 30.0977
Time to Best ttb = 2.51277
 
Execução 13 
Best solution 0.786821 from pop 8
Best solution 0.786821 from pop 8 k = 10
Total time = 30.0141
Time to Best ttb = 0
 
Execução 14 
Best solution 0.762838 from pop 8
New best 0.786821 from pop 8
Best solution 0.786821 from pop 8 k = 10
Total time = 30.0019
Time to Best ttb = 1.40163
 
Execução 15 
Best solution 0.786821 from pop 8
Best solution 0.786821 from pop 8 k = 10
Total time = 30.0764
Time to Best ttb = 0
 
Execução 16 
Best solution 0.763296 from pop 8
New best 0.786821 from pop 8
Best solution 0.786821 from pop 8 k = 10
Total time = 30.0862
Time to Best ttb = 0.974014
 
Execução 17 
Best solution 0.738247 from pop 8
New best 0.767731 from pop 8
New best 0.786821 from pop 8
Best solution 0.786821 from pop 8 k = 10
Total time = 30.014
Time to Best ttb = 1.82134
 
Execução 18 
Best solution 0.786821 from pop 8
Best solution 0.786821 from pop 8 k = 10
Total time = 30.0546
Time to Best ttb = 0
 
Execução 19 
Best solution 0.756699 from pop 7
New best 0.786821 from pop 8
Best solution 0.786821 from pop 8 k = 10
Total time = 30.0926
Time to Best ttb = 1.46105
 
Execução 20 
Best solution 0.764519 from pop 8
New best 0.786821 from pop 8
Best solution 0.786821 from pop 8 k = 10
Total time = 30.0659
Time to Best ttb = 5.86402
 
Execução 21 
Best solution 0.75227 from pop 8
New best 0.786821 from pop 8
Best solution 0.786821 from pop 8 k = 10
Total time = 30.0561
Time to Best ttb = 2.24228
 
Execução 22 
Best solution 0.762788 from pop 8
New best 0.764519 from pop 8
New best 0.786821 from pop 8
Best solution 0.786821 from pop 8 k = 10
Total time = 30.0265
Time to Best ttb = 1.99757
 
Execução 23 
Best solution 0.737404 from pop 7
New best 0.786821 from pop 8
Best solution 0.786821 from pop 8 k = 10
Total time = 30.0013
Time to Best ttb = 1.1442
 
Execução 24 
Best solution 0.756699 from pop 7
New best 0.786821 from pop 8
Best solution 0.786821 from pop 8 k = 10
Total time = 30.0268
Time to Best ttb = 1.70648
 
Execução 25 
Best solution 0.771515 from pop 8
New best 0.786821 from pop 8
Best solution 0.786821 from pop 8 k = 10
Total time = 30.0573
Time to Best ttb = 1.23511
 
Execução 26 
Best solution 0.756699 from pop 7
New best 0.770235 from pop 8
New best 0.786821 from pop 8
Best solution 0.786821 from pop 8 k = 10
Total time = 30.0729
Time to Best ttb = 1.31014
 
Execução 27 
Best solution 0.770755 from pop 8
New best 0.786821 from pop 8
Best solution 0.786821 from pop 8 k = 10
Total time = 30.0739
Time to Best ttb = 2.04523
 
Execução 28 
Best solution 0.786821 from pop 8
Best solution 0.786821 from pop 8 k = 10
Total time = 30.0687
Time to Best ttb = 0
 
Execução 29 
Best solution 0.786821 from pop 8
Best solution 0.786821 from pop 8 k = 10
Total time = 30.0751
Time to Best ttb = 0
 
Execução 30 
Best solution 0.786821 from pop 8
Best solution 0.786821 from pop 8 k = 10
Total time = 30.0125
Time to Best ttb = 0
 
