Execução 1 
Best solution 0.670035 from pop 8
Best solution 0.670035 from pop 8 k = 10
Total time = 285.643
Time to Best ttb = 0
 
Execução 2 
Best solution 0.666263 from pop 8
Best solution 0.666263 from pop 8 k = 10
Total time = 296.971
Time to Best ttb = 0
 
Execução 3 
Best solution 0.674378 from pop 8
Best solution 0.674378 from pop 8 k = 10
Total time = 310.289
Time to Best ttb = 0
 
Execução 4 
Best solution 0.673371 from pop 8
Best solution 0.673371 from pop 8 k = 10
Total time = 296.05
Time to Best ttb = 0
 
Execução 5 
Best solution 0.665898 from pop 8
Best solution 0.665898 from pop 8 k = 10
Total time = 311.2
Time to Best ttb = 0
 
Execução 6 
Best solution 0.669807 from pop 8
Best solution 0.669807 from pop 8 k = 10
Total time = 305.533
Time to Best ttb = 0
 
Execução 7 
Best solution 0.667616 from pop 8
Best solution 0.667616 from pop 8 k = 10
Total time = 306.124
Time to Best ttb = 0
 
Execução 8 
Best solution 0.668699 from pop 8
Best solution 0.668699 from pop 8 k = 10
Total time = 311.723
Time to Best ttb = 0
 
Execução 9 
Best solution 0.669824 from pop 8
Best solution 0.669824 from pop 8 k = 10
Total time = 311.92
Time to Best ttb = 0
 
Execução 10 
Best solution 0.674482 from pop 8
Best solution 0.674482 from pop 8 k = 10
Total time = 307.36
Time to Best ttb = 0
 
Execução 11 
Best solution 0.673389 from pop 8
Best solution 0.673389 from pop 8 k = 10
Total time = 315.213
Time to Best ttb = 0
 
Execução 12 
Best solution 0.67569 from pop 8
Best solution 0.67569 from pop 8 k = 10
Total time = 312.783
Time to Best ttb = 0
 
Execução 13 
Best solution 0.67008 from pop 8
Best solution 0.67008 from pop 8 k = 10
Total time = 318.235
Time to Best ttb = 0
 
Execução 14 
Best solution 0.675152 from pop 8
Best solution 0.675152 from pop 8 k = 10
Total time = 308.63
Time to Best ttb = 0
 
Execução 15 
Best solution 0.675491 from pop 8
Best solution 0.675491 from pop 8 k = 10
Total time = 317.304
Time to Best ttb = 0
 
Execução 16 
Best solution 0.671306 from pop 8
Best solution 0.671306 from pop 8 k = 10
Total time = 310.258
Time to Best ttb = 0
 
Execução 17 
Best solution 0.670986 from pop 8
Best solution 0.670986 from pop 8 k = 10
Total time = 310.055
Time to Best ttb = 0
 
Execução 18 
Best solution 0.670375 from pop 8
Best solution 0.670375 from pop 8 k = 10
Total time = 317.826
Time to Best ttb = 0
 
Execução 19 
Best solution 0.677042 from pop 8
Best solution 0.677042 from pop 8 k = 10
Total time = 314.075
Time to Best ttb = 0
 
Execução 20 
Best solution 0.675562 from pop 8
Best solution 0.675562 from pop 8 k = 10
Total time = 308.12
Time to Best ttb = 0
 
Execução 21 
Best solution 0.674154 from pop 8
Best solution 0.674154 from pop 8 k = 10
Total time = 317.512
Time to Best ttb = 0
 
Execução 22 
Best solution 0.670283 from pop 8
Best solution 0.670283 from pop 8 k = 10
Total time = 317.487
Time to Best ttb = 0
 
Execução 23 
Best solution 0.670991 from pop 8
Best solution 0.670991 from pop 8 k = 10
Total time = 308.397
Time to Best ttb = 0
 
Execução 24 
Best solution 0.66747 from pop 8
Best solution 0.66747 from pop 8 k = 10
Total time = 315.497
Time to Best ttb = 0
 
Execução 25 
Best solution 0.674811 from pop 8
Best solution 0.674811 from pop 8 k = 10
Total time = 314.058
Time to Best ttb = 0
 
Execução 26 
Best solution 0.671589 from pop 8
Best solution 0.671589 from pop 8 k = 10
Total time = 310.323
Time to Best ttb = 0
 
Execução 27 
Best solution 0.672526 from pop 8
Best solution 0.672526 from pop 8 k = 10
Total time = 317.072
Time to Best ttb = 0
 
Execução 28 
Best solution 0.672871 from pop 8
Best solution 0.672871 from pop 8 k = 10
Total time = 313.083
Time to Best ttb = 0
 
Execução 29 
Best solution 0.674681 from pop 8
Best solution 0.674681 from pop 8 k = 10
Total time = 307.365
Time to Best ttb = 0
 
Execução 30 
Best solution 0.675908 from pop 8
Best solution 0.675908 from pop 8 k = 10
Total time = 312.961
Time to Best ttb = 0
 
