Execução 1 
Best solution 0.703194 from pop 16
Best solution 0.703194 from pop 16 k = 18
Total time = 475.156
Time to Best ttb = 0
 
Execução 2 
Best solution 0.697698 from pop 22
Best solution 0.697698 from pop 22 k = 24
Total time = 470.181
Time to Best ttb = 0
 
Execução 3 
Best solution 0.704261 from pop 16
Best solution 0.704261 from pop 16 k = 18
Total time = 502.598
Time to Best ttb = 0
 
Execução 4 
Best solution 0.700903 from pop 15
Best solution 0.700903 from pop 15 k = 17
Total time = 469.023
Time to Best ttb = 0
 
Execução 5 
Best solution 0.691299 from pop 23
Best solution 0.691299 from pop 23 k = 25
Total time = 499.677
Time to Best ttb = 0
 
Execução 6 
Best solution 0.70485 from pop 17
Best solution 0.70485 from pop 17 k = 19
Total time = 477.422
Time to Best ttb = 0
 
Execução 7 
Best solution 0.69 from pop 16
Best solution 0.69 from pop 16 k = 18
Total time = 467.71
Time to Best ttb = 0
 
Execução 8 
Best solution 0.700359 from pop 18
Best solution 0.700359 from pop 18 k = 20
Total time = 469.558
Time to Best ttb = 0
 
Execução 9 
Best solution 0.703319 from pop 18
Best solution 0.703319 from pop 18 k = 20
Total time = 478.846
Time to Best ttb = 0
 
Execução 10 
Best solution 0.697124 from pop 17
Best solution 0.697124 from pop 17 k = 19
Total time = 469.511
Time to Best ttb = 0
 
Execução 11 
Best solution 0.69942 from pop 17
Best solution 0.69942 from pop 17 k = 19
Total time = 481.851
Time to Best ttb = 0
 
Execução 12 
Best solution 0.696041 from pop 20
Best solution 0.696041 from pop 20 k = 22
Total time = 466.869
Time to Best ttb = 0
 
Execução 13 
Best solution 0.708006 from pop 18
Best solution 0.708006 from pop 18 k = 20
Total time = 472.912
Time to Best ttb = 0
 
Execução 14 
Best solution 0.704516 from pop 19
Best solution 0.704516 from pop 19 k = 21
Total time = 466.144
Time to Best ttb = 0
 
Execução 15 
Best solution 0.702595 from pop 20
Best solution 0.702595 from pop 20 k = 22
Total time = 479.47
Time to Best ttb = 0
 
Execução 16 
Best solution 0.706469 from pop 18
Best solution 0.706469 from pop 18 k = 20
Total time = 476.612
Time to Best ttb = 0
 
Execução 17 
Best solution 0.697593 from pop 19
Best solution 0.697593 from pop 19 k = 21
Total time = 466.675
Time to Best ttb = 0
 
Execução 18 
Best solution 0.700965 from pop 16
Best solution 0.700965 from pop 16 k = 18
Total time = 473.675
Time to Best ttb = 0
 
Execução 19 
Best solution 0.695514 from pop 20
Best solution 0.695514 from pop 20 k = 22
Total time = 468.139
Time to Best ttb = 0
 
Execução 20 
Best solution 0.69777 from pop 15
Best solution 0.69777 from pop 15 k = 17
Total time = 474.941
Time to Best ttb = 0
 
Execução 21 
Best solution 0.701322 from pop 18
Best solution 0.701322 from pop 18 k = 20
Total time = 473.542
Time to Best ttb = 0
 
Execução 22 
Best solution 0.694127 from pop 16
Best solution 0.694127 from pop 16 k = 18
Total time = 463.012
Time to Best ttb = 0
 
Execução 23 
Best solution 0.696094 from pop 21
Best solution 0.696094 from pop 21 k = 23
Total time = 471.981
Time to Best ttb = 0
 
Execução 24 
Best solution 0.708352 from pop 17
Best solution 0.708352 from pop 17 k = 19
Total time = 467.352
Time to Best ttb = 0
 
Execução 25 
Best solution 0.715526 from pop 20
Best solution 0.715526 from pop 20 k = 22
Total time = 471.831
Time to Best ttb = 0
 
Execução 26 
Best solution 0.69941 from pop 19
Best solution 0.69941 from pop 19 k = 21
Total time = 465.042
Time to Best ttb = 0
 
Execução 27 
Best solution 0.697294 from pop 16
Best solution 0.697294 from pop 16 k = 18
Total time = 475.052
Time to Best ttb = 0
 
Execução 28 
Best solution 0.702882 from pop 19
Best solution 0.702882 from pop 19 k = 21
Total time = 465.196
Time to Best ttb = 0
 
Execução 29 
Best solution 0.693856 from pop 18
Best solution 0.693856 from pop 18 k = 20
Total time = 476.826
Time to Best ttb = 0
 
Execução 30 
Best solution 0.702552 from pop 17
Best solution 0.702552 from pop 17 k = 19
Total time = 469.446
Time to Best ttb = 0
 
