Execução 1 
Best solution 0.654267 from pop 10
Best solution 0.654267 from pop 10 k = 12
Total time = 673.9
Time to Best ttb = 0
 
Execução 2 
Best solution 0.654594 from pop 10
Best solution 0.654594 from pop 10 k = 12
Total time = 646.129
Time to Best ttb = 0
 
Execução 3 
Best solution 0.651994 from pop 9
Best solution 0.651994 from pop 9 k = 11
Total time = 677.858
Time to Best ttb = 0
 
Execução 4 
Best solution 0.655414 from pop 10
Best solution 0.655414 from pop 10 k = 12
Total time = 639.448
Time to Best ttb = 0
 
Execução 5 
Best solution 0.654057 from pop 10
Best solution 0.654057 from pop 10 k = 12
Total time = 662.915
Time to Best ttb = 0
 
Execução 6 
Best solution 0.653981 from pop 9
Best solution 0.653981 from pop 9 k = 11
Total time = 650.88
Time to Best ttb = 0
 
Execução 7 
Best solution 0.654031 from pop 10
Best solution 0.654031 from pop 10 k = 12
Total time = 642.746
Time to Best ttb = 0
 
Execução 8 
Best solution 0.653393 from pop 10
Best solution 0.653393 from pop 10 k = 12
Total time = 662.373
Time to Best ttb = 0
 
Execução 9 
Best solution 0.655231 from pop 10
New best 0.656544 from pop 9
Best solution 0.656544 from pop 9 k = 11
Total time = 674.753
Time to Best ttb = 674.753
 
Execução 10 
Best solution 0.655384 from pop 9
Best solution 0.655384 from pop 9 k = 11
Total time = 650.746
Time to Best ttb = 0
 
Execução 11 
Best solution 0.651993 from pop 9
Best solution 0.651993 from pop 9 k = 11
Total time = 658
Time to Best ttb = 0
 
Execução 12 
Best solution 0.652327 from pop 10
Best solution 0.652327 from pop 10 k = 12
Total time = 650.43
Time to Best ttb = 0
 
Execução 13 
Best solution 0.656682 from pop 9
Best solution 0.656682 from pop 9 k = 11
Total time = 662.414
Time to Best ttb = 0
 
Execução 14 
Best solution 0.655307 from pop 10
Best solution 0.655307 from pop 10 k = 12
Total time = 645.738
Time to Best ttb = 0
 
Execução 15 
Best solution 0.653414 from pop 9
Best solution 0.653414 from pop 9 k = 11
Total time = 673.223
Time to Best ttb = 0
 
Execução 16 
Best solution 0.656756 from pop 10
Best solution 0.656756 from pop 10 k = 12
Total time = 676.053
Time to Best ttb = 0
 
Execução 17 
Best solution 0.653281 from pop 9
Best solution 0.653281 from pop 9 k = 11
Total time = 664.158
Time to Best ttb = 0
 
Execução 18 
Best solution 0.655627 from pop 9
Best solution 0.655627 from pop 9 k = 11
Total time = 650.847
Time to Best ttb = 0
 
Execução 19 
Best solution 0.655711 from pop 10
Best solution 0.655711 from pop 10 k = 12
Total time = 668.712
Time to Best ttb = 0
 
Execução 20 
Best solution 0.655088 from pop 10
Best solution 0.655088 from pop 10 k = 12
Total time = 650.101
Time to Best ttb = 0
 
Execução 21 
Best solution 0.657669 from pop 10
Best solution 0.657669 from pop 10 k = 12
Total time = 662.05
Time to Best ttb = 0
 
Execução 22 
Best solution 0.65544 from pop 9
Best solution 0.65544 from pop 9 k = 11
Total time = 703.655
Time to Best ttb = 0
 
Execução 23 
Best solution 0.655866 from pop 9
Best solution 0.655866 from pop 9 k = 11
Total time = 664.621
Time to Best ttb = 0
 
Execução 24 
Best solution 0.653829 from pop 10
Best solution 0.653829 from pop 10 k = 12
Total time = 717.37
Time to Best ttb = 0
 
Execução 25 
Best solution 0.651068 from pop 10
New best 0.653858 from pop 9
Best solution 0.653858 from pop 9 k = 11
Total time = 671.844
Time to Best ttb = 671.844
 
Execução 26 
Best solution 0.656556 from pop 10
Best solution 0.656556 from pop 10 k = 12
Total time = 658.954
Time to Best ttb = 0
 
Execução 27 
Best solution 0.654482 from pop 10
Best solution 0.654482 from pop 10 k = 12
Total time = 683.913
Time to Best ttb = 0
 
Execução 28 
Best solution 0.654751 from pop 10
Best solution 0.654751 from pop 10 k = 12
Total time = 667.431
Time to Best ttb = 0
 
Execução 29 
Best solution 0.655254 from pop 9
New best 0.657065 from pop 9
Best solution 0.657065 from pop 9 k = 11
Total time = 672.153
Time to Best ttb = 672.153
 
Execução 30 
Best solution 0.65456 from pop 9
Best solution 0.65456 from pop 9 k = 11
Total time = 672.268
Time to Best ttb = 0
 
