Execução 1 
Best solution 0.654267 from pop 10
Best solution 0.654267 from pop 10 k = 12
Total time = 650.397
Time to Best ttb = 0
 
Execução 2 
Best solution 0.654594 from pop 10
Best solution 0.654594 from pop 10 k = 12
Total time = 650.031
Time to Best ttb = 0
 
Execução 3 
Best solution 0.651994 from pop 9
Best solution 0.651994 from pop 9 k = 11
Total time = 679.726
Time to Best ttb = 0
 
Execução 4 
Best solution 0.655414 from pop 10
Best solution 0.655414 from pop 10 k = 12
Total time = 647.025
Time to Best ttb = 0
 
Execução 5 
Best solution 0.654057 from pop 10
Best solution 0.654057 from pop 10 k = 12
Total time = 664.453
Time to Best ttb = 0
 
Execução 6 
Best solution 0.653981 from pop 9
Best solution 0.653981 from pop 9 k = 11
Total time = 642.697
Time to Best ttb = 0
 
Execução 7 
Best solution 0.654031 from pop 10
Best solution 0.654031 from pop 10 k = 12
Total time = 661.88
Time to Best ttb = 0
 
Execução 8 
Best solution 0.653393 from pop 10
Best solution 0.653393 from pop 10 k = 12
Total time = 652.454
Time to Best ttb = 0
 
Execução 9 
Best solution 0.655231 from pop 10
New best 0.656544 from pop 9
Best solution 0.656544 from pop 9 k = 11
Total time = 651.844
Time to Best ttb = 651.844
 
Execução 10 
Best solution 0.655384 from pop 9
Best solution 0.655384 from pop 9 k = 11
Total time = 669.836
Time to Best ttb = 0
 
Execução 11 
Best solution 0.651993 from pop 9
Best solution 0.651993 from pop 9 k = 11
Total time = 669.729
Time to Best ttb = 0
 
Execução 12 
Best solution 0.652327 from pop 10
Best solution 0.652327 from pop 10 k = 12
Total time = 662.121
Time to Best ttb = 0
 
Execução 13 
Best solution 0.656682 from pop 9
Best solution 0.656682 from pop 9 k = 11
Total time = 699.372
Time to Best ttb = 0
 
Execução 14 
Best solution 0.655307 from pop 10
Best solution 0.655307 from pop 10 k = 12
Total time = 747.038
Time to Best ttb = 0
 
Execução 15 
Best solution 0.653414 from pop 9
Best solution 0.653414 from pop 9 k = 11
Total time = 664.336
Time to Best ttb = 0
 
Execução 16 
Best solution 0.656756 from pop 10
Best solution 0.656756 from pop 10 k = 12
Total time = 639.849
Time to Best ttb = 0
 
Execução 17 
Best solution 0.653281 from pop 9
Best solution 0.653281 from pop 9 k = 11
Total time = 661.271
Time to Best ttb = 0
 
Execução 18 
Best solution 0.655627 from pop 9
Best solution 0.655627 from pop 9 k = 11
Total time = 639.865
Time to Best ttb = 0
 
Execução 19 
Best solution 0.655711 from pop 10
Best solution 0.655711 from pop 10 k = 12
Total time = 647.236
Time to Best ttb = 0
 
Execução 20 
Best solution 0.655088 from pop 10
Best solution 0.655088 from pop 10 k = 12
Total time = 655.899
Time to Best ttb = 0
 
Execução 21 
Best solution 0.657669 from pop 10
Best solution 0.657669 from pop 10 k = 12
Total time = 641.328
Time to Best ttb = 0
 
Execução 22 
Best solution 0.65544 from pop 9
Best solution 0.65544 from pop 9 k = 11
Total time = 735.088
Time to Best ttb = 0
 
Execução 23 
Best solution 0.655866 from pop 9
Best solution 0.655866 from pop 9 k = 11
Total time = 652.293
Time to Best ttb = 0
 
Execução 24 
Best solution 0.653829 from pop 10
Best solution 0.653829 from pop 10 k = 12
Total time = 648.383
Time to Best ttb = 0
 
Execução 25 
Best solution 0.651068 from pop 10
New best 0.653858 from pop 9
Best solution 0.653858 from pop 9 k = 11
Total time = 676.569
Time to Best ttb = 676.569
 
Execução 26 
Best solution 0.656556 from pop 10
Best solution 0.656556 from pop 10 k = 12
Total time = 643.606
Time to Best ttb = 0
 
Execução 27 
Best solution 0.654482 from pop 10
Best solution 0.654482 from pop 10 k = 12
Total time = 666.031
Time to Best ttb = 0
 
Execução 28 
Best solution 0.654751 from pop 10
Best solution 0.654751 from pop 10 k = 12
Total time = 638.983
Time to Best ttb = 0
 
Execução 29 
Best solution 0.655254 from pop 9
New best 0.657065 from pop 9
Best solution 0.657065 from pop 9 k = 11
Total time = 729.882
Time to Best ttb = 729.882
 
Execução 30 
Best solution 0.65456 from pop 9
Best solution 0.65456 from pop 9 k = 11
Total time = 644.095
Time to Best ttb = 0
 
