Execução 1 
Best solution 0.656833 from pop 26
Best solution 0.656833 from pop 26 k = 28
Total time = 1066.16
Time to Best ttb = 0
 
Execução 2 
Best solution 0.654296 from pop 25
Best solution 0.654296 from pop 25 k = 27
Total time = 1134.29
Time to Best ttb = 0
 
Execução 3 
Best solution 0.659957 from pop 21
Best solution 0.659957 from pop 21 k = 23
Total time = 1067.77
Time to Best ttb = 0
 
Execução 4 
Best solution 0.658157 from pop 27
Best solution 0.658157 from pop 27 k = 29
Total time = 1079.24
Time to Best ttb = 0
 
Execução 5 
Best solution 0.659371 from pop 22
Best solution 0.659371 from pop 22 k = 24
Total time = 1121.02
Time to Best ttb = 0
 
Execução 6 
Best solution 0.653241 from pop 23
Best solution 0.653241 from pop 23 k = 25
Total time = 1080.95
Time to Best ttb = 0
 
Execução 7 
Best solution 0.658926 from pop 20
Best solution 0.658926 from pop 20 k = 22
Total time = 1113.23
Time to Best ttb = 0
 
Execução 8 
Best solution 0.665351 from pop 19
Best solution 0.665351 from pop 19 k = 21
Total time = 1070.65
Time to Best ttb = 0
 
Execução 9 
Best solution 0.669801 from pop 24
Best solution 0.669801 from pop 24 k = 26
Total time = 1076.47
Time to Best ttb = 0
 
Execução 10 
Best solution 0.653356 from pop 31
Best solution 0.653356 from pop 31 k = 33
Total time = 1120.53
Time to Best ttb = 0
 
Execução 11 
Best solution 0.651005 from pop 20
Best solution 0.651005 from pop 20 k = 22
Total time = 1090.84
Time to Best ttb = 0
 
Execução 12 
Best solution 0.659698 from pop 24
Best solution 0.659698 from pop 24 k = 26
Total time = 1064.53
Time to Best ttb = 0
 
Execução 13 
Best solution 0.654335 from pop 24
Best solution 0.654335 from pop 24 k = 26
Total time = 1068.75
Time to Best ttb = 0
 
Execução 14 
Best solution 0.663491 from pop 23
Best solution 0.663491 from pop 23 k = 25
Total time = 1117.78
Time to Best ttb = 0
 
Execução 15 
Best solution 0.649512 from pop 24
New best 0.660608 from pop 27
Best solution 0.660608 from pop 27 k = 29
Total time = 1141.09
Time to Best ttb = 1141.09
 
Execução 16 
Best solution 0.656119 from pop 19
Best solution 0.656119 from pop 19 k = 21
Total time = 1067.13
Time to Best ttb = 0
 
Execução 17 
Best solution 0.657835 from pop 21
Best solution 0.657835 from pop 21 k = 23
Total time = 1072.71
Time to Best ttb = 0
 
Execução 18 
Best solution 0.664614 from pop 25
Best solution 0.664614 from pop 25 k = 27
Total time = 1072.19
Time to Best ttb = 0
 
Execução 19 
Best solution 0.663646 from pop 21
Best solution 0.663646 from pop 21 k = 23
Total time = 1052.43
Time to Best ttb = 0
 
Execução 20 
Best solution 0.657885 from pop 23
Best solution 0.657885 from pop 23 k = 25
Total time = 1074.61
Time to Best ttb = 0
 
Execução 21 
Best solution 0.66374 from pop 25
Best solution 0.66374 from pop 25 k = 27
Total time = 1060.01
Time to Best ttb = 0
 
Execução 22 
Best solution 0.650519 from pop 33
Best solution 0.650519 from pop 33 k = 35
Total time = 1069.47
Time to Best ttb = 0
 
Execução 23 
Best solution 0.657074 from pop 22
Best solution 0.657074 from pop 22 k = 24
Total time = 1048.85
Time to Best ttb = 0
 
Execução 24 
Best solution 0.656341 from pop 25
Best solution 0.656341 from pop 25 k = 27
Total time = 1090.83
Time to Best ttb = 0
 
Execução 25 
Best solution 0.660965 from pop 26
Best solution 0.660965 from pop 26 k = 28
Total time = 1039.11
Time to Best ttb = 0
 
Execução 26 
Best solution 0.655416 from pop 21
Best solution 0.655416 from pop 21 k = 23
Total time = 1061.02
Time to Best ttb = 0
 
Execução 27 
Best solution 0.66567 from pop 22
Best solution 0.66567 from pop 22 k = 24
Total time = 1063.32
Time to Best ttb = 0
 
Execução 28 
Best solution 0.667773 from pop 24
Best solution 0.667773 from pop 24 k = 26
Total time = 1066.18
Time to Best ttb = 0
 
Execução 29 
Best solution 0.647133 from pop 22
Best solution 0.647133 from pop 22 k = 24
Total time = 1067.52
Time to Best ttb = 0
 
Execução 30 
Best solution 0.657886 from pop 29
Best solution 0.657886 from pop 29 k = 31
Total time = 1058.13
Time to Best ttb = 0
 
