Execução 1 
Best solution 0.632043 from pop 9
Best solution 0.632043 from pop 9 k = 11
Total time = 1566.64
Time to Best ttb = 0
 
Execução 2 
Best solution 0.632057 from pop 9
Best solution 0.632057 from pop 9 k = 11
Total time = 1455.63
Time to Best ttb = 0
 
Execução 3 
Best solution 0.632784 from pop 9
Best solution 0.632784 from pop 9 k = 11
Total time = 1391.21
Time to Best ttb = 0
 
Execução 4 
Best solution 0.630312 from pop 9
Best solution 0.630312 from pop 9 k = 11
Total time = 1390.5
Time to Best ttb = 0
 
Execução 5 
Best solution 0.630627 from pop 9
Best solution 0.630627 from pop 9 k = 11
Total time = 1399.86
Time to Best ttb = 0
 
Execução 6 
Best solution 0.62877 from pop 9
Best solution 0.62877 from pop 9 k = 11
Total time = 1380.2
Time to Best ttb = 0
 
Execução 7 
Best solution 0.632332 from pop 9
Best solution 0.632332 from pop 9 k = 11
Total time = 1386.05
Time to Best ttb = 0
 
Execução 8 
Best solution 0.634292 from pop 9
Best solution 0.634292 from pop 9 k = 11
Total time = 1368.37
Time to Best ttb = 0
 
Execução 9 
Best solution 0.63173 from pop 9
Best solution 0.63173 from pop 9 k = 11
Total time = 1545.27
Time to Best ttb = 0
 
Execução 10 
Best solution 0.628647 from pop 9
Best solution 0.628647 from pop 9 k = 11
Total time = 1354.08
Time to Best ttb = 0
 
Execução 11 
Best solution 0.6308 from pop 10
Best solution 0.6308 from pop 10 k = 12
Total time = 1383.32
Time to Best ttb = 0
 
Execução 12 
Best solution 0.63121 from pop 9
Best solution 0.63121 from pop 9 k = 11
Total time = 1363.52
Time to Best ttb = 0
 
Execução 13 
Best solution 0.631124 from pop 9
Best solution 0.631124 from pop 9 k = 11
Total time = 1368.84
Time to Best ttb = 0
 
Execução 14 
Best solution 0.631353 from pop 9
Best solution 0.631353 from pop 9 k = 11
Total time = 1347.14
Time to Best ttb = 0
 
Execução 15 
Best solution 0.63352 from pop 9
Best solution 0.63352 from pop 9 k = 11
Total time = 1381.91
Time to Best ttb = 0
 
Execução 16 
Best solution 0.631041 from pop 9
Best solution 0.631041 from pop 9 k = 11
Total time = 1365.31
Time to Best ttb = 0
 
Execução 17 
Best solution 0.631242 from pop 9
Best solution 0.631242 from pop 9 k = 11
Total time = 1525.9
Time to Best ttb = 0
 
Execução 18 
Best solution 0.633822 from pop 9
Best solution 0.633822 from pop 9 k = 11
Total time = 1377.78
Time to Best ttb = 0
 
Execução 19 
Best solution 0.631909 from pop 9
Best solution 0.631909 from pop 9 k = 11
Total time = 1376.38
Time to Best ttb = 0
 
Execução 20 
Best solution 0.632158 from pop 9
Best solution 0.632158 from pop 9 k = 11
Total time = 1514.08
Time to Best ttb = 0
 
Execução 21 
Best solution 0.63257 from pop 9
Best solution 0.63257 from pop 9 k = 11
Total time = 1354.44
Time to Best ttb = 0
 
Execução 22 
Best solution 0.632314 from pop 9
Best solution 0.632314 from pop 9 k = 11
Total time = 1344.31
Time to Best ttb = 0
 
Execução 23 
Best solution 0.628907 from pop 9
Best solution 0.628907 from pop 9 k = 11
Total time = 1421.19
Time to Best ttb = 0
 
Execução 24 
Best solution 0.632014 from pop 9
Best solution 0.632014 from pop 9 k = 11
Total time = 1403.51
Time to Best ttb = 0
 
Execução 25 
Best solution 0.630801 from pop 9
Best solution 0.630801 from pop 9 k = 11
Total time = 1397.22
Time to Best ttb = 0
 
Execução 26 
Best solution 0.632473 from pop 9
Best solution 0.632473 from pop 9 k = 11
Total time = 1386.29
Time to Best ttb = 0
 
Execução 27 
Best solution 0.633511 from pop 9
Best solution 0.633511 from pop 9 k = 11
Total time = 1405.74
Time to Best ttb = 0
 
Execução 28 
Best solution 0.634401 from pop 9
Best solution 0.634401 from pop 9 k = 11
Total time = 1447.34
Time to Best ttb = 0
 
Execução 29 
Best solution 0.631588 from pop 10
Best solution 0.631588 from pop 10 k = 12
Total time = 1336.42
Time to Best ttb = 0
 
Execução 30 
Best solution 0.630828 from pop 9
Best solution 0.630828 from pop 9 k = 11
Total time = 1454.23
Time to Best ttb = 0
 
