Execução 1 
Best solution 0.632043 from pop 9
Best solution 0.632043 from pop 9 k = 11
Total time = 1366.15
Time to Best ttb = 0
 
Execução 2 
Best solution 0.632057 from pop 9
Best solution 0.632057 from pop 9 k = 11
Total time = 1389.7
Time to Best ttb = 0
 
Execução 3 
Best solution 0.632784 from pop 9
Best solution 0.632784 from pop 9 k = 11
Total time = 1367.35
Time to Best ttb = 0
 
Execução 4 
Best solution 0.630312 from pop 9
Best solution 0.630312 from pop 9 k = 11
Total time = 1448.86
Time to Best ttb = 0
 
Execução 5 
Best solution 0.630627 from pop 9
Best solution 0.630627 from pop 9 k = 11
Total time = 1374.74
Time to Best ttb = 0
 
Execução 6 
Best solution 0.62877 from pop 9
Best solution 0.62877 from pop 9 k = 11
Total time = 1357.05
Time to Best ttb = 0
 
Execução 7 
